ContentArea.js:138 Drag operation: {sourceRow: 0, destRow: 0, sourceIndex: 1, destIndex: 2}
ContentArea.js:149 Notes involved: {sourceNote: 'note3', destNote: 'note4'}
ContentArea.js:167 Order calculation: {oldOrder: 22.5, newOrder: 26.25}
notes.js:141 Received snapshot with changes
notes.js:147 Processed notes: 8
ContentArea.js:41 Received notes update: 8
ContentArea.js:339 Current selected category: All Notes
ContentArea.js:340 All notes: 8
ContentArea.js:347 Note Firebase command: checking All Notes condition: {isArchived: false, matchesCategory: true}
ContentArea.js:339 Current selected category: All Notes
ContentArea.js:340 All notes: 8
ContentArea.js:347 Note Project Ideas 2024: checking All Notes condition: {isArchived: true, matchesCategory: false}
ContentArea.js:339 Current selected category: All Notes
ContentArea.js:340 All notes: 8
ContentArea.js:347 Note note3: checking All Notes condition: {isArchived: false, matchesCategory: true}
ContentArea.js:339 Current selected category: All Notes
ContentArea.js:340 All notes: 8
ContentArea.js:347 Note note4: checking All Notes condition: {isArchived: false, matchesCategory: true}
ContentArea.js:339 Current selected category: All Notes
ContentArea.js:340 All notes: 8
ContentArea.js:347 Note note2: checking All Notes condition: {isArchived: false, matchesCategory: true}
ContentArea.js:339 Current selected category: All Notes
ContentArea.js:340 All notes: 8
ContentArea.js:347 Note test: checking All Notes condition: {isArchived: false, matchesCategory: true}
ContentArea.js:339 Current selected category: All Notes
ContentArea.js:340 All notes: 8
ContentArea.js:347 Note Weekly Goals: checking All Notes condition: {isArchived: true, matchesCategory: false}
ContentArea.js:339 Current selected category: All Notes
ContentArea.js:340 All notes: 8
ContentArea.js:347 Note Meeting Notes - Client Discussion: checking All Notes condition: {isArchived: true, matchesCategory: false}
ContentArea.js:377 Final filtered notes: 5
ContentArea.js:379 - Note: {id: 'uZvPm8BfpgKJEMOsNSun', title: 'Firebase command', category: 'Work/Projects', isArchived: false, order: 69}
ContentArea.js:379 - Note: {id: '1tMw678f7UgU1uaUzj03', title: 'note3', category: 'Uncategorized', isArchived: false, order: 26.25}
ContentArea.js:379 - Note: {id: 'sJXRvbXnpVGWvpFsgdXe', title: 'note4', category: 'Uncategorized', isArchived: false, order: 30}
ContentArea.js:379 - Note: {id: 'JjzBGFCElnu8EEx0wXJG', title: 'note2', category: 'Uncategorized', isArchived: false, order: 34}
ContentArea.js:379 - Note: {id: 'jf54HppbrOpSg2ZFLTAM', title: 'test', category: 'Uncategorized', isArchived: false, order: 111}
ContentArea.js:339 Current selected category: All Notes
ContentArea.js:340 All notes: 8
ContentArea.js:347 Note Firebase command: checking All Notes condition: {isArchived: false, matchesCategory: true}
ContentArea.js:339 Current selected category: All Notes
ContentArea.js:340 All notes: 8
ContentArea.js:347 Note Project Ideas 2024: checking All Notes condition: {isArchived: true, matchesCategory: false}
ContentArea.js:339 Current selected category: All Notes
ContentArea.js:340 All notes: 8
ContentArea.js:347 Note note3: checking All Notes condition: {isArchived: false, matchesCategory: true}
ContentArea.js:339 Current selected category: All Notes
ContentArea.js:340 All notes: 8
ContentArea.js:347 Note note4: checking All Notes condition: {isArchived: false, matchesCategory: true}
ContentArea.js:339 Current selected category: All Notes
ContentArea.js:340 All notes: 8
ContentArea.js:347 Note note2: checking All Notes condition: {isArchived: false, matchesCategory: true}
ContentArea.js:339 Current selected category: All Notes
ContentArea.js:340 All notes: 8
ContentArea.js:347 Note test: checking All Notes condition: {isArchived: false, matchesCategory: true}
ContentArea.js:339 Current selected category: All Notes
ContentArea.js:340 All notes: 8
ContentArea.js:347 Note Weekly Goals: checking All Notes condition: {isArchived: true, matchesCategory: false}
ContentArea.js:339 Current selected category: All Notes
ContentArea.js:340 All notes: 8
ContentArea.js:347 Note Meeting Notes - Client Discussion: checking All Notes condition: {isArchived: true, matchesCategory: false}
ContentArea.js:377 Final filtered notes: 5
ContentArea.js:379 - Note: {id: 'uZvPm8BfpgKJEMOsNSun', title: 'Firebase command', category: 'Work/Projects', isArchived: false, order: 69}
ContentArea.js:379 - Note: {id: '1tMw678f7UgU1uaUzj03', title: 'note3', category: 'Uncategorized', isArchived: false, order: 26.25}
ContentArea.js:379 - Note: {id: 'sJXRvbXnpVGWvpFsgdXe', title: 'note4', category: 'Uncategorized', isArchived: false, order: 30}
ContentArea.js:379 - Note: {id: 'JjzBGFCElnu8EEx0wXJG', title: 'note2', category: 'Uncategorized', isArchived: false, order: 34}
ContentArea.js:379 - Note: {id: 'jf54HppbrOpSg2ZFLTAM', title: 'test', category: 'Uncategorized', isArchived: false, order: 111}
ContentArea.js:138 Drag operation: {sourceRow: 0, destRow: 0, sourceIndex: 3, destIndex: 1}
ContentArea.js:149 Notes involved: {sourceNote: 'note2', destNote: 'note3'}
ContentArea.js:167 Order calculation: {oldOrder: 34, newOrder: 47.625}
notes.js:141 Received snapshot with changes
notes.js:147 Processed notes: 8
ContentArea.js:41 Received notes update: 8
ContentArea.js:339 Current selected category: All Notes
ContentArea.js:340 All notes: 8
ContentArea.js:347 Note Firebase command: checking All Notes condition: {isArchived: false, matchesCategory: true}
ContentArea.js:339 Current selected category: All Notes
ContentArea.js:340 All notes: 8
ContentArea.js:347 Note Project Ideas 2024: checking All Notes condition: {isArchived: true, matchesCategory: false}
ContentArea.js:339 Current selected category: All Notes
ContentArea.js:340 All notes: 8
ContentArea.js:347 Note note3: checking All Notes condition: {isArchived: false, matchesCategory: true}
ContentArea.js:339 Current selected category: All Notes
ContentArea.js:340 All notes: 8
ContentArea.js:347 Note note4: checking All Notes condition: {isArchived: false, matchesCategory: true}
ContentArea.js:339 Current selected category: All Notes
ContentArea.js:340 All notes: 8
ContentArea.js:347 Note note2: checking All Notes condition: {isArchived: false, matchesCategory: true}
ContentArea.js:339 Current selected category: All Notes
ContentArea.js:340 All notes: 8
ContentArea.js:347 Note test: checking All Notes condition: {isArchived: false, matchesCategory: true}
ContentArea.js:339 Current selected category: All Notes
ContentArea.js:340 All notes: 8
ContentArea.js:347 Note Weekly Goals: checking All Notes condition: {isArchived: true, matchesCategory: false}
ContentArea.js:339 Current selected category: All Notes
ContentArea.js:340 All notes: 8
ContentArea.js:347 Note Meeting Notes - Client Discussion: checking All Notes condition: {isArchived: true, matchesCategory: false}
ContentArea.js:377 Final filtered notes: 5
ContentArea.js:379 - Note: {id: 'uZvPm8BfpgKJEMOsNSun', title: 'Firebase command', category: 'Work/Projects', isArchived: false, order: 69}
ContentArea.js:379 - Note: {id: '1tMw678f7UgU1uaUzj03', title: 'note3', category: 'Uncategorized', isArchived: false, order: 26.25}
ContentArea.js:379 - Note: {id: 'sJXRvbXnpVGWvpFsgdXe', title: 'note4', category: 'Uncategorized', isArchived: false, order: 30}
ContentArea.js:379 - Note: {id: 'JjzBGFCElnu8EEx0wXJG', title: 'note2', category: 'Uncategorized', isArchived: false, order: 47.625}
ContentArea.js:379 - Note: {id: 'jf54HppbrOpSg2ZFLTAM', title: 'test', category: 'Uncategorized', isArchived: false, order: 111}
ContentArea.js:339 Current selected category: All Notes
ContentArea.js:340 All notes: 8
ContentArea.js:347 Note Firebase command: checking All Notes condition: {isArchived: false, matchesCategory: true}
ContentArea.js:339 Current selected category: All Notes
ContentArea.js:340 All notes: 8
ContentArea.js:347 Note Project Ideas 2024: checking All Notes condition: {isArchived: true, matchesCategory: false}
ContentArea.js:339 Current selected category: All Notes
ContentArea.js:340 All notes: 8
ContentArea.js:347 Note note3: checking All Notes condition: {isArchived: false, matchesCategory: true}
ContentArea.js:339 Current selected category: All Notes
ContentArea.js:340 All notes: 8
ContentArea.js:347 Note note4: checking All Notes condition: {isArchived: false, matchesCategory: true}
ContentArea.js:339 Current selected category: All Notes
ContentArea.js:340 All notes: 8
ContentArea.js:347 Note note2: checking All Notes condition: {isArchived: false, matchesCategory: true}
ContentArea.js:339 Current selected category: All Notes
ContentArea.js:340 All notes: 8
ContentArea.js:347 Note test: checking All Notes condition: {isArchived: false, matchesCategory: true}
ContentArea.js:339 Current selected category: All Notes
ContentArea.js:340 All notes: 8
ContentArea.js:347 Note Weekly Goals: checking All Notes condition: {isArchived: true, matchesCategory: false}
ContentArea.js:339 Current selected category: All Notes
ContentArea.js:340 All notes: 8
ContentArea.js:347 Note Meeting Notes - Client Discussion: checking All Notes condition: {isArchived: true, matchesCategory: false}
ContentArea.js:377 Final filtered notes: 5
ContentArea.js:379 - Note: {id: 'uZvPm8BfpgKJEMOsNSun', title: 'Firebase command', category: 'Work/Projects', isArchived: false, order: 69}
ContentArea.js:379 - Note: {id: '1tMw678f7UgU1uaUzj03', title: 'note3', category: 'Uncategorized', isArchived: false, order: 26.25}
ContentArea.js:379 - Note: {id: 'sJXRvbXnpVGWvpFsgdXe', title: 'note4', category: 'Uncategorized', isArchived: false, order: 30}
ContentArea.js:379 - Note: {id: 'JjzBGFCElnu8EEx0wXJG', title: 'note2', category: 'Uncategorized', isArchived: false, order: 47.625}
ContentArea.js:379 - Note: {id: 'jf54HppbrOpSg2ZFLTAM', title: 'test', category: 'Uncategorized', isArchived: false, order: 111}
