notes.js:141 Received snapshot with changes
notes.js:147 Processed notes: 8
ContentArea.js:41 Received notes update: 8
ContentArea.js:334 Current selected category: All Notes
ContentArea.js:335 All notes: 8
ContentArea.js:342 Note Firebase command: checking All Notes condition: {isArchived: false, matchesCategory: true}
ContentArea.js:334 Current selected category: All Notes
ContentArea.js:335 All notes: 8
ContentArea.js:342 Note Project Ideas 2024: checking All Notes condition: {isArchived: true, matchesCategory: false}
ContentArea.js:334 Current selected category: All Notes
ContentArea.js:335 All notes: 8
ContentArea.js:342 Note note3: checking All Notes condition: {isArchived: false, matchesCategory: true}
ContentArea.js:334 Current selected category: All Notes
ContentArea.js:335 All notes: 8
ContentArea.js:342 Note note4: checking All Notes condition: {isArchived: false, matchesCategory: true}
ContentArea.js:334 Current selected category: All Notes
ContentArea.js:335 All notes: 8
ContentArea.js:342 Note note2: checking All Notes condition: {isArchived: false, matchesCategory: true}
ContentArea.js:334 Current selected category: All Notes
ContentArea.js:335 All notes: 8
ContentArea.js:342 Note test: checking All Notes condition: {isArchived: false, matchesCategory: true}
ContentArea.js:334 Current selected category: All Notes
ContentArea.js:335 All notes: 8
ContentArea.js:342 Note Weekly Goals: checking All Notes condition: {isArchived: true, matchesCategory: false}
ContentArea.js:334 Current selected category: All Notes
ContentArea.js:335 All notes: 8
ContentArea.js:342 Note Meeting Notes - Client Discussion: checking All Notes condition: {isArchived: true, matchesCategory: false}
ContentArea.js:372 Final filtered notes: 5
ContentArea.js:374 - Note: {id: 'uZvPm8BfpgKJEMOsNSun', title: 'Firebase command', category: 'Work/Projects', isArchived: false, order: 69}
ContentArea.js:374 - Note: {id: '1tMw678f7UgU1uaUzj03', title: 'note3', category: 'Uncategorized', isArchived: false, order: 15}
ContentArea.js:374 - Note: {id: 'sJXRvbXnpVGWvpFsgdXe', title: 'note4', category: 'Uncategorized', isArchived: false, order: 30}
ContentArea.js:374 - Note: {id: 'JjzBGFCElnu8EEx0wXJG', title: 'note2', category: 'Uncategorized', isArchived: false, order: 34}
ContentArea.js:374 - Note: {id: 'jf54HppbrOpSg2ZFLTAM', title: 'test', category: 'Uncategorized', isArchived: false, order: 111}
ContentArea.js:334 Current selected category: All Notes
ContentArea.js:335 All notes: 8
ContentArea.js:342 Note Firebase command: checking All Notes condition: {isArchived: false, matchesCategory: true}
ContentArea.js:334 Current selected category: All Notes
ContentArea.js:335 All notes: 8
ContentArea.js:342 Note Project Ideas 2024: checking All Notes condition: {isArchived: true, matchesCategory: false}
ContentArea.js:334 Current selected category: All Notes
ContentArea.js:335 All notes: 8
ContentArea.js:342 Note note3: checking All Notes condition: {isArchived: false, matchesCategory: true}
ContentArea.js:334 Current selected category: All Notes
ContentArea.js:335 All notes: 8
ContentArea.js:342 Note note4: checking All Notes condition: {isArchived: false, matchesCategory: true}
ContentArea.js:334 Current selected category: All Notes
ContentArea.js:335 All notes: 8
ContentArea.js:342 Note note2: checking All Notes condition: {isArchived: false, matchesCategory: true}
ContentArea.js:334 Current selected category: All Notes
ContentArea.js:335 All notes: 8
ContentArea.js:342 Note test: checking All Notes condition: {isArchived: false, matchesCategory: true}
ContentArea.js:334 Current selected category: All Notes
ContentArea.js:335 All notes: 8
ContentArea.js:342 Note Weekly Goals: checking All Notes condition: {isArchived: true, matchesCategory: false}
ContentArea.js:334 Current selected category: All Notes
ContentArea.js:335 All notes: 8
ContentArea.js:342 Note Meeting Notes - Client Discussion: checking All Notes condition: {isArchived: true, matchesCategory: false}
ContentArea.js:372 Final filtered notes: 5
ContentArea.js:374 - Note: {id: 'uZvPm8BfpgKJEMOsNSun', title: 'Firebase command', category: 'Work/Projects', isArchived: false, order: 69}
ContentArea.js:374 - Note: {id: '1tMw678f7UgU1uaUzj03', title: 'note3', category: 'Uncategorized', isArchived: false, order: 15}
ContentArea.js:374 - Note: {id: 'sJXRvbXnpVGWvpFsgdXe', title: 'note4', category: 'Uncategorized', isArchived: false, order: 30}
ContentArea.js:374 - Note: {id: 'JjzBGFCElnu8EEx0wXJG', title: 'note2', category: 'Uncategorized', isArchived: false, order: 34}
ContentArea.js:374 - Note: {id: 'jf54HppbrOpSg2ZFLTAM', title: 'test', category: 'Uncategorized', isArchived: false, order: 111}
