ContentArea.js:334 Current selected category: All Notes
ContentArea.js:335 All notes: 8
ContentArea.js:342 Note Firebase command: checking All Notes condition: {isArchived: false, matchesCategory: true}
ContentArea.js:334 Current selected category: All Notes
ContentArea.js:335 All notes: 8
ContentArea.js:342 Note Project Ideas 2024: checking All Notes condition: {isArchived: true, matchesCategory: false}
ContentArea.js:334 Current selected category: All Notes
ContentArea.js:335 All notes: 8
ContentArea.js:342 Note Weekly Goals: checking All Notes condition: {isArchived: true, matchesCategory: false}
ContentArea.js:334 Current selected category: All Notes
ContentArea.js:335 All notes: 8
ContentArea.js:342 Note Meeting Notes - Client Discussion: checking All Notes condition: {isArchived: true, matchesCategory: false}
ContentArea.js:334 Current selected category: All Notes
ContentArea.js:335 All notes: 8
ContentArea.js:342 Note note10: checking All Notes condition: {isArchived: false, matchesCategory: true}
ContentArea.js:334 Current selected category: All Notes
ContentArea.js:335 All notes: 8
ContentArea.js:342 Note 2024-12-28: checking All Notes condition: {isArchived: false, matchesCategory: true}
ContentArea.js:334 Current selected category: All Notes
ContentArea.js:335 All notes: 8
ContentArea.js:342 Note test: checking All Notes condition: {isArchived: false, matchesCategory: true}
ContentArea.js:334 Current selected category: All Notes
ContentArea.js:335 All notes: 8
ContentArea.js:342 Note note 345: checking All Notes condition: {isArchived: false, matchesCategory: true}
ContentArea.js:334 Current selected category: All Notes
ContentArea.js:335 All notes: 8
ContentArea.js:342 Note Firebase command: checking All Notes condition: {isArchived: false, matchesCategory: true}
ContentArea.js:334 Current selected category: All Notes
ContentArea.js:335 All notes: 8
ContentArea.js:342 Note Project Ideas 2024: checking All Notes condition: {isArchived: true, matchesCategory: false}
ContentArea.js:334 Current selected category: All Notes
ContentArea.js:335 All notes: 8
ContentArea.js:342 Note Weekly Goals: checking All Notes condition: {isArchived: true, matchesCategory: false}
ContentArea.js:334 Current selected category: All Notes
ContentArea.js:335 All notes: 8
ContentArea.js:342 Note Meeting Notes - Client Discussion: checking All Notes condition: {isArchived: true, matchesCategory: false}
ContentArea.js:334 Current selected category: All Notes
ContentArea.js:335 All notes: 8
ContentArea.js:342 Note note10: checking All Notes condition: {isArchived: false, matchesCategory: true}
ContentArea.js:334 Current selected category: All Notes
ContentArea.js:335 All notes: 8
ContentArea.js:342 Note 2024-12-28: checking All Notes condition: {isArchived: false, matchesCategory: true}
ContentArea.js:334 Current selected category: All Notes
ContentArea.js:335 All notes: 8
ContentArea.js:342 Note test: checking All Notes condition: {isArchived: false, matchesCategory: true}
ContentArea.js:334 Current selected category: All Notes
ContentArea.js:335 All notes: 8
ContentArea.js:342 Note note 345: checking All Notes condition: {isArchived: false, matchesCategory: true}
TipTapEditor.js:482 [tiptap warn]: Duplicate extension names found: ['codeBlock']. This can lead to issues.
resolve @ ExtensionManager.ts:50
ExtensionManager @ ExtensionManager.ts:34
createExtensionManager @ Editor.ts:299
Editor @ Editor.ts:99
createEditor @ useEditor.ts:155
getInitialEditor @ useEditor.ts:119
EditorInstanceManager @ useEditor.ts:80
(anonymous) @ useEditor.ts:313
mountState @ react-dom.development.js:16167
useState @ react-dom.development.js:16880
useState @ react.development.js:1622
useEditor @ useEditor.ts:313
TipTapEditor @ TipTapEditor.js:482
renderWithHooks @ react-dom.development.js:15486
mountIndeterminateComponent @ react-dom.development.js:20103
beginWork @ react-dom.development.js:21626
beginWork$1 @ react-dom.development.js:27465
performUnitOfWork @ react-dom.development.js:26596
workLoopSync @ react-dom.development.js:26505
renderRootSync @ react-dom.development.js:26473
performSyncWorkOnRoot @ react-dom.development.js:26124
flushSyncCallbacks @ react-dom.development.js:12042
(anonymous) @ react-dom.development.js:25690
TipTapEditor.js:482 [tiptap warn]: Duplicate extension names found: ['codeBlock']. This can lead to issues.
resolve @ ExtensionManager.ts:50
ExtensionManager @ ExtensionManager.ts:34
createExtensionManager @ Editor.ts:299
Editor @ Editor.ts:99
createEditor @ useEditor.ts:155
getInitialEditor @ useEditor.ts:119
EditorInstanceManager @ useEditor.ts:80
(anonymous) @ useEditor.ts:313
mountState @ react-dom.development.js:16167
useState @ react-dom.development.js:16880
useState @ react.development.js:1622
useEditor @ useEditor.ts:313
TipTapEditor @ TipTapEditor.js:482
renderWithHooks @ react-dom.development.js:15486
mountIndeterminateComponent @ react-dom.development.js:20174
beginWork @ react-dom.development.js:21626
beginWork$1 @ react-dom.development.js:27465
performUnitOfWork @ react-dom.development.js:26596
workLoopSync @ react-dom.development.js:26505
renderRootSync @ react-dom.development.js:26473
performSyncWorkOnRoot @ react-dom.development.js:26124
flushSyncCallbacks @ react-dom.development.js:12042
(anonymous) @ react-dom.development.js:25690
TipTapEditor.js:697 Content prop changed: 
NoteModal.js:21 NoteModal content updated: {initialTitle: 'note 345', initialContent: 'encrypted:VPwyn5AeoANN8OExCzp9vVD1j7vCT5pLT22/TU/Z…8lfyJRfPZhHO35nGuhNP5uFP4hMXWCQ6UTHanYhiQiDU15g=='}
ContentArea.js:372 Final filtered notes: 5
ContentArea.js:374 - Note: {id: 'uZvPm8BfpgKJEMOsNSun', title: 'Firebase command', category: 'Work/Projects', isArchived: false, order: 4448.3182373046875}
ContentArea.js:374 - Note: {id: 'Ac5UkxvUR3nftVOGnLuA', title: 'note10', category: 'Uncategorized', isArchived: false, order: 4948.3182373046875}
ContentArea.js:374 - Note: {id: 'dwgMJ4mWmIbUGNoZGTSf', title: '2024-12-28', category: 'Personal', isArchived: false, order: 5198.3182373046875}
ContentArea.js:374 - Note: {id: 't4omOmI8abZBCWLkFgja', title: 'test', category: 'Uncategorized', isArchived: false, order: 14381.8125}
ContentArea.js:374 - Note: {id: 'rPt6kgI3TyMJutaAmG9a', title: 'note 345', category: 'Uncategorized', isArchived: false, order: 15381.8125}
TipTapEditor.js:697 Content prop changed: 
NoteModal.js:21 NoteModal content updated: {initialTitle: 'note 345', initialContent: 'encrypted:VPwyn5AeoANN8OExCzp9vVD1j7vCT5pLT22/TU/Z…8lfyJRfPZhHO35nGuhNP5uFP4hMXWCQ6UTHanYhiQiDU15g=='}
encryption.js:84 Error decrypting data: OperationError
decryptData @ encryption.js:84
await in decryptData
decryptNoteContent @ noteEncryption.js:41
await in decryptNoteContent
loadContent @ NoteModal.js:26
(anonymous) @ NoteModal.js:44
commitHookEffectListMount @ react-dom.development.js:23189
commitPassiveMountOnFiber @ react-dom.development.js:24965
commitPassiveMountEffects_complete @ react-dom.development.js:24930
commitPassiveMountEffects_begin @ react-dom.development.js:24917
commitPassiveMountEffects @ react-dom.development.js:24905
flushPassiveEffectsImpl @ react-dom.development.js:27078
flushPassiveEffects @ react-dom.development.js:27023
commitRootImpl @ react-dom.development.js:26974
commitRoot @ react-dom.development.js:26721
performSyncWorkOnRoot @ react-dom.development.js:26156
flushSyncCallbacks @ react-dom.development.js:12042
(anonymous) @ react-dom.development.js:25690
noteEncryption.js:45 Error decrypting note content: Error: Failed to decrypt data
    at decryptData (encryption.js:85:1)
    at async decryptNoteContent (noteEncryption.js:41:1)
    at async loadContent (NoteModal.js:26:1)
decryptNoteContent @ noteEncryption.js:45
await in decryptNoteContent
loadContent @ NoteModal.js:26
(anonymous) @ NoteModal.js:44
commitHookEffectListMount @ react-dom.development.js:23189
commitPassiveMountOnFiber @ react-dom.development.js:24965
commitPassiveMountEffects_complete @ react-dom.development.js:24930
commitPassiveMountEffects_begin @ react-dom.development.js:24917
commitPassiveMountEffects @ react-dom.development.js:24905
flushPassiveEffectsImpl @ react-dom.development.js:27078
flushPassiveEffects @ react-dom.development.js:27023
commitRootImpl @ react-dom.development.js:26974
commitRoot @ react-dom.development.js:26721
performSyncWorkOnRoot @ react-dom.development.js:26156
flushSyncCallbacks @ react-dom.development.js:12042
(anonymous) @ react-dom.development.js:25690
NoteModal.js:28 Decryption error: Error: Failed to decrypt content. Please check your encryption settings.
loadContent @ NoteModal.js:28
await in loadContent
(anonymous) @ NoteModal.js:44
commitHookEffectListMount @ react-dom.development.js:23189
commitPassiveMountOnFiber @ react-dom.development.js:24965
commitPassiveMountEffects_complete @ react-dom.development.js:24930
commitPassiveMountEffects_begin @ react-dom.development.js:24917
commitPassiveMountEffects @ react-dom.development.js:24905
flushPassiveEffectsImpl @ react-dom.development.js:27078
flushPassiveEffects @ react-dom.development.js:27023
commitRootImpl @ react-dom.development.js:26974
commitRoot @ react-dom.development.js:26721
performSyncWorkOnRoot @ react-dom.development.js:26156
flushSyncCallbacks @ react-dom.development.js:12042
(anonymous) @ react-dom.development.js:25690
encryption.js:84 Error decrypting data: OperationError
decryptData @ encryption.js:84
await in decryptData
decryptNoteContent @ noteEncryption.js:41
await in decryptNoteContent
loadContent @ NoteModal.js:26
(anonymous) @ NoteModal.js:44
commitHookEffectListMount @ react-dom.development.js:23189
invokePassiveEffectMountInDEV @ react-dom.development.js:25193
invokeEffectsInDev @ react-dom.development.js:27390
commitDoubleInvokeEffectsInDEV @ react-dom.development.js:27369
flushPassiveEffectsImpl @ react-dom.development.js:27095
flushPassiveEffects @ react-dom.development.js:27023
commitRootImpl @ react-dom.development.js:26974
commitRoot @ react-dom.development.js:26721
performSyncWorkOnRoot @ react-dom.development.js:26156
flushSyncCallbacks @ react-dom.development.js:12042
(anonymous) @ react-dom.development.js:25690
noteEncryption.js:45 Error decrypting note content: Error: Failed to decrypt data
    at decryptData (encryption.js:85:1)
    at async decryptNoteContent (noteEncryption.js:41:1)
    at async loadContent (NoteModal.js:26:1)
decryptNoteContent @ noteEncryption.js:45
await in decryptNoteContent
loadContent @ NoteModal.js:26
(anonymous) @ NoteModal.js:44
commitHookEffectListMount @ react-dom.development.js:23189
invokePassiveEffectMountInDEV @ react-dom.development.js:25193
invokeEffectsInDev @ react-dom.development.js:27390
commitDoubleInvokeEffectsInDEV @ react-dom.development.js:27369
flushPassiveEffectsImpl @ react-dom.development.js:27095
flushPassiveEffects @ react-dom.development.js:27023
commitRootImpl @ react-dom.development.js:26974
commitRoot @ react-dom.development.js:26721
performSyncWorkOnRoot @ react-dom.development.js:26156
flushSyncCallbacks @ react-dom.development.js:12042
(anonymous) @ react-dom.development.js:25690
NoteModal.js:28 Decryption error: Error: Failed to decrypt content. Please check your encryption settings.
loadContent @ NoteModal.js:28
await in loadContent
(anonymous) @ NoteModal.js:44
commitHookEffectListMount @ react-dom.development.js:23189
invokePassiveEffectMountInDEV @ react-dom.development.js:25193
invokeEffectsInDev @ react-dom.development.js:27390
commitDoubleInvokeEffectsInDEV @ react-dom.development.js:27369
flushPassiveEffectsImpl @ react-dom.development.js:27095
flushPassiveEffects @ react-dom.development.js:27023
commitRootImpl @ react-dom.development.js:26974
commitRoot @ react-dom.development.js:26721
performSyncWorkOnRoot @ react-dom.development.js:26156
flushSyncCallbacks @ react-dom.development.js:12042
(anonymous) @ react-dom.development.js:25690
TipTapEditor.js:697 Content prop changed: Error: Failed to decrypt content. Please check your encryption settings.
