react refresh:6 Download the React DevTools for a better development experience: https://reactjs.org/link/react-devtools
index.js:23 [2024-12-30T08:01:28.038Z]  @firebase/firestore: Firestore (10.14.1): enableIndexedDbPersistence() will be deprecated in the future, you can use `FirestoreSettings.cache` instead.
defaultLogHandler @ logger.ts:115
warn @ logger.ts:206
__PRIVATE_logWarn @ log.ts:69
enableIndexedDbPersistence @ database.ts:365
./src/firebase/index.js @ index.js:23
options.factory @ react refresh:6
__webpack_require__ @ bootstrap:22
fn @ hot module replacement:61
./src/firebase/storage.js @ notes.js:433
options.factory @ react refresh:6
__webpack_require__ @ bootstrap:22
fn @ hot module replacement:61
./src/components/TipTapEditor.js @ TermsOfServiceModal.js:84
options.factory @ react refresh:6
__webpack_require__ @ bootstrap:22
fn @ hot module replacement:61
./src/components/NoteModal.js @ Note.js:286
options.factory @ react refresh:6
__webpack_require__ @ bootstrap:22
fn @ hot module replacement:61
./src/components/ContentArea.js @ App.js:408
options.factory @ react refresh:6
__webpack_require__ @ bootstrap:22
fn @ hot module replacement:61
./src/App.js @ bundle.js:29
options.factory @ react refresh:6
__webpack_require__ @ bootstrap:22
fn @ hot module replacement:61
./src/index.js @ storage.js:60
options.factory @ react refresh:6
__webpack_require__ @ bootstrap:22
(anonymous) @ startup:7
(anonymous) @ startup:7
notes.js:128 Subscribing to notes for user: GLNz0QZAbfefAUFkbcOJL8N1T513
App.js:139 Attempting to initialize user: GLNz0QZAbfefAUFkbcOJL8N1T513
EncryptionContext.js:28 Encryption key loaded successfully
EncryptionContext.js:28 Encryption key loaded successfully
ContentArea.js:44 Setting up subscription for user: GLNz0QZAbfefAUFkbcOJL8N1T513
ContentArea.js:372 Final filtered notes: 0
ContentArea.js:44 Setting up subscription for user: GLNz0QZAbfefAUFkbcOJL8N1T513
ContentArea.js:372 Final filtered notes: 0
ContentArea.js:372 Final filtered notes: 0
notes.js:146 Received snapshot with changes
notes.js:154 Processed notes: 7
App.js:60 Received updated notes: (7) [{…}, {…}, {…}, {…}, {…}, {…}, {…}]
ContentArea.js:334 Current selected category: All Notes
ContentArea.js:335 All notes: 7
ContentArea.js:342 Note Firebase command: checking All Notes condition: {isArchived: false, matchesCategory: true}
ContentArea.js:334 Current selected category: All Notes
ContentArea.js:335 All notes: 7
ContentArea.js:342 Note Project Ideas 2024: checking All Notes condition: {isArchived: true, matchesCategory: false}
ContentArea.js:334 Current selected category: All Notes
ContentArea.js:335 All notes: 7
ContentArea.js:342 Note Weekly Goals: checking All Notes condition: {isArchived: true, matchesCategory: false}
ContentArea.js:334 Current selected category: All Notes
ContentArea.js:335 All notes: 7
ContentArea.js:342 Note Meeting Notes - Client Discussion: checking All Notes condition: {isArchived: true, matchesCategory: false}
ContentArea.js:334 Current selected category: All Notes
ContentArea.js:335 All notes: 7
ContentArea.js:342 Note final test encryption: checking All Notes condition: {isArchived: false, matchesCategory: true}
ContentArea.js:334 Current selected category: All Notes
ContentArea.js:335 All notes: 7
ContentArea.js:342 Note 2024-12-28: checking All Notes condition: {isArchived: false, matchesCategory: true}
ContentArea.js:334 Current selected category: All Notes
ContentArea.js:335 All notes: 7
ContentArea.js:342 Note note10: checking All Notes condition: {isArchived: false, matchesCategory: true}
ContentArea.js:334 Current selected category: All Notes
ContentArea.js:335 All notes: 7
ContentArea.js:342 Note Firebase command: checking All Notes condition: {isArchived: false, matchesCategory: true}
ContentArea.js:334 Current selected category: All Notes
ContentArea.js:335 All notes: 7
ContentArea.js:342 Note Project Ideas 2024: checking All Notes condition: {isArchived: true, matchesCategory: false}
ContentArea.js:334 Current selected category: All Notes
ContentArea.js:335 All notes: 7
ContentArea.js:342 Note Weekly Goals: checking All Notes condition: {isArchived: true, matchesCategory: false}
ContentArea.js:334 Current selected category: All Notes
ContentArea.js:335 All notes: 7
ContentArea.js:342 Note Meeting Notes - Client Discussion: checking All Notes condition: {isArchived: true, matchesCategory: false}
ContentArea.js:334 Current selected category: All Notes
ContentArea.js:335 All notes: 7
ContentArea.js:342 Note final test encryption: checking All Notes condition: {isArchived: false, matchesCategory: true}
ContentArea.js:334 Current selected category: All Notes
ContentArea.js:335 All notes: 7
ContentArea.js:342 Note 2024-12-28: checking All Notes condition: {isArchived: false, matchesCategory: true}
ContentArea.js:334 Current selected category: All Notes
ContentArea.js:335 All notes: 7
ContentArea.js:342 Note note10: checking All Notes condition: {isArchived: false, matchesCategory: true}
ContentArea.js:372 Final filtered notes: 4
ContentArea.js:374 - Note: {id: 'uZvPm8BfpgKJEMOsNSun', title: 'Firebase command', category: 'Work/Projects', isArchived: false, order: 4448.3182373046875}
ContentArea.js:374 - Note: {id: 'WO7HjPmFnqRSvrCoxIyT', title: 'final test encryption', category: 'Uncategorized', isArchived: false, order: 4698.3182373046875}
ContentArea.js:374 - Note: {id: 'dwgMJ4mWmIbUGNoZGTSf', title: '2024-12-28', category: 'Personal', isArchived: false, order: 5198.3182373046875}
ContentArea.js:374 - Note: {id: 'Ac5UkxvUR3nftVOGnLuA', title: 'note10', category: 'Uncategorized', isArchived: false, order: 17381.8125}
App.js:76 Received updated tags: (24) ['pcm', 'intune', 'entra', 'smoketest', 'UAT', 'appdisco', 'git', 'Abaqus', 'tutorial', 'formatting', 'organization', 'tags', 'features', 'search', 'project', 'ideas', 'web', 'meeting', 'client', 'Dummy', 'firebase', 'dashboard', 'test', 'id']
App.js:92 Received updated categories: (7) [{…}, {…}, {…}, {…}, {…}, {…}, {…}]
ContentArea.js:334 Current selected category: All Notes
ContentArea.js:335 All notes: 7
ContentArea.js:342 Note Firebase command: checking All Notes condition: {isArchived: false, matchesCategory: true}
ContentArea.js:334 Current selected category: All Notes
ContentArea.js:335 All notes: 7
ContentArea.js:342 Note Project Ideas 2024: checking All Notes condition: {isArchived: true, matchesCategory: false}
ContentArea.js:334 Current selected category: All Notes
ContentArea.js:335 All notes: 7
ContentArea.js:342 Note Weekly Goals: checking All Notes condition: {isArchived: true, matchesCategory: false}
ContentArea.js:334 Current selected category: All Notes
ContentArea.js:335 All notes: 7
ContentArea.js:342 Note Meeting Notes - Client Discussion: checking All Notes condition: {isArchived: true, matchesCategory: false}
ContentArea.js:334 Current selected category: All Notes
ContentArea.js:335 All notes: 7
ContentArea.js:342 Note final test encryption: checking All Notes condition: {isArchived: false, matchesCategory: true}
ContentArea.js:334 Current selected category: All Notes
ContentArea.js:335 All notes: 7
ContentArea.js:342 Note 2024-12-28: checking All Notes condition: {isArchived: false, matchesCategory: true}
ContentArea.js:334 Current selected category: All Notes
ContentArea.js:335 All notes: 7
ContentArea.js:342 Note note10: checking All Notes condition: {isArchived: false, matchesCategory: true}
ContentArea.js:334 Current selected category: All Notes
ContentArea.js:335 All notes: 7
ContentArea.js:342 Note Firebase command: checking All Notes condition: {isArchived: false, matchesCategory: true}
ContentArea.js:334 Current selected category: All Notes
ContentArea.js:335 All notes: 7
ContentArea.js:342 Note Project Ideas 2024: checking All Notes condition: {isArchived: true, matchesCategory: false}
ContentArea.js:334 Current selected category: All Notes
ContentArea.js:335 All notes: 7
ContentArea.js:342 Note Weekly Goals: checking All Notes condition: {isArchived: true, matchesCategory: false}
ContentArea.js:334 Current selected category: All Notes
ContentArea.js:335 All notes: 7
ContentArea.js:342 Note Meeting Notes - Client Discussion: checking All Notes condition: {isArchived: true, matchesCategory: false}
ContentArea.js:334 Current selected category: All Notes
ContentArea.js:335 All notes: 7
ContentArea.js:342 Note final test encryption: checking All Notes condition: {isArchived: false, matchesCategory: true}
ContentArea.js:334 Current selected category: All Notes
ContentArea.js:335 All notes: 7
ContentArea.js:342 Note 2024-12-28: checking All Notes condition: {isArchived: false, matchesCategory: true}
ContentArea.js:334 Current selected category: All Notes
ContentArea.js:335 All notes: 7
ContentArea.js:342 Note note10: checking All Notes condition: {isArchived: false, matchesCategory: true}
ContentArea.js:372 Final filtered notes: 4
ContentArea.js:374 - Note: {id: 'uZvPm8BfpgKJEMOsNSun', title: 'Firebase command', category: 'Work/Projects', isArchived: false, order: 4448.3182373046875}
ContentArea.js:374 - Note: {id: 'WO7HjPmFnqRSvrCoxIyT', title: 'final test encryption', category: 'Uncategorized', isArchived: false, order: 4698.3182373046875}
ContentArea.js:374 - Note: {id: 'dwgMJ4mWmIbUGNoZGTSf', title: '2024-12-28', category: 'Personal', isArchived: false, order: 5198.3182373046875}
ContentArea.js:374 - Note: {id: 'Ac5UkxvUR3nftVOGnLuA', title: 'note10', category: 'Uncategorized', isArchived: false, order: 17381.8125}
notes.js:128 Subscribing to notes for user: GLNz0QZAbfefAUFkbcOJL8N1T513
notes.js:128 Subscribing to notes for user: GLNz0QZAbfefAUFkbcOJL8N1T513
ContentArea.js:334 Current selected category: All Notes
ContentArea.js:335 All notes: 7
ContentArea.js:342 Note Firebase command: checking All Notes condition: {isArchived: false, matchesCategory: true}
ContentArea.js:334 Current selected category: All Notes
ContentArea.js:335 All notes: 7
ContentArea.js:342 Note Project Ideas 2024: checking All Notes condition: {isArchived: true, matchesCategory: false}
ContentArea.js:334 Current selected category: All Notes
ContentArea.js:335 All notes: 7
ContentArea.js:342 Note Weekly Goals: checking All Notes condition: {isArchived: true, matchesCategory: false}
ContentArea.js:334 Current selected category: All Notes
ContentArea.js:335 All notes: 7
ContentArea.js:342 Note Meeting Notes - Client Discussion: checking All Notes condition: {isArchived: true, matchesCategory: false}
ContentArea.js:334 Current selected category: All Notes
ContentArea.js:335 All notes: 7
ContentArea.js:342 Note final test encryption: checking All Notes condition: {isArchived: false, matchesCategory: true}
ContentArea.js:334 Current selected category: All Notes
ContentArea.js:335 All notes: 7
ContentArea.js:342 Note 2024-12-28: checking All Notes condition: {isArchived: false, matchesCategory: true}
ContentArea.js:334 Current selected category: All Notes
ContentArea.js:335 All notes: 7
ContentArea.js:342 Note note10: checking All Notes condition: {isArchived: false, matchesCategory: true}
ContentArea.js:334 Current selected category: All Notes
ContentArea.js:335 All notes: 7
ContentArea.js:342 Note Firebase command: checking All Notes condition: {isArchived: false, matchesCategory: true}
ContentArea.js:334 Current selected category: All Notes
ContentArea.js:335 All notes: 7
ContentArea.js:342 Note Project Ideas 2024: checking All Notes condition: {isArchived: true, matchesCategory: false}
ContentArea.js:334 Current selected category: All Notes
ContentArea.js:335 All notes: 7
ContentArea.js:342 Note Weekly Goals: checking All Notes condition: {isArchived: true, matchesCategory: false}
ContentArea.js:334 Current selected category: All Notes
ContentArea.js:335 All notes: 7
ContentArea.js:342 Note Meeting Notes - Client Discussion: checking All Notes condition: {isArchived: true, matchesCategory: false}
ContentArea.js:334 Current selected category: All Notes
ContentArea.js:335 All notes: 7
ContentArea.js:342 Note final test encryption: checking All Notes condition: {isArchived: false, matchesCategory: true}
ContentArea.js:334 Current selected category: All Notes
ContentArea.js:335 All notes: 7
ContentArea.js:342 Note 2024-12-28: checking All Notes condition: {isArchived: false, matchesCategory: true}
ContentArea.js:334 Current selected category: All Notes
ContentArea.js:335 All notes: 7
ContentArea.js:342 Note note10: checking All Notes condition: {isArchived: false, matchesCategory: true}
ContentArea.js:372 Final filtered notes: 4
ContentArea.js:374 - Note: {id: 'uZvPm8BfpgKJEMOsNSun', title: 'Firebase command', category: 'Work/Projects', isArchived: false, order: 4448.3182373046875}
ContentArea.js:374 - Note: {id: 'WO7HjPmFnqRSvrCoxIyT', title: 'final test encryption', category: 'Uncategorized', isArchived: false, order: 4698.3182373046875}
ContentArea.js:374 - Note: {id: 'dwgMJ4mWmIbUGNoZGTSf', title: '2024-12-28', category: 'Personal', isArchived: false, order: 5198.3182373046875}
ContentArea.js:374 - Note: {id: 'Ac5UkxvUR3nftVOGnLuA', title: 'note10', category: 'Uncategorized', isArchived: false, order: 17381.8125}
notes.js:146 Received snapshot with changes
notes.js:154 Processed notes: 7
ContentArea.js:52 Received notes update: 7
notes.js:146 Received snapshot with changes
notes.js:154 Processed notes: 7
ContentArea.js:52 Received notes update: 7
ContentArea.js:334 Current selected category: All Notes
ContentArea.js:335 All notes: 7
ContentArea.js:342 Note Firebase command: checking All Notes condition: {isArchived: false, matchesCategory: true}
ContentArea.js:334 Current selected category: All Notes
ContentArea.js:335 All notes: 7
ContentArea.js:342 Note Project Ideas 2024: checking All Notes condition: {isArchived: true, matchesCategory: false}
ContentArea.js:334 Current selected category: All Notes
ContentArea.js:335 All notes: 7
ContentArea.js:342 Note Weekly Goals: checking All Notes condition: {isArchived: true, matchesCategory: false}
ContentArea.js:334 Current selected category: All Notes
ContentArea.js:335 All notes: 7
ContentArea.js:342 Note Meeting Notes - Client Discussion: checking All Notes condition: {isArchived: true, matchesCategory: false}
ContentArea.js:334 Current selected category: All Notes
ContentArea.js:335 All notes: 7
ContentArea.js:342 Note final test encryption: checking All Notes condition: {isArchived: false, matchesCategory: true}
ContentArea.js:334 Current selected category: All Notes
ContentArea.js:335 All notes: 7
ContentArea.js:342 Note 2024-12-28: checking All Notes condition: {isArchived: false, matchesCategory: true}
ContentArea.js:334 Current selected category: All Notes
ContentArea.js:335 All notes: 7
ContentArea.js:342 Note note10: checking All Notes condition: {isArchived: false, matchesCategory: true}
ContentArea.js:334 Current selected category: All Notes
ContentArea.js:335 All notes: 7
ContentArea.js:342 Note Firebase command: checking All Notes condition: {isArchived: false, matchesCategory: true}
ContentArea.js:334 Current selected category: All Notes
ContentArea.js:335 All notes: 7
ContentArea.js:342 Note Project Ideas 2024: checking All Notes condition: {isArchived: true, matchesCategory: false}
ContentArea.js:334 Current selected category: All Notes
ContentArea.js:335 All notes: 7
ContentArea.js:342 Note Weekly Goals: checking All Notes condition: {isArchived: true, matchesCategory: false}
ContentArea.js:334 Current selected category: All Notes
ContentArea.js:335 All notes: 7
ContentArea.js:342 Note Meeting Notes - Client Discussion: checking All Notes condition: {isArchived: true, matchesCategory: false}
ContentArea.js:334 Current selected category: All Notes
ContentArea.js:335 All notes: 7
ContentArea.js:342 Note final test encryption: checking All Notes condition: {isArchived: false, matchesCategory: true}
ContentArea.js:334 Current selected category: All Notes
ContentArea.js:335 All notes: 7
ContentArea.js:342 Note 2024-12-28: checking All Notes condition: {isArchived: false, matchesCategory: true}
ContentArea.js:334 Current selected category: All Notes
ContentArea.js:335 All notes: 7
ContentArea.js:342 Note note10: checking All Notes condition: {isArchived: false, matchesCategory: true}
react-dom.development.js:86 Warning: Connect(Droppable): Support for defaultProps will be removed from memo components in a future major release. Use JavaScript default parameters instead.
    at div
    at div
    at Provider (http://localhost:3000/static/js/bundle.js:111279:20)
    at App (http://localhost:3000/static/js/bundle.js:80990:25)
    at ErrorBoundary (http://localhost:3000/static/js/bundle.js:75203:35)
    at DragDropContext (http://localhost:3000/static/js/bundle.js:81114:19)
    at ContentArea (http://localhost:3000/static/js/bundle.js:545:3)
    at div
    at div
    at EncryptionProvider (http://localhost:3000/static/js/bundle.js:7617:3)
    at App (http://localhost:3000/static/js/bundle.js:77:70)
    at ThemeProvider (http://localhost:3000/static/js/bundle.js:7767:3)
printWarning @ react-dom.development.js:86
error @ react-dom.development.js:60
updateMemoComponent @ react-dom.development.js:19320
beginWork @ react-dom.development.js:21712
beginWork$1 @ react-dom.development.js:27465
performUnitOfWork @ react-dom.development.js:26596
workLoopSync @ react-dom.development.js:26505
renderRootSync @ react-dom.development.js:26473
performConcurrentWorkOnRoot @ react-dom.development.js:25777
workLoop @ scheduler.development.js:266
flushWork @ scheduler.development.js:239
performWorkUntilDeadline @ scheduler.development.js:533
ContentArea.js:372 Final filtered notes: 4
ContentArea.js:374 - Note: {id: 'uZvPm8BfpgKJEMOsNSun', title: 'Firebase command', category: 'Work/Projects', isArchived: false, order: 4448.3182373046875}
ContentArea.js:374 - Note: {id: 'WO7HjPmFnqRSvrCoxIyT', title: 'final test encryption', category: 'Uncategorized', isArchived: false, order: 4698.3182373046875}
ContentArea.js:374 - Note: {id: 'dwgMJ4mWmIbUGNoZGTSf', title: '2024-12-28', category: 'Personal', isArchived: false, order: 5198.3182373046875}
ContentArea.js:374 - Note: {id: 'Ac5UkxvUR3nftVOGnLuA', title: 'note10', category: 'Uncategorized', isArchived: false, order: 17381.8125}
ContentArea.js:334 Current selected category: All Notes
ContentArea.js:335 All notes: 7
ContentArea.js:342 Note Firebase command: checking All Notes condition: {isArchived: false, matchesCategory: true}
ContentArea.js:334 Current selected category: All Notes
ContentArea.js:335 All notes: 7
ContentArea.js:342 Note Project Ideas 2024: checking All Notes condition: {isArchived: true, matchesCategory: false}
ContentArea.js:334 Current selected category: All Notes
ContentArea.js:335 All notes: 7
ContentArea.js:342 Note Weekly Goals: checking All Notes condition: {isArchived: true, matchesCategory: false}
ContentArea.js:334 Current selected category: All Notes
ContentArea.js:335 All notes: 7
ContentArea.js:342 Note Meeting Notes - Client Discussion: checking All Notes condition: {isArchived: true, matchesCategory: false}
ContentArea.js:334 Current selected category: All Notes
ContentArea.js:335 All notes: 7
ContentArea.js:342 Note final test encryption: checking All Notes condition: {isArchived: false, matchesCategory: true}
ContentArea.js:334 Current selected category: All Notes
ContentArea.js:335 All notes: 7
ContentArea.js:342 Note 2024-12-28: checking All Notes condition: {isArchived: false, matchesCategory: true}
ContentArea.js:334 Current selected category: All Notes
ContentArea.js:335 All notes: 7
ContentArea.js:342 Note note10: checking All Notes condition: {isArchived: false, matchesCategory: true}
ContentArea.js:334 Current selected category: All Notes
ContentArea.js:335 All notes: 7
ContentArea.js:342 Note Firebase command: checking All Notes condition: {isArchived: false, matchesCategory: true}
ContentArea.js:334 Current selected category: All Notes
ContentArea.js:335 All notes: 7
ContentArea.js:342 Note Project Ideas 2024: checking All Notes condition: {isArchived: true, matchesCategory: false}
ContentArea.js:334 Current selected category: All Notes
ContentArea.js:335 All notes: 7
ContentArea.js:342 Note Weekly Goals: checking All Notes condition: {isArchived: true, matchesCategory: false}
ContentArea.js:334 Current selected category: All Notes
ContentArea.js:335 All notes: 7
ContentArea.js:342 Note Meeting Notes - Client Discussion: checking All Notes condition: {isArchived: true, matchesCategory: false}
ContentArea.js:334 Current selected category: All Notes
ContentArea.js:335 All notes: 7
ContentArea.js:342 Note final test encryption: checking All Notes condition: {isArchived: false, matchesCategory: true}
ContentArea.js:334 Current selected category: All Notes
ContentArea.js:335 All notes: 7
ContentArea.js:342 Note 2024-12-28: checking All Notes condition: {isArchived: false, matchesCategory: true}
ContentArea.js:334 Current selected category: All Notes
ContentArea.js:335 All notes: 7
ContentArea.js:342 Note note10: checking All Notes condition: {isArchived: false, matchesCategory: true}
ContentArea.js:372 Final filtered notes: 4
ContentArea.js:374 - Note: {id: 'uZvPm8BfpgKJEMOsNSun', title: 'Firebase command', category: 'Work/Projects', isArchived: false, order: 4448.3182373046875}
ContentArea.js:374 - Note: {id: 'WO7HjPmFnqRSvrCoxIyT', title: 'final test encryption', category: 'Uncategorized', isArchived: false, order: 4698.3182373046875}
ContentArea.js:374 - Note: {id: 'dwgMJ4mWmIbUGNoZGTSf', title: '2024-12-28', category: 'Personal', isArchived: false, order: 5198.3182373046875}
ContentArea.js:374 - Note: {id: 'Ac5UkxvUR3nftVOGnLuA', title: 'note10', category: 'Uncategorized', isArchived: false, order: 17381.8125}
