react refresh:6 Download the React DevTools for a better development experience: https://reactjs.org/link/react-devtools
index.js:23 [2024-12-30T07:51:49.499Z]  @firebase/firestore: Firestore (10.14.1): enableIndexedDbPersistence() will be deprecated in the future, you can use `FirestoreSettings.cache` instead.
defaultLogHandler @ logger.ts:115
warn @ logger.ts:206
__PRIVATE_logWarn @ log.ts:69
enableIndexedDbPersistence @ database.ts:365
./src/firebase/index.js @ index.js:23
options.factory @ react refresh:6
__webpack_require__ @ bootstrap:22
fn @ hot module replacement:61
./src/firebase/storage.js @ notes.js:433
options.factory @ react refresh:6
__webpack_require__ @ bootstrap:22
fn @ hot module replacement:61
./src/components/TipTapEditor.js @ TermsOfServiceModal.js:84
options.factory @ react refresh:6
__webpack_require__ @ bootstrap:22
fn @ hot module replacement:61
./src/components/NoteModal.js @ Note.js:286
options.factory @ react refresh:6
__webpack_require__ @ bootstrap:22
fn @ hot module replacement:61
./src/components/ContentArea.js @ App.js:408
options.factory @ react refresh:6
__webpack_require__ @ bootstrap:22
fn @ hot module replacement:61
./src/App.js @ bundle.js:29
options.factory @ react refresh:6
__webpack_require__ @ bootstrap:22
fn @ hot module replacement:61
./src/index.js @ storage.js:60
options.factory @ react refresh:6
__webpack_require__ @ bootstrap:22
(anonymous) @ startup:7
(anonymous) @ startup:7
notes.js:128 Subscribing to notes for user: GLNz0QZAbfefAUFkbcOJL8N1T513
App.js:139 Attempting to initialize user: GLNz0QZAbfefAUFkbcOJL8N1T513
EncryptionContext.js:28 Encryption key loaded successfully
EncryptionContext.js:28 Encryption key loaded successfully
ContentArea.js:44 Setting up subscription for user: GLNz0QZAbfefAUFkbcOJL8N1T513
ContentArea.js:372 Final filtered notes: 0
ContentArea.js:44 Setting up subscription for user: GLNz0QZAbfefAUFkbcOJL8N1T513
ContentArea.js:372 Final filtered notes: 0
ContentArea.js:372 Final filtered notes: 0
notes.js:146 Received snapshot with changes
notes.js:154 Processed notes: 9
App.js:60 Received updated notes: (9) [{…}, {…}, {…}, {…}, {…}, {…}, {…}, {…}, {…}]
ContentArea.js:334 Current selected category: All Notes
ContentArea.js:335 All notes: 9
ContentArea.js:342 Note Firebase command: checking All Notes condition: {isArchived: false, matchesCategory: true}
ContentArea.js:334 Current selected category: All Notes
ContentArea.js:335 All notes: 9
ContentArea.js:342 Note Project Ideas 2024: checking All Notes condition: {isArchived: true, matchesCategory: false}
ContentArea.js:334 Current selected category: All Notes
ContentArea.js:335 All notes: 9
ContentArea.js:342 Note Weekly Goals: checking All Notes condition: {isArchived: true, matchesCategory: false}
ContentArea.js:334 Current selected category: All Notes
ContentArea.js:335 All notes: 9
ContentArea.js:342 Note Meeting Notes - Client Discussion: checking All Notes condition: {isArchived: true, matchesCategory: false}
ContentArea.js:334 Current selected category: All Notes
ContentArea.js:335 All notes: 9
ContentArea.js:342 Note note10: checking All Notes condition: {isArchived: false, matchesCategory: true}
ContentArea.js:334 Current selected category: All Notes
ContentArea.js:335 All notes: 9
ContentArea.js:342 Note 2024-12-28: checking All Notes condition: {isArchived: false, matchesCategory: true}
ContentArea.js:334 Current selected category: All Notes
ContentArea.js:335 All notes: 9
ContentArea.js:342 Note test note: checking All Notes condition: {isArchived: false, matchesCategory: true}
ContentArea.js:334 Current selected category: All Notes
ContentArea.js:335 All notes: 9
ContentArea.js:342 Note test: checking All Notes condition: {isArchived: false, matchesCategory: true}
ContentArea.js:334 Current selected category: All Notes
ContentArea.js:335 All notes: 9
ContentArea.js:342 Note final test encryption: checking All Notes condition: {isArchived: false, matchesCategory: true}
ContentArea.js:334 Current selected category: All Notes
ContentArea.js:335 All notes: 9
ContentArea.js:342 Note Firebase command: checking All Notes condition: {isArchived: false, matchesCategory: true}
ContentArea.js:334 Current selected category: All Notes
ContentArea.js:335 All notes: 9
ContentArea.js:342 Note Project Ideas 2024: checking All Notes condition: {isArchived: true, matchesCategory: false}
ContentArea.js:334 Current selected category: All Notes
ContentArea.js:335 All notes: 9
ContentArea.js:342 Note Weekly Goals: checking All Notes condition: {isArchived: true, matchesCategory: false}
ContentArea.js:334 Current selected category: All Notes
ContentArea.js:335 All notes: 9
ContentArea.js:342 Note Meeting Notes - Client Discussion: checking All Notes condition: {isArchived: true, matchesCategory: false}
ContentArea.js:334 Current selected category: All Notes
ContentArea.js:335 All notes: 9
ContentArea.js:342 Note note10: checking All Notes condition: {isArchived: false, matchesCategory: true}
ContentArea.js:334 Current selected category: All Notes
ContentArea.js:335 All notes: 9
ContentArea.js:342 Note 2024-12-28: checking All Notes condition: {isArchived: false, matchesCategory: true}
ContentArea.js:334 Current selected category: All Notes
ContentArea.js:335 All notes: 9
ContentArea.js:342 Note test note: checking All Notes condition: {isArchived: false, matchesCategory: true}
ContentArea.js:334 Current selected category: All Notes
ContentArea.js:335 All notes: 9
ContentArea.js:342 Note test: checking All Notes condition: {isArchived: false, matchesCategory: true}
ContentArea.js:334 Current selected category: All Notes
ContentArea.js:335 All notes: 9
ContentArea.js:342 Note final test encryption: checking All Notes condition: {isArchived: false, matchesCategory: true}
ContentArea.js:372 Final filtered notes: 6
ContentArea.js:374 - Note: {id: 'uZvPm8BfpgKJEMOsNSun', title: 'Firebase command', category: 'Work/Projects', isArchived: false, order: 4448.3182373046875}
ContentArea.js:374 - Note: {id: 'Ac5UkxvUR3nftVOGnLuA', title: 'note10', category: 'Uncategorized', isArchived: false, order: 4948.3182373046875}
ContentArea.js:374 - Note: {id: 'dwgMJ4mWmIbUGNoZGTSf', title: '2024-12-28', category: 'Personal', isArchived: false, order: 5198.3182373046875}
ContentArea.js:374 - Note: {id: 'nf9rhVDnlEDYTNOfVLR2', title: 'test note', category: 'Uncategorized', isArchived: false, order: 14381.8125}
ContentArea.js:374 - Note: {id: 'hPrOtBGhSuuX2hsPjaQt', title: 'test', category: 'Uncategorized', isArchived: false, order: 16381.8125}
ContentArea.js:374 - Note: {id: 'WO7HjPmFnqRSvrCoxIyT', title: 'final test encryption', category: 'Uncategorized', isArchived: false, order: 17381.8125}
App.js:76 Received updated tags: (24) ['pcm', 'intune', 'entra', 'smoketest', 'UAT', 'appdisco', 'git', 'Abaqus', 'tutorial', 'formatting', 'organization', 'tags', 'features', 'search', 'project', 'ideas', 'web', 'meeting', 'client', 'Dummy', 'firebase', 'dashboard', 'test', 'id']
App.js:92 Received updated categories: (7) [{…}, {…}, {…}, {…}, {…}, {…}, {…}]
ContentArea.js:334 Current selected category: All Notes
ContentArea.js:335 All notes: 9
ContentArea.js:342 Note Firebase command: checking All Notes condition: {isArchived: false, matchesCategory: true}
ContentArea.js:334 Current selected category: All Notes
ContentArea.js:335 All notes: 9
ContentArea.js:342 Note Project Ideas 2024: checking All Notes condition: {isArchived: true, matchesCategory: false}
ContentArea.js:334 Current selected category: All Notes
ContentArea.js:335 All notes: 9
ContentArea.js:342 Note Weekly Goals: checking All Notes condition: {isArchived: true, matchesCategory: false}
ContentArea.js:334 Current selected category: All Notes
ContentArea.js:335 All notes: 9
ContentArea.js:342 Note Meeting Notes - Client Discussion: checking All Notes condition: {isArchived: true, matchesCategory: false}
ContentArea.js:334 Current selected category: All Notes
ContentArea.js:335 All notes: 9
ContentArea.js:342 Note note10: checking All Notes condition: {isArchived: false, matchesCategory: true}
ContentArea.js:334 Current selected category: All Notes
ContentArea.js:335 All notes: 9
ContentArea.js:342 Note 2024-12-28: checking All Notes condition: {isArchived: false, matchesCategory: true}
ContentArea.js:334 Current selected category: All Notes
ContentArea.js:335 All notes: 9
ContentArea.js:342 Note test note: checking All Notes condition: {isArchived: false, matchesCategory: true}
ContentArea.js:334 Current selected category: All Notes
ContentArea.js:335 All notes: 9
ContentArea.js:342 Note test: checking All Notes condition: {isArchived: false, matchesCategory: true}
ContentArea.js:334 Current selected category: All Notes
ContentArea.js:335 All notes: 9
ContentArea.js:342 Note final test encryption: checking All Notes condition: {isArchived: false, matchesCategory: true}
ContentArea.js:334 Current selected category: All Notes
ContentArea.js:335 All notes: 9
ContentArea.js:342 Note Firebase command: checking All Notes condition: {isArchived: false, matchesCategory: true}
ContentArea.js:334 Current selected category: All Notes
ContentArea.js:335 All notes: 9
ContentArea.js:342 Note Project Ideas 2024: checking All Notes condition: {isArchived: true, matchesCategory: false}
ContentArea.js:334 Current selected category: All Notes
ContentArea.js:335 All notes: 9
ContentArea.js:342 Note Weekly Goals: checking All Notes condition: {isArchived: true, matchesCategory: false}
ContentArea.js:334 Current selected category: All Notes
ContentArea.js:335 All notes: 9
ContentArea.js:342 Note Meeting Notes - Client Discussion: checking All Notes condition: {isArchived: true, matchesCategory: false}
ContentArea.js:334 Current selected category: All Notes
ContentArea.js:335 All notes: 9
ContentArea.js:342 Note note10: checking All Notes condition: {isArchived: false, matchesCategory: true}
ContentArea.js:334 Current selected category: All Notes
ContentArea.js:335 All notes: 9
ContentArea.js:342 Note 2024-12-28: checking All Notes condition: {isArchived: false, matchesCategory: true}
ContentArea.js:334 Current selected category: All Notes
ContentArea.js:335 All notes: 9
ContentArea.js:342 Note test note: checking All Notes condition: {isArchived: false, matchesCategory: true}
ContentArea.js:334 Current selected category: All Notes
ContentArea.js:335 All notes: 9
ContentArea.js:342 Note test: checking All Notes condition: {isArchived: false, matchesCategory: true}
ContentArea.js:334 Current selected category: All Notes
ContentArea.js:335 All notes: 9
ContentArea.js:342 Note final test encryption: checking All Notes condition: {isArchived: false, matchesCategory: true}
ContentArea.js:372 Final filtered notes: 6
ContentArea.js:374 - Note: {id: 'uZvPm8BfpgKJEMOsNSun', title: 'Firebase command', category: 'Work/Projects', isArchived: false, order: 4448.3182373046875}
ContentArea.js:374 - Note: {id: 'Ac5UkxvUR3nftVOGnLuA', title: 'note10', category: 'Uncategorized', isArchived: false, order: 4948.3182373046875}
ContentArea.js:374 - Note: {id: 'dwgMJ4mWmIbUGNoZGTSf', title: '2024-12-28', category: 'Personal', isArchived: false, order: 5198.3182373046875}
ContentArea.js:374 - Note: {id: 'nf9rhVDnlEDYTNOfVLR2', title: 'test note', category: 'Uncategorized', isArchived: false, order: 14381.8125}
ContentArea.js:374 - Note: {id: 'hPrOtBGhSuuX2hsPjaQt', title: 'test', category: 'Uncategorized', isArchived: false, order: 16381.8125}
ContentArea.js:374 - Note: {id: 'WO7HjPmFnqRSvrCoxIyT', title: 'final test encryption', category: 'Uncategorized', isArchived: false, order: 17381.8125}
notes.js:128 Subscribing to notes for user: GLNz0QZAbfefAUFkbcOJL8N1T513
notes.js:128 Subscribing to notes for user: GLNz0QZAbfefAUFkbcOJL8N1T513
ContentArea.js:334 Current selected category: All Notes
ContentArea.js:335 All notes: 9
ContentArea.js:342 Note Firebase command: checking All Notes condition: {isArchived: false, matchesCategory: true}
ContentArea.js:334 Current selected category: All Notes
ContentArea.js:335 All notes: 9
ContentArea.js:342 Note Project Ideas 2024: checking All Notes condition: {isArchived: true, matchesCategory: false}
ContentArea.js:334 Current selected category: All Notes
ContentArea.js:335 All notes: 9
ContentArea.js:342 Note Weekly Goals: checking All Notes condition: {isArchived: true, matchesCategory: false}
ContentArea.js:334 Current selected category: All Notes
ContentArea.js:335 All notes: 9
ContentArea.js:342 Note Meeting Notes - Client Discussion: checking All Notes condition: {isArchived: true, matchesCategory: false}
ContentArea.js:334 Current selected category: All Notes
ContentArea.js:335 All notes: 9
ContentArea.js:342 Note note10: checking All Notes condition: {isArchived: false, matchesCategory: true}
ContentArea.js:334 Current selected category: All Notes
ContentArea.js:335 All notes: 9
ContentArea.js:342 Note 2024-12-28: checking All Notes condition: {isArchived: false, matchesCategory: true}
ContentArea.js:334 Current selected category: All Notes
ContentArea.js:335 All notes: 9
ContentArea.js:342 Note test note: checking All Notes condition: {isArchived: false, matchesCategory: true}
ContentArea.js:334 Current selected category: All Notes
ContentArea.js:335 All notes: 9
ContentArea.js:342 Note test: checking All Notes condition: {isArchived: false, matchesCategory: true}
ContentArea.js:334 Current selected category: All Notes
ContentArea.js:335 All notes: 9
ContentArea.js:342 Note final test encryption: checking All Notes condition: {isArchived: false, matchesCategory: true}
ContentArea.js:334 Current selected category: All Notes
ContentArea.js:335 All notes: 9
ContentArea.js:342 Note Firebase command: checking All Notes condition: {isArchived: false, matchesCategory: true}
ContentArea.js:334 Current selected category: All Notes
ContentArea.js:335 All notes: 9
ContentArea.js:342 Note Project Ideas 2024: checking All Notes condition: {isArchived: true, matchesCategory: false}
ContentArea.js:334 Current selected category: All Notes
ContentArea.js:335 All notes: 9
ContentArea.js:342 Note Weekly Goals: checking All Notes condition: {isArchived: true, matchesCategory: false}
ContentArea.js:334 Current selected category: All Notes
ContentArea.js:335 All notes: 9
ContentArea.js:342 Note Meeting Notes - Client Discussion: checking All Notes condition: {isArchived: true, matchesCategory: false}
ContentArea.js:334 Current selected category: All Notes
ContentArea.js:335 All notes: 9
ContentArea.js:342 Note note10: checking All Notes condition: {isArchived: false, matchesCategory: true}
ContentArea.js:334 Current selected category: All Notes
ContentArea.js:335 All notes: 9
ContentArea.js:342 Note 2024-12-28: checking All Notes condition: {isArchived: false, matchesCategory: true}
ContentArea.js:334 Current selected category: All Notes
ContentArea.js:335 All notes: 9
ContentArea.js:342 Note test note: checking All Notes condition: {isArchived: false, matchesCategory: true}
ContentArea.js:334 Current selected category: All Notes
ContentArea.js:335 All notes: 9
ContentArea.js:342 Note test: checking All Notes condition: {isArchived: false, matchesCategory: true}
ContentArea.js:334 Current selected category: All Notes
ContentArea.js:335 All notes: 9
ContentArea.js:342 Note final test encryption: checking All Notes condition: {isArchived: false, matchesCategory: true}
ContentArea.js:372 Final filtered notes: 6
ContentArea.js:374 - Note: {id: 'uZvPm8BfpgKJEMOsNSun', title: 'Firebase command', category: 'Work/Projects', isArchived: false, order: 4448.3182373046875}
ContentArea.js:374 - Note: {id: 'Ac5UkxvUR3nftVOGnLuA', title: 'note10', category: 'Uncategorized', isArchived: false, order: 4948.3182373046875}
ContentArea.js:374 - Note: {id: 'dwgMJ4mWmIbUGNoZGTSf', title: '2024-12-28', category: 'Personal', isArchived: false, order: 5198.3182373046875}
ContentArea.js:374 - Note: {id: 'nf9rhVDnlEDYTNOfVLR2', title: 'test note', category: 'Uncategorized', isArchived: false, order: 14381.8125}
ContentArea.js:374 - Note: {id: 'hPrOtBGhSuuX2hsPjaQt', title: 'test', category: 'Uncategorized', isArchived: false, order: 16381.8125}
ContentArea.js:374 - Note: {id: 'WO7HjPmFnqRSvrCoxIyT', title: 'final test encryption', category: 'Uncategorized', isArchived: false, order: 17381.8125}
notes.js:146 Received snapshot with changes
notes.js:154 Processed notes: 9
ContentArea.js:52 Received notes update: 9
notes.js:146 Received snapshot with changes
notes.js:154 Processed notes: 9
ContentArea.js:52 Received notes update: 9
ContentArea.js:334 Current selected category: All Notes
ContentArea.js:335 All notes: 9
ContentArea.js:342 Note Firebase command: checking All Notes condition: {isArchived: false, matchesCategory: true}
ContentArea.js:334 Current selected category: All Notes
ContentArea.js:335 All notes: 9
ContentArea.js:342 Note Project Ideas 2024: checking All Notes condition: {isArchived: true, matchesCategory: false}
ContentArea.js:334 Current selected category: All Notes
ContentArea.js:335 All notes: 9
ContentArea.js:342 Note Weekly Goals: checking All Notes condition: {isArchived: true, matchesCategory: false}
ContentArea.js:334 Current selected category: All Notes
ContentArea.js:335 All notes: 9
ContentArea.js:342 Note Meeting Notes - Client Discussion: checking All Notes condition: {isArchived: true, matchesCategory: false}
ContentArea.js:334 Current selected category: All Notes
ContentArea.js:335 All notes: 9
ContentArea.js:342 Note note10: checking All Notes condition: {isArchived: false, matchesCategory: true}
ContentArea.js:334 Current selected category: All Notes
ContentArea.js:335 All notes: 9
ContentArea.js:342 Note 2024-12-28: checking All Notes condition: {isArchived: false, matchesCategory: true}
ContentArea.js:334 Current selected category: All Notes
ContentArea.js:335 All notes: 9
ContentArea.js:342 Note test note: checking All Notes condition: {isArchived: false, matchesCategory: true}
ContentArea.js:334 Current selected category: All Notes
ContentArea.js:335 All notes: 9
ContentArea.js:342 Note test: checking All Notes condition: {isArchived: false, matchesCategory: true}
ContentArea.js:334 Current selected category: All Notes
ContentArea.js:335 All notes: 9
ContentArea.js:342 Note final test encryption: checking All Notes condition: {isArchived: false, matchesCategory: true}
ContentArea.js:334 Current selected category: All Notes
ContentArea.js:335 All notes: 9
ContentArea.js:342 Note Firebase command: checking All Notes condition: {isArchived: false, matchesCategory: true}
ContentArea.js:334 Current selected category: All Notes
ContentArea.js:335 All notes: 9
ContentArea.js:342 Note Project Ideas 2024: checking All Notes condition: {isArchived: true, matchesCategory: false}
ContentArea.js:334 Current selected category: All Notes
ContentArea.js:335 All notes: 9
ContentArea.js:342 Note Weekly Goals: checking All Notes condition: {isArchived: true, matchesCategory: false}
ContentArea.js:334 Current selected category: All Notes
ContentArea.js:335 All notes: 9
ContentArea.js:342 Note Meeting Notes - Client Discussion: checking All Notes condition: {isArchived: true, matchesCategory: false}
ContentArea.js:334 Current selected category: All Notes
ContentArea.js:335 All notes: 9
ContentArea.js:342 Note note10: checking All Notes condition: {isArchived: false, matchesCategory: true}
ContentArea.js:334 Current selected category: All Notes
ContentArea.js:335 All notes: 9
ContentArea.js:342 Note 2024-12-28: checking All Notes condition: {isArchived: false, matchesCategory: true}
ContentArea.js:334 Current selected category: All Notes
ContentArea.js:335 All notes: 9
ContentArea.js:342 Note test note: checking All Notes condition: {isArchived: false, matchesCategory: true}
ContentArea.js:334 Current selected category: All Notes
ContentArea.js:335 All notes: 9
ContentArea.js:342 Note test: checking All Notes condition: {isArchived: false, matchesCategory: true}
ContentArea.js:334 Current selected category: All Notes
ContentArea.js:335 All notes: 9
ContentArea.js:342 Note final test encryption: checking All Notes condition: {isArchived: false, matchesCategory: true}
react-dom.development.js:86 Warning: Connect(Droppable): Support for defaultProps will be removed from memo components in a future major release. Use JavaScript default parameters instead.
    at div
    at div
    at Provider (http://localhost:3000/static/js/bundle.js:109405:20)
    at App (http://localhost:3000/static/js/bundle.js:79116:25)
    at ErrorBoundary (http://localhost:3000/static/js/bundle.js:73329:35)
    at DragDropContext (http://localhost:3000/static/js/bundle.js:79240:19)
    at ContentArea (http://localhost:3000/static/js/bundle.js:545:3)
    at div
    at div
    at EncryptionProvider (http://localhost:3000/static/js/bundle.js:7621:3)
    at App (http://localhost:3000/static/js/bundle.js:77:70)
    at ThemeProvider (http://localhost:3000/static/js/bundle.js:7771:3)
printWarning @ react-dom.development.js:86
error @ react-dom.development.js:60
updateMemoComponent @ react-dom.development.js:19320
beginWork @ react-dom.development.js:21712
beginWork$1 @ react-dom.development.js:27465
performUnitOfWork @ react-dom.development.js:26596
workLoopSync @ react-dom.development.js:26505
renderRootSync @ react-dom.development.js:26473
performConcurrentWorkOnRoot @ react-dom.development.js:25777
workLoop @ scheduler.development.js:266
flushWork @ scheduler.development.js:239
performWorkUntilDeadline @ scheduler.development.js:533
ContentArea.js:372 Final filtered notes: 6
ContentArea.js:374 - Note: {id: 'uZvPm8BfpgKJEMOsNSun', title: 'Firebase command', category: 'Work/Projects', isArchived: false, order: 4448.3182373046875}
ContentArea.js:374 - Note: {id: 'Ac5UkxvUR3nftVOGnLuA', title: 'note10', category: 'Uncategorized', isArchived: false, order: 4948.3182373046875}
ContentArea.js:374 - Note: {id: 'dwgMJ4mWmIbUGNoZGTSf', title: '2024-12-28', category: 'Personal', isArchived: false, order: 5198.3182373046875}
ContentArea.js:374 - Note: {id: 'nf9rhVDnlEDYTNOfVLR2', title: 'test note', category: 'Uncategorized', isArchived: false, order: 14381.8125}
ContentArea.js:374 - Note: {id: 'hPrOtBGhSuuX2hsPjaQt', title: 'test', category: 'Uncategorized', isArchived: false, order: 16381.8125}
ContentArea.js:374 - Note: {id: 'WO7HjPmFnqRSvrCoxIyT', title: 'final test encryption', category: 'Uncategorized', isArchived: false, order: 17381.8125}
encryption.js:84 Error decrypting data: OperationError
decryptData @ encryption.js:84
await in decryptData
decryptContent @ Note.js:23
(anonymous) @ Note.js:37
commitHookEffectListMount @ react-dom.development.js:23189
commitPassiveMountOnFiber @ react-dom.development.js:24965
commitPassiveMountEffects_complete @ react-dom.development.js:24930
commitPassiveMountEffects_begin @ react-dom.development.js:24917
commitPassiveMountEffects @ react-dom.development.js:24905
flushPassiveEffectsImpl @ react-dom.development.js:27078
flushPassiveEffects @ react-dom.development.js:27023
(anonymous) @ react-dom.development.js:26808
workLoop @ scheduler.development.js:266
flushWork @ scheduler.development.js:239
performWorkUntilDeadline @ scheduler.development.js:533
Note.js:28 Error decrypting content: Error: Failed to decrypt data
    at decryptData (encryption.js:85:1)
    at async decryptContent (Note.js:23:1)
decryptContent @ Note.js:28
await in decryptContent
(anonymous) @ Note.js:37
commitHookEffectListMount @ react-dom.development.js:23189
commitPassiveMountOnFiber @ react-dom.development.js:24965
commitPassiveMountEffects_complete @ react-dom.development.js:24930
commitPassiveMountEffects_begin @ react-dom.development.js:24917
commitPassiveMountEffects @ react-dom.development.js:24905
flushPassiveEffectsImpl @ react-dom.development.js:27078
flushPassiveEffects @ react-dom.development.js:27023
(anonymous) @ react-dom.development.js:26808
workLoop @ scheduler.development.js:266
flushWork @ scheduler.development.js:239
performWorkUntilDeadline @ scheduler.development.js:533
encryption.js:84 Error decrypting data: OperationError
decryptData @ encryption.js:84
await in decryptData
decryptContent @ Note.js:23
(anonymous) @ Note.js:37
commitHookEffectListMount @ react-dom.development.js:23189
invokePassiveEffectMountInDEV @ react-dom.development.js:25193
invokeEffectsInDev @ react-dom.development.js:27390
commitDoubleInvokeEffectsInDEV @ react-dom.development.js:27369
flushPassiveEffectsImpl @ react-dom.development.js:27095
flushPassiveEffects @ react-dom.development.js:27023
(anonymous) @ react-dom.development.js:26808
workLoop @ scheduler.development.js:266
flushWork @ scheduler.development.js:239
performWorkUntilDeadline @ scheduler.development.js:533
Note.js:28 Error decrypting content: Error: Failed to decrypt data
    at decryptData (encryption.js:85:1)
    at async decryptContent (Note.js:23:1)
decryptContent @ Note.js:28
await in decryptContent
(anonymous) @ Note.js:37
commitHookEffectListMount @ react-dom.development.js:23189
invokePassiveEffectMountInDEV @ react-dom.development.js:25193
invokeEffectsInDev @ react-dom.development.js:27390
commitDoubleInvokeEffectsInDEV @ react-dom.development.js:27369
flushPassiveEffectsImpl @ react-dom.development.js:27095
flushPassiveEffects @ react-dom.development.js:27023
(anonymous) @ react-dom.development.js:26808
workLoop @ scheduler.development.js:266
flushWork @ scheduler.development.js:239
performWorkUntilDeadline @ scheduler.development.js:533
ContentArea.js:334 Current selected category: All Notes
ContentArea.js:335 All notes: 9
ContentArea.js:342 Note Firebase command: checking All Notes condition: {isArchived: false, matchesCategory: true}
ContentArea.js:334 Current selected category: All Notes
ContentArea.js:335 All notes: 9
ContentArea.js:342 Note Project Ideas 2024: checking All Notes condition: {isArchived: true, matchesCategory: false}
ContentArea.js:334 Current selected category: All Notes
ContentArea.js:335 All notes: 9
ContentArea.js:342 Note Weekly Goals: checking All Notes condition: {isArchived: true, matchesCategory: false}
ContentArea.js:334 Current selected category: All Notes
ContentArea.js:335 All notes: 9
ContentArea.js:342 Note Meeting Notes - Client Discussion: checking All Notes condition: {isArchived: true, matchesCategory: false}
ContentArea.js:334 Current selected category: All Notes
ContentArea.js:335 All notes: 9
ContentArea.js:342 Note note10: checking All Notes condition: {isArchived: false, matchesCategory: true}
ContentArea.js:334 Current selected category: All Notes
ContentArea.js:335 All notes: 9
ContentArea.js:342 Note 2024-12-28: checking All Notes condition: {isArchived: false, matchesCategory: true}
ContentArea.js:334 Current selected category: All Notes
ContentArea.js:335 All notes: 9
ContentArea.js:342 Note test note: checking All Notes condition: {isArchived: false, matchesCategory: true}
ContentArea.js:334 Current selected category: All Notes
ContentArea.js:335 All notes: 9
ContentArea.js:342 Note test: checking All Notes condition: {isArchived: false, matchesCategory: true}
ContentArea.js:334 Current selected category: All Notes
ContentArea.js:335 All notes: 9
ContentArea.js:342 Note final test encryption: checking All Notes condition: {isArchived: false, matchesCategory: true}
ContentArea.js:334 Current selected category: All Notes
ContentArea.js:335 All notes: 9
ContentArea.js:342 Note Firebase command: checking All Notes condition: {isArchived: false, matchesCategory: true}
ContentArea.js:334 Current selected category: All Notes
ContentArea.js:335 All notes: 9
ContentArea.js:342 Note Project Ideas 2024: checking All Notes condition: {isArchived: true, matchesCategory: false}
ContentArea.js:334 Current selected category: All Notes
ContentArea.js:335 All notes: 9
ContentArea.js:342 Note Weekly Goals: checking All Notes condition: {isArchived: true, matchesCategory: false}
ContentArea.js:334 Current selected category: All Notes
ContentArea.js:335 All notes: 9
ContentArea.js:342 Note Meeting Notes - Client Discussion: checking All Notes condition: {isArchived: true, matchesCategory: false}
ContentArea.js:334 Current selected category: All Notes
ContentArea.js:335 All notes: 9
ContentArea.js:342 Note note10: checking All Notes condition: {isArchived: false, matchesCategory: true}
ContentArea.js:334 Current selected category: All Notes
ContentArea.js:335 All notes: 9
ContentArea.js:342 Note 2024-12-28: checking All Notes condition: {isArchived: false, matchesCategory: true}
ContentArea.js:334 Current selected category: All Notes
ContentArea.js:335 All notes: 9
ContentArea.js:342 Note test note: checking All Notes condition: {isArchived: false, matchesCategory: true}
ContentArea.js:334 Current selected category: All Notes
ContentArea.js:335 All notes: 9
ContentArea.js:342 Note test: checking All Notes condition: {isArchived: false, matchesCategory: true}
ContentArea.js:334 Current selected category: All Notes
ContentArea.js:335 All notes: 9
ContentArea.js:342 Note final test encryption: checking All Notes condition: {isArchived: false, matchesCategory: true}
ContentArea.js:372 Final filtered notes: 6
ContentArea.js:374 - Note: {id: 'uZvPm8BfpgKJEMOsNSun', title: 'Firebase command', category: 'Work/Projects', isArchived: false, order: 4448.3182373046875}
ContentArea.js:374 - Note: {id: 'Ac5UkxvUR3nftVOGnLuA', title: 'note10', category: 'Uncategorized', isArchived: false, order: 4948.3182373046875}
ContentArea.js:374 - Note: {id: 'dwgMJ4mWmIbUGNoZGTSf', title: '2024-12-28', category: 'Personal', isArchived: false, order: 5198.3182373046875}
ContentArea.js:374 - Note: {id: 'nf9rhVDnlEDYTNOfVLR2', title: 'test note', category: 'Uncategorized', isArchived: false, order: 14381.8125}
ContentArea.js:374 - Note: {id: 'hPrOtBGhSuuX2hsPjaQt', title: 'test', category: 'Uncategorized', isArchived: false, order: 16381.8125}
ContentArea.js:374 - Note: {id: 'WO7HjPmFnqRSvrCoxIyT', title: 'final test encryption', category: 'Uncategorized', isArchived: false, order: 17381.8125}
ContentArea.js:334 Current selected category: All Notes
ContentArea.js:335 All notes: 9
ContentArea.js:342 Note Firebase command: checking All Notes condition: {isArchived: false, matchesCategory: true}
ContentArea.js:334 Current selected category: All Notes
ContentArea.js:335 All notes: 9
ContentArea.js:342 Note Project Ideas 2024: checking All Notes condition: {isArchived: true, matchesCategory: false}
ContentArea.js:334 Current selected category: All Notes
ContentArea.js:335 All notes: 9
ContentArea.js:342 Note Weekly Goals: checking All Notes condition: {isArchived: true, matchesCategory: false}
ContentArea.js:334 Current selected category: All Notes
ContentArea.js:335 All notes: 9
ContentArea.js:342 Note Meeting Notes - Client Discussion: checking All Notes condition: {isArchived: true, matchesCategory: false}
ContentArea.js:334 Current selected category: All Notes
ContentArea.js:335 All notes: 9
ContentArea.js:342 Note note10: checking All Notes condition: {isArchived: false, matchesCategory: true}
ContentArea.js:334 Current selected category: All Notes
ContentArea.js:335 All notes: 9
ContentArea.js:342 Note 2024-12-28: checking All Notes condition: {isArchived: false, matchesCategory: true}
ContentArea.js:334 Current selected category: All Notes
ContentArea.js:335 All notes: 9
ContentArea.js:342 Note test note: checking All Notes condition: {isArchived: false, matchesCategory: true}
ContentArea.js:334 Current selected category: All Notes
ContentArea.js:335 All notes: 9
ContentArea.js:342 Note test: checking All Notes condition: {isArchived: false, matchesCategory: true}
ContentArea.js:334 Current selected category: All Notes
ContentArea.js:335 All notes: 9
ContentArea.js:342 Note final test encryption: checking All Notes condition: {isArchived: false, matchesCategory: true}
ContentArea.js:334 Current selected category: All Notes
ContentArea.js:335 All notes: 9
ContentArea.js:342 Note Firebase command: checking All Notes condition: {isArchived: false, matchesCategory: true}
ContentArea.js:334 Current selected category: All Notes
ContentArea.js:335 All notes: 9
ContentArea.js:342 Note Project Ideas 2024: checking All Notes condition: {isArchived: true, matchesCategory: false}
ContentArea.js:334 Current selected category: All Notes
ContentArea.js:335 All notes: 9
ContentArea.js:342 Note Weekly Goals: checking All Notes condition: {isArchived: true, matchesCategory: false}
ContentArea.js:334 Current selected category: All Notes
ContentArea.js:335 All notes: 9
ContentArea.js:342 Note Meeting Notes - Client Discussion: checking All Notes condition: {isArchived: true, matchesCategory: false}
ContentArea.js:334 Current selected category: All Notes
ContentArea.js:335 All notes: 9
ContentArea.js:342 Note note10: checking All Notes condition: {isArchived: false, matchesCategory: true}
ContentArea.js:334 Current selected category: All Notes
ContentArea.js:335 All notes: 9
ContentArea.js:342 Note 2024-12-28: checking All Notes condition: {isArchived: false, matchesCategory: true}
ContentArea.js:334 Current selected category: All Notes
ContentArea.js:335 All notes: 9
ContentArea.js:342 Note test note: checking All Notes condition: {isArchived: false, matchesCategory: true}
ContentArea.js:334 Current selected category: All Notes
ContentArea.js:335 All notes: 9
ContentArea.js:342 Note test: checking All Notes condition: {isArchived: false, matchesCategory: true}
ContentArea.js:334 Current selected category: All Notes
ContentArea.js:335 All notes: 9
ContentArea.js:342 Note final test encryption: checking All Notes condition: {isArchived: false, matchesCategory: true}
TipTapEditor.js:482 [tiptap warn]: Duplicate extension names found: ['codeBlock']. This can lead to issues.
resolve @ ExtensionManager.ts:50
ExtensionManager @ ExtensionManager.ts:34
createExtensionManager @ Editor.ts:299
Editor @ Editor.ts:99
createEditor @ useEditor.ts:155
getInitialEditor @ useEditor.ts:119
EditorInstanceManager @ useEditor.ts:80
(anonymous) @ useEditor.ts:313
mountState @ react-dom.development.js:16167
useState @ react-dom.development.js:16880
useState @ react.development.js:1622
useEditor @ useEditor.ts:313
TipTapEditor @ TipTapEditor.js:482
renderWithHooks @ react-dom.development.js:15486
mountIndeterminateComponent @ react-dom.development.js:20103
beginWork @ react-dom.development.js:21626
beginWork$1 @ react-dom.development.js:27465
performUnitOfWork @ react-dom.development.js:26596
workLoopSync @ react-dom.development.js:26505
renderRootSync @ react-dom.development.js:26473
performSyncWorkOnRoot @ react-dom.development.js:26124
flushSyncCallbacks @ react-dom.development.js:12042
(anonymous) @ react-dom.development.js:25690
TipTapEditor.js:482 [tiptap warn]: Duplicate extension names found: ['codeBlock']. This can lead to issues.
resolve @ ExtensionManager.ts:50
ExtensionManager @ ExtensionManager.ts:34
createExtensionManager @ Editor.ts:299
Editor @ Editor.ts:99
createEditor @ useEditor.ts:155
getInitialEditor @ useEditor.ts:119
EditorInstanceManager @ useEditor.ts:80
(anonymous) @ useEditor.ts:313
mountState @ react-dom.development.js:16167
useState @ react-dom.development.js:16880
useState @ react.development.js:1622
useEditor @ useEditor.ts:313
TipTapEditor @ TipTapEditor.js:482
renderWithHooks @ react-dom.development.js:15486
mountIndeterminateComponent @ react-dom.development.js:20174
beginWork @ react-dom.development.js:21626
beginWork$1 @ react-dom.development.js:27465
performUnitOfWork @ react-dom.development.js:26596
workLoopSync @ react-dom.development.js:26505
renderRootSync @ react-dom.development.js:26473
performSyncWorkOnRoot @ react-dom.development.js:26124
flushSyncCallbacks @ react-dom.development.js:12042
(anonymous) @ react-dom.development.js:25690
TipTapEditor.js:697 Content prop changed: 
NoteModal.js:21 NoteModal content updated: {initialTitle: 'final test encryption', initialContent: 'encrypted:Ruye1zcO8rcb/1WLVU5gxTbH94LHaIeQP7iDf2gX…1HEeBczkMcr2PpAWvj1cxz1Yw/F+aBxUeRXIS5tg9enV8AIHp'}
ContentArea.js:372 Final filtered notes: 6
ContentArea.js:374 - Note: {id: 'uZvPm8BfpgKJEMOsNSun', title: 'Firebase command', category: 'Work/Projects', isArchived: false, order: 4448.3182373046875}
ContentArea.js:374 - Note: {id: 'Ac5UkxvUR3nftVOGnLuA', title: 'note10', category: 'Uncategorized', isArchived: false, order: 4948.3182373046875}
ContentArea.js:374 - Note: {id: 'dwgMJ4mWmIbUGNoZGTSf', title: '2024-12-28', category: 'Personal', isArchived: false, order: 5198.3182373046875}
ContentArea.js:374 - Note: {id: 'nf9rhVDnlEDYTNOfVLR2', title: 'test note', category: 'Uncategorized', isArchived: false, order: 14381.8125}
ContentArea.js:374 - Note: {id: 'hPrOtBGhSuuX2hsPjaQt', title: 'test', category: 'Uncategorized', isArchived: false, order: 16381.8125}
ContentArea.js:374 - Note: {id: 'WO7HjPmFnqRSvrCoxIyT', title: 'final test encryption', category: 'Uncategorized', isArchived: false, order: 17381.8125}
TipTapEditor.js:697 Content prop changed: 
NoteModal.js:21 NoteModal content updated: {initialTitle: 'final test encryption', initialContent: 'encrypted:Ruye1zcO8rcb/1WLVU5gxTbH94LHaIeQP7iDf2gX…1HEeBczkMcr2PpAWvj1cxz1Yw/F+aBxUeRXIS5tg9enV8AIHp'}
NoteModal.js:31 Content decrypted successfully
NoteModal.js:31 Content decrypted successfully
TipTapEditor.js:697 Content prop changed: <p class="text-gray-200">final test encryption</p>
ContentArea.js:334 Current selected category: All Notes
ContentArea.js:335 All notes: 9
ContentArea.js:342 Note Firebase command: checking All Notes condition: {isArchived: false, matchesCategory: true}
ContentArea.js:334 Current selected category: All Notes
ContentArea.js:335 All notes: 9
ContentArea.js:342 Note Project Ideas 2024: checking All Notes condition: {isArchived: true, matchesCategory: false}
ContentArea.js:334 Current selected category: All Notes
ContentArea.js:335 All notes: 9
ContentArea.js:342 Note Weekly Goals: checking All Notes condition: {isArchived: true, matchesCategory: false}
ContentArea.js:334 Current selected category: All Notes
ContentArea.js:335 All notes: 9
ContentArea.js:342 Note Meeting Notes - Client Discussion: checking All Notes condition: {isArchived: true, matchesCategory: false}
ContentArea.js:334 Current selected category: All Notes
ContentArea.js:335 All notes: 9
ContentArea.js:342 Note note10: checking All Notes condition: {isArchived: false, matchesCategory: true}
ContentArea.js:334 Current selected category: All Notes
ContentArea.js:335 All notes: 9
ContentArea.js:342 Note 2024-12-28: checking All Notes condition: {isArchived: false, matchesCategory: true}
ContentArea.js:334 Current selected category: All Notes
ContentArea.js:335 All notes: 9
ContentArea.js:342 Note test note: checking All Notes condition: {isArchived: false, matchesCategory: true}
ContentArea.js:334 Current selected category: All Notes
ContentArea.js:335 All notes: 9
ContentArea.js:342 Note test: checking All Notes condition: {isArchived: false, matchesCategory: true}
ContentArea.js:334 Current selected category: All Notes
ContentArea.js:335 All notes: 9
ContentArea.js:342 Note final test encryption: checking All Notes condition: {isArchived: false, matchesCategory: true}
ContentArea.js:334 Current selected category: All Notes
ContentArea.js:335 All notes: 9
ContentArea.js:342 Note Firebase command: checking All Notes condition: {isArchived: false, matchesCategory: true}
ContentArea.js:334 Current selected category: All Notes
ContentArea.js:335 All notes: 9
ContentArea.js:342 Note Project Ideas 2024: checking All Notes condition: {isArchived: true, matchesCategory: false}
ContentArea.js:334 Current selected category: All Notes
ContentArea.js:335 All notes: 9
ContentArea.js:342 Note Weekly Goals: checking All Notes condition: {isArchived: true, matchesCategory: false}
ContentArea.js:334 Current selected category: All Notes
ContentArea.js:335 All notes: 9
ContentArea.js:342 Note Meeting Notes - Client Discussion: checking All Notes condition: {isArchived: true, matchesCategory: false}
ContentArea.js:334 Current selected category: All Notes
ContentArea.js:335 All notes: 9
ContentArea.js:342 Note note10: checking All Notes condition: {isArchived: false, matchesCategory: true}
ContentArea.js:334 Current selected category: All Notes
ContentArea.js:335 All notes: 9
ContentArea.js:342 Note 2024-12-28: checking All Notes condition: {isArchived: false, matchesCategory: true}
ContentArea.js:334 Current selected category: All Notes
ContentArea.js:335 All notes: 9
ContentArea.js:342 Note test note: checking All Notes condition: {isArchived: false, matchesCategory: true}
ContentArea.js:334 Current selected category: All Notes
ContentArea.js:335 All notes: 9
ContentArea.js:342 Note test: checking All Notes condition: {isArchived: false, matchesCategory: true}
ContentArea.js:334 Current selected category: All Notes
ContentArea.js:335 All notes: 9
ContentArea.js:342 Note final test encryption: checking All Notes condition: {isArchived: false, matchesCategory: true}
ContentArea.js:372 Final filtered notes: 6
ContentArea.js:374 - Note: {id: 'uZvPm8BfpgKJEMOsNSun', title: 'Firebase command', category: 'Work/Projects', isArchived: false, order: 4448.3182373046875}
ContentArea.js:374 - Note: {id: 'Ac5UkxvUR3nftVOGnLuA', title: 'note10', category: 'Uncategorized', isArchived: false, order: 4948.3182373046875}
ContentArea.js:374 - Note: {id: 'dwgMJ4mWmIbUGNoZGTSf', title: '2024-12-28', category: 'Personal', isArchived: false, order: 5198.3182373046875}
ContentArea.js:374 - Note: {id: 'nf9rhVDnlEDYTNOfVLR2', title: 'test note', category: 'Uncategorized', isArchived: false, order: 14381.8125}
ContentArea.js:374 - Note: {id: 'hPrOtBGhSuuX2hsPjaQt', title: 'test', category: 'Uncategorized', isArchived: false, order: 16381.8125}
ContentArea.js:374 - Note: {id: 'WO7HjPmFnqRSvrCoxIyT', title: 'final test encryption', category: 'Uncategorized', isArchived: false, order: 17381.8125}
