ContentArea.js:370 Current selected category: All Notes
ContentArea.js:371 All notes: 10
ContentArea.js:378 Note Firebase command: checking All Notes condition: {isArchived: false, matchesCategory: true}
ContentArea.js:370 Current selected category: All Notes
ContentArea.js:371 All notes: 10
ContentArea.js:378 Note Project Ideas 2024: checking All Notes condition: {isArchived: true, matchesCategory: false}
ContentArea.js:370 Current selected category: All Notes
ContentArea.js:371 All notes: 10
ContentArea.js:378 Note Weekly Goals: checking All Notes condition: {isArchived: true, matchesCategory: false}
ContentArea.js:370 Current selected category: All Notes
ContentArea.js:371 All notes: 10
ContentArea.js:378 Note Meeting Notes - Client Discussion: checking All Notes condition: {isArchived: true, matchesCategory: false}
ContentArea.js:370 Current selected category: All Notes
ContentArea.js:371 All notes: 10
ContentArea.js:378 Note test2: checking All Notes condition: {isArchived: false, matchesCategory: true}
ContentArea.js:370 Current selected category: All Notes
ContentArea.js:371 All notes: 10
ContentArea.js:378 Note Test: checking All Notes condition: {isArchived: false, matchesCategory: true}
ContentArea.js:370 Current selected category: All Notes
ContentArea.js:371 All notes: 10
ContentArea.js:378 Note test123: checking All Notes condition: {isArchived: false, matchesCategory: true}
ContentArea.js:370 Current selected category: All Notes
ContentArea.js:371 All notes: 10
ContentArea.js:378 Note 2024-12-28: checking All Notes condition: {isArchived: false, matchesCategory: true}
ContentArea.js:370 Current selected category: All Notes
ContentArea.js:371 All notes: 10
ContentArea.js:378 Note 2024-12-28: checking All Notes condition: {isArchived: false, matchesCategory: true}
ContentArea.js:370 Current selected category: All Notes
ContentArea.js:371 All notes: 10
ContentArea.js:378 Note 2024-12-28: checking All Notes condition: {isArchived: false, matchesCategory: true}
ContentArea.js:370 Current selected category: All Notes
ContentArea.js:371 All notes: 10
ContentArea.js:378 Note Firebase command: checking All Notes condition: {isArchived: false, matchesCategory: true}
ContentArea.js:370 Current selected category: All Notes
ContentArea.js:371 All notes: 10
ContentArea.js:378 Note Project Ideas 2024: checking All Notes condition: {isArchived: true, matchesCategory: false}
ContentArea.js:370 Current selected category: All Notes
ContentArea.js:371 All notes: 10
ContentArea.js:378 Note Weekly Goals: checking All Notes condition: {isArchived: true, matchesCategory: false}
ContentArea.js:370 Current selected category: All Notes
ContentArea.js:371 All notes: 10
ContentArea.js:378 Note Meeting Notes - Client Discussion: checking All Notes condition: {isArchived: true, matchesCategory: false}
ContentArea.js:370 Current selected category: All Notes
ContentArea.js:371 All notes: 10
ContentArea.js:378 Note test2: checking All Notes condition: {isArchived: false, matchesCategory: true}
ContentArea.js:370 Current selected category: All Notes
ContentArea.js:371 All notes: 10
ContentArea.js:378 Note Test: checking All Notes condition: {isArchived: false, matchesCategory: true}
ContentArea.js:370 Current selected category: All Notes
ContentArea.js:371 All notes: 10
ContentArea.js:378 Note test123: checking All Notes condition: {isArchived: false, matchesCategory: true}
ContentArea.js:370 Current selected category: All Notes
ContentArea.js:371 All notes: 10
ContentArea.js:378 Note 2024-12-28: checking All Notes condition: {isArchived: false, matchesCategory: true}
ContentArea.js:370 Current selected category: All Notes
ContentArea.js:371 All notes: 10
ContentArea.js:378 Note 2024-12-28: checking All Notes condition: {isArchived: false, matchesCategory: true}
ContentArea.js:370 Current selected category: All Notes
ContentArea.js:371 All notes: 10
ContentArea.js:378 Note 2024-12-28: checking All Notes condition: {isArchived: false, matchesCategory: true}
ContentArea.js:408 Final filtered notes: 7
ContentArea.js:410 - Note: {id: 'uZvPm8BfpgKJEMOsNSun', title: 'Firebase command', category: 'Work/Projects', isArchived: false, order: 69}
ContentArea.js:410 - Note: {id: 'e2KNa16XGqElqtkYaecK', title: 'test2', category: 'Ideas', isArchived: false, order: 1131.8125}
ContentArea.js:410 - Note: {id: 'uHieyztHKTg544GGjwVp', title: 'Test', category: 'Meeting', isArchived: false, order: 1256.8125}
ContentArea.js:410 - Note: {id: 'UXvHIodxJ7kCtayKtUbH', title: 'test123', category: 'Urgent', isArchived: false, order: 2256.8125}
ContentArea.js:410 - Note: {id: 'MQH27Cl9gGe6YoAm6oA0', title: '2024-12-28', category: 'Uncategorized', isArchived: false, order: 3256.8125}
ContentArea.js:410 - Note: {id: 'dwgMJ4mWmIbUGNoZGTSf', title: '2024-12-28', category: 'Personal', isArchived: false, order: 4256.8125}
ContentArea.js:410 - Note: {id: '7KlaxU9z1etXQfjon56x', title: '2024-12-28', category: 'Uncategorized', isArchived: false, order: 5256.8125}
ContentArea.js:370 Current selected category: All Notes
ContentArea.js:371 All notes: 10
ContentArea.js:378 Note Firebase command: checking All Notes condition: {isArchived: false, matchesCategory: true}
ContentArea.js:370 Current selected category: All Notes
ContentArea.js:371 All notes: 10
ContentArea.js:378 Note Project Ideas 2024: checking All Notes condition: {isArchived: true, matchesCategory: false}
ContentArea.js:370 Current selected category: All Notes
ContentArea.js:371 All notes: 10
ContentArea.js:378 Note Weekly Goals: checking All Notes condition: {isArchived: true, matchesCategory: false}
ContentArea.js:370 Current selected category: All Notes
ContentArea.js:371 All notes: 10
ContentArea.js:378 Note Meeting Notes - Client Discussion: checking All Notes condition: {isArchived: true, matchesCategory: false}
ContentArea.js:370 Current selected category: All Notes
ContentArea.js:371 All notes: 10
ContentArea.js:378 Note test2: checking All Notes condition: {isArchived: false, matchesCategory: true}
ContentArea.js:370 Current selected category: All Notes
ContentArea.js:371 All notes: 10
ContentArea.js:378 Note Test: checking All Notes condition: {isArchived: false, matchesCategory: true}
ContentArea.js:370 Current selected category: All Notes
ContentArea.js:371 All notes: 10
ContentArea.js:378 Note test123: checking All Notes condition: {isArchived: false, matchesCategory: true}
ContentArea.js:370 Current selected category: All Notes
ContentArea.js:371 All notes: 10
ContentArea.js:378 Note 2024-12-28: checking All Notes condition: {isArchived: false, matchesCategory: true}
ContentArea.js:370 Current selected category: All Notes
ContentArea.js:371 All notes: 10
ContentArea.js:378 Note 2024-12-28: checking All Notes condition: {isArchived: false, matchesCategory: true}
ContentArea.js:370 Current selected category: All Notes
ContentArea.js:371 All notes: 10
ContentArea.js:378 Note 2024-12-28: checking All Notes condition: {isArchived: false, matchesCategory: true}
ContentArea.js:370 Current selected category: All Notes
ContentArea.js:371 All notes: 10
ContentArea.js:378 Note Firebase command: checking All Notes condition: {isArchived: false, matchesCategory: true}
ContentArea.js:370 Current selected category: All Notes
ContentArea.js:371 All notes: 10
ContentArea.js:378 Note Project Ideas 2024: checking All Notes condition: {isArchived: true, matchesCategory: false}
ContentArea.js:370 Current selected category: All Notes
ContentArea.js:371 All notes: 10
ContentArea.js:378 Note Weekly Goals: checking All Notes condition: {isArchived: true, matchesCategory: false}
ContentArea.js:370 Current selected category: All Notes
ContentArea.js:371 All notes: 10
ContentArea.js:378 Note Meeting Notes - Client Discussion: checking All Notes condition: {isArchived: true, matchesCategory: false}
ContentArea.js:370 Current selected category: All Notes
ContentArea.js:371 All notes: 10
ContentArea.js:378 Note test2: checking All Notes condition: {isArchived: false, matchesCategory: true}
ContentArea.js:370 Current selected category: All Notes
ContentArea.js:371 All notes: 10
ContentArea.js:378 Note Test: checking All Notes condition: {isArchived: false, matchesCategory: true}
ContentArea.js:370 Current selected category: All Notes
ContentArea.js:371 All notes: 10
ContentArea.js:378 Note test123: checking All Notes condition: {isArchived: false, matchesCategory: true}
ContentArea.js:370 Current selected category: All Notes
ContentArea.js:371 All notes: 10
ContentArea.js:378 Note 2024-12-28: checking All Notes condition: {isArchived: false, matchesCategory: true}
ContentArea.js:370 Current selected category: All Notes
ContentArea.js:371 All notes: 10
ContentArea.js:378 Note 2024-12-28: checking All Notes condition: {isArchived: false, matchesCategory: true}
ContentArea.js:370 Current selected category: All Notes
ContentArea.js:371 All notes: 10
ContentArea.js:378 Note 2024-12-28: checking All Notes condition: {isArchived: false, matchesCategory: true}
TipTapEditor.js:465 [tiptap warn]: Duplicate extension names found: ['codeBlock']. This can lead to issues.
resolve @ ExtensionManager.ts:50
ExtensionManager @ ExtensionManager.ts:34
createExtensionManager @ Editor.ts:299
Editor @ Editor.ts:99
createEditor @ useEditor.ts:155
getInitialEditor @ useEditor.ts:119
EditorInstanceManager @ useEditor.ts:80
(anonymous) @ useEditor.ts:313
mountState @ react-dom.development.js:16167
useState @ react-dom.development.js:16880
useState @ react.development.js:1622
useEditor @ useEditor.ts:313
TipTapEditor @ TipTapEditor.js:465
renderWithHooks @ react-dom.development.js:15486
mountIndeterminateComponent @ react-dom.development.js:20103
beginWork @ react-dom.development.js:21626
beginWork$1 @ react-dom.development.js:27465
performUnitOfWork @ react-dom.development.js:26596
workLoopSync @ react-dom.development.js:26505
renderRootSync @ react-dom.development.js:26473
performConcurrentWorkOnRoot @ react-dom.development.js:25777
workLoop @ scheduler.development.js:266
flushWork @ scheduler.development.js:239
performWorkUntilDeadline @ scheduler.development.js:533
TipTapEditor.js:465 [tiptap warn]: Duplicate extension names found: ['codeBlock']. This can lead to issues.
resolve @ ExtensionManager.ts:50
ExtensionManager @ ExtensionManager.ts:34
createExtensionManager @ Editor.ts:299
Editor @ Editor.ts:99
createEditor @ useEditor.ts:155
getInitialEditor @ useEditor.ts:119
EditorInstanceManager @ useEditor.ts:80
(anonymous) @ useEditor.ts:313
mountState @ react-dom.development.js:16167
useState @ react-dom.development.js:16880
useState @ react.development.js:1622
useEditor @ useEditor.ts:313
TipTapEditor @ TipTapEditor.js:465
renderWithHooks @ react-dom.development.js:15486
mountIndeterminateComponent @ react-dom.development.js:20174
beginWork @ react-dom.development.js:21626
beginWork$1 @ react-dom.development.js:27465
performUnitOfWork @ react-dom.development.js:26596
workLoopSync @ react-dom.development.js:26505
renderRootSync @ react-dom.development.js:26473
performConcurrentWorkOnRoot @ react-dom.development.js:25777
workLoop @ scheduler.development.js:266
flushWork @ scheduler.development.js:239
performWorkUntilDeadline @ scheduler.development.js:533
TipTapEditor.js:669 Content prop changed: 
NoteModal.js:17 NoteModal content updated: {initialTitle: '', initialContent: ''}
ContentArea.js:408 Final filtered notes: 7
ContentArea.js:410 - Note: {id: 'uZvPm8BfpgKJEMOsNSun', title: 'Firebase command', category: 'Work/Projects', isArchived: false, order: 69}
ContentArea.js:410 - Note: {id: 'e2KNa16XGqElqtkYaecK', title: 'test2', category: 'Ideas', isArchived: false, order: 1131.8125}
ContentArea.js:410 - Note: {id: 'uHieyztHKTg544GGjwVp', title: 'Test', category: 'Meeting', isArchived: false, order: 1256.8125}
ContentArea.js:410 - Note: {id: 'UXvHIodxJ7kCtayKtUbH', title: 'test123', category: 'Urgent', isArchived: false, order: 2256.8125}
ContentArea.js:410 - Note: {id: 'MQH27Cl9gGe6YoAm6oA0', title: '2024-12-28', category: 'Uncategorized', isArchived: false, order: 3256.8125}
ContentArea.js:410 - Note: {id: 'dwgMJ4mWmIbUGNoZGTSf', title: '2024-12-28', category: 'Personal', isArchived: false, order: 4256.8125}
ContentArea.js:410 - Note: {id: '7KlaxU9z1etXQfjon56x', title: '2024-12-28', category: 'Uncategorized', isArchived: false, order: 5256.8125}
TipTapEditor.js:669 Content prop changed: 
NoteModal.js:17 NoteModal content updated: {initialTitle: '', initialContent: ''}
TipTapEditor.js:592 Editor content updated: <p class="text-gray-200">t</p>
NoteModal.js:49 Content changed: <p class="text-gray-200">t</p>
TipTapEditor.js:592 Editor content updated: <p class="text-gray-200">te</p>
NoteModal.js:49 Content changed: <p class="text-gray-200">te</p>
TipTapEditor.js:592 Editor content updated: <p class="text-gray-200">tes</p>
NoteModal.js:49 Content changed: <p class="text-gray-200">tes</p>
TipTapEditor.js:592 Editor content updated: <p class="text-gray-200">test</p>
NoteModal.js:49 Content changed: <p class="text-gray-200">test</p>
storage.js:35 Starting file upload process... {userId: 'GLNz0QZAbfefAUFkbcOJL8N1T513'}
storage.js:40 Generated filename: GLNz0QZAbfefAUFkbcOJL8N1T513/files/1735400575755_test if its working.txt
storage.js:43 Created storage reference
storage.js:46 Uploading file...
storage.js:48 File uploaded successfully: {metadata: {…}, ref: Reference}
storage.js:51 Getting download URL...
storage.js:53 Got download URL: https://firebasestorage.googleapis.com/v0/b/eznotemanager-95745.firebasestorage.app/o/GLNz0QZAbfefAUFkbcOJL8N1T513%2Ffiles%2F1735400575755_test%20if%20its%20working.txt?alt=media&token=548f9e4d-c102-4db4-8429-68eca5545d41
TipTapEditor.js:282 Error uploading file: InvalidCharacterError: Failed to execute 'setAttribute' on 'Element': '0' is not a valid attribute name.
    at renderSpec (index.js:3436:1)
    at DOMSerializer.serializeNodeInner (index.js:3306:1)
    at index.js:3298:1
    at Fragment.forEach (index.js:250:1)
    at DOMSerializer.serializeFragment (index.js:3272:1)
    at getHTMLFromFragment (getHTMLFromFragment.ts:4:1)
    at Editor.getHTML (Editor.ts:538:1)
    at Object.onUpdate (TipTapEditor.js:592:1)
    at Editor.onUpdate (useEditor.ts:150:1)
    at EventEmitter.ts:29:1
handleFileUpload @ TipTapEditor.js:282
await in handleFileUpload
callCallback @ react-dom.development.js:4164
invokeGuardedCallbackDev @ react-dom.development.js:4213
invokeGuardedCallback @ react-dom.development.js:4277
invokeGuardedCallbackAndCatchFirstError @ react-dom.development.js:4291
executeDispatch @ react-dom.development.js:9041
processDispatchQueueItemsInOrder @ react-dom.development.js:9073
processDispatchQueue @ react-dom.development.js:9086
dispatchEventsForPlugins @ react-dom.development.js:9097
(anonymous) @ react-dom.development.js:9288
batchedUpdates$1 @ react-dom.development.js:26179
batchedUpdates @ react-dom.development.js:3991
dispatchEventForPluginEventSystem @ react-dom.development.js:9287
dispatchEventWithEnableCapturePhaseSelectiveHydrationWithoutDiscreteEventReplay @ react-dom.development.js:6465
dispatchEvent @ react-dom.development.js:6457
dispatchDiscreteEvent @ react-dom.development.js:6430
NoteModal.js:43 Saving note: {finalTitle: 'test', editedContent: '<p class="text-gray-200">test</p>', selectedCat: 'Uncategorized', tagList: Array(0)}
ContentArea.js:266 Saving note content: {newTitle: 'test', newContent: '<p class="text-gray-200">test</p>', newCategory: 'Uncategorized', newTags: Array(0)}
ContentArea.js:284 Note data to save: {userId: 'GLNz0QZAbfefAUFkbcOJL8N1T513', title: 'test', content: '<p class="text-gray-200">test</p>', category: 'Uncategorized', tags: Array(0), …}
ContentArea.js:370 Current selected category: All Notes
ContentArea.js:371 All notes: 10
ContentArea.js:378 Note Firebase command: checking All Notes condition: {isArchived: false, matchesCategory: true}
ContentArea.js:370 Current selected category: All Notes
ContentArea.js:371 All notes: 10
ContentArea.js:378 Note Project Ideas 2024: checking All Notes condition: {isArchived: true, matchesCategory: false}
ContentArea.js:370 Current selected category: All Notes
ContentArea.js:371 All notes: 10
ContentArea.js:378 Note Weekly Goals: checking All Notes condition: {isArchived: true, matchesCategory: false}
ContentArea.js:370 Current selected category: All Notes
ContentArea.js:371 All notes: 10
ContentArea.js:378 Note Meeting Notes - Client Discussion: checking All Notes condition: {isArchived: true, matchesCategory: false}
ContentArea.js:370 Current selected category: All Notes
ContentArea.js:371 All notes: 10
ContentArea.js:378 Note test2: checking All Notes condition: {isArchived: false, matchesCategory: true}
ContentArea.js:370 Current selected category: All Notes
ContentArea.js:371 All notes: 10
ContentArea.js:378 Note Test: checking All Notes condition: {isArchived: false, matchesCategory: true}
ContentArea.js:370 Current selected category: All Notes
ContentArea.js:371 All notes: 10
ContentArea.js:378 Note test123: checking All Notes condition: {isArchived: false, matchesCategory: true}
ContentArea.js:370 Current selected category: All Notes
ContentArea.js:371 All notes: 10
ContentArea.js:378 Note 2024-12-28: checking All Notes condition: {isArchived: false, matchesCategory: true}
ContentArea.js:370 Current selected category: All Notes
ContentArea.js:371 All notes: 10
ContentArea.js:378 Note 2024-12-28: checking All Notes condition: {isArchived: false, matchesCategory: true}
ContentArea.js:370 Current selected category: All Notes
ContentArea.js:371 All notes: 10
ContentArea.js:378 Note 2024-12-28: checking All Notes condition: {isArchived: false, matchesCategory: true}
ContentArea.js:370 Current selected category: All Notes
ContentArea.js:371 All notes: 10
ContentArea.js:378 Note Firebase command: checking All Notes condition: {isArchived: false, matchesCategory: true}
ContentArea.js:370 Current selected category: All Notes
ContentArea.js:371 All notes: 10
ContentArea.js:378 Note Project Ideas 2024: checking All Notes condition: {isArchived: true, matchesCategory: false}
ContentArea.js:370 Current selected category: All Notes
ContentArea.js:371 All notes: 10
ContentArea.js:378 Note Weekly Goals: checking All Notes condition: {isArchived: true, matchesCategory: false}
ContentArea.js:370 Current selected category: All Notes
ContentArea.js:371 All notes: 10
ContentArea.js:378 Note Meeting Notes - Client Discussion: checking All Notes condition: {isArchived: true, matchesCategory: false}
ContentArea.js:370 Current selected category: All Notes
ContentArea.js:371 All notes: 10
ContentArea.js:378 Note test2: checking All Notes condition: {isArchived: false, matchesCategory: true}
ContentArea.js:370 Current selected category: All Notes
ContentArea.js:371 All notes: 10
ContentArea.js:378 Note Test: checking All Notes condition: {isArchived: false, matchesCategory: true}
ContentArea.js:370 Current selected category: All Notes
ContentArea.js:371 All notes: 10
ContentArea.js:378 Note test123: checking All Notes condition: {isArchived: false, matchesCategory: true}
ContentArea.js:370 Current selected category: All Notes
ContentArea.js:371 All notes: 10
ContentArea.js:378 Note 2024-12-28: checking All Notes condition: {isArchived: false, matchesCategory: true}
ContentArea.js:370 Current selected category: All Notes
ContentArea.js:371 All notes: 10
ContentArea.js:378 Note 2024-12-28: checking All Notes condition: {isArchived: false, matchesCategory: true}
ContentArea.js:370 Current selected category: All Notes
ContentArea.js:371 All notes: 10
ContentArea.js:378 Note 2024-12-28: checking All Notes condition: {isArchived: false, matchesCategory: true}
index.js:3436 Uncaught InvalidCharacterError: Failed to execute 'setAttribute' on 'Element': '0' is not a valid attribute name.
    at renderSpec (index.js:3436:1)
    at DOMSerializer.renderSpec (index.js:3340:1)
    at NodeViewDesc.create (index.js:1286:1)
    at ViewTreeUpdater.addNode (index.js:1919:1)
    at index.js:1374:1
    at iterDeco (index.js:2035:1)
    at NodeViewDesc.updateChildren (index.js:1353:1)
    at docViewDesc (index.js:1486:1)
    at EditorView.updateStateInner (index.js:5397:1)
    at EditorView.update (index.js:5324:1)
renderSpec @ index.js:3436
renderSpec @ index.js:3340
create @ index.js:1286
addNode @ index.js:1919
(anonymous) @ index.js:1374
iterDeco @ index.js:2035
updateChildren @ index.js:1353
docViewDesc @ index.js:1486
updateStateInner @ index.js:5397
update @ index.js:5324
setProps @ index.js:5338
componentWillUnmount @ EditorContent.tsx:177
callComponentWillUnmountWithTimer @ react-dom.development.js:22891
safelyCallComponentWillUnmount @ react-dom.development.js:22912
commitDeletionEffectsOnFiber @ react-dom.development.js:24168
recursivelyTraverseDeletionEffects @ react-dom.development.js:24028
commitDeletionEffectsOnFiber @ react-dom.development.js:24157
recursivelyTraverseDeletionEffects @ react-dom.development.js:24028
commitDeletionEffectsOnFiber @ react-dom.development.js:24157
recursivelyTraverseDeletionEffects @ react-dom.development.js:24028
commitDeletionEffectsOnFiber @ react-dom.development.js:24057
recursivelyTraverseDeletionEffects @ react-dom.development.js:24028
commitDeletionEffectsOnFiber @ react-dom.development.js:24057
recursivelyTraverseDeletionEffects @ react-dom.development.js:24028
commitDeletionEffectsOnFiber @ react-dom.development.js:24157
recursivelyTraverseDeletionEffects @ react-dom.development.js:24028
commitDeletionEffectsOnFiber @ react-dom.development.js:24057
recursivelyTraverseDeletionEffects @ react-dom.development.js:24028
commitDeletionEffectsOnFiber @ react-dom.development.js:24057
recursivelyTraverseDeletionEffects @ react-dom.development.js:24028
commitDeletionEffectsOnFiber @ react-dom.development.js:24057
recursivelyTraverseDeletionEffects @ react-dom.development.js:24028
commitDeletionEffectsOnFiber @ react-dom.development.js:24057
recursivelyTraverseDeletionEffects @ react-dom.development.js:24028
commitDeletionEffectsOnFiber @ react-dom.development.js:24057
recursivelyTraverseDeletionEffects @ react-dom.development.js:24028
commitDeletionEffectsOnFiber @ react-dom.development.js:24157
commitDeletionEffects @ react-dom.development.js:24015
recursivelyTraverseMutationEffects @ react-dom.development.js:24298
commitMutationEffectsOnFiber @ react-dom.development.js:24615
recursivelyTraverseMutationEffects @ react-dom.development.js:24312
commitMutationEffectsOnFiber @ react-dom.development.js:24332
recursivelyTraverseMutationEffects @ react-dom.development.js:24312
commitMutationEffectsOnFiber @ react-dom.development.js:24615
recursivelyTraverseMutationEffects @ react-dom.development.js:24312
commitMutationEffectsOnFiber @ react-dom.development.js:24332
recursivelyTraverseMutationEffects @ react-dom.development.js:24312
commitMutationEffectsOnFiber @ react-dom.development.js:24371
recursivelyTraverseMutationEffects @ react-dom.development.js:24312
commitMutationEffectsOnFiber @ react-dom.development.js:24332
recursivelyTraverseMutationEffects @ react-dom.development.js:24312
commitMutationEffectsOnFiber @ react-dom.development.js:24332
recursivelyTraverseMutationEffects @ react-dom.development.js:24312
commitMutationEffectsOnFiber @ react-dom.development.js:24385
recursivelyTraverseMutationEffects @ react-dom.development.js:24312
commitMutationEffectsOnFiber @ react-dom.development.js:24385
recursivelyTraverseMutationEffects @ react-dom.development.js:24312
commitMutationEffectsOnFiber @ react-dom.development.js:24332
recursivelyTraverseMutationEffects @ react-dom.development.js:24312
commitMutationEffectsOnFiber @ react-dom.development.js:24615
recursivelyTraverseMutationEffects @ react-dom.development.js:24312
commitMutationEffectsOnFiber @ react-dom.development.js:24332
recursivelyTraverseMutationEffects @ react-dom.development.js:24312
commitMutationEffectsOnFiber @ react-dom.development.js:24615
recursivelyTraverseMutationEffects @ react-dom.development.js:24312
commitMutationEffectsOnFiber @ react-dom.development.js:24471
commitMutationEffects @ react-dom.development.js:24282
commitRootImpl @ react-dom.development.js:26849
commitRoot @ react-dom.development.js:26721
performSyncWorkOnRoot @ react-dom.development.js:26156
flushSyncCallbacks @ react-dom.development.js:12042
(anonymous) @ react-dom.development.js:25690
ContentArea.js:408 Final filtered notes: 7
ContentArea.js:410 - Note: {id: 'uZvPm8BfpgKJEMOsNSun', title: 'Firebase command', category: 'Work/Projects', isArchived: false, order: 69}
ContentArea.js:410 - Note: {id: 'e2KNa16XGqElqtkYaecK', title: 'test2', category: 'Ideas', isArchived: false, order: 1131.8125}
ContentArea.js:410 - Note: {id: 'uHieyztHKTg544GGjwVp', title: 'Test', category: 'Meeting', isArchived: false, order: 1256.8125}
ContentArea.js:410 - Note: {id: 'UXvHIodxJ7kCtayKtUbH', title: 'test123', category: 'Urgent', isArchived: false, order: 2256.8125}
ContentArea.js:410 - Note: {id: 'MQH27Cl9gGe6YoAm6oA0', title: '2024-12-28', category: 'Uncategorized', isArchived: false, order: 3256.8125}
ContentArea.js:410 - Note: {id: 'dwgMJ4mWmIbUGNoZGTSf', title: '2024-12-28', category: 'Personal', isArchived: false, order: 4256.8125}
ContentArea.js:410 - Note: {id: '7KlaxU9z1etXQfjon56x', title: '2024-12-28', category: 'Uncategorized', isArchived: false, order: 5256.8125}
react-dom.development.js:18704 The above error occurred in the <PureEditorContent> component:

    at PureEditorContent (http://localhost:3000/static/js/bundle.js:140964:5)
    at http://localhost:3000/static/js/bundle.js:141054:13
    at div
    at div
    at TipTapEditor (http://localhost:3000/static/js/bundle.js:5435:3)
    at div
    at div
    at div
    at div
    at div
    at NoteModal (http://localhost:3000/static/js/bundle.js:3528:3)
    at Provider (http://localhost:3000/static/js/bundle.js:93127:20)
    at App (http://localhost:3000/static/js/bundle.js:62838:25)
    at ErrorBoundary (http://localhost:3000/static/js/bundle.js:57051:35)
    at DragDropContext (http://localhost:3000/static/js/bundle.js:62962:19)
    at ContentArea (http://localhost:3000/static/js/bundle.js:426:3)
    at div
    at div
    at App (http://localhost:3000/static/js/bundle.js:61:70)
    at ThemeProvider (http://localhost:3000/static/js/bundle.js:5990:3)

React will try to recreate this component tree from scratch using the error boundary you provided, ErrorBoundary.
logCapturedError @ react-dom.development.js:18704
callback @ react-dom.development.js:18772
callCallback @ react-dom.development.js:15036
commitUpdateQueue @ react-dom.development.js:15057
commitLayoutEffectOnFiber @ react-dom.development.js:23403
commitLayoutMountEffects_complete @ react-dom.development.js:24727
commitLayoutEffects_begin @ react-dom.development.js:24713
commitLayoutEffects @ react-dom.development.js:24651
commitRootImpl @ react-dom.development.js:26862
commitRoot @ react-dom.development.js:26721
performSyncWorkOnRoot @ react-dom.development.js:26156
flushSyncCallbacks @ react-dom.development.js:12042
(anonymous) @ react-dom.development.js:25690
index.js:3436 Uncaught InvalidCharacterError: Failed to execute 'setAttribute' on 'Element': '0' is not a valid attribute name.
    at renderSpec (index.js:3436:1)
    at DOMSerializer.renderSpec (index.js:3340:1)
    at NodeViewDesc.create (index.js:1286:1)
    at ViewTreeUpdater.addNode (index.js:1919:1)
    at index.js:1374:1
    at iterDeco (index.js:2035:1)
    at NodeViewDesc.updateChildren (index.js:1353:1)
    at docViewDesc (index.js:1486:1)
    at EditorView.updateStateInner (index.js:5397:1)
    at EditorView.update (index.js:5324:1)
renderSpec @ index.js:3436
renderSpec @ index.js:3340
create @ index.js:1286
addNode @ index.js:1919
(anonymous) @ index.js:1374
iterDeco @ index.js:2035
updateChildren @ index.js:1353
docViewDesc @ index.js:1486
updateStateInner @ index.js:5397
update @ index.js:5324
setProps @ index.js:5338
componentWillUnmount @ EditorContent.tsx:177
callComponentWillUnmountWithTimer @ react-dom.development.js:22891
safelyCallComponentWillUnmount @ react-dom.development.js:22912
commitDeletionEffectsOnFiber @ react-dom.development.js:24168
recursivelyTraverseDeletionEffects @ react-dom.development.js:24028
commitDeletionEffectsOnFiber @ react-dom.development.js:24157
recursivelyTraverseDeletionEffects @ react-dom.development.js:24028
commitDeletionEffectsOnFiber @ react-dom.development.js:24157
recursivelyTraverseDeletionEffects @ react-dom.development.js:24028
commitDeletionEffectsOnFiber @ react-dom.development.js:24057
recursivelyTraverseDeletionEffects @ react-dom.development.js:24028
commitDeletionEffectsOnFiber @ react-dom.development.js:24057
recursivelyTraverseDeletionEffects @ react-dom.development.js:24028
commitDeletionEffectsOnFiber @ react-dom.development.js:24157
recursivelyTraverseDeletionEffects @ react-dom.development.js:24028
commitDeletionEffectsOnFiber @ react-dom.development.js:24057
recursivelyTraverseDeletionEffects @ react-dom.development.js:24028
commitDeletionEffectsOnFiber @ react-dom.development.js:24057
recursivelyTraverseDeletionEffects @ react-dom.development.js:24028
commitDeletionEffectsOnFiber @ react-dom.development.js:24057
recursivelyTraverseDeletionEffects @ react-dom.development.js:24028
commitDeletionEffectsOnFiber @ react-dom.development.js:24057
recursivelyTraverseDeletionEffects @ react-dom.development.js:24028
commitDeletionEffectsOnFiber @ react-dom.development.js:24057
recursivelyTraverseDeletionEffects @ react-dom.development.js:24028
commitDeletionEffectsOnFiber @ react-dom.development.js:24157
commitDeletionEffects @ react-dom.development.js:24015
recursivelyTraverseMutationEffects @ react-dom.development.js:24298
commitMutationEffectsOnFiber @ react-dom.development.js:24615
recursivelyTraverseMutationEffects @ react-dom.development.js:24312
commitMutationEffectsOnFiber @ react-dom.development.js:24332
recursivelyTraverseMutationEffects @ react-dom.development.js:24312
commitMutationEffectsOnFiber @ react-dom.development.js:24615
recursivelyTraverseMutationEffects @ react-dom.development.js:24312
commitMutationEffectsOnFiber @ react-dom.development.js:24332
recursivelyTraverseMutationEffects @ react-dom.development.js:24312
commitMutationEffectsOnFiber @ react-dom.development.js:24371
recursivelyTraverseMutationEffects @ react-dom.development.js:24312
commitMutationEffectsOnFiber @ react-dom.development.js:24332
recursivelyTraverseMutationEffects @ react-dom.development.js:24312
commitMutationEffectsOnFiber @ react-dom.development.js:24332
recursivelyTraverseMutationEffects @ react-dom.development.js:24312
commitMutationEffectsOnFiber @ react-dom.development.js:24385
recursivelyTraverseMutationEffects @ react-dom.development.js:24312
commitMutationEffectsOnFiber @ react-dom.development.js:24385
recursivelyTraverseMutationEffects @ react-dom.development.js:24312
commitMutationEffectsOnFiber @ react-dom.development.js:24332
recursivelyTraverseMutationEffects @ react-dom.development.js:24312
commitMutationEffectsOnFiber @ react-dom.development.js:24615
recursivelyTraverseMutationEffects @ react-dom.development.js:24312
commitMutationEffectsOnFiber @ react-dom.development.js:24332
recursivelyTraverseMutationEffects @ react-dom.development.js:24312
commitMutationEffectsOnFiber @ react-dom.development.js:24615
recursivelyTraverseMutationEffects @ react-dom.development.js:24312
commitMutationEffectsOnFiber @ react-dom.development.js:24471
commitMutationEffects @ react-dom.development.js:24282
commitRootImpl @ react-dom.development.js:26849
commitRoot @ react-dom.development.js:26721
performSyncWorkOnRoot @ react-dom.development.js:26156
flushSyncCallbacks @ react-dom.development.js:12042
(anonymous) @ react-dom.development.js:25690
react-dom.development.js:18704 The above error occurred in the <ErrorBoundary> component:

    at ErrorBoundary (http://localhost:3000/static/js/bundle.js:57051:35)
    at DragDropContext (http://localhost:3000/static/js/bundle.js:62962:19)
    at ContentArea (http://localhost:3000/static/js/bundle.js:426:3)
    at div
    at div
    at App (http://localhost:3000/static/js/bundle.js:61:70)
    at ThemeProvider (http://localhost:3000/static/js/bundle.js:5990:3)

Consider adding an error boundary to your tree to customize error handling behavior.
Visit https://reactjs.org/link/error-boundaries to learn more about error boundaries.
logCapturedError @ react-dom.development.js:18704
update.callback @ react-dom.development.js:18737
callCallback @ react-dom.development.js:15036
commitUpdateQueue @ react-dom.development.js:15057
commitLayoutEffectOnFiber @ react-dom.development.js:23430
commitLayoutMountEffects_complete @ react-dom.development.js:24727
commitLayoutEffects_begin @ react-dom.development.js:24713
commitLayoutEffects @ react-dom.development.js:24651
commitRootImpl @ react-dom.development.js:26862
commitRoot @ react-dom.development.js:26721
performSyncWorkOnRoot @ react-dom.development.js:26156
flushSyncCallbacks @ react-dom.development.js:12042
(anonymous) @ react-dom.development.js:25690
index.js:3436 Uncaught InvalidCharacterError: Failed to execute 'setAttribute' on 'Element': '0' is not a valid attribute name.
    at renderSpec (index.js:3436:1)
    at DOMSerializer.renderSpec (index.js:3340:1)
    at NodeViewDesc.create (index.js:1286:1)
    at ViewTreeUpdater.addNode (index.js:1919:1)
    at index.js:1374:1
    at iterDeco (index.js:2035:1)
    at NodeViewDesc.updateChildren (index.js:1353:1)
    at docViewDesc (index.js:1486:1)
    at EditorView.updateStateInner (index.js:5397:1)
    at EditorView.update (index.js:5324:1)
renderSpec @ index.js:3436
renderSpec @ index.js:3340
create @ index.js:1286
addNode @ index.js:1919
(anonymous) @ index.js:1374
iterDeco @ index.js:2035
updateChildren @ index.js:1353
docViewDesc @ index.js:1486
updateStateInner @ index.js:5397
update @ index.js:5324
setProps @ index.js:5338
componentWillUnmount @ EditorContent.tsx:177
callComponentWillUnmountWithTimer @ react-dom.development.js:22891
safelyCallComponentWillUnmount @ react-dom.development.js:22912
commitDeletionEffectsOnFiber @ react-dom.development.js:24168
recursivelyTraverseDeletionEffects @ react-dom.development.js:24028
commitDeletionEffectsOnFiber @ react-dom.development.js:24157
recursivelyTraverseDeletionEffects @ react-dom.development.js:24028
commitDeletionEffectsOnFiber @ react-dom.development.js:24157
recursivelyTraverseDeletionEffects @ react-dom.development.js:24028
commitDeletionEffectsOnFiber @ react-dom.development.js:24057
recursivelyTraverseDeletionEffects @ react-dom.development.js:24028
commitDeletionEffectsOnFiber @ react-dom.development.js:24057
recursivelyTraverseDeletionEffects @ react-dom.development.js:24028
commitDeletionEffectsOnFiber @ react-dom.development.js:24157
recursivelyTraverseDeletionEffects @ react-dom.development.js:24028
commitDeletionEffectsOnFiber @ react-dom.development.js:24057
recursivelyTraverseDeletionEffects @ react-dom.development.js:24028
commitDeletionEffectsOnFiber @ react-dom.development.js:24057
recursivelyTraverseDeletionEffects @ react-dom.development.js:24028
commitDeletionEffectsOnFiber @ react-dom.development.js:24057
recursivelyTraverseDeletionEffects @ react-dom.development.js:24028
commitDeletionEffectsOnFiber @ react-dom.development.js:24057
recursivelyTraverseDeletionEffects @ react-dom.development.js:24028
commitDeletionEffectsOnFiber @ react-dom.development.js:24057
recursivelyTraverseDeletionEffects @ react-dom.development.js:24028
commitDeletionEffectsOnFiber @ react-dom.development.js:24157
commitDeletionEffects @ react-dom.development.js:24015
recursivelyTraverseMutationEffects @ react-dom.development.js:24298
commitMutationEffectsOnFiber @ react-dom.development.js:24615
recursivelyTraverseMutationEffects @ react-dom.development.js:24312
commitMutationEffectsOnFiber @ react-dom.development.js:24332
recursivelyTraverseMutationEffects @ react-dom.development.js:24312
commitMutationEffectsOnFiber @ react-dom.development.js:24615
recursivelyTraverseMutationEffects @ react-dom.development.js:24312
commitMutationEffectsOnFiber @ react-dom.development.js:24332
recursivelyTraverseMutationEffects @ react-dom.development.js:24312
commitMutationEffectsOnFiber @ react-dom.development.js:24371
recursivelyTraverseMutationEffects @ react-dom.development.js:24312
commitMutationEffectsOnFiber @ react-dom.development.js:24332
recursivelyTraverseMutationEffects @ react-dom.development.js:24312
commitMutationEffectsOnFiber @ react-dom.development.js:24332
recursivelyTraverseMutationEffects @ react-dom.development.js:24312
commitMutationEffectsOnFiber @ react-dom.development.js:24385
recursivelyTraverseMutationEffects @ react-dom.development.js:24312
commitMutationEffectsOnFiber @ react-dom.development.js:24385
recursivelyTraverseMutationEffects @ react-dom.development.js:24312
commitMutationEffectsOnFiber @ react-dom.development.js:24332
recursivelyTraverseMutationEffects @ react-dom.development.js:24312
commitMutationEffectsOnFiber @ react-dom.development.js:24615
recursivelyTraverseMutationEffects @ react-dom.development.js:24312
commitMutationEffectsOnFiber @ react-dom.development.js:24332
recursivelyTraverseMutationEffects @ react-dom.development.js:24312
commitMutationEffectsOnFiber @ react-dom.development.js:24615
recursivelyTraverseMutationEffects @ react-dom.development.js:24312
commitMutationEffectsOnFiber @ react-dom.development.js:24471
commitMutationEffects @ react-dom.development.js:24282
commitRootImpl @ react-dom.development.js:26849
commitRoot @ react-dom.development.js:26721
performSyncWorkOnRoot @ react-dom.development.js:26156
flushSyncCallbacks @ react-dom.development.js:12042
(anonymous) @ react-dom.development.js:25690
notes.js:141 Received snapshot with changes
notes.js:147 Processed notes: 11
ContentArea.js:52 Received notes update: 11
notes.js:49 Note added successfully: kbEj1JablhNu6NnIClXr
