 Download the React DevTools for a better development experience: https://reactjs.org/link/react-devtools
 Setting up subscription for user: GLNz0QZAbfefAUFkbcOJL8N1T513
 Final filtered notes: 0
 Attempting to initialize user: GLNz0QZAbfefAUFkbcOJL8N1T513
 Setting up subscription for user: GLNz0QZAbfefAUFkbcOJL8N1T513
 Final filtered notes: 0
 Final filtered notes: 0
 Subscribing to notes for user: GLNz0QZAbfefAUFkbcOJL8N1T513
 Subscribing to notes for user: GLNz0QZAbfefAUFkbcOJL8N1T513
 Received updated tags: Array(23)
 Received updated categories: Array(7)
 Current selected category: All Notes
 All notes: 6
 Note Firebase command: checking All Notes condition: Object
 Current selected category: All Notes
 All notes: 6
 Note Project Ideas 2024: checking All Notes condition: Object
 Current selected category: All Notes
 All notes: 6
 Note Weekly Goals: checking All Notes condition: Object
 Current selected category: All Notes
 All notes: 6
 Note Meeting Notes - Client Discussion: checking All Notes condition: Object
 Current selected category: All Notes
 All notes: 6
 Note test2: checking All Notes condition: Object
 Current selected category: All Notes
 All notes: 6
 Note Test: checking All Notes condition: Object
 Current selected category: All Notes
 All notes: 6
 Note Firebase command: checking All Notes condition: Object
 Current selected category: All Notes
 All notes: 6
 Note Project Ideas 2024: checking All Notes condition: Object
 Current selected category: All Notes
 All notes: 6
 Note Weekly Goals: checking All Notes condition: Object
 Current selected category: All Notes
 All notes: 6
 Note Meeting Notes - Client Discussion: checking All Notes condition: Object
 Current selected category: All Notes
 All notes: 6
 Note test2: checking All Notes condition: Object
 Current selected category: All Notes
 All notes: 6
 Note Test: checking All Notes condition: Object
 Received snapshot with changes
 Processed notes: 6
 Received notes update: 6
 Received snapshot with changes
 Processed notes: 6
 Received notes update: 6
 Final filtered notes: 3
 - Note: Object
 - Note: Object
 - Note: Object
 Current selected category: All Notes
 All notes: 6
 Note Firebase command: checking All Notes condition: Object
 Current selected category: All Notes
 All notes: 6
 Note Project Ideas 2024: checking All Notes condition: Object
 Current selected category: All Notes
 All notes: 6
 Note Weekly Goals: checking All Notes condition: Object
 Current selected category: All Notes
 All notes: 6
 Note Meeting Notes - Client Discussion: checking All Notes condition: Object
 Current selected category: All Notes
 All notes: 6
 Note test2: checking All Notes condition: Object
 Current selected category: All Notes
 All notes: 6
 Note Test: checking All Notes condition: Object
 Current selected category: All Notes
 All notes: 6
 Note Firebase command: checking All Notes condition: Object
 Current selected category: All Notes
 All notes: 6
 Note Project Ideas 2024: checking All Notes condition: Object
 Current selected category: All Notes
 All notes: 6
 Note Weekly Goals: checking All Notes condition: Object
 Current selected category: All Notes
 All notes: 6
 Note Meeting Notes - Client Discussion: checking All Notes condition: Object
 Current selected category: All Notes
 All notes: 6
 Note test2: checking All Notes condition: Object
 Current selected category: All Notes
 All notes: 6
 Note Test: checking All Notes condition: Object
 Warning: Connect(Droppable): Support for defaultProps will be removed from memo components in a future major release. Use JavaScript default parameters instead.
    at div
    at div
    at Provider (http://localhost:3000/static/js/bundle.js:92821:20)
    at App (http://localhost:3000/static/js/bundle.js:62532:25)
    at ErrorBoundary (http://localhost:3000/static/js/bundle.js:56745:35)
    at DragDropContext (http://localhost:3000/static/js/bundle.js:62656:19)
    at ContentArea (http://localhost:3000/static/js/bundle.js:426:3)
    at div
    at div
    at App (http://localhost:3000/static/js/bundle.js:61:70)
    at ThemeProvider (http://localhost:3000/static/js/bundle.js:5723:3)
printWarning @ bundle.js:64086
 Final filtered notes: 3
 - Note: Object
 - Note: Object
 - Note: Object
 Current selected category: All Notes
 All notes: 6
 Note Firebase command: checking All Notes condition: Object
 Current selected category: All Notes
 All notes: 6
 Note Project Ideas 2024: checking All Notes condition: Object
 Current selected category: All Notes
 All notes: 6
 Note Weekly Goals: checking All Notes condition: Object
 Current selected category: All Notes
 All notes: 6
 Note Meeting Notes - Client Discussion: checking All Notes condition: Object
 Current selected category: All Notes
 All notes: 6
 Note test2: checking All Notes condition: Object
 Current selected category: All Notes
 All notes: 6
 Note Test: checking All Notes condition: Object
 Current selected category: All Notes
 All notes: 6
 Note Firebase command: checking All Notes condition: Object
 Current selected category: All Notes
 All notes: 6
 Note Project Ideas 2024: checking All Notes condition: Object
 Current selected category: All Notes
 All notes: 6
 Note Weekly Goals: checking All Notes condition: Object
 Current selected category: All Notes
 All notes: 6
 Note Meeting Notes - Client Discussion: checking All Notes condition: Object
 Current selected category: All Notes
 All notes: 6
 Note test2: checking All Notes condition: Object
 Current selected category: All Notes
 All notes: 6
 Note Test: checking All Notes condition: Object
 Final filtered notes: 3
 - Note: Object
 - Note: Object
 - Note: Object
 Current selected category: All Notes
 All notes: 6
 Note Firebase command: checking All Notes condition: Object
 Current selected category: All Notes
 All notes: 6
 Note Project Ideas 2024: checking All Notes condition: Object
 Current selected category: All Notes
 All notes: 6
 Note Weekly Goals: checking All Notes condition: Object
 Current selected category: All Notes
 All notes: 6
 Note Meeting Notes - Client Discussion: checking All Notes condition: Object
 Current selected category: All Notes
 All notes: 6
 Note test2: checking All Notes condition: Object
 Current selected category: All Notes
 All notes: 6
 Note Test: checking All Notes condition: Object
 Current selected category: All Notes
 All notes: 6
 Note Firebase command: checking All Notes condition: Object
 Current selected category: All Notes
 All notes: 6
 Note Project Ideas 2024: checking All Notes condition: Object
 Current selected category: All Notes
 All notes: 6
 Note Weekly Goals: checking All Notes condition: Object
 Current selected category: All Notes
 All notes: 6
 Note Meeting Notes - Client Discussion: checking All Notes condition: Object
 Current selected category: All Notes
 All notes: 6
 Note test2: checking All Notes condition: Object
 Current selected category: All Notes
 All notes: 6
 Note Test: checking All Notes condition: Object
 Final filtered notes: 3
 - Note: Object
 - Note: Object
 - Note: Object
 Current selected category: All Notes
 All notes: 6
 Note Firebase command: checking All Notes condition: Object
 Current selected category: All Notes
 All notes: 6
 Note Project Ideas 2024: checking All Notes condition: Object
 Current selected category: All Notes
 All notes: 6
 Note Weekly Goals: checking All Notes condition: Object
 Current selected category: All Notes
 All notes: 6
 Note Meeting Notes - Client Discussion: checking All Notes condition: Object
 Current selected category: All Notes
 All notes: 6
 Note test2: checking All Notes condition: Object
 Current selected category: All Notes
 All notes: 6
 Note Test: checking All Notes condition: Object
 Current selected category: All Notes
 All notes: 6
 Note Firebase command: checking All Notes condition: Object
 Current selected category: All Notes
 All notes: 6
 Note Project Ideas 2024: checking All Notes condition: Object
 Current selected category: All Notes
 All notes: 6
 Note Weekly Goals: checking All Notes condition: Object
 Current selected category: All Notes
 All notes: 6
 Note Meeting Notes - Client Discussion: checking All Notes condition: Object
 Current selected category: All Notes
 All notes: 6
 Note test2: checking All Notes condition: Object
 Current selected category: All Notes
 All notes: 6
 Note Test: checking All Notes condition: Object
 [tiptap warn]: Duplicate extension names found: ['codeBlock']. This can lead to issues.
resolve @ bundle.js:133031
 [tiptap warn]: Duplicate extension names found: ['codeBlock']. This can lead to issues.
resolve @ bundle.js:133031
 Content prop changed: 
 NoteModal content updated: Object
 Final filtered notes: 3
 - Note: Object
 - Note: Object
 - Note: Object
 Content prop changed: 
 NoteModal content updated: Object
localhost/:1 Access to XMLHttpRequest at 'https://firebasestorage.googleapis.com/v0/b/eznotemanager-95745.firebasestorage.app/o?name=GLNz0QZAbfefAUFkbcOJL8N1T513%2Fimages%2F1735396814457_Sk%C3%A4rmbild%20fr%C3%A5n%202024-10-31%2017-34-00.png' from origin 'http://localhost:3000' has been blocked by CORS policy: Response to preflight request doesn't pass access control check: It does not have HTTP ok status.
firebasestorage.googleapis.com/v0/b/eznotemanager-95745.firebasestorage.app/o?name=GLNz0QZAbfefAUFkbcOJL8N1T513%2Fimages%2F1735396814457_Sk%C3%A4rmbild%20fr%C3%A5n%202024-10-31%2017-34-00.png:1  Failed to load resource: net::ERR_FAILED
localhost/:1 Access to XMLHttpRequest at 'https://firebasestorage.googleapis.com/v0/b/eznotemanager-95745.firebasestorage.app/o?name=GLNz0QZAbfefAUFkbcOJL8N1T513%2Fimages%2F1735396814457_Sk%C3%A4rmbild%20fr%C3%A5n%202024-10-31%2017-34-00.png' from origin 'http://localhost:3000' has been blocked by CORS policy: Response to preflight request doesn't pass access control check: It does not have HTTP ok status.
firebasestorage.googleapis.com/v0/b/eznotemanager-95745.firebasestorage.app/o?name=GLNz0QZAbfefAUFkbcOJL8N1T513%2Fimages%2F1735396814457_Sk%C3%A4rmbild%20fr%C3%A5n%202024-10-31%2017-34-00.png:1  Failed to load resource: net::ERR_FAILED
localhost/:1 Access to XMLHttpRequest at 'https://firebasestorage.googleapis.com/v0/b/eznotemanager-95745.firebasestorage.app/o?name=GLNz0QZAbfefAUFkbcOJL8N1T513%2Fimages%2F1735396814457_Sk%C3%A4rmbild%20fr%C3%A5n%202024-10-31%2017-34-00.png' from origin 'http://localhost:3000' has been blocked by CORS policy: Response to preflight request doesn't pass access control check: It does not have HTTP ok status.
firebasestorage.googleapis.com/v0/b/eznotemanager-95745.firebasestorage.app/o?name=GLNz0QZAbfefAUFkbcOJL8N1T513%2Fimages%2F1735396814457_Sk%C3%A4rmbild%20fr%C3%A5n%202024-10-31%2017-34-00.png:1  Failed to load resource: net::ERR_FAILED
 Current selected category: All Notes
 All notes: 6
 Note Firebase command: checking All Notes condition: Object
 Current selected category: All Notes
 All notes: 6
 Note Project Ideas 2024: checking All Notes condition: Object
 Current selected category: All Notes
 All notes: 6
 Note Weekly Goals: checking All Notes condition: Object
 Current selected category: All Notes
 All notes: 6
 Note Meeting Notes - Client Discussion: checking All Notes condition: Object
 Current selected category: All Notes
 All notes: 6
 Note test2: checking All Notes condition: Object
 Current selected category: All Notes
 All notes: 6
 Note Test: checking All Notes condition: Object
 Current selected category: All Notes
 All notes: 6
 Note Firebase command: checking All Notes condition: Object
 Current selected category: All Notes
 All notes: 6
 Note Project Ideas 2024: checking All Notes condition: Object
 Current selected category: All Notes
 All notes: 6
 Note Weekly Goals: checking All Notes condition: Object
 Current selected category: All Notes
 All notes: 6
 Note Meeting Notes - Client Discussion: checking All Notes condition: Object
 Current selected category: All Notes
 All notes: 6
 Note test2: checking All Notes condition: Object
 Current selected category: All Notes
 All notes: 6
 Note Test: checking All Notes condition: Object
 Final filtered notes: 3
 - Note: Object
 - Note: Object
 - Note: Object
 Current selected category: All Notes
 All notes: 6
 Note Firebase command: checking All Notes condition: Object
 Current selected category: All Notes
 All notes: 6
 Note Project Ideas 2024: checking All Notes condition: Object
 Current selected category: All Notes
 All notes: 6
 Note Weekly Goals: checking All Notes condition: Object
 Current selected category: All Notes
 All notes: 6
 Note Meeting Notes - Client Discussion: checking All Notes condition: Object
 Current selected category: All Notes
 All notes: 6
 Note test2: checking All Notes condition: Object
 Current selected category: All Notes
 All notes: 6
 Note Test: checking All Notes condition: Object
 Current selected category: All Notes
 All notes: 6
 Note Firebase command: checking All Notes condition: Object
 Current selected category: All Notes
 All notes: 6
 Note Project Ideas 2024: checking All Notes condition: Object
 Current selected category: All Notes
 All notes: 6
 Note Weekly Goals: checking All Notes condition: Object
 Current selected category: All Notes
 All notes: 6
 Note Meeting Notes - Client Discussion: checking All Notes condition: Object
 Current selected category: All Notes
 All notes: 6
 Note test2: checking All Notes condition: Object
 Current selected category: All Notes
 All notes: 6
 Note Test: checking All Notes condition: Object
 Final filtered notes: 3
 - Note: Object
 - Note: Object
 - Note: Object
 Current selected category: All Notes
 All notes: 6
 Note Firebase command: checking All Notes condition: Object
 Current selected category: All Notes
 All notes: 6
 Note Project Ideas 2024: checking All Notes condition: Object
 Current selected category: All Notes
 All notes: 6
 Note Weekly Goals: checking All Notes condition: Object
 Current selected category: All Notes
 All notes: 6
 Note Meeting Notes - Client Discussion: checking All Notes condition: Object
 Current selected category: All Notes
 All notes: 6
 Note test2: checking All Notes condition: Object
 Current selected category: All Notes
 All notes: 6
 Note Test: checking All Notes condition: Object
 Current selected category: All Notes
 All notes: 6
 Note Firebase command: checking All Notes condition: Object
 Current selected category: All Notes
 All notes: 6
 Note Project Ideas 2024: checking All Notes condition: Object
 Current selected category: All Notes
 All notes: 6
 Note Weekly Goals: checking All Notes condition: Object
 Current selected category: All Notes
 All notes: 6
 Note Meeting Notes - Client Discussion: checking All Notes condition: Object
 Current selected category: All Notes
 All notes: 6
 Note test2: checking All Notes condition: Object
 Current selected category: All Notes
 All notes: 6
 Note Test: checking All Notes condition: Object
 [tiptap warn]: Duplicate extension names found: ['codeBlock']. This can lead to issues.
resolve @ bundle.js:133031
 [tiptap warn]: Duplicate extension names found: ['codeBlock']. This can lead to issues.
resolve @ bundle.js:133031
 Content prop changed: 
 NoteModal content updated: Object
 Final filtered notes: 3
 - Note: Object
 - Note: Object
 - Note: Object
 Content prop changed: 
 NoteModal content updated: Object
localhost/:1 Access to XMLHttpRequest at 'https://firebasestorage.googleapis.com/v0/b/eznotemanager-95745.firebasestorage.app/o?name=GLNz0QZAbfefAUFkbcOJL8N1T513%2Fimages%2F1735396814457_Sk%C3%A4rmbild%20fr%C3%A5n%202024-10-31%2017-34-00.png' from origin 'http://localhost:3000' has been blocked by CORS policy: Response to preflight request doesn't pass access control check: It does not have HTTP ok status.
firebasestorage.googleapis.com/v0/b/eznotemanager-95745.firebasestorage.app/o?name=GLNz0QZAbfefAUFkbcOJL8N1T513%2Fimages%2F1735396814457_Sk%C3%A4rmbild%20fr%C3%A5n%202024-10-31%2017-34-00.png:1  Failed to load resource: net::ERR_FAILED
localhost/:1 Access to XMLHttpRequest at 'https://firebasestorage.googleapis.com/v0/b/eznotemanager-95745.firebasestorage.app/o?name=GLNz0QZAbfefAUFkbcOJL8N1T513%2Fimages%2F1735396836957_Sk%C3%A4rmbild%20fr%C3%A5n%202024-10-31%2017-34-00.png' from origin 'http://localhost:3000' has been blocked by CORS policy: Response to preflight request doesn't pass access control check: It does not have HTTP ok status.
firebasestorage.googleapis.com/v0/b/eznotemanager-95745.firebasestorage.app/o?name=GLNz0QZAbfefAUFkbcOJL8N1T513%2Fimages%2F1735396836957_Sk%C3%A4rmbild%20fr%C3%A5n%202024-10-31%2017-34-00.png:1  Failed to load resource: net::ERR_FAILED
 Saving note: Object
 Saving note content: Object
 Note data to save: Object
 Current selected category: All Notes
 All notes: 6
 Note Firebase command: checking All Notes condition: Object
 Current selected category: All Notes
 All notes: 6
 Note Project Ideas 2024: checking All Notes condition: Object
 Current selected category: All Notes
 All notes: 6
 Note Weekly Goals: checking All Notes condition: Object
 Current selected category: All Notes
 All notes: 6
 Note Meeting Notes - Client Discussion: checking All Notes condition: Object
 Current selected category: All Notes
 All notes: 6
 Note test2: checking All Notes condition: Object
 Current selected category: All Notes
 All notes: 6
 Note Test: checking All Notes condition: Object
 Current selected category: All Notes
 All notes: 6
 Note Firebase command: checking All Notes condition: Object
 Current selected category: All Notes
 All notes: 6
 Note Project Ideas 2024: checking All Notes condition: Object
 Current selected category: All Notes
 All notes: 6
 Note Weekly Goals: checking All Notes condition: Object
 Current selected category: All Notes
 All notes: 6
 Note Meeting Notes - Client Discussion: checking All Notes condition: Object
 Current selected category: All Notes
 All notes: 6
 Note test2: checking All Notes condition: Object
 Current selected category: All Notes
 All notes: 6
 Note Test: checking All Notes condition: Object
 Final filtered notes: 3
 - Note: Object
 - Note: Object
 - Note: Object
 Received snapshot with changes
 Processed notes: 7
 Received notes update: 7
 Received snapshot with changes
 Processed notes: 7
 Received notes update: 7
 Current selected category: All Notes
 All notes: 7
 Note Firebase command: checking All Notes condition: Object
 Current selected category: All Notes
 All notes: 7
 Note Project Ideas 2024: checking All Notes condition: Object
 Current selected category: All Notes
 All notes: 7
 Note Weekly Goals: checking All Notes condition: Object
 Current selected category: All Notes
 All notes: 7
 Note Meeting Notes - Client Discussion: checking All Notes condition: Object
 Current selected category: All Notes
 All notes: 7
 Note test2: checking All Notes condition: Object
 Current selected category: All Notes
 All notes: 7
 Note Test: checking All Notes condition: Object
 Current selected category: All Notes
 All notes: 7
 Note 2024-12-28: checking All Notes condition: Object
 Current selected category: All Notes
 All notes: 7
 Note Firebase command: checking All Notes condition: Object
 Current selected category: All Notes
 All notes: 7
 Note Project Ideas 2024: checking All Notes condition: Object
 Current selected category: All Notes
 All notes: 7
 Note Weekly Goals: checking All Notes condition: Object
 Current selected category: All Notes
 All notes: 7
 Note Meeting Notes - Client Discussion: checking All Notes condition: Object
 Current selected category: All Notes
 All notes: 7
 Note test2: checking All Notes condition: Object
 Current selected category: All Notes
 All notes: 7
 Note Test: checking All Notes condition: Object
 Current selected category: All Notes
 All notes: 7
 Note 2024-12-28: checking All Notes condition: Object
 Final filtered notes: 4
 - Note: Object
 - Note: Object
 - Note: Object
 - Note: Object
 Note added successfully: t9tU82AGMv2fz6bByEJm
localhost/:1 Access to XMLHttpRequest at 'https://firebasestorage.googleapis.com/v0/b/eznotemanager-95745.firebasestorage.app/o?name=GLNz0QZAbfefAUFkbcOJL8N1T513%2Fimages%2F1735396836957_Sk%C3%A4rmbild%20fr%C3%A5n%202024-10-31%2017-34-00.png' from origin 'http://localhost:3000' has been blocked by CORS policy: Response to preflight request doesn't pass access control check: It does not have HTTP ok status.
firebasestorage.googleapis.com/v0/b/eznotemanager-95745.firebasestorage.app/o?name=GLNz0QZAbfefAUFkbcOJL8N1T513%2Fimages%2F1735396836957_Sk%C3%A4rmbild%20fr%C3%A5n%202024-10-31%2017-34-00.png:1  Failed to load resource: net::ERR_FAILED
localhost/:1 Access to XMLHttpRequest at 'https://firebasestorage.googleapis.com/v0/b/eznotemanager-95745.firebasestorage.app/o?name=GLNz0QZAbfefAUFkbcOJL8N1T513%2Fimages%2F1735396836957_Sk%C3%A4rmbild%20fr%C3%A5n%202024-10-31%2017-34-00.png' from origin 'http://localhost:3000' has been blocked by CORS policy: Response to preflight request doesn't pass access control check: It does not have HTTP ok status.
firebasestorage.googleapis.com/v0/b/eznotemanager-95745.firebasestorage.app/o?name=GLNz0QZAbfefAUFkbcOJL8N1T513%2Fimages%2F1735396836957_Sk%C3%A4rmbild%20fr%C3%A5n%202024-10-31%2017-34-00.png:1  Failed to load resource: net::ERR_FAILED
localhost/:1 Access to XMLHttpRequest at 'https://firebasestorage.googleapis.com/v0/b/eznotemanager-95745.firebasestorage.app/o?name=GLNz0QZAbfefAUFkbcOJL8N1T513%2Fimages%2F1735396814457_Sk%C3%A4rmbild%20fr%C3%A5n%202024-10-31%2017-34-00.png' from origin 'http://localhost:3000' has been blocked by CORS policy: Response to preflight request doesn't pass access control check: It does not have HTTP ok status.
firebasestorage.googleapis.com/v0/b/eznotemanager-95745.firebasestorage.app/o?name=GLNz0QZAbfefAUFkbcOJL8N1T513%2Fimages%2F1735396814457_Sk%C3%A4rmbild%20fr%C3%A5n%202024-10-31%2017-34-00.png:1  Failed to load resource: net::ERR_FAILED
localhost/:1 Access to XMLHttpRequest at 'https://firebasestorage.googleapis.com/v0/b/eznotemanager-95745.firebasestorage.app/o?name=GLNz0QZAbfefAUFkbcOJL8N1T513%2Fimages%2F1735396836957_Sk%C3%A4rmbild%20fr%C3%A5n%202024-10-31%2017-34-00.png' from origin 'http://localhost:3000' has been blocked by CORS policy: Response to preflight request doesn't pass access control check: It does not have HTTP ok status.
firebasestorage.googleapis.com/v0/b/eznotemanager-95745.firebasestorage.app/o?name=GLNz0QZAbfefAUFkbcOJL8N1T513%2Fimages%2F1735396836957_Sk%C3%A4rmbild%20fr%C3%A5n%202024-10-31%2017-34-00.png:1  Failed to load resource: net::ERR_FAILED
localhost/:1 Access to XMLHttpRequest at 'https://firebasestorage.googleapis.com/v0/b/eznotemanager-95745.firebasestorage.app/o?name=GLNz0QZAbfefAUFkbcOJL8N1T513%2Fimages%2F1735396836957_Sk%C3%A4rmbild%20fr%C3%A5n%202024-10-31%2017-34-00.png' from origin 'http://localhost:3000' has been blocked by CORS policy: Response to preflight request doesn't pass access control check: It does not have HTTP ok status.
firebasestorage.googleapis.com/v0/b/eznotemanager-95745.firebasestorage.app/o?name=GLNz0QZAbfefAUFkbcOJL8N1T513%2Fimages%2F1735396836957_Sk%C3%A4rmbild%20fr%C3%A5n%202024-10-31%2017-34-00.png:1  Failed to load resource: net::ERR_FAILED
localhost/:1 Access to XMLHttpRequest at 'https://firebasestorage.googleapis.com/v0/b/eznotemanager-95745.firebasestorage.app/o?name=GLNz0QZAbfefAUFkbcOJL8N1T513%2Fimages%2F1735396814457_Sk%C3%A4rmbild%20fr%C3%A5n%202024-10-31%2017-34-00.png' from origin 'http://localhost:3000' has been blocked by CORS policy: Response to preflight request doesn't pass access control check: It does not have HTTP ok status.
firebasestorage.googleapis.com/v0/b/eznotemanager-95745.firebasestorage.app/o?name=GLNz0QZAbfefAUFkbcOJL8N1T513%2Fimages%2F1735396814457_Sk%C3%A4rmbild%20fr%C3%A5n%202024-10-31%2017-34-00.png:1  Failed to load resource: net::ERR_FAILED
 Received snapshot with changes
 Processed notes: 6
 Received notes update: 6
 Received snapshot with changes
 Processed notes: 6
 Received notes update: 6
 Current selected category: All Notes
 All notes: 6
 Note Firebase command: checking All Notes condition: Object
 Current selected category: All Notes
 All notes: 6
 Note Project Ideas 2024: checking All Notes condition: Object
 Current selected category: All Notes
 All notes: 6
 Note Weekly Goals: checking All Notes condition: Object
 Current selected category: All Notes
 All notes: 6
 Note Meeting Notes - Client Discussion: checking All Notes condition: Object
 Current selected category: All Notes
 All notes: 6
 Note test2: checking All Notes condition: Object
 Current selected category: All Notes
 All notes: 6
 Note Test: checking All Notes condition: Object
 Current selected category: All Notes
 All notes: 6
 Note Firebase command: checking All Notes condition: Object
 Current selected category: All Notes
 All notes: 6
 Note Project Ideas 2024: checking All Notes condition: Object
 Current selected category: All Notes
 All notes: 6
 Note Weekly Goals: checking All Notes condition: Object
 Current selected category: All Notes
 All notes: 6
 Note Meeting Notes - Client Discussion: checking All Notes condition: Object
 Current selected category: All Notes
 All notes: 6
 Note test2: checking All Notes condition: Object
 Current selected category: All Notes
 All notes: 6
 Note Test: checking All Notes condition: Object
 Final filtered notes: 3
 - Note: Object
 - Note: Object
 - Note: Object
 Note deleted successfully: t9tU82AGMv2fz6bByEJm
 Current selected category: All Notes
 All notes: 6
 Note Firebase command: checking All Notes condition: Object
 Current selected category: All Notes
 All notes: 6
 Note Project Ideas 2024: checking All Notes condition: Object
 Current selected category: All Notes
 All notes: 6
 Note Weekly Goals: checking All Notes condition: Object
 Current selected category: All Notes
 All notes: 6
 Note Meeting Notes - Client Discussion: checking All Notes condition: Object
 Current selected category: All Notes
 All notes: 6
 Note test2: checking All Notes condition: Object
 Current selected category: All Notes
 All notes: 6
 Note Test: checking All Notes condition: Object
 Current selected category: All Notes
 All notes: 6
 Note Firebase command: checking All Notes condition: Object
 Current selected category: All Notes
 All notes: 6
 Note Project Ideas 2024: checking All Notes condition: Object
 Current selected category: All Notes
 All notes: 6
 Note Weekly Goals: checking All Notes condition: Object
 Current selected category: All Notes
 All notes: 6
 Note Meeting Notes - Client Discussion: checking All Notes condition: Object
 Current selected category: All Notes
 All notes: 6
 Note test2: checking All Notes condition: Object
 Current selected category: All Notes
 All notes: 6
 Note Test: checking All Notes condition: Object
 Final filtered notes: 3
 - Note: Object
 - Note: Object
 - Note: Object
 Current selected category: All Notes
 All notes: 6
 Note Firebase command: checking All Notes condition: Object
 Current selected category: All Notes
 All notes: 6
 Note Project Ideas 2024: checking All Notes condition: Object
 Current selected category: All Notes
 All notes: 6
 Note Weekly Goals: checking All Notes condition: Object
 Current selected category: All Notes
 All notes: 6
 Note Meeting Notes - Client Discussion: checking All Notes condition: Object
 Current selected category: All Notes
 All notes: 6
 Note test2: checking All Notes condition: Object
 Current selected category: All Notes
 All notes: 6
 Note Test: checking All Notes condition: Object
 Current selected category: All Notes
 All notes: 6
 Note Firebase command: checking All Notes condition: Object
 Current selected category: All Notes
 All notes: 6
 Note Project Ideas 2024: checking All Notes condition: Object
 Current selected category: All Notes
 All notes: 6
 Note Weekly Goals: checking All Notes condition: Object
 Current selected category: All Notes
 All notes: 6
 Note Meeting Notes - Client Discussion: checking All Notes condition: Object
 Current selected category: All Notes
 All notes: 6
 Note test2: checking All Notes condition: Object
 Current selected category: All Notes
 All notes: 6
 Note Test: checking All Notes condition: Object
 Final filtered notes: 3
 - Note: Object
 - Note: Object
 - Note: Object
 Current selected category: All Notes
 All notes: 6
 Note Firebase command: checking All Notes condition: Object
 Current selected category: All Notes
 All notes: 6
 Note Project Ideas 2024: checking All Notes condition: Object
 Current selected category: All Notes
 All notes: 6
 Note Weekly Goals: checking All Notes condition: Object
 Current selected category: All Notes
 All notes: 6
 Note Meeting Notes - Client Discussion: checking All Notes condition: Object
 Current selected category: All Notes
 All notes: 6
 Note test2: checking All Notes condition: Object
 Current selected category: All Notes
 All notes: 6
 Note Test: checking All Notes condition: Object
 Current selected category: All Notes
 All notes: 6
 Note Firebase command: checking All Notes condition: Object
 Current selected category: All Notes
 All notes: 6
 Note Project Ideas 2024: checking All Notes condition: Object
 Current selected category: All Notes
 All notes: 6
 Note Weekly Goals: checking All Notes condition: Object
 Current selected category: All Notes
 All notes: 6
 Note Meeting Notes - Client Discussion: checking All Notes condition: Object
 Current selected category: All Notes
 All notes: 6
 Note test2: checking All Notes condition: Object
 Current selected category: All Notes
 All notes: 6
 Note Test: checking All Notes condition: Object
 [tiptap warn]: Duplicate extension names found: ['codeBlock']. This can lead to issues.
resolve @ bundle.js:133031
 [tiptap warn]: Duplicate extension names found: ['codeBlock']. This can lead to issues.
resolve @ bundle.js:133031
 Content prop changed: 
 NoteModal content updated: Object
 Final filtered notes: 3
 - Note: Object
 - Note: Object
 - Note: Object
 Content prop changed: 
 NoteModal content updated: Object
 Editor content updated: <p class="text-gray-200">w</p>
 Content changed: <p class="text-gray-200">w</p>
 Editor content updated: <p class="text-gray-200">we</p>
 Content changed: <p class="text-gray-200">we</p>
 Editor content updated: <p class="text-gray-200">wer</p>
 Content changed: <p class="text-gray-200">wer</p>
localhost/:1 Access to XMLHttpRequest at 'https://firebasestorage.googleapis.com/v0/b/eznotemanager-95745.firebasestorage.app/o?name=GLNz0QZAbfefAUFkbcOJL8N1T513%2Fimages%2F1735396902750_Sk%C3%A4rmbild%20fr%C3%A5n%202024-10-26%2014-06-02.png' from origin 'http://localhost:3000' has been blocked by CORS policy: Response to preflight request doesn't pass access control check: It does not have HTTP ok status.
firebasestorage.googleapis.com/v0/b/eznotemanager-95745.firebasestorage.app/o?name=GLNz0QZAbfefAUFkbcOJL8N1T513%2Fimages%2F1735396902750_Sk%C3%A4rmbild%20fr%C3%A5n%202024-10-26%2014-06-02.png:1  Failed to load resource: net::ERR_FAILED
 Saving note: Object
 Saving note content: Object
 Note data to save: Object
 Current selected category: All Notes
 All notes: 6
 Note Firebase command: checking All Notes condition: Object
 Current selected category: All Notes
 All notes: 6
 Note Project Ideas 2024: checking All Notes condition: Object
 Current selected category: All Notes
 All notes: 6
 Note Weekly Goals: checking All Notes condition: Object
 Current selected category: All Notes
 All notes: 6
 Note Meeting Notes - Client Discussion: checking All Notes condition: Object
 Current selected category: All Notes
 All notes: 6
 Note test2: checking All Notes condition: Object
 Current selected category: All Notes
 All notes: 6
 Note Test: checking All Notes condition: Object
 Current selected category: All Notes
 All notes: 6
 Note Firebase command: checking All Notes condition: Object
 Current selected category: All Notes
 All notes: 6
 Note Project Ideas 2024: checking All Notes condition: Object
 Current selected category: All Notes
 All notes: 6
 Note Weekly Goals: checking All Notes condition: Object
 Current selected category: All Notes
 All notes: 6
 Note Meeting Notes - Client Discussion: checking All Notes condition: Object
 Current selected category: All Notes
 All notes: 6
 Note test2: checking All Notes condition: Object
 Current selected category: All Notes
 All notes: 6
 Note Test: checking All Notes condition: Object
 Final filtered notes: 3
 - Note: Object
 - Note: Object
 - Note: Object
 Received snapshot with changes
 Processed notes: 7
 Received notes update: 7
 Received snapshot with changes
 Processed notes: 7
 Received notes update: 7
 Current selected category: All Notes
 All notes: 7
 Note Firebase command: checking All Notes condition: Object
 Current selected category: All Notes
 All notes: 7
 Note Project Ideas 2024: checking All Notes condition: Object
 Current selected category: All Notes
 All notes: 7
 Note Weekly Goals: checking All Notes condition: Object
 Current selected category: All Notes
 All notes: 7
 Note Meeting Notes - Client Discussion: checking All Notes condition: Object
 Current selected category: All Notes
 All notes: 7
 Note test2: checking All Notes condition: Object
 Current selected category: All Notes
 All notes: 7
 Note Test: checking All Notes condition: Object
 Current selected category: All Notes
 All notes: 7
 Note test123: checking All Notes condition: Object
 Current selected category: All Notes
 All notes: 7
 Note Firebase command: checking All Notes condition: Object
 Current selected category: All Notes
 All notes: 7
 Note Project Ideas 2024: checking All Notes condition: Object
 Current selected category: All Notes
 All notes: 7
 Note Weekly Goals: checking All Notes condition: Object
 Current selected category: All Notes
 All notes: 7
 Note Meeting Notes - Client Discussion: checking All Notes condition: Object
 Current selected category: All Notes
 All notes: 7
 Note test2: checking All Notes condition: Object
 Current selected category: All Notes
 All notes: 7
 Note Test: checking All Notes condition: Object
 Current selected category: All Notes
 All notes: 7
 Note test123: checking All Notes condition: Object
 Final filtered notes: 4
 - Note: Object
 - Note: Object
 - Note: Object
 - Note: Object
 Note added successfully: UXvHIodxJ7kCtayKtUbH
localhost/:1 Access to XMLHttpRequest at 'https://firebasestorage.googleapis.com/v0/b/eznotemanager-95745.firebasestorage.app/o?name=GLNz0QZAbfefAUFkbcOJL8N1T513%2Fimages%2F1735396902750_Sk%C3%A4rmbild%20fr%C3%A5n%202024-10-26%2014-06-02.png' from origin 'http://localhost:3000' has been blocked by CORS policy: Response to preflight request doesn't pass access control check: It does not have HTTP ok status.
firebasestorage.googleapis.com/v0/b/eznotemanager-95745.firebasestorage.app/o?name=GLNz0QZAbfefAUFkbcOJL8N1T513%2Fimages%2F1735396902750_Sk%C3%A4rmbild%20fr%C3%A5n%202024-10-26%2014-06-02.png:1  Failed to load resource: net::ERR_FAILED
localhost/:1 Access to XMLHttpRequest at 'https://firebasestorage.googleapis.com/v0/b/eznotemanager-95745.firebasestorage.app/o?name=GLNz0QZAbfefAUFkbcOJL8N1T513%2Fimages%2F1735396836957_Sk%C3%A4rmbild%20fr%C3%A5n%202024-10-31%2017-34-00.png' from origin 'http://localhost:3000' has been blocked by CORS policy: Response to preflight request doesn't pass access control check: It does not have HTTP ok status.
firebasestorage.googleapis.com/v0/b/eznotemanager-95745.firebasestorage.app/o?name=GLNz0QZAbfefAUFkbcOJL8N1T513%2Fimages%2F1735396836957_Sk%C3%A4rmbild%20fr%C3%A5n%202024-10-31%2017-34-00.png:1  Failed to load resource: net::ERR_FAILED
localhost/:1 Access to XMLHttpRequest at 'https://firebasestorage.googleapis.com/v0/b/eznotemanager-95745.firebasestorage.app/o?name=GLNz0QZAbfefAUFkbcOJL8N1T513%2Fimages%2F1735396902750_Sk%C3%A4rmbild%20fr%C3%A5n%202024-10-26%2014-06-02.png' from origin 'http://localhost:3000' has been blocked by CORS policy: Response to preflight request doesn't pass access control check: It does not have HTTP ok status.
firebasestorage.googleapis.com/v0/b/eznotemanager-95745.firebasestorage.app/o?name=GLNz0QZAbfefAUFkbcOJL8N1T513%2Fimages%2F1735396902750_Sk%C3%A4rmbild%20fr%C3%A5n%202024-10-26%2014-06-02.png:1  Failed to load resource: net::ERR_FAILED
localhost/:1 Access to XMLHttpRequest at 'https://firebasestorage.googleapis.com/v0/b/eznotemanager-95745.firebasestorage.app/o?name=GLNz0QZAbfefAUFkbcOJL8N1T513%2Fimages%2F1735396902750_Sk%C3%A4rmbild%20fr%C3%A5n%202024-10-26%2014-06-02.png' from origin 'http://localhost:3000' has been blocked by CORS policy: Response to preflight request doesn't pass access control check: It does not have HTTP ok status.
firebasestorage.googleapis.com/v0/b/eznotemanager-95745.firebasestorage.app/o?name=GLNz0QZAbfefAUFkbcOJL8N1T513%2Fimages%2F1735396902750_Sk%C3%A4rmbild%20fr%C3%A5n%202024-10-26%2014-06-02.png:1  Failed to load resource: net::ERR_FAILED
localhost/:1 Access to XMLHttpRequest at 'https://firebasestorage.googleapis.com/v0/b/eznotemanager-95745.firebasestorage.app/o?name=GLNz0QZAbfefAUFkbcOJL8N1T513%2Fimages%2F1735396902750_Sk%C3%A4rmbild%20fr%C3%A5n%202024-10-26%2014-06-02.png' from origin 'http://localhost:3000' has been blocked by CORS policy: Response to preflight request doesn't pass access control check: It does not have HTTP ok status.
firebasestorage.googleapis.com/v0/b/eznotemanager-95745.firebasestorage.app/o?name=GLNz0QZAbfefAUFkbcOJL8N1T513%2Fimages%2F1735396902750_Sk%C3%A4rmbild%20fr%C3%A5n%202024-10-26%2014-06-02.png:1  Failed to load resource: net::ERR_FAILED
localhost/:1 Access to XMLHttpRequest at 'https://firebasestorage.googleapis.com/v0/b/eznotemanager-95745.firebasestorage.app/o?name=GLNz0QZAbfefAUFkbcOJL8N1T513%2Fimages%2F1735396814457_Sk%C3%A4rmbild%20fr%C3%A5n%202024-10-31%2017-34-00.png' from origin 'http://localhost:3000' has been blocked by CORS policy: Response to preflight request doesn't pass access control check: It does not have HTTP ok status.
firebasestorage.googleapis.com/v0/b/eznotemanager-95745.firebasestorage.app/o?name=GLNz0QZAbfefAUFkbcOJL8N1T513%2Fimages%2F1735396814457_Sk%C3%A4rmbild%20fr%C3%A5n%202024-10-31%2017-34-00.png:1  Failed to load resource: net::ERR_FAILED
 Current selected category: All Notes
 All notes: 7
 Note Firebase command: checking All Notes condition: Object
 Current selected category: All Notes
 All notes: 7
 Note Project Ideas 2024: checking All Notes condition: Object
 Current selected category: All Notes
 All notes: 7
 Note Weekly Goals: checking All Notes condition: Object
 Current selected category: All Notes
 All notes: 7
 Note Meeting Notes - Client Discussion: checking All Notes condition: Object
 Current selected category: All Notes
 All notes: 7
 Note test2: checking All Notes condition: Object
 Current selected category: All Notes
 All notes: 7
 Note Test: checking All Notes condition: Object
 Current selected category: All Notes
 All notes: 7
 Note test123: checking All Notes condition: Object
 Current selected category: All Notes
 All notes: 7
 Note Firebase command: checking All Notes condition: Object
 Current selected category: All Notes
 All notes: 7
 Note Project Ideas 2024: checking All Notes condition: Object
 Current selected category: All Notes
 All notes: 7
 Note Weekly Goals: checking All Notes condition: Object
 Current selected category: All Notes
 All notes: 7
 Note Meeting Notes - Client Discussion: checking All Notes condition: Object
 Current selected category: All Notes
 All notes: 7
 Note test2: checking All Notes condition: Object
 Current selected category: All Notes
 All notes: 7
 Note Test: checking All Notes condition: Object
 Current selected category: All Notes
 All notes: 7
 Note test123: checking All Notes condition: Object
 [tiptap warn]: Duplicate extension names found: ['codeBlock']. This can lead to issues.
resolve @ bundle.js:133031
 [tiptap warn]: Duplicate extension names found: ['codeBlock']. This can lead to issues.
resolve @ bundle.js:133031
 Content prop changed: 
 NoteModal content updated: Object
 Final filtered notes: 4
 - Note: Object
 - Note: Object
 - Note: Object
 - Note: Object
 Content prop changed: 
 NoteModal content updated: Object
 Content prop changed: <p class="text-gray-200">wer</p>
localhost/:1 Access to XMLHttpRequest at 'https://firebasestorage.googleapis.com/v0/b/eznotemanager-95745.firebasestorage.app/o?name=GLNz0QZAbfefAUFkbcOJL8N1T513%2Fimages%2F1735396902750_Sk%C3%A4rmbild%20fr%C3%A5n%202024-10-26%2014-06-02.png' from origin 'http://localhost:3000' has been blocked by CORS policy: Response to preflight request doesn't pass access control check: It does not have HTTP ok status.
firebasestorage.googleapis.com/v0/b/eznotemanager-95745.firebasestorage.app/o?name=GLNz0QZAbfefAUFkbcOJL8N1T513%2Fimages%2F1735396902750_Sk%C3%A4rmbild%20fr%C3%A5n%202024-10-26%2014-06-02.png:1  Failed to load resource: net::ERR_FAILED
localhost/:1 Access to XMLHttpRequest at 'https://firebasestorage.googleapis.com/v0/b/eznotemanager-95745.firebasestorage.app/o?name=GLNz0QZAbfefAUFkbcOJL8N1T513%2Fimages%2F1735396836957_Sk%C3%A4rmbild%20fr%C3%A5n%202024-10-31%2017-34-00.png' from origin 'http://localhost:3000' has been blocked by CORS policy: Response to preflight request doesn't pass access control check: It does not have HTTP ok status.
firebasestorage.googleapis.com/v0/b/eznotemanager-95745.firebasestorage.app/o?name=GLNz0QZAbfefAUFkbcOJL8N1T513%2Fimages%2F1735396836957_Sk%C3%A4rmbild%20fr%C3%A5n%202024-10-31%2017-34-00.png:1  Failed to load resource: net::ERR_FAILED
localhost/:1 Access to XMLHttpRequest at 'https://firebasestorage.googleapis.com/v0/b/eznotemanager-95745.firebasestorage.app/o?name=GLNz0QZAbfefAUFkbcOJL8N1T513%2Fimages%2F1735396814457_Sk%C3%A4rmbild%20fr%C3%A5n%202024-10-31%2017-34-00.png' from origin 'http://localhost:3000' has been blocked by CORS policy: Response to preflight request doesn't pass access control check: It does not have HTTP ok status.
firebasestorage.googleapis.com/v0/b/eznotemanager-95745.firebasestorage.app/o?name=GLNz0QZAbfefAUFkbcOJL8N1T513%2Fimages%2F1735396814457_Sk%C3%A4rmbild%20fr%C3%A5n%202024-10-31%2017-34-00.png:1  Failed to load resource: net::ERR_FAILED
localhost/:1 Access to XMLHttpRequest at 'https://firebasestorage.googleapis.com/v0/b/eznotemanager-95745.firebasestorage.app/o?name=GLNz0QZAbfefAUFkbcOJL8N1T513%2Fimages%2F1735396902750_Sk%C3%A4rmbild%20fr%C3%A5n%202024-10-26%2014-06-02.png' from origin 'http://localhost:3000' has been blocked by CORS policy: Response to preflight request doesn't pass access control check: It does not have HTTP ok status.
firebasestorage.googleapis.com/v0/b/eznotemanager-95745.firebasestorage.app/o?name=GLNz0QZAbfefAUFkbcOJL8N1T513%2Fimages%2F1735396902750_Sk%C3%A4rmbild%20fr%C3%A5n%202024-10-26%2014-06-02.png:1  Failed to load resource: net::ERR_FAILED
localhost/:1 Access to XMLHttpRequest at 'https://firebasestorage.googleapis.com/v0/b/eznotemanager-95745.firebasestorage.app/o?name=GLNz0QZAbfefAUFkbcOJL8N1T513%2Fimages%2F1735396836957_Sk%C3%A4rmbild%20fr%C3%A5n%202024-10-31%2017-34-00.png' from origin 'http://localhost:3000' has been blocked by CORS policy: Response to preflight request doesn't pass access control check: It does not have HTTP ok status.
firebasestorage.googleapis.com/v0/b/eznotemanager-95745.firebasestorage.app/o?name=GLNz0QZAbfefAUFkbcOJL8N1T513%2Fimages%2F1735396836957_Sk%C3%A4rmbild%20fr%C3%A5n%202024-10-31%2017-34-00.png:1  Failed to load resource: net::ERR_FAILED
localhost/:1 Access to XMLHttpRequest at 'https://firebasestorage.googleapis.com/v0/b/eznotemanager-95745.firebasestorage.app/o?name=GLNz0QZAbfefAUFkbcOJL8N1T513%2Fimages%2F1735396814457_Sk%C3%A4rmbild%20fr%C3%A5n%202024-10-31%2017-34-00.png' from origin 'http://localhost:3000' has been blocked by CORS policy: Response to preflight request doesn't pass access control check: It does not have HTTP ok status.
firebasestorage.googleapis.com/v0/b/eznotemanager-95745.firebasestorage.app/o?name=GLNz0QZAbfefAUFkbcOJL8N1T513%2Fimages%2F1735396814457_Sk%C3%A4rmbild%20fr%C3%A5n%202024-10-31%2017-34-00.png:1  Failed to load resource: net::ERR_FAILED
localhost/:1 Access to XMLHttpRequest at 'https://firebasestorage.googleapis.com/v0/b/eznotemanager-95745.firebasestorage.app/o?name=GLNz0QZAbfefAUFkbcOJL8N1T513%2Fimages%2F1735396902750_Sk%C3%A4rmbild%20fr%C3%A5n%202024-10-26%2014-06-02.png' from origin 'http://localhost:3000' has been blocked by CORS policy: Response to preflight request doesn't pass access control check: It does not have HTTP ok status.
firebasestorage.googleapis.com/v0/b/eznotemanager-95745.firebasestorage.app/o?name=GLNz0QZAbfefAUFkbcOJL8N1T513%2Fimages%2F1735396902750_Sk%C3%A4rmbild%20fr%C3%A5n%202024-10-26%2014-06-02.png:1  Failed to load resource: net::ERR_FAILED
localhost/:1 Access to XMLHttpRequest at 'https://firebasestorage.googleapis.com/v0/b/eznotemanager-95745.firebasestorage.app/o?name=GLNz0QZAbfefAUFkbcOJL8N1T513%2Fimages%2F1735396836957_Sk%C3%A4rmbild%20fr%C3%A5n%202024-10-31%2017-34-00.png' from origin 'http://localhost:3000' has been blocked by CORS policy: Response to preflight request doesn't pass access control check: It does not have HTTP ok status.
firebasestorage.googleapis.com/v0/b/eznotemanager-95745.firebasestorage.app/o?name=GLNz0QZAbfefAUFkbcOJL8N1T513%2Fimages%2F1735396836957_Sk%C3%A4rmbild%20fr%C3%A5n%202024-10-31%2017-34-00.png:1  Failed to load resource: net::ERR_FAILED
 Current selected category: All Notes
 All notes: 7
 Note Firebase command: checking All Notes condition: Object
 Current selected category: All Notes
 All notes: 7
 Note Project Ideas 2024: checking All Notes condition: Object
 Current selected category: All Notes
 All notes: 7
 Note Weekly Goals: checking All Notes condition: Object
 Current selected category: All Notes
 All notes: 7
 Note Meeting Notes - Client Discussion: checking All Notes condition: Object
 Current selected category: All Notes
 All notes: 7
 Note test2: checking All Notes condition: Object
 Current selected category: All Notes
 All notes: 7
 Note Test: checking All Notes condition: Object
 Current selected category: All Notes
 All notes: 7
 Note test123: checking All Notes condition: Object
 Current selected category: All Notes
 All notes: 7
 Note Firebase command: checking All Notes condition: Object
 Current selected category: All Notes
 All notes: 7
 Note Project Ideas 2024: checking All Notes condition: Object
 Current selected category: All Notes
 All notes: 7
 Note Weekly Goals: checking All Notes condition: Object
 Current selected category: All Notes
 All notes: 7
 Note Meeting Notes - Client Discussion: checking All Notes condition: Object
 Current selected category: All Notes
 All notes: 7
 Note test2: checking All Notes condition: Object
 Current selected category: All Notes
 All notes: 7
 Note Test: checking All Notes condition: Object
 Current selected category: All Notes
 All notes: 7
 Note test123: checking All Notes condition: Object
 Final filtered notes: 4
 - Note: Object
 - Note: Object
 - Note: Object
 - Note: Object
 Error in notes subscription: 
(anonymous) @ bundle.js:6147
 Received notes update: 0
 Cross-Origin-Opener-Policy policy would block the window.close call.
close @ bundle.js:16628
 Cross-Origin-Opener-Policy policy would block the window.close call.
close @ bundle.js:16628
 Setting up subscription for user: GLNz0QZAbfefAUFkbcOJL8N1T513
 Final filtered notes: 0
 Attempting to initialize user: GLNz0QZAbfefAUFkbcOJL8N1T513
 Setting up subscription for user: GLNz0QZAbfefAUFkbcOJL8N1T513
 Final filtered notes: 0
 Final filtered notes: 0
 Subscribing to notes for user: GLNz0QZAbfefAUFkbcOJL8N1T513
 Subscribing to notes for user: GLNz0QZAbfefAUFkbcOJL8N1T513
 Received updated tags: Array(23)
 Received updated categories: Array(7)
 Current selected category: All Notes
 All notes: 7
 Note Firebase command: checking All Notes condition: Object
 Current selected category: All Notes
ContentArea.js:371 All notes: 7
ContentArea.js:378 Note Project Ideas 2024: checking All Notes condition: Object
ContentArea.js:370 Current selected category: All Notes
ContentArea.js:371 All notes: 7
ContentArea.js:378 Note Weekly Goals: checking All Notes condition: Object
ContentArea.js:370 Current selected category: All Notes
ContentArea.js:371 All notes: 7
ContentArea.js:378 Note Meeting Notes - Client Discussion: checking All Notes condition: Object
ContentArea.js:370 Current selected category: All Notes
ContentArea.js:371 All notes: 7
ContentArea.js:378 Note test2: checking All Notes condition: Object
ContentArea.js:370 Current selected category: All Notes
ContentArea.js:371 All notes: 7
ContentArea.js:378 Note Test: checking All Notes condition: Object
ContentArea.js:370 Current selected category: All Notes
ContentArea.js:371 All notes: 7
ContentArea.js:378 Note test123: checking All Notes condition: Object
ContentArea.js:370 Current selected category: All Notes
ContentArea.js:371 All notes: 7
ContentArea.js:378 Note Firebase command: checking All Notes condition: Object
ContentArea.js:370 Current selected category: All Notes
ContentArea.js:371 All notes: 7
ContentArea.js:378 Note Project Ideas 2024: checking All Notes condition: Object
ContentArea.js:370 Current selected category: All Notes
ContentArea.js:371 All notes: 7
ContentArea.js:378 Note Weekly Goals: checking All Notes condition: Object
ContentArea.js:370 Current selected category: All Notes
ContentArea.js:371 All notes: 7
ContentArea.js:378 Note Meeting Notes - Client Discussion: checking All Notes condition: Object
ContentArea.js:370 Current selected category: All Notes
ContentArea.js:371 All notes: 7
ContentArea.js:378 Note test2: checking All Notes condition: Object
ContentArea.js:370 Current selected category: All Notes
ContentArea.js:371 All notes: 7
ContentArea.js:378 Note Test: checking All Notes condition: Object
ContentArea.js:370 Current selected category: All Notes
ContentArea.js:371 All notes: 7
ContentArea.js:378 Note test123: checking All Notes condition: Object
notes.js:122 Received snapshot with changes
notes.js:141 Processed notes: 7
ContentArea.js:52 Received notes update: 7
notes.js:122 Received snapshot with changes
notes.js:141 Processed notes: 7
ContentArea.js:52 Received notes update: 7
ContentArea.js:408 Final filtered notes: 4
ContentArea.js:410 - Note: Object
ContentArea.js:410 - Note: Object
ContentArea.js:410 - Note: Object
ContentArea.js:410 - Note: Object
ContentArea.js:370 Current selected category: All Notes
ContentArea.js:371 All notes: 7
ContentArea.js:378 Note Firebase command: checking All Notes condition: Object
ContentArea.js:370 Current selected category: All Notes
ContentArea.js:371 All notes: 7
ContentArea.js:378 Note Project Ideas 2024: checking All Notes condition: Object
ContentArea.js:370 Current selected category: All Notes
ContentArea.js:371 All notes: 7
ContentArea.js:378 Note Weekly Goals: checking All Notes condition: Object
ContentArea.js:370 Current selected category: All Notes
ContentArea.js:371 All notes: 7
ContentArea.js:378 Note Meeting Notes - Client Discussion: checking All Notes condition: Object
ContentArea.js:370 Current selected category: All Notes
ContentArea.js:371 All notes: 7
ContentArea.js:378 Note test2: checking All Notes condition: Object
ContentArea.js:370 Current selected category: All Notes
ContentArea.js:371 All notes: 7
ContentArea.js:378 Note Test: checking All Notes condition: Object
ContentArea.js:370 Current selected category: All Notes
ContentArea.js:371 All notes: 7
ContentArea.js:378 Note test123: checking All Notes condition: Object
ContentArea.js:370 Current selected category: All Notes
ContentArea.js:371 All notes: 7
ContentArea.js:378 Note Firebase command: checking All Notes condition: Object
ContentArea.js:370 Current selected category: All Notes
ContentArea.js:371 All notes: 7
ContentArea.js:378 Note Project Ideas 2024: checking All Notes condition: Object
ContentArea.js:370 Current selected category: All Notes
ContentArea.js:371 All notes: 7
ContentArea.js:378 Note Weekly Goals: checking All Notes condition: Object
ContentArea.js:370 Current selected category: All Notes
ContentArea.js:371 All notes: 7
ContentArea.js:378 Note Meeting Notes - Client Discussion: checking All Notes condition: Object
ContentArea.js:370 Current selected category: All Notes
ContentArea.js:371 All notes: 7
ContentArea.js:378 Note test2: checking All Notes condition: Object
ContentArea.js:370 Current selected category: All Notes
ContentArea.js:371 All notes: 7
ContentArea.js:378 Note Test: checking All Notes condition: Object
ContentArea.js:370 Current selected category: All Notes
ContentArea.js:371 All notes: 7
ContentArea.js:378 Note test123: checking All Notes condition: Object
ContentArea.js:408 Final filtered notes: 4
ContentArea.js:410 - Note: Object
ContentArea.js:410 - Note: Object
ContentArea.js:410 - Note: Object
ContentArea.js:410 - Note: Object
ContentArea.js:370 Current selected category: All Notes
ContentArea.js:371 All notes: 7
ContentArea.js:378 Note Firebase command: checking All Notes condition: Object
ContentArea.js:370 Current selected category: All Notes
ContentArea.js:371 All notes: 7
ContentArea.js:378 Note Project Ideas 2024: checking All Notes condition: Object
ContentArea.js:370 Current selected category: All Notes
ContentArea.js:371 All notes: 7
ContentArea.js:378 Note Weekly Goals: checking All Notes condition: Object
ContentArea.js:370 Current selected category: All Notes
ContentArea.js:371 All notes: 7
ContentArea.js:378 Note Meeting Notes - Client Discussion: checking All Notes condition: Object
ContentArea.js:370 Current selected category: All Notes
ContentArea.js:371 All notes: 7
ContentArea.js:378 Note test2: checking All Notes condition: Object
ContentArea.js:370 Current selected category: All Notes
ContentArea.js:371 All notes: 7
ContentArea.js:378 Note Test: checking All Notes condition: Object
ContentArea.js:370 Current selected category: All Notes
ContentArea.js:371 All notes: 7
ContentArea.js:378 Note test123: checking All Notes condition: Object
ContentArea.js:370 Current selected category: All Notes
ContentArea.js:371 All notes: 7
ContentArea.js:378 Note Firebase command: checking All Notes condition: Object
ContentArea.js:370 Current selected category: All Notes
ContentArea.js:371 All notes: 7
ContentArea.js:378 Note Project Ideas 2024: checking All Notes condition: Object
ContentArea.js:370 Current selected category: All Notes
ContentArea.js:371 All notes: 7
ContentArea.js:378 Note Weekly Goals: checking All Notes condition: Object
ContentArea.js:370 Current selected category: All Notes
ContentArea.js:371 All notes: 7
ContentArea.js:378 Note Meeting Notes - Client Discussion: checking All Notes condition: Object
ContentArea.js:370 Current selected category: All Notes
ContentArea.js:371 All notes: 7
ContentArea.js:378 Note test2: checking All Notes condition: Object
ContentArea.js:370 Current selected category: All Notes
ContentArea.js:371 All notes: 7
ContentArea.js:378 Note Test: checking All Notes condition: Object
ContentArea.js:370 Current selected category: All Notes
ContentArea.js:371 All notes: 7
ContentArea.js:378 Note test123: checking All Notes condition: Object
ContentArea.js:408 Final filtered notes: 4
ContentArea.js:410 - Note: Object
ContentArea.js:410 - Note: Object
ContentArea.js:410 - Note: Object
ContentArea.js:410 - Note: Object
localhost/:1 Access to XMLHttpRequest at 'https://firebasestorage.googleapis.com/v0/b/eznotemanager-95745.firebasestorage.app/o?name=GLNz0QZAbfefAUFkbcOJL8N1T513%2Fimages%2F1735396814457_Sk%C3%A4rmbild%20fr%C3%A5n%202024-10-31%2017-34-00.png' from origin 'http://localhost:3000' has been blocked by CORS policy: Response to preflight request doesn't pass access control check: It does not have HTTP ok status.
firebasestorage.googleapis.com/v0/b/eznotemanager-95745.firebasestorage.app/o?name=GLNz0QZAbfefAUFkbcOJL8N1T513%2Fimages%2F1735396814457_Sk%C3%A4rmbild%20fr%C3%A5n%202024-10-31%2017-34-00.png:1 
        
        
       Failed to load resource: net::ERR_FAILED
localhost/:1 Access to XMLHttpRequest at 'https://firebasestorage.googleapis.com/v0/b/eznotemanager-95745.firebasestorage.app/o?name=GLNz0QZAbfefAUFkbcOJL8N1T513%2Fimages%2F1735396836957_Sk%C3%A4rmbild%20fr%C3%A5n%202024-10-31%2017-34-00.png' from origin 'http://localhost:3000' has been blocked by CORS policy: Response to preflight request doesn't pass access control check: It does not have HTTP ok status.
connection.ts:54 
        
        
       POST https://firebasestorage.googleapis.com/v0/b/eznotemanager-95745.firebasestorage.app/o?name=GLNz0QZAbfefAUFkbcOJL8N1T513%2Fimages%2F1735396836957_Sk%C3%A4rmbild%20fr%C3%A5n%202024-10-31%2017-34-00.png net::ERR_FAILED
send @ connection.ts:54
doTheRequest @ request.ts:87
(anonymous) @ backoff.ts:49
localhost/:1 Access to XMLHttpRequest at 'https://firebasestorage.googleapis.com/v0/b/eznotemanager-95745.firebasestorage.app/o?name=GLNz0QZAbfefAUFkbcOJL8N1T513%2Fimages%2F1735396902750_Sk%C3%A4rmbild%20fr%C3%A5n%202024-10-26%2014-06-02.png' from origin 'http://localhost:3000' has been blocked by CORS policy: Response to preflight request doesn't pass access control check: It does not have HTTP ok status.
connection.ts:54 
        
        
       POST https://firebasestorage.googleapis.com/v0/b/eznotemanager-95745.firebasestorage.app/o?name=GLNz0QZAbfefAUFkbcOJL8N1T513%2Fimages%2F1735396902750_Sk%C3%A4rmbild%20fr%C3%A5n%202024-10-26%2014-06-02.png net::ERR_FAILED
send @ connection.ts:54
doTheRequest @ request.ts:87
(anonymous) @ backoff.ts:49
ContentArea.js:370 Current selected category: All Notes
ContentArea.js:371 All notes: 7
ContentArea.js:378 Note Firebase command: checking All Notes condition: {isArchived: false, matchesCategory: true}
ContentArea.js:370 Current selected category: All Notes
ContentArea.js:371 All notes: 7
ContentArea.js:378 Note Project Ideas 2024: checking All Notes condition: {isArchived: true, matchesCategory: false}
ContentArea.js:370 Current selected category: All Notes
ContentArea.js:371 All notes: 7
ContentArea.js:378 Note Weekly Goals: checking All Notes condition: {isArchived: true, matchesCategory: false}
ContentArea.js:370 Current selected category: All Notes
ContentArea.js:371 All notes: 7
ContentArea.js:378 Note Meeting Notes - Client Discussion: checking All Notes condition: {isArchived: true, matchesCategory: false}
ContentArea.js:370 Current selected category: All Notes
ContentArea.js:371 All notes: 7
ContentArea.js:378 Note test2: checking All Notes condition: {isArchived: false, matchesCategory: true}
ContentArea.js:370 Current selected category: All Notes
ContentArea.js:371 All notes: 7
ContentArea.js:378 Note Test: checking All Notes condition: {isArchived: false, matchesCategory: true}
ContentArea.js:370 Current selected category: All Notes
ContentArea.js:371 All notes: 7
ContentArea.js:378 Note test123: checking All Notes condition: {isArchived: false, matchesCategory: true}
ContentArea.js:370 Current selected category: All Notes
ContentArea.js:371 All notes: 7
ContentArea.js:378 Note Firebase command: checking All Notes condition: {isArchived: false, matchesCategory: true}
ContentArea.js:370 Current selected category: All Notes
ContentArea.js:371 All notes: 7
ContentArea.js:378 Note Project Ideas 2024: checking All Notes condition: {isArchived: true, matchesCategory: false}
ContentArea.js:370 Current selected category: All Notes
ContentArea.js:371 All notes: 7
ContentArea.js:378 Note Weekly Goals: checking All Notes condition: {isArchived: true, matchesCategory: false}
ContentArea.js:370 Current selected category: All Notes
ContentArea.js:371 All notes: 7
ContentArea.js:378 Note Meeting Notes - Client Discussion: checking All Notes condition: {isArchived: true, matchesCategory: false}
ContentArea.js:370 Current selected category: All Notes
ContentArea.js:371 All notes: 7
ContentArea.js:378 Note test2: checking All Notes condition: {isArchived: false, matchesCategory: true}
ContentArea.js:370 Current selected category: All Notes
ContentArea.js:371 All notes: 7
ContentArea.js:378 Note Test: checking All Notes condition: {isArchived: false, matchesCategory: true}
ContentArea.js:370 Current selected category: All Notes
ContentArea.js:371 All notes: 7
ContentArea.js:378 Note test123: checking All Notes condition: {isArchived: false, matchesCategory: true}
TipTapEditor.js:225 [tiptap warn]: Duplicate extension names found: ['codeBlock']. This can lead to issues.
resolve @ findDuplicates.ts:5
ExtensionManager @ PasteRule.ts:326
createExtensionManager @ Editor.ts:268
Editor @ Editor.ts:83
createEditor @ useEditor.ts:149
getInitialEditor @ useEditor.ts:94
EditorInstanceManager @ useEditor.ts:51
(anonymous) @ useEditor.ts:266
mountState @ react-dom.development.js:16143
useState @ react-dom.development.js:16859
useState @ react.development.js:1601
useEditor @ useEditor.ts:266
TipTapEditor @ TipTapEditor.js:225
renderWithHooks @ react-dom.development.js:15466
mountIndeterminateComponent @ react-dom.development.js:20078
beginWork @ react-dom.development.js:21605
beginWork$1 @ react-dom.development.js:27443
performUnitOfWork @ react-dom.development.js:26574
workLoopSync @ react-dom.development.js:26482
renderRootSync @ react-dom.development.js:26450
performSyncWorkOnRoot @ react-dom.development.js:26100
flushSyncCallbacks @ react-dom.development.js:12020
(anonymous) @ react-dom.development.js:25670
TipTapEditor.js:225 [tiptap warn]: Duplicate extension names found: ['codeBlock']. This can lead to issues.
resolve @ findDuplicates.ts:5
ExtensionManager @ PasteRule.ts:326
createExtensionManager @ Editor.ts:268
Editor @ Editor.ts:83
createEditor @ useEditor.ts:149
getInitialEditor @ useEditor.ts:94
EditorInstanceManager @ useEditor.ts:51
(anonymous) @ useEditor.ts:266
mountState @ react-dom.development.js:16143
useState @ react-dom.development.js:16859
useState @ react.development.js:1601
useEditor @ useEditor.ts:266
TipTapEditor @ TipTapEditor.js:225
renderWithHooks @ react-dom.development.js:15466
mountIndeterminateComponent @ react-dom.development.js:20150
beginWork @ react-dom.development.js:21605
beginWork$1 @ react-dom.development.js:27443
performUnitOfWork @ react-dom.development.js:26574
workLoopSync @ react-dom.development.js:26482
renderRootSync @ react-dom.development.js:26450
performSyncWorkOnRoot @ react-dom.development.js:26100
flushSyncCallbacks @ react-dom.development.js:12020
(anonymous) @ react-dom.development.js:25670
TipTapEditor.js:411 Content prop changed: 
NoteModal.js:17 NoteModal content updated: {initialTitle: 'test123', initialContent: '<p class="text-gray-200">wer</p>'}
ContentArea.js:408 Final filtered notes: 4
ContentArea.js:410 - Note: {id: 'uZvPm8BfpgKJEMOsNSun', title: 'Firebase command', category: 'Work/Projects', isArchived: false, order: 69}
ContentArea.js:410 - Note: {id: 'e2KNa16XGqElqtkYaecK', title: 'test2', category: 'Ideas', isArchived: false, order: 1131.8125}
ContentArea.js:410 - Note: {id: 'uHieyztHKTg544GGjwVp', title: 'Test', category: 'Meeting', isArchived: false, order: 1256.8125}
ContentArea.js:410 - Note: {id: 'UXvHIodxJ7kCtayKtUbH', title: 'test123', category: 'Urgent', isArchived: false, order: 2256.8125}
TipTapEditor.js:411 Content prop changed: 
NoteModal.js:17 NoteModal content updated: {initialTitle: 'test123', initialContent: '<p class="text-gray-200">wer</p>'}
TipTapEditor.js:411 Content prop changed: <p class="text-gray-200">wer</p>
TipTapEditor.js:39 Image upload triggered with file: File{name: 'Skrmbild frn 2024-10-26 14-06-02.png', lastModified: 1729944362311, lastModifiedDate: Sat Oct 26 2024 14:06:02 GMT+0200 (centraleuropeisk sommartid), webkitRelativePath: '', size: 14556,}
TipTapEditor.js:42 User authenticated, proceeding with upload
storage.js:6 Starting image upload process... {userId: 'GLNz0QZAbfefAUFkbcOJL8N1T513'}
storage.js:11 Generated filename: GLNz0QZAbfefAUFkbcOJL8N1T513/images/1735397206627_Skrmbild frn 2024-10-26 14-06-02.png
storage.js:14 Created storage reference
storage.js:17 Uploading file...
localhost/:1 Access to XMLHttpRequest at 'https://firebasestorage.googleapis.com/v0/b/eznotemanager-95745.firebasestorage.app/o?name=GLNz0QZAbfefAUFkbcOJL8N1T513%2Fimages%2F1735397206627_Sk%C3%A4rmbild%20fr%C3%A5n%202024-10-26%2014-06-02.png' from origin 'http://localhost:3000' has been blocked by CORS policy: Response to preflight request doesn't pass access control check: It does not have HTTP ok status.
storage.js:18 
        
        
       POST https://firebasestorage.googleapis.com/v0/b/eznotemanager-95745.firebasestorage.app/o?name=GLNz0QZAbfefAUFkbcOJL8N1T513%2Fimages%2F1735397206627_Sk%C3%A4rmbild%20fr%C3%A5n%202024-10-26%2014-06-02.png net::ERR_FAILED
send @ connection.ts:54
doTheRequest @ request.ts:87
(anonymous) @ backoff.ts:49
setTimeout
callWithDelay @ backoff.ts:49
start @ backoff.ts:117
start_ @ request.ts:165
(anonymous) @ request.ts:63
NetworkRequest @ request.ts:51
makeRequest @ request.ts:240
_makeRequest @ service.ts:282
makeRequestWithTokens @ service.ts:294
await in makeRequestWithTokens
uploadBytes$1 @ reference.ts:181
uploadBytes @ api.ts:85
uploadImage @ storage.js:18
handleImageUpload @ TipTapEditor.js:44
callCallback @ react-dom.development.js:4143
invokeGuardedCallbackDev @ react-dom.development.js:4193
invokeGuardedCallback @ react-dom.development.js:4258
invokeGuardedCallbackAndCatchFirstError @ react-dom.development.js:4272
executeDispatch @ react-dom.development.js:9020
processDispatchQueueItemsInOrder @ react-dom.development.js:9050
processDispatchQueue @ react-dom.development.js:9063
dispatchEventsForPlugins @ react-dom.development.js:9074
(anonymous) @ react-dom.development.js:9261
batchedUpdates$1 @ react-dom.development.js:26157
batchedUpdates @ react-dom.development.js:3968
dispatchEventForPluginEventSystem @ react-dom.development.js:9261
dispatchEventWithEnableCapturePhaseSelectiveHydrationWithoutDiscreteEventReplay @ react-dom.development.js:6442
dispatchEvent @ react-dom.development.js:6434
dispatchDiscreteEvent @ react-dom.development.js:6406
localhost/:1 Access to XMLHttpRequest at 'https://firebasestorage.googleapis.com/v0/b/eznotemanager-95745.firebasestorage.app/o?name=GLNz0QZAbfefAUFkbcOJL8N1T513%2Fimages%2F1735396814457_Sk%C3%A4rmbild%20fr%C3%A5n%202024-10-31%2017-34-00.png' from origin 'http://localhost:3000' has been blocked by CORS policy: Response to preflight request doesn't pass access control check: It does not have HTTP ok status.
connection.ts:54 
        
        
       POST https://firebasestorage.googleapis.com/v0/b/eznotemanager-95745.firebasestorage.app/o?name=GLNz0QZAbfefAUFkbcOJL8N1T513%2Fimages%2F1735396814457_Sk%C3%A4rmbild%20fr%C3%A5n%202024-10-31%2017-34-00.png net::ERR_FAILED
send @ connection.ts:54
doTheRequest @ request.ts:87
(anonymous) @ backoff.ts:49
localhost/:1 Access to XMLHttpRequest at 'https://firebasestorage.googleapis.com/v0/b/eznotemanager-95745.firebasestorage.app/o?name=GLNz0QZAbfefAUFkbcOJL8N1T513%2Fimages%2F1735397206627_Sk%C3%A4rmbild%20fr%C3%A5n%202024-10-26%2014-06-02.png' from origin 'http://localhost:3000' has been blocked by CORS policy: Response to preflight request doesn't pass access control check: It does not have HTTP ok status.
storage.js:18 
        
        
       POST https://firebasestorage.googleapis.com/v0/b/eznotemanager-95745.firebasestorage.app/o?name=GLNz0QZAbfefAUFkbcOJL8N1T513%2Fimages%2F1735397206627_Sk%C3%A4rmbild%20fr%C3%A5n%202024-10-26%2014-06-02.png net::ERR_FAILED
send @ connection.ts:54
doTheRequest @ request.ts:87
(anonymous) @ backoff.ts:49
setTimeout
callWithDelay @ backoff.ts:49
responseHandler @ backoff.ts:92
(anonymous) @ request.ts:102
Promise.then
doTheRequest @ request.ts:87
(anonymous) @ backoff.ts:49
setTimeout
callWithDelay @ backoff.ts:49
start @ backoff.ts:117
start_ @ request.ts:165
(anonymous) @ request.ts:63
NetworkRequest @ request.ts:51
makeRequest @ request.ts:240
_makeRequest @ service.ts:282
makeRequestWithTokens @ service.ts:294
await in makeRequestWithTokens
uploadBytes$1 @ reference.ts:181
uploadBytes @ api.ts:85
uploadImage @ storage.js:18
handleImageUpload @ TipTapEditor.js:44
callCallback @ react-dom.development.js:4143
invokeGuardedCallbackDev @ react-dom.development.js:4193
invokeGuardedCallback @ react-dom.development.js:4258
invokeGuardedCallbackAndCatchFirstError @ react-dom.development.js:4272
executeDispatch @ react-dom.development.js:9020
processDispatchQueueItemsInOrder @ react-dom.development.js:9050
processDispatchQueue @ react-dom.development.js:9063
dispatchEventsForPlugins @ react-dom.development.js:9074
(anonymous) @ react-dom.development.js:9261
batchedUpdates$1 @ react-dom.development.js:26157
batchedUpdates @ react-dom.development.js:3968
dispatchEventForPluginEventSystem @ react-dom.development.js:9261
dispatchEventWithEnableCapturePhaseSelectiveHydrationWithoutDiscreteEventReplay @ react-dom.development.js:6442
dispatchEvent @ react-dom.development.js:6434
dispatchDiscreteEvent @ react-dom.development.js:6406
NoteModal.js:43 Saving note: {finalTitle: 'test123', editedContent: '<p class="text-gray-200">wer</p>', selectedCat: 'Urgent', tagList: Array(0)}
ContentArea.js:266 Saving note content: {newTitle: 'test123', newContent: '<p class="text-gray-200">wer</p>', newCategory: 'Urgent', newTags: Array(0)}
ContentArea.js:284 Note data to save: {userId: 'GLNz0QZAbfefAUFkbcOJL8N1T513', title: 'test123', content: '<p class="text-gray-200">wer</p>', category: 'Urgent', tags: Array(0),}
ContentArea.js:370 Current selected category: All Notes
ContentArea.js:371 All notes: 7
ContentArea.js:378 Note Firebase command: checking All Notes condition: {isArchived: false, matchesCategory: true}
ContentArea.js:370 Current selected category: All Notes
ContentArea.js:371 All notes: 7
ContentArea.js:378 Note Project Ideas 2024: checking All Notes condition: {isArchived: true, matchesCategory: false}
ContentArea.js:370 Current selected category: All Notes
ContentArea.js:371 All notes: 7
ContentArea.js:378 Note Weekly Goals: checking All Notes condition: {isArchived: true, matchesCategory: false}
ContentArea.js:370 Current selected category: All Notes
ContentArea.js:371 All notes: 7
ContentArea.js:378 Note Meeting Notes - Client Discussion: checking All Notes condition: {isArchived: true, matchesCategory: false}
ContentArea.js:370 Current selected category: All Notes
ContentArea.js:371 All notes: 7
ContentArea.js:378 Note test2: checking All Notes condition: {isArchived: false, matchesCategory: true}
ContentArea.js:370 Current selected category: All Notes
ContentArea.js:371 All notes: 7
ContentArea.js:378 Note Test: checking All Notes condition: {isArchived: false, matchesCategory: true}
ContentArea.js:370 Current selected category: All Notes
ContentArea.js:371 All notes: 7
ContentArea.js:378 Note test123: checking All Notes condition: {isArchived: false, matchesCategory: true}
ContentArea.js:370 Current selected category: All Notes
ContentArea.js:371 All notes: 7
ContentArea.js:378 Note Firebase command: checking All Notes condition: {isArchived: false, matchesCategory: true}
ContentArea.js:370 Current selected category: All Notes
ContentArea.js:371 All notes: 7
ContentArea.js:378 Note Project Ideas 2024: checking All Notes condition: {isArchived: true, matchesCategory: false}
ContentArea.js:370 Current selected category: All Notes
ContentArea.js:371 All notes: 7
ContentArea.js:378 Note Weekly Goals: checking All Notes condition: {isArchived: true, matchesCategory: false}
ContentArea.js:370 Current selected category: All Notes
ContentArea.js:371 All notes: 7
ContentArea.js:378 Note Meeting Notes - Client Discussion: checking All Notes condition: {isArchived: true, matchesCategory: false}
ContentArea.js:370 Current selected category: All Notes
ContentArea.js:371 All notes: 7
ContentArea.js:378 Note test2: checking All Notes condition: {isArchived: false, matchesCategory: true}
ContentArea.js:370 Current selected category: All Notes
ContentArea.js:371 All notes: 7
ContentArea.js:378 Note Test: checking All Notes condition: {isArchived: false, matchesCategory: true}
ContentArea.js:370 Current selected category: All Notes
ContentArea.js:371 All notes: 7
ContentArea.js:378 Note test123: checking All Notes condition: {isArchived: false, matchesCategory: true}
ContentArea.js:408 Final filtered notes: 4
ContentArea.js:410 - Note: {id: 'uZvPm8BfpgKJEMOsNSun', title: 'Firebase command', category: 'Work/Projects', isArchived: false, order: 69}
ContentArea.js:410 - Note: {id: 'e2KNa16XGqElqtkYaecK', title: 'test2', category: 'Ideas', isArchived: false, order: 1131.8125}
ContentArea.js:410 - Note: {id: 'uHieyztHKTg544GGjwVp', title: 'Test', category: 'Meeting', isArchived: false, order: 1256.8125}
ContentArea.js:410 - Note: {id: 'UXvHIodxJ7kCtayKtUbH', title: 'test123', category: 'Urgent', isArchived: false, order: 2256.8125}
notes.js:122 Received snapshot with changes
notes.js:141 Processed notes: 7
ContentArea.js:52 Received notes update: 7
notes.js:122 Received snapshot with changes
notes.js:141 Processed notes: 7
ContentArea.js:52 Received notes update: 7
ContentArea.js:370 Current selected category: All Notes
ContentArea.js:371 All notes: 7
ContentArea.js:378 Note Firebase command: checking All Notes condition: {isArchived: false, matchesCategory: true}
ContentArea.js:370 Current selected category: All Notes
ContentArea.js:371 All notes: 7
ContentArea.js:378 Note Project Ideas 2024: checking All Notes condition: {isArchived: true, matchesCategory: false}
ContentArea.js:370 Current selected category: All Notes
ContentArea.js:371 All notes: 7
ContentArea.js:378 Note Weekly Goals: checking All Notes condition: {isArchived: true, matchesCategory: false}
ContentArea.js:370 Current selected category: All Notes
ContentArea.js:371 All notes: 7
ContentArea.js:378 Note Meeting Notes - Client Discussion: checking All Notes condition: {isArchived: true, matchesCategory: false}
ContentArea.js:370 Current selected category: All Notes
ContentArea.js:371 All notes: 7
ContentArea.js:378 Note test2: checking All Notes condition: {isArchived: false, matchesCategory: true}
ContentArea.js:370 Current selected category: All Notes
ContentArea.js:371 All notes: 7
ContentArea.js:378 Note Test: checking All Notes condition: {isArchived: false, matchesCategory: true}
ContentArea.js:370 Current selected category: All Notes
ContentArea.js:371 All notes: 7
ContentArea.js:378 Note test123: checking All Notes condition: {isArchived: false, matchesCategory: true}
ContentArea.js:370 Current selected category: All Notes
ContentArea.js:371 All notes: 7
ContentArea.js:378 Note Firebase command: checking All Notes condition: {isArchived: false, matchesCategory: true}
ContentArea.js:370 Current selected category: All Notes
ContentArea.js:371 All notes: 7
ContentArea.js:378 Note Project Ideas 2024: checking All Notes condition: {isArchived: true, matchesCategory: false}
ContentArea.js:370 Current selected category: All Notes
ContentArea.js:371 All notes: 7
ContentArea.js:378 Note Weekly Goals: checking All Notes condition: {isArchived: true, matchesCategory: false}
ContentArea.js:370 Current selected category: All Notes
ContentArea.js:371 All notes: 7
ContentArea.js:378 Note Meeting Notes - Client Discussion: checking All Notes condition: {isArchived: true, matchesCategory: false}
ContentArea.js:370 Current selected category: All Notes
ContentArea.js:371 All notes: 7
ContentArea.js:378 Note test2: checking All Notes condition: {isArchived: false, matchesCategory: true}
ContentArea.js:370 Current selected category: All Notes
ContentArea.js:371 All notes: 7
ContentArea.js:378 Note Test: checking All Notes condition: {isArchived: false, matchesCategory: true}
ContentArea.js:370 Current selected category: All Notes
ContentArea.js:371 All notes: 7
ContentArea.js:378 Note test123: checking All Notes condition: {isArchived: false, matchesCategory: true}
ContentArea.js:408 Final filtered notes: 4
ContentArea.js:410 - Note: {id: 'uZvPm8BfpgKJEMOsNSun', title: 'Firebase command', category: 'Work/Projects', isArchived: false, order: 69}
ContentArea.js:410 - Note: {id: 'e2KNa16XGqElqtkYaecK', title: 'test2', category: 'Ideas', isArchived: false, order: 1131.8125}
ContentArea.js:410 - Note: {id: 'uHieyztHKTg544GGjwVp', title: 'Test', category: 'Meeting', isArchived: false, order: 1256.8125}
ContentArea.js:410 - Note: {id: 'UXvHIodxJ7kCtayKtUbH', title: 'test123', category: 'Urgent', isArchived: false, order: 2256.8125}
notes.js:61 Note updated successfully: UXvHIodxJ7kCtayKtUbH
localhost/:1 Access to XMLHttpRequest at 'https://firebasestorage.googleapis.com/v0/b/eznotemanager-95745.firebasestorage.app/o?name=GLNz0QZAbfefAUFkbcOJL8N1T513%2Fimages%2F1735397206627_Sk%C3%A4rmbild%20fr%C3%A5n%202024-10-26%2014-06-02.png' from origin 'http://localhost:3000' has been blocked by CORS policy: Response to preflight request doesn't pass access control check: It does not have HTTP ok status.
storage.js:18 
        
        
       POST https://firebasestorage.googleapis.com/v0/b/eznotemanager-95745.firebasestorage.app/o?name=GLNz0QZAbfefAUFkbcOJL8N1T513%2Fimages%2F1735397206627_Sk%C3%A4rmbild%20fr%C3%A5n%202024-10-26%2014-06-02.png net::ERR_FAILED
send @ connection.ts:54
doTheRequest @ request.ts:87
(anonymous) @ backoff.ts:49
setTimeout
callWithDelay @ backoff.ts:49
responseHandler @ backoff.ts:92
(anonymous) @ request.ts:102
Promise.then
doTheRequest @ request.ts:87
(anonymous) @ backoff.ts:49
setTimeout
callWithDelay @ backoff.ts:49
responseHandler @ backoff.ts:92
(anonymous) @ request.ts:102
Promise.then
doTheRequest @ request.ts:87
(anonymous) @ backoff.ts:49
setTimeout
callWithDelay @ backoff.ts:49
start @ backoff.ts:117
start_ @ request.ts:165
(anonymous) @ request.ts:63
NetworkRequest @ request.ts:51
makeRequest @ request.ts:240
_makeRequest @ service.ts:282
makeRequestWithTokens @ service.ts:294
await in makeRequestWithTokens
uploadBytes$1 @ reference.ts:181
uploadBytes @ api.ts:85
uploadImage @ storage.js:18
handleImageUpload @ TipTapEditor.js:44
callCallback @ react-dom.development.js:4143
invokeGuardedCallbackDev @ react-dom.development.js:4193
invokeGuardedCallback @ react-dom.development.js:4258
invokeGuardedCallbackAndCatchFirstError @ react-dom.development.js:4272
executeDispatch @ react-dom.development.js:9020
processDispatchQueueItemsInOrder @ react-dom.development.js:9050
processDispatchQueue @ react-dom.development.js:9063
dispatchEventsForPlugins @ react-dom.development.js:9074
(anonymous) @ react-dom.development.js:9261
batchedUpdates$1 @ react-dom.development.js:26157
batchedUpdates @ react-dom.development.js:3968
dispatchEventForPluginEventSystem @ react-dom.development.js:9261
dispatchEventWithEnableCapturePhaseSelectiveHydrationWithoutDiscreteEventReplay @ react-dom.development.js:6442
dispatchEvent @ react-dom.development.js:6434
dispatchDiscreteEvent @ react-dom.development.js:6406
localhost/:1 Access to XMLHttpRequest at 'https://firebasestorage.googleapis.com/v0/b/eznotemanager-95745.firebasestorage.app/o?name=GLNz0QZAbfefAUFkbcOJL8N1T513%2Fimages%2F1735397206627_Sk%C3%A4rmbild%20fr%C3%A5n%202024-10-26%2014-06-02.png' from origin 'http://localhost:3000' has been blocked by CORS policy: Response to preflight request doesn't pass access control check: It does not have HTTP ok status.
storage.js:18 
        
        
       POST https://firebasestorage.googleapis.com/v0/b/eznotemanager-95745.firebasestorage.app/o?name=GLNz0QZAbfefAUFkbcOJL8N1T513%2Fimages%2F1735397206627_Sk%C3%A4rmbild%20fr%C3%A5n%202024-10-26%2014-06-02.png net::ERR_FAILED
send @ connection.ts:54
doTheRequest @ request.ts:87
(anonymous) @ backoff.ts:49
setTimeout
callWithDelay @ backoff.ts:49
responseHandler @ backoff.ts:92
(anonymous) @ request.ts:102
Promise.then
doTheRequest @ request.ts:87
(anonymous) @ backoff.ts:49
setTimeout
callWithDelay @ backoff.ts:49
responseHandler @ backoff.ts:92
(anonymous) @ request.ts:102
Promise.then
doTheRequest @ request.ts:87
(anonymous) @ backoff.ts:49
setTimeout
callWithDelay @ backoff.ts:49
responseHandler @ backoff.ts:92
(anonymous) @ request.ts:102
Promise.then
doTheRequest @ request.ts:87
(anonymous) @ backoff.ts:49
setTimeout
callWithDelay @ backoff.ts:49
start @ backoff.ts:117
start_ @ request.ts:165
(anonymous) @ request.ts:63
NetworkRequest @ request.ts:51
makeRequest @ request.ts:240
_makeRequest @ service.ts:282
makeRequestWithTokens @ service.ts:294
await in makeRequestWithTokens
uploadBytes$1 @ reference.ts:181
uploadBytes @ api.ts:85
uploadImage @ storage.js:18
handleImageUpload @ TipTapEditor.js:44
callCallback @ react-dom.development.js:4143
invokeGuardedCallbackDev @ react-dom.development.js:4193
invokeGuardedCallback @ react-dom.development.js:4258
invokeGuardedCallbackAndCatchFirstError @ react-dom.development.js:4272
executeDispatch @ react-dom.development.js:9020
processDispatchQueueItemsInOrder @ react-dom.development.js:9050
processDispatchQueue @ react-dom.development.js:9063
dispatchEventsForPlugins @ react-dom.development.js:9074
(anonymous) @ react-dom.development.js:9261
batchedUpdates$1 @ react-dom.development.js:26157
batchedUpdates @ react-dom.development.js:3968
dispatchEventForPluginEventSystem @ react-dom.development.js:9261
dispatchEventWithEnableCapturePhaseSelectiveHydrationWithoutDiscreteEventReplay @ react-dom.development.js:6442
dispatchEvent @ react-dom.development.js:6434
dispatchDiscreteEvent @ react-dom.development.js:6406
localhost/:1 Access to XMLHttpRequest at 'https://firebasestorage.googleapis.com/v0/b/eznotemanager-95745.firebasestorage.app/o?name=GLNz0QZAbfefAUFkbcOJL8N1T513%2Fimages%2F1735396836957_Sk%C3%A4rmbild%20fr%C3%A5n%202024-10-31%2017-34-00.png' from origin 'http://localhost:3000' has been blocked by CORS policy: Response to preflight request doesn't pass access control check: It does not have HTTP ok status.
connection.ts:54 
        
        
       POST https://firebasestorage.googleapis.com/v0/b/eznotemanager-95745.firebasestorage.app/o?name=GLNz0QZAbfefAUFkbcOJL8N1T513%2Fimages%2F1735396836957_Sk%C3%A4rmbild%20fr%C3%A5n%202024-10-31%2017-34-00.png net::ERR_FAILED
send @ connection.ts:54
doTheRequest @ request.ts:87
(anonymous) @ backoff.ts:49
setTimeout
callWithDelay @ backoff.ts:49
responseHandler @ backoff.ts:92
(anonymous) @ request.ts:102
Promise.then
doTheRequest @ request.ts:87
(anonymous) @ backoff.ts:49
localhost/:1 Access to XMLHttpRequest at 'https://firebasestorage.googleapis.com/v0/b/eznotemanager-95745.firebasestorage.app/o?name=GLNz0QZAbfefAUFkbcOJL8N1T513%2Fimages%2F1735396902750_Sk%C3%A4rmbild%20fr%C3%A5n%202024-10-26%2014-06-02.png' from origin 'http://localhost:3000' has been blocked by CORS policy: Response to preflight request doesn't pass access control check: It does not have HTTP ok status.
connection.ts:54 
        
        
       POST https://firebasestorage.googleapis.com/v0/b/eznotemanager-95745.firebasestorage.app/o?name=GLNz0QZAbfefAUFkbcOJL8N1T513%2Fimages%2F1735396902750_Sk%C3%A4rmbild%20fr%C3%A5n%202024-10-26%2014-06-02.png net::ERR_FAILED
send @ connection.ts:54
doTheRequest @ request.ts:87
(anonymous) @ backoff.ts:49
setTimeout
callWithDelay @ backoff.ts:49
responseHandler @ backoff.ts:92
(anonymous) @ request.ts:102
Promise.then
doTheRequest @ request.ts:87
(anonymous) @ backoff.ts:49
localhost/:1 Access to XMLHttpRequest at 'https://firebasestorage.googleapis.com/v0/b/eznotemanager-95745.firebasestorage.app/o?name=GLNz0QZAbfefAUFkbcOJL8N1T513%2Fimages%2F1735397206627_Sk%C3%A4rmbild%20fr%C3%A5n%202024-10-26%2014-06-02.png' from origin 'http://localhost:3000' has been blocked by CORS policy: Response to preflight request doesn't pass access control check: It does not have HTTP ok status.
storage.js:18 
        
        
       POST https://firebasestorage.googleapis.com/v0/b/eznotemanager-95745.firebasestorage.app/o?name=GLNz0QZAbfefAUFkbcOJL8N1T513%2Fimages%2F1735397206627_Sk%C3%A4rmbild%20fr%C3%A5n%202024-10-26%2014-06-02.png net::ERR_FAILED
send @ connection.ts:54
doTheRequest @ request.ts:87
(anonymous) @ backoff.ts:49
setTimeout
callWithDelay @ backoff.ts:49
responseHandler @ backoff.ts:92
(anonymous) @ request.ts:102
Promise.then
doTheRequest @ request.ts:87
(anonymous) @ backoff.ts:49
setTimeout
callWithDelay @ backoff.ts:49
responseHandler @ backoff.ts:92
(anonymous) @ request.ts:102
Promise.then
doTheRequest @ request.ts:87
(anonymous) @ backoff.ts:49
setTimeout
callWithDelay @ backoff.ts:49
responseHandler @ backoff.ts:92
(anonymous) @ request.ts:102
Promise.then
doTheRequest @ request.ts:87
(anonymous) @ backoff.ts:49
setTimeout
callWithDelay @ backoff.ts:49
responseHandler @ backoff.ts:92
(anonymous) @ request.ts:102
Promise.then
doTheRequest @ request.ts:87
(anonymous) @ backoff.ts:49
setTimeout
callWithDelay @ backoff.ts:49
start @ backoff.ts:117
start_ @ request.ts:165
(anonymous) @ request.ts:63
NetworkRequest @ request.ts:51
makeRequest @ request.ts:240
_makeRequest @ service.ts:282
makeRequestWithTokens @ service.ts:294
await in makeRequestWithTokens
uploadBytes$1 @ reference.ts:181
uploadBytes @ api.ts:85
uploadImage @ storage.js:18
handleImageUpload @ TipTapEditor.js:44
callCallback @ react-dom.development.js:4143
invokeGuardedCallbackDev @ react-dom.development.js:4193
invokeGuardedCallback @ react-dom.development.js:4258
invokeGuardedCallbackAndCatchFirstError @ react-dom.development.js:4272
executeDispatch @ react-dom.development.js:9020
processDispatchQueueItemsInOrder @ react-dom.development.js:9050
processDispatchQueue @ react-dom.development.js:9063
dispatchEventsForPlugins @ react-dom.development.js:9074
(anonymous) @ react-dom.development.js:9261
batchedUpdates$1 @ react-dom.development.js:26157
batchedUpdates @ react-dom.development.js:3968
dispatchEventForPluginEventSystem @ react-dom.development.js:9261
dispatchEventWithEnableCapturePhaseSelectiveHydrationWithoutDiscreteEventReplay @ react-dom.development.js:6442
dispatchEvent @ react-dom.development.js:6434
dispatchDiscreteEvent @ react-dom.development.js:6406
