ContentArea.js:370 Current selected category: All Notes
ContentArea.js:371 All notes: 10
ContentArea.js:378 Note Firebase command: checking All Notes condition: {isArchived: false, matchesCategory: true}
ContentArea.js:370 Current selected category: All Notes
ContentArea.js:371 All notes: 10
ContentArea.js:378 Note Project Ideas 2024: checking All Notes condition: {isArchived: true, matchesCategory: false}
ContentArea.js:370 Current selected category: All Notes
ContentArea.js:371 All notes: 10
ContentArea.js:378 Note Weekly Goals: checking All Notes condition: {isArchived: true, matchesCategory: false}
ContentArea.js:370 Current selected category: All Notes
ContentArea.js:371 All notes: 10
ContentArea.js:378 Note test123: checking All Notes condition: {isArchived: false, matchesCategory: true}
ContentArea.js:370 Current selected category: All Notes
ContentArea.js:371 All notes: 10
ContentArea.js:378 Note Meeting Notes - Client Discussion: checking All Notes condition: {isArchived: true, matchesCategory: false}
ContentArea.js:370 Current selected category: All Notes
ContentArea.js:371 All notes: 10
ContentArea.js:378 Note Test: checking All Notes condition: {isArchived: false, matchesCategory: true}
ContentArea.js:370 Current selected category: All Notes
ContentArea.js:371 All notes: 10
ContentArea.js:378 Note 2024-12-28: checking All Notes condition: {isArchived: false, matchesCategory: true}
ContentArea.js:370 Current selected category: All Notes
ContentArea.js:371 All notes: 10
ContentArea.js:378 Note Testar image upload: checking All Notes condition: {isArchived: false, matchesCategory: true}
ContentArea.js:370 Current selected category: All Notes
ContentArea.js:371 All notes: 10
ContentArea.js:378 Note test2: checking All Notes condition: {isArchived: false, matchesCategory: true}
ContentArea.js:370 Current selected category: All Notes
ContentArea.js:371 All notes: 10
ContentArea.js:378 Note 2024-12-28: checking All Notes condition: {isArchived: false, matchesCategory: true}
ContentArea.js:370 Current selected category: All Notes
ContentArea.js:371 All notes: 10
ContentArea.js:378 Note Firebase command: checking All Notes condition: {isArchived: false, matchesCategory: true}
ContentArea.js:370 Current selected category: All Notes
ContentArea.js:371 All notes: 10
ContentArea.js:378 Note Project Ideas 2024: checking All Notes condition: {isArchived: true, matchesCategory: false}
ContentArea.js:370 Current selected category: All Notes
ContentArea.js:371 All notes: 10
ContentArea.js:378 Note Weekly Goals: checking All Notes condition: {isArchived: true, matchesCategory: false}
ContentArea.js:370 Current selected category: All Notes
ContentArea.js:371 All notes: 10
ContentArea.js:378 Note test123: checking All Notes condition: {isArchived: false, matchesCategory: true}
ContentArea.js:370 Current selected category: All Notes
ContentArea.js:371 All notes: 10
ContentArea.js:378 Note Meeting Notes - Client Discussion: checking All Notes condition: {isArchived: true, matchesCategory: false}
ContentArea.js:370 Current selected category: All Notes
ContentArea.js:371 All notes: 10
ContentArea.js:378 Note Test: checking All Notes condition: {isArchived: false, matchesCategory: true}
ContentArea.js:370 Current selected category: All Notes
ContentArea.js:371 All notes: 10
ContentArea.js:378 Note 2024-12-28: checking All Notes condition: {isArchived: false, matchesCategory: true}
ContentArea.js:370 Current selected category: All Notes
ContentArea.js:371 All notes: 10
ContentArea.js:378 Note Testar image upload: checking All Notes condition: {isArchived: false, matchesCategory: true}
ContentArea.js:370 Current selected category: All Notes
ContentArea.js:371 All notes: 10
ContentArea.js:378 Note test2: checking All Notes condition: {isArchived: false, matchesCategory: true}
ContentArea.js:370 Current selected category: All Notes
ContentArea.js:371 All notes: 10
ContentArea.js:378 Note 2024-12-28: checking All Notes condition: {isArchived: false, matchesCategory: true}
warning.js:34 Warning: react-modal: App element is not defined. Please use `Modal.setAppElement(el)` or set `appElement={el}`. This is needed so screen readers don't see main content when modal is opened. It is not recommended, but you can opt-out by setting `ariaHideApp={false}`.
printWarning @ warning.js:34
warning @ warning.js:57
validateElement @ ariaAppHider.js:77
hide @ ariaAppHider.js:89
beforeOpen @ ModalPortal.js:342
ModalPortal._this.open @ ModalPortal.js:135
componentDidMount @ ModalPortal.js:285
commitLayoutEffectOnFiber @ react-dom.development.js:23344
commitLayoutMountEffects_complete @ react-dom.development.js:24727
commitLayoutEffects_begin @ react-dom.development.js:24713
commitLayoutEffects @ react-dom.development.js:24651
commitRootImpl @ react-dom.development.js:26862
commitRoot @ react-dom.development.js:26721
performSyncWorkOnRoot @ react-dom.development.js:26156
flushSyncCallbacks @ react-dom.development.js:12042
(anonymous) @ react-dom.development.js:25690
ContentArea.js:408 Final filtered notes: 7
ContentArea.js:410 - Note: {id: 'uZvPm8BfpgKJEMOsNSun', title: 'Firebase command', category: 'Work/Projects', isArchived: false, order: 69}
ContentArea.js:410 - Note: {id: 'UXvHIodxJ7kCtayKtUbH', title: 'test123', category: 'Urgent', isArchived: false, order: 662.90625}
ContentArea.js:410 - Note: {id: 'uHieyztHKTg544GGjwVp', title: 'Test', category: 'Meeting', isArchived: false, order: 811.3828125}
ContentArea.js:410 - Note: {id: 'MQH27Cl9gGe6YoAm6oA0', title: '2024-12-28', category: 'Uncategorized', isArchived: false, order: 959.859375}
ContentArea.js:410 - Note: {id: 'ReTeiugYPNX6yt5iOIQ4', title: 'Testar image upload', category: 'Ideas', isArchived: false, order: 3756.8125}
ContentArea.js:410 - Note: {id: 'e2KNa16XGqElqtkYaecK', title: 'test2', category: 'Ideas', isArchived: false, order: 4569.3125}
ContentArea.js:410 - Note: {id: 'dwgMJ4mWmIbUGNoZGTSf', title: '2024-12-28', category: 'Personal', isArchived: false, order: 5381.8125}
warning.js:34 Warning: react-modal: App element is not defined. Please use `Modal.setAppElement(el)` or set `appElement={el}`. This is needed so screen readers don't see main content when modal is opened. It is not recommended, but you can opt-out by setting `ariaHideApp={false}`.
printWarning @ warning.js:34
warning @ warning.js:57
validateElement @ ariaAppHider.js:77
hide @ ariaAppHider.js:89
beforeOpen @ ModalPortal.js:342
ModalPortal._this.open @ ModalPortal.js:135
componentDidMount @ ModalPortal.js:285
invokeLayoutEffectMountInDEV @ react-dom.development.js:25172
invokeEffectsInDev @ react-dom.development.js:27390
commitDoubleInvokeEffectsInDEV @ react-dom.development.js:27366
flushPassiveEffectsImpl @ react-dom.development.js:27095
flushPassiveEffects @ react-dom.development.js:27023
commitRootImpl @ react-dom.development.js:26974
commitRoot @ react-dom.development.js:26721
performSyncWorkOnRoot @ react-dom.development.js:26156
flushSyncCallbacks @ react-dom.development.js:12042
(anonymous) @ react-dom.development.js:25690
portalOpenInstances.js:22 React-Modal: Cannot register modal instance that's already open
PortalOpenInstances.register @ portalOpenInstances.js:22
beforeOpen @ ModalPortal.js:345
ModalPortal._this.open @ ModalPortal.js:135
componentDidMount @ ModalPortal.js:285
invokeLayoutEffectMountInDEV @ react-dom.development.js:25172
invokeEffectsInDev @ react-dom.development.js:27390
commitDoubleInvokeEffectsInDEV @ react-dom.development.js:27366
flushPassiveEffectsImpl @ react-dom.development.js:27095
flushPassiveEffects @ react-dom.development.js:27023
commitRootImpl @ react-dom.development.js:26974
commitRoot @ react-dom.development.js:26721
performSyncWorkOnRoot @ react-dom.development.js:26156
flushSyncCallbacks @ react-dom.development.js:12042
(anonymous) @ react-dom.development.js:25690
ContentArea.js:370 Current selected category: All Notes
ContentArea.js:371 All notes: 10
ContentArea.js:378 Note Firebase command: checking All Notes condition: {isArchived: false, matchesCategory: true}
ContentArea.js:370 Current selected category: All Notes
ContentArea.js:371 All notes: 10
ContentArea.js:378 Note Project Ideas 2024: checking All Notes condition: {isArchived: true, matchesCategory: false}
ContentArea.js:370 Current selected category: All Notes
ContentArea.js:371 All notes: 10
ContentArea.js:378 Note Weekly Goals: checking All Notes condition: {isArchived: true, matchesCategory: false}
ContentArea.js:370 Current selected category: All Notes
ContentArea.js:371 All notes: 10
ContentArea.js:378 Note test123: checking All Notes condition: {isArchived: false, matchesCategory: true}
ContentArea.js:370 Current selected category: All Notes
ContentArea.js:371 All notes: 10
ContentArea.js:378 Note Meeting Notes - Client Discussion: checking All Notes condition: {isArchived: true, matchesCategory: false}
ContentArea.js:370 Current selected category: All Notes
ContentArea.js:371 All notes: 10
ContentArea.js:378 Note Test: checking All Notes condition: {isArchived: false, matchesCategory: true}
ContentArea.js:370 Current selected category: All Notes
ContentArea.js:371 All notes: 10
ContentArea.js:378 Note 2024-12-28: checking All Notes condition: {isArchived: false, matchesCategory: true}
ContentArea.js:370 Current selected category: All Notes
ContentArea.js:371 All notes: 10
ContentArea.js:378 Note Testar image upload: checking All Notes condition: {isArchived: false, matchesCategory: true}
ContentArea.js:370 Current selected category: All Notes
ContentArea.js:371 All notes: 10
ContentArea.js:378 Note test2: checking All Notes condition: {isArchived: false, matchesCategory: true}
ContentArea.js:370 Current selected category: All Notes
ContentArea.js:371 All notes: 10
ContentArea.js:378 Note 2024-12-28: checking All Notes condition: {isArchived: false, matchesCategory: true}
ContentArea.js:370 Current selected category: All Notes
ContentArea.js:371 All notes: 10
ContentArea.js:378 Note Firebase command: checking All Notes condition: {isArchived: false, matchesCategory: true}
ContentArea.js:370 Current selected category: All Notes
ContentArea.js:371 All notes: 10
ContentArea.js:378 Note Project Ideas 2024: checking All Notes condition: {isArchived: true, matchesCategory: false}
ContentArea.js:370 Current selected category: All Notes
ContentArea.js:371 All notes: 10
ContentArea.js:378 Note Weekly Goals: checking All Notes condition: {isArchived: true, matchesCategory: false}
ContentArea.js:370 Current selected category: All Notes
ContentArea.js:371 All notes: 10
ContentArea.js:378 Note test123: checking All Notes condition: {isArchived: false, matchesCategory: true}
ContentArea.js:370 Current selected category: All Notes
ContentArea.js:371 All notes: 10
ContentArea.js:378 Note Meeting Notes - Client Discussion: checking All Notes condition: {isArchived: true, matchesCategory: false}
ContentArea.js:370 Current selected category: All Notes
ContentArea.js:371 All notes: 10
ContentArea.js:378 Note Test: checking All Notes condition: {isArchived: false, matchesCategory: true}
ContentArea.js:370 Current selected category: All Notes
ContentArea.js:371 All notes: 10
ContentArea.js:378 Note 2024-12-28: checking All Notes condition: {isArchived: false, matchesCategory: true}
ContentArea.js:370 Current selected category: All Notes
ContentArea.js:371 All notes: 10
ContentArea.js:378 Note Testar image upload: checking All Notes condition: {isArchived: false, matchesCategory: true}
ContentArea.js:370 Current selected category: All Notes
ContentArea.js:371 All notes: 10
ContentArea.js:378 Note test2: checking All Notes condition: {isArchived: false, matchesCategory: true}
ContentArea.js:370 Current selected category: All Notes
ContentArea.js:371 All notes: 10
ContentArea.js:378 Note 2024-12-28: checking All Notes condition: {isArchived: false, matchesCategory: true}
ContentArea.js:408 Final filtered notes: 7
ContentArea.js:410 - Note: {id: 'uZvPm8BfpgKJEMOsNSun', title: 'Firebase command', category: 'Work/Projects', isArchived: false, order: 69}
ContentArea.js:410 - Note: {id: 'UXvHIodxJ7kCtayKtUbH', title: 'test123', category: 'Urgent', isArchived: false, order: 662.90625}
ContentArea.js:410 - Note: {id: 'uHieyztHKTg544GGjwVp', title: 'Test', category: 'Meeting', isArchived: false, order: 811.3828125}
ContentArea.js:410 - Note: {id: 'MQH27Cl9gGe6YoAm6oA0', title: '2024-12-28', category: 'Uncategorized', isArchived: false, order: 959.859375}
ContentArea.js:410 - Note: {id: 'ReTeiugYPNX6yt5iOIQ4', title: 'Testar image upload', category: 'Ideas', isArchived: false, order: 3756.8125}
ContentArea.js:410 - Note: {id: 'e2KNa16XGqElqtkYaecK', title: 'test2', category: 'Ideas', isArchived: false, order: 4569.3125}
ContentArea.js:410 - Note: {id: 'dwgMJ4mWmIbUGNoZGTSf', title: '2024-12-28', category: 'Personal', isArchived: false, order: 5381.8125}
notes.js:49 Note added successfully: wV4oQcGf8JxU6NnbA7i5
