react refresh:6 Download the React DevTools for a better development experience: https://reactjs.org/link/react-devtools
ContentArea.js:44 Setting up subscription for user: GLNz0QZAbfefAUFkbcOJL8N1T513
ContentArea.js:408 Final filtered notes: 0
App.js:126 Attempting to initialize user: GLNz0QZAbfefAUFkbcOJL8N1T513
ContentArea.js:44 Setting up subscription for user: GLNz0QZAbfefAUFkbcOJL8N1T513
ContentArea.js:408 Final filtered notes: 0
ContentArea.js:408 Final filtered notes: 0
notes.js:123 Subscribing to notes for user: GLNz0QZAbfefAUFkbcOJL8N1T513
notes.js:123 Subscribing to notes for user: GLNz0QZAbfefAUFkbcOJL8N1T513
App.js:59 Received updated tags: (24) ['pcm', 'intune', 'entra', 'smoketest', 'UAT', 'appdisco', 'git', 'Abaqus', 'tutorial', 'formatting', 'organization', 'tags', 'features', 'search', 'project', 'ideas', 'web', 'meeting', 'client', 'Dummy', 'firebase', 'dashboard', 'test', 'id']
App.js:75 Received updated categories: (7) [{…}, {…}, {…}, {…}, {…}, {…}, {…}]
ContentArea.js:370 Current selected category: All Notes
ContentArea.js:371 All notes: 10
ContentArea.js:378 Note Firebase command: checking All Notes condition: {isArchived: false, matchesCategory: true}
ContentArea.js:370 Current selected category: All Notes
ContentArea.js:371 All notes: 10
ContentArea.js:378 Note Project Ideas 2024: checking All Notes condition: {isArchived: true, matchesCategory: false}
ContentArea.js:370 Current selected category: All Notes
ContentArea.js:371 All notes: 10
ContentArea.js:378 Note Weekly Goals: checking All Notes condition: {isArchived: true, matchesCategory: false}
ContentArea.js:370 Current selected category: All Notes
ContentArea.js:371 All notes: 10
ContentArea.js:378 Note test123: checking All Notes condition: {isArchived: false, matchesCategory: true}
ContentArea.js:370 Current selected category: All Notes
ContentArea.js:371 All notes: 10
ContentArea.js:378 Note Meeting Notes - Client Discussion: checking All Notes condition: {isArchived: true, matchesCategory: false}
ContentArea.js:370 Current selected category: All Notes
ContentArea.js:371 All notes: 10
ContentArea.js:378 Note Test: checking All Notes condition: {isArchived: false, matchesCategory: true}
ContentArea.js:370 Current selected category: All Notes
ContentArea.js:371 All notes: 10
ContentArea.js:378 Note 2024-12-28: checking All Notes condition: {isArchived: false, matchesCategory: true}
ContentArea.js:370 Current selected category: All Notes
ContentArea.js:371 All notes: 10
ContentArea.js:378 Note Testar image upload: checking All Notes condition: {isArchived: false, matchesCategory: true}
ContentArea.js:370 Current selected category: All Notes
ContentArea.js:371 All notes: 10
ContentArea.js:378 Note test2: checking All Notes condition: {isArchived: false, matchesCategory: true}
ContentArea.js:370 Current selected category: All Notes
ContentArea.js:371 All notes: 10
ContentArea.js:378 Note 2024-12-28: checking All Notes condition: {isArchived: false, matchesCategory: true}
ContentArea.js:370 Current selected category: All Notes
ContentArea.js:371 All notes: 10
ContentArea.js:378 Note Firebase command: checking All Notes condition: {isArchived: false, matchesCategory: true}
ContentArea.js:370 Current selected category: All Notes
ContentArea.js:371 All notes: 10
ContentArea.js:378 Note Project Ideas 2024: checking All Notes condition: {isArchived: true, matchesCategory: false}
ContentArea.js:370 Current selected category: All Notes
ContentArea.js:371 All notes: 10
ContentArea.js:378 Note Weekly Goals: checking All Notes condition: {isArchived: true, matchesCategory: false}
ContentArea.js:370 Current selected category: All Notes
ContentArea.js:371 All notes: 10
ContentArea.js:378 Note test123: checking All Notes condition: {isArchived: false, matchesCategory: true}
ContentArea.js:370 Current selected category: All Notes
ContentArea.js:371 All notes: 10
ContentArea.js:378 Note Meeting Notes - Client Discussion: checking All Notes condition: {isArchived: true, matchesCategory: false}
ContentArea.js:370 Current selected category: All Notes
ContentArea.js:371 All notes: 10
ContentArea.js:378 Note Test: checking All Notes condition: {isArchived: false, matchesCategory: true}
ContentArea.js:370 Current selected category: All Notes
ContentArea.js:371 All notes: 10
ContentArea.js:378 Note 2024-12-28: checking All Notes condition: {isArchived: false, matchesCategory: true}
ContentArea.js:370 Current selected category: All Notes
ContentArea.js:371 All notes: 10
ContentArea.js:378 Note Testar image upload: checking All Notes condition: {isArchived: false, matchesCategory: true}
ContentArea.js:370 Current selected category: All Notes
ContentArea.js:371 All notes: 10
ContentArea.js:378 Note test2: checking All Notes condition: {isArchived: false, matchesCategory: true}
ContentArea.js:370 Current selected category: All Notes
ContentArea.js:371 All notes: 10
ContentArea.js:378 Note 2024-12-28: checking All Notes condition: {isArchived: false, matchesCategory: true}
notes.js:141 Received snapshot with changes
notes.js:147 Processed notes: 10
ContentArea.js:52 Received notes update: 10
notes.js:141 Received snapshot with changes
notes.js:147 Processed notes: 10
ContentArea.js:52 Received notes update: 10
ContentArea.js:408 Final filtered notes: 7
ContentArea.js:410 - Note: {id: 'uZvPm8BfpgKJEMOsNSun', title: 'Firebase command', category: 'Work/Projects', isArchived: false, order: 69}
ContentArea.js:410 - Note: {id: 'UXvHIodxJ7kCtayKtUbH', title: 'test123', category: 'Urgent', isArchived: false, order: 662.90625}
ContentArea.js:410 - Note: {id: 'uHieyztHKTg544GGjwVp', title: 'Test', category: 'Meeting', isArchived: false, order: 811.3828125}
ContentArea.js:410 - Note: {id: 'MQH27Cl9gGe6YoAm6oA0', title: '2024-12-28', category: 'Uncategorized', isArchived: false, order: 959.859375}
ContentArea.js:410 - Note: {id: 'ReTeiugYPNX6yt5iOIQ4', title: 'Testar image upload', category: 'Ideas', isArchived: false, order: 3756.8125}
ContentArea.js:410 - Note: {id: 'e2KNa16XGqElqtkYaecK', title: 'test2', category: 'Ideas', isArchived: false, order: 4569.3125}
ContentArea.js:410 - Note: {id: 'dwgMJ4mWmIbUGNoZGTSf', title: '2024-12-28', category: 'Personal', isArchived: false, order: 5381.8125}
ContentArea.js:370 Current selected category: All Notes
ContentArea.js:371 All notes: 10
ContentArea.js:378 Note Firebase command: checking All Notes condition: {isArchived: false, matchesCategory: true}
ContentArea.js:370 Current selected category: All Notes
ContentArea.js:371 All notes: 10
ContentArea.js:378 Note Project Ideas 2024: checking All Notes condition: {isArchived: true, matchesCategory: false}
ContentArea.js:370 Current selected category: All Notes
ContentArea.js:371 All notes: 10
ContentArea.js:378 Note Weekly Goals: checking All Notes condition: {isArchived: true, matchesCategory: false}
ContentArea.js:370 Current selected category: All Notes
ContentArea.js:371 All notes: 10
ContentArea.js:378 Note test123: checking All Notes condition: {isArchived: false, matchesCategory: true}
ContentArea.js:370 Current selected category: All Notes
ContentArea.js:371 All notes: 10
ContentArea.js:378 Note Meeting Notes - Client Discussion: checking All Notes condition: {isArchived: true, matchesCategory: false}
ContentArea.js:370 Current selected category: All Notes
ContentArea.js:371 All notes: 10
ContentArea.js:378 Note Test: checking All Notes condition: {isArchived: false, matchesCategory: true}
ContentArea.js:370 Current selected category: All Notes
ContentArea.js:371 All notes: 10
ContentArea.js:378 Note 2024-12-28: checking All Notes condition: {isArchived: false, matchesCategory: true}
ContentArea.js:370 Current selected category: All Notes
ContentArea.js:371 All notes: 10
ContentArea.js:378 Note Testar image upload: checking All Notes condition: {isArchived: false, matchesCategory: true}
ContentArea.js:370 Current selected category: All Notes
ContentArea.js:371 All notes: 10
ContentArea.js:378 Note test2: checking All Notes condition: {isArchived: false, matchesCategory: true}
ContentArea.js:370 Current selected category: All Notes
ContentArea.js:371 All notes: 10
ContentArea.js:378 Note 2024-12-28: checking All Notes condition: {isArchived: false, matchesCategory: true}
ContentArea.js:370 Current selected category: All Notes
ContentArea.js:371 All notes: 10
ContentArea.js:378 Note Firebase command: checking All Notes condition: {isArchived: false, matchesCategory: true}
ContentArea.js:370 Current selected category: All Notes
ContentArea.js:371 All notes: 10
ContentArea.js:378 Note Project Ideas 2024: checking All Notes condition: {isArchived: true, matchesCategory: false}
ContentArea.js:370 Current selected category: All Notes
ContentArea.js:371 All notes: 10
ContentArea.js:378 Note Weekly Goals: checking All Notes condition: {isArchived: true, matchesCategory: false}
ContentArea.js:370 Current selected category: All Notes
ContentArea.js:371 All notes: 10
ContentArea.js:378 Note test123: checking All Notes condition: {isArchived: false, matchesCategory: true}
ContentArea.js:370 Current selected category: All Notes
ContentArea.js:371 All notes: 10
ContentArea.js:378 Note Meeting Notes - Client Discussion: checking All Notes condition: {isArchived: true, matchesCategory: false}
ContentArea.js:370 Current selected category: All Notes
ContentArea.js:371 All notes: 10
ContentArea.js:378 Note Test: checking All Notes condition: {isArchived: false, matchesCategory: true}
ContentArea.js:370 Current selected category: All Notes
ContentArea.js:371 All notes: 10
ContentArea.js:378 Note 2024-12-28: checking All Notes condition: {isArchived: false, matchesCategory: true}
ContentArea.js:370 Current selected category: All Notes
ContentArea.js:371 All notes: 10
ContentArea.js:378 Note Testar image upload: checking All Notes condition: {isArchived: false, matchesCategory: true}
ContentArea.js:370 Current selected category: All Notes
ContentArea.js:371 All notes: 10
ContentArea.js:378 Note test2: checking All Notes condition: {isArchived: false, matchesCategory: true}
ContentArea.js:370 Current selected category: All Notes
ContentArea.js:371 All notes: 10
ContentArea.js:378 Note 2024-12-28: checking All Notes condition: {isArchived: false, matchesCategory: true}
react-dom.development.js:86 Warning: Connect(Droppable): Support for defaultProps will be removed from memo components in a future major release. Use JavaScript default parameters instead.
    at div
    at div
    at Provider (http://localhost:3000/static/js/bundle.js:116057:20)
    at App (http://localhost:3000/static/js/bundle.js:85768:25)
    at ErrorBoundary (http://localhost:3000/static/js/bundle.js:79981:35)
    at DragDropContext (http://localhost:3000/static/js/bundle.js:85892:19)
    at ContentArea (http://localhost:3000/static/js/bundle.js:525:3)
    at div
    at div
    at App (http://localhost:3000/static/js/bundle.js:77:70)
    at ThemeProvider (http://localhost:3000/static/js/bundle.js:6998:3)
printWarning @ react-dom.development.js:86
error @ react-dom.development.js:60
updateMemoComponent @ react-dom.development.js:19320
beginWork @ react-dom.development.js:21712
beginWork$1 @ react-dom.development.js:27465
performUnitOfWork @ react-dom.development.js:26596
workLoopSync @ react-dom.development.js:26505
renderRootSync @ react-dom.development.js:26473
performConcurrentWorkOnRoot @ react-dom.development.js:25777
workLoop @ scheduler.development.js:266
flushWork @ scheduler.development.js:239
performWorkUntilDeadline @ scheduler.development.js:533
ContentArea.js:408 Final filtered notes: 7
ContentArea.js:410 - Note: {id: 'uZvPm8BfpgKJEMOsNSun', title: 'Firebase command', category: 'Work/Projects', isArchived: false, order: 69}
ContentArea.js:410 - Note: {id: 'UXvHIodxJ7kCtayKtUbH', title: 'test123', category: 'Urgent', isArchived: false, order: 662.90625}
ContentArea.js:410 - Note: {id: 'uHieyztHKTg544GGjwVp', title: 'Test', category: 'Meeting', isArchived: false, order: 811.3828125}
ContentArea.js:410 - Note: {id: 'MQH27Cl9gGe6YoAm6oA0', title: '2024-12-28', category: 'Uncategorized', isArchived: false, order: 959.859375}
ContentArea.js:410 - Note: {id: 'ReTeiugYPNX6yt5iOIQ4', title: 'Testar image upload', category: 'Ideas', isArchived: false, order: 3756.8125}
ContentArea.js:410 - Note: {id: 'e2KNa16XGqElqtkYaecK', title: 'test2', category: 'Ideas', isArchived: false, order: 4569.3125}
ContentArea.js:410 - Note: {id: 'dwgMJ4mWmIbUGNoZGTSf', title: '2024-12-28', category: 'Personal', isArchived: false, order: 5381.8125}
ContentArea.js:370 Current selected category: All Notes
ContentArea.js:371 All notes: 10
ContentArea.js:378 Note Firebase command: checking All Notes condition: {isArchived: false, matchesCategory: true}
ContentArea.js:370 Current selected category: All Notes
ContentArea.js:371 All notes: 10
ContentArea.js:378 Note Project Ideas 2024: checking All Notes condition: {isArchived: true, matchesCategory: false}
ContentArea.js:370 Current selected category: All Notes
ContentArea.js:371 All notes: 10
ContentArea.js:378 Note Weekly Goals: checking All Notes condition: {isArchived: true, matchesCategory: false}
ContentArea.js:370 Current selected category: All Notes
ContentArea.js:371 All notes: 10
ContentArea.js:378 Note test123: checking All Notes condition: {isArchived: false, matchesCategory: true}
ContentArea.js:370 Current selected category: All Notes
ContentArea.js:371 All notes: 10
ContentArea.js:378 Note Meeting Notes - Client Discussion: checking All Notes condition: {isArchived: true, matchesCategory: false}
ContentArea.js:370 Current selected category: All Notes
ContentArea.js:371 All notes: 10
ContentArea.js:378 Note Test: checking All Notes condition: {isArchived: false, matchesCategory: true}
ContentArea.js:370 Current selected category: All Notes
ContentArea.js:371 All notes: 10
ContentArea.js:378 Note 2024-12-28: checking All Notes condition: {isArchived: false, matchesCategory: true}
ContentArea.js:370 Current selected category: All Notes
ContentArea.js:371 All notes: 10
ContentArea.js:378 Note Testar image upload: checking All Notes condition: {isArchived: false, matchesCategory: true}
ContentArea.js:370 Current selected category: All Notes
ContentArea.js:371 All notes: 10
ContentArea.js:378 Note test2: checking All Notes condition: {isArchived: false, matchesCategory: true}
ContentArea.js:370 Current selected category: All Notes
ContentArea.js:371 All notes: 10
ContentArea.js:378 Note 2024-12-28: checking All Notes condition: {isArchived: false, matchesCategory: true}
ContentArea.js:370 Current selected category: All Notes
ContentArea.js:371 All notes: 10
ContentArea.js:378 Note Firebase command: checking All Notes condition: {isArchived: false, matchesCategory: true}
ContentArea.js:370 Current selected category: All Notes
ContentArea.js:371 All notes: 10
ContentArea.js:378 Note Project Ideas 2024: checking All Notes condition: {isArchived: true, matchesCategory: false}
ContentArea.js:370 Current selected category: All Notes
ContentArea.js:371 All notes: 10
ContentArea.js:378 Note Weekly Goals: checking All Notes condition: {isArchived: true, matchesCategory: false}
ContentArea.js:370 Current selected category: All Notes
ContentArea.js:371 All notes: 10
ContentArea.js:378 Note test123: checking All Notes condition: {isArchived: false, matchesCategory: true}
ContentArea.js:370 Current selected category: All Notes
ContentArea.js:371 All notes: 10
ContentArea.js:378 Note Meeting Notes - Client Discussion: checking All Notes condition: {isArchived: true, matchesCategory: false}
ContentArea.js:370 Current selected category: All Notes
ContentArea.js:371 All notes: 10
ContentArea.js:378 Note Test: checking All Notes condition: {isArchived: false, matchesCategory: true}
ContentArea.js:370 Current selected category: All Notes
ContentArea.js:371 All notes: 10
ContentArea.js:378 Note 2024-12-28: checking All Notes condition: {isArchived: false, matchesCategory: true}
ContentArea.js:370 Current selected category: All Notes
ContentArea.js:371 All notes: 10
ContentArea.js:378 Note Testar image upload: checking All Notes condition: {isArchived: false, matchesCategory: true}
ContentArea.js:370 Current selected category: All Notes
ContentArea.js:371 All notes: 10
ContentArea.js:378 Note test2: checking All Notes condition: {isArchived: false, matchesCategory: true}
ContentArea.js:370 Current selected category: All Notes
ContentArea.js:371 All notes: 10
ContentArea.js:378 Note 2024-12-28: checking All Notes condition: {isArchived: false, matchesCategory: true}
ContentArea.js:408 Final filtered notes: 7
ContentArea.js:410 - Note: {id: 'uZvPm8BfpgKJEMOsNSun', title: 'Firebase command', category: 'Work/Projects', isArchived: false, order: 69}
ContentArea.js:410 - Note: {id: 'UXvHIodxJ7kCtayKtUbH', title: 'test123', category: 'Urgent', isArchived: false, order: 662.90625}
ContentArea.js:410 - Note: {id: 'uHieyztHKTg544GGjwVp', title: 'Test', category: 'Meeting', isArchived: false, order: 811.3828125}
ContentArea.js:410 - Note: {id: 'MQH27Cl9gGe6YoAm6oA0', title: '2024-12-28', category: 'Uncategorized', isArchived: false, order: 959.859375}
ContentArea.js:410 - Note: {id: 'ReTeiugYPNX6yt5iOIQ4', title: 'Testar image upload', category: 'Ideas', isArchived: false, order: 3756.8125}
ContentArea.js:410 - Note: {id: 'e2KNa16XGqElqtkYaecK', title: 'test2', category: 'Ideas', isArchived: false, order: 4569.3125}
ContentArea.js:410 - Note: {id: 'dwgMJ4mWmIbUGNoZGTSf', title: '2024-12-28', category: 'Personal', isArchived: false, order: 5381.8125}
ContentArea.js:370 Current selected category: All Notes
ContentArea.js:371 All notes: 10
ContentArea.js:378 Note Firebase command: checking All Notes condition: {isArchived: false, matchesCategory: true}
ContentArea.js:370 Current selected category: All Notes
ContentArea.js:371 All notes: 10
ContentArea.js:378 Note Project Ideas 2024: checking All Notes condition: {isArchived: true, matchesCategory: false}
ContentArea.js:370 Current selected category: All Notes
ContentArea.js:371 All notes: 10
ContentArea.js:378 Note Weekly Goals: checking All Notes condition: {isArchived: true, matchesCategory: false}
ContentArea.js:370 Current selected category: All Notes
ContentArea.js:371 All notes: 10
ContentArea.js:378 Note test123: checking All Notes condition: {isArchived: false, matchesCategory: true}
ContentArea.js:370 Current selected category: All Notes
ContentArea.js:371 All notes: 10
ContentArea.js:378 Note Meeting Notes - Client Discussion: checking All Notes condition: {isArchived: true, matchesCategory: false}
ContentArea.js:370 Current selected category: All Notes
ContentArea.js:371 All notes: 10
ContentArea.js:378 Note Test: checking All Notes condition: {isArchived: false, matchesCategory: true}
ContentArea.js:370 Current selected category: All Notes
ContentArea.js:371 All notes: 10
ContentArea.js:378 Note 2024-12-28: checking All Notes condition: {isArchived: false, matchesCategory: true}
ContentArea.js:370 Current selected category: All Notes
ContentArea.js:371 All notes: 10
ContentArea.js:378 Note Testar image upload: checking All Notes condition: {isArchived: false, matchesCategory: true}
ContentArea.js:370 Current selected category: All Notes
ContentArea.js:371 All notes: 10
ContentArea.js:378 Note test2: checking All Notes condition: {isArchived: false, matchesCategory: true}
ContentArea.js:370 Current selected category: All Notes
ContentArea.js:371 All notes: 10
ContentArea.js:378 Note 2024-12-28: checking All Notes condition: {isArchived: false, matchesCategory: true}
ContentArea.js:370 Current selected category: All Notes
ContentArea.js:371 All notes: 10
ContentArea.js:378 Note Firebase command: checking All Notes condition: {isArchived: false, matchesCategory: true}
ContentArea.js:370 Current selected category: All Notes
ContentArea.js:371 All notes: 10
ContentArea.js:378 Note Project Ideas 2024: checking All Notes condition: {isArchived: true, matchesCategory: false}
ContentArea.js:370 Current selected category: All Notes
ContentArea.js:371 All notes: 10
ContentArea.js:378 Note Weekly Goals: checking All Notes condition: {isArchived: true, matchesCategory: false}
ContentArea.js:370 Current selected category: All Notes
ContentArea.js:371 All notes: 10
ContentArea.js:378 Note test123: checking All Notes condition: {isArchived: false, matchesCategory: true}
ContentArea.js:370 Current selected category: All Notes
ContentArea.js:371 All notes: 10
ContentArea.js:378 Note Meeting Notes - Client Discussion: checking All Notes condition: {isArchived: true, matchesCategory: false}
ContentArea.js:370 Current selected category: All Notes
ContentArea.js:371 All notes: 10
ContentArea.js:378 Note Test: checking All Notes condition: {isArchived: false, matchesCategory: true}
ContentArea.js:370 Current selected category: All Notes
ContentArea.js:371 All notes: 10
ContentArea.js:378 Note 2024-12-28: checking All Notes condition: {isArchived: false, matchesCategory: true}
ContentArea.js:370 Current selected category: All Notes
ContentArea.js:371 All notes: 10
ContentArea.js:378 Note Testar image upload: checking All Notes condition: {isArchived: false, matchesCategory: true}
ContentArea.js:370 Current selected category: All Notes
ContentArea.js:371 All notes: 10
ContentArea.js:378 Note test2: checking All Notes condition: {isArchived: false, matchesCategory: true}
ContentArea.js:370 Current selected category: All Notes
ContentArea.js:371 All notes: 10
ContentArea.js:378 Note 2024-12-28: checking All Notes condition: {isArchived: false, matchesCategory: true}
ContentArea.js:408 Final filtered notes: 7
ContentArea.js:410 - Note: {id: 'uZvPm8BfpgKJEMOsNSun', title: 'Firebase command', category: 'Work/Projects', isArchived: false, order: 69}
ContentArea.js:410 - Note: {id: 'UXvHIodxJ7kCtayKtUbH', title: 'test123', category: 'Urgent', isArchived: false, order: 662.90625}
ContentArea.js:410 - Note: {id: 'uHieyztHKTg544GGjwVp', title: 'Test', category: 'Meeting', isArchived: false, order: 811.3828125}
ContentArea.js:410 - Note: {id: 'MQH27Cl9gGe6YoAm6oA0', title: '2024-12-28', category: 'Uncategorized', isArchived: false, order: 959.859375}
ContentArea.js:410 - Note: {id: 'ReTeiugYPNX6yt5iOIQ4', title: 'Testar image upload', category: 'Ideas', isArchived: false, order: 3756.8125}
ContentArea.js:410 - Note: {id: 'e2KNa16XGqElqtkYaecK', title: 'test2', category: 'Ideas', isArchived: false, order: 4569.3125}
ContentArea.js:410 - Note: {id: 'dwgMJ4mWmIbUGNoZGTSf', title: '2024-12-28', category: 'Personal', isArchived: false, order: 5381.8125}
ContentArea.js:370 Current selected category: All Notes
ContentArea.js:371 All notes: 10
ContentArea.js:378 Note Firebase command: checking All Notes condition: {isArchived: false, matchesCategory: true}
ContentArea.js:370 Current selected category: All Notes
ContentArea.js:371 All notes: 10
ContentArea.js:378 Note Project Ideas 2024: checking All Notes condition: {isArchived: true, matchesCategory: false}
ContentArea.js:370 Current selected category: All Notes
ContentArea.js:371 All notes: 10
ContentArea.js:378 Note Weekly Goals: checking All Notes condition: {isArchived: true, matchesCategory: false}
ContentArea.js:370 Current selected category: All Notes
ContentArea.js:371 All notes: 10
ContentArea.js:378 Note test123: checking All Notes condition: {isArchived: false, matchesCategory: true}
ContentArea.js:370 Current selected category: All Notes
ContentArea.js:371 All notes: 10
ContentArea.js:378 Note Meeting Notes - Client Discussion: checking All Notes condition: {isArchived: true, matchesCategory: false}
ContentArea.js:370 Current selected category: All Notes
ContentArea.js:371 All notes: 10
ContentArea.js:378 Note Test: checking All Notes condition: {isArchived: false, matchesCategory: true}
ContentArea.js:370 Current selected category: All Notes
ContentArea.js:371 All notes: 10
ContentArea.js:378 Note 2024-12-28: checking All Notes condition: {isArchived: false, matchesCategory: true}
ContentArea.js:370 Current selected category: All Notes
ContentArea.js:371 All notes: 10
ContentArea.js:378 Note Testar image upload: checking All Notes condition: {isArchived: false, matchesCategory: true}
ContentArea.js:370 Current selected category: All Notes
ContentArea.js:371 All notes: 10
ContentArea.js:378 Note test2: checking All Notes condition: {isArchived: false, matchesCategory: true}
ContentArea.js:370 Current selected category: All Notes
ContentArea.js:371 All notes: 10
ContentArea.js:378 Note 2024-12-28: checking All Notes condition: {isArchived: false, matchesCategory: true}
ContentArea.js:370 Current selected category: All Notes
ContentArea.js:371 All notes: 10
ContentArea.js:378 Note Firebase command: checking All Notes condition: {isArchived: false, matchesCategory: true}
ContentArea.js:370 Current selected category: All Notes
ContentArea.js:371 All notes: 10
ContentArea.js:378 Note Project Ideas 2024: checking All Notes condition: {isArchived: true, matchesCategory: false}
ContentArea.js:370 Current selected category: All Notes
ContentArea.js:371 All notes: 10
ContentArea.js:378 Note Weekly Goals: checking All Notes condition: {isArchived: true, matchesCategory: false}
ContentArea.js:370 Current selected category: All Notes
ContentArea.js:371 All notes: 10
ContentArea.js:378 Note test123: checking All Notes condition: {isArchived: false, matchesCategory: true}
ContentArea.js:370 Current selected category: All Notes
ContentArea.js:371 All notes: 10
ContentArea.js:378 Note Meeting Notes - Client Discussion: checking All Notes condition: {isArchived: true, matchesCategory: false}
ContentArea.js:370 Current selected category: All Notes
ContentArea.js:371 All notes: 10
ContentArea.js:378 Note Test: checking All Notes condition: {isArchived: false, matchesCategory: true}
ContentArea.js:370 Current selected category: All Notes
ContentArea.js:371 All notes: 10
ContentArea.js:378 Note 2024-12-28: checking All Notes condition: {isArchived: false, matchesCategory: true}
ContentArea.js:370 Current selected category: All Notes
ContentArea.js:371 All notes: 10
ContentArea.js:378 Note Testar image upload: checking All Notes condition: {isArchived: false, matchesCategory: true}
ContentArea.js:370 Current selected category: All Notes
ContentArea.js:371 All notes: 10
ContentArea.js:378 Note test2: checking All Notes condition: {isArchived: false, matchesCategory: true}
ContentArea.js:370 Current selected category: All Notes
ContentArea.js:371 All notes: 10
ContentArea.js:378 Note 2024-12-28: checking All Notes condition: {isArchived: false, matchesCategory: true}
ContentArea.js:408 Final filtered notes: 7
ContentArea.js:410 - Note: {id: 'uZvPm8BfpgKJEMOsNSun', title: 'Firebase command', category: 'Work/Projects', isArchived: false, order: 69}
ContentArea.js:410 - Note: {id: 'UXvHIodxJ7kCtayKtUbH', title: 'test123', category: 'Urgent', isArchived: false, order: 662.90625}
ContentArea.js:410 - Note: {id: 'uHieyztHKTg544GGjwVp', title: 'Test', category: 'Meeting', isArchived: false, order: 811.3828125}
ContentArea.js:410 - Note: {id: 'MQH27Cl9gGe6YoAm6oA0', title: '2024-12-28', category: 'Uncategorized', isArchived: false, order: 959.859375}
ContentArea.js:410 - Note: {id: 'ReTeiugYPNX6yt5iOIQ4', title: 'Testar image upload', category: 'Ideas', isArchived: false, order: 3756.8125}
ContentArea.js:410 - Note: {id: 'e2KNa16XGqElqtkYaecK', title: 'test2', category: 'Ideas', isArchived: false, order: 4569.3125}
ContentArea.js:410 - Note: {id: 'dwgMJ4mWmIbUGNoZGTSf', title: '2024-12-28', category: 'Personal', isArchived: false, order: 5381.8125}
notes.js:49 Note added successfully: VNLJ1MgOpV2Z2r6ajIcd
