popup.ts:302 Cross-Origin-Opener-Policy policy would block the window.closed call.
poll @ popup.ts:302
popup.ts:302 Cross-Origin-Opener-Policy policy would block the window.closed call.
poll @ popup.ts:302
popup.ts:302 Cross-Origin-Opener-Policy policy would block the window.closed call.
poll @ popup.ts:302
popup.ts:302 Cross-Origin-Opener-Policy policy would block the window.closed call.
poll @ popup.ts:302
popup.ts:302 Cross-Origin-Opener-Policy policy would block the window.closed call.
poll @ popup.ts:302
popup.ts:302 Cross-Origin-Opener-Policy policy would block the window.closed call.
poll @ popup.ts:302
ContentArea.js:322 Current selected category: All Notes
ContentArea.js:323 All notes: 1
ContentArea.js:330 Note 👋 Welcome to EzNoteManager!: checking All Notes condition: {isArchived: undefined, matchesCategory: true}
ContentArea.js:33 Setting up subscription for user: zb7GtRJ7zqSCArBgeZY0hDK9BxF3
ContentArea.js:360 Final filtered notes: 1
ContentArea.js:362 - Note: {id: 'oc6ufQtiOYoKTKuyATCT', title: '👋 Welcome to EzNoteManager!', category: 'Personal', isArchived: false, order: 1000}
App.js:109 Attempting to initialize user: zb7GtRJ7zqSCArBgeZY0hDK9BxF3
ContentArea.js:322 Current selected category: All Notes
ContentArea.js:323 All notes: 1
ContentArea.js:330 Note 👋 Welcome to EzNoteManager!: checking All Notes condition: {isArchived: undefined, matchesCategory: true}
ContentArea.js:360 Final filtered notes: 1
ContentArea.js:362 - Note: {id: 'oc6ufQtiOYoKTKuyATCT', title: '👋 Welcome to EzNoteManager!', category: 'Personal', isArchived: false, order: 1000}
notes.js:122 Subscribing to notes for user: zb7GtRJ7zqSCArBgeZY0hDK9BxF3
App.js:42 Received updated tags: []
App.js:58 Received updated categories: (5) [{…}, {…}, {…}, {…}, {…}]
ContentArea.js:360 Final filtered notes: 0
notes.js:139 Received snapshot with changes
notes.js:145 Processed notes: 0
ContentArea.js:41 Received notes update: 0
ContentArea.js:360 Final filtered notes: 0
notes.js:375 Checking if user needs initialization: zb7GtRJ7zqSCArBgeZY0hDK9BxF3
notes.js:384 Creating new user document
App.js:42 Received updated tags: []
App.js:58 Received updated categories: (5) [{…}, {…}, {…}, {…}, {…}]
ContentArea.js:360 Final filtered notes: 0
notes.js:397 Creating example notes
notes.js:267 Starting to create example notes for user: zb7GtRJ7zqSCArBgeZY0hDK9BxF3
notes.js:320 Adding note: 👋 Welcome to EzNoteManager!
notes.js:139 Received snapshot with changes
notes.js:145 Processed notes: 1
ContentArea.js:41 Received notes update: 1
ContentArea.js:322 Current selected category: All Notes
ContentArea.js:323 All notes: 1
ContentArea.js:330 Note 👋 Welcome to EzNoteManager!: checking All Notes condition: {isArchived: undefined, matchesCategory: true}
ContentArea.js:360 Final filtered notes: 1
ContentArea.js:362 - Note: {id: 'q102HHJtwq1kMMML5jO4', title: '👋 Welcome to EzNoteManager!', category: 'Personal', isArchived: false, order: 1000}
notes.js:49 Note added successfully: q102HHJtwq1kMMML5jO4
App.js:42 Received updated tags: (2) ['welcome', 'tutorial']
App.js:58 Received updated categories: (5) [{…}, {…}, {…}, {…}, {…}]
ContentArea.js:322 Current selected category: All Notes
ContentArea.js:323 All notes: 1
ContentArea.js:330 Note 👋 Welcome to EzNoteManager!: checking All Notes condition: {isArchived: undefined, matchesCategory: true}
ContentArea.js:360 Final filtered notes: 1
ContentArea.js:362 - Note: {id: 'q102HHJtwq1kMMML5jO4', title: '👋 Welcome to EzNoteManager!', category: 'Personal', isArchived: false, order: 1000}
notes.js:323 Note added successfully: q102HHJtwq1kMMML5jO4
notes.js:320 Adding note: 🎨 Categories and Tags Demo
notes.js:49 Note added successfully: TeCUNQUXUAx9tlIfdBN2
App.js:42 Received updated tags: (5) ['welcome', 'tutorial', 'organization', 'demo', 'features']
App.js:58 Received updated categories: (5) [{…}, {…}, {…}, {…}, {…}]
ContentArea.js:322 Current selected category: All Notes
ContentArea.js:323 All notes: 1
ContentArea.js:330 Note 👋 Welcome to EzNoteManager!: checking All Notes condition: {isArchived: undefined, matchesCategory: true}
ContentArea.js:360 Final filtered notes: 1
ContentArea.js:362 - Note: {id: 'q102HHJtwq1kMMML5jO4', title: '👋 Welcome to EzNoteManager!', category: 'Personal', isArchived: false, order: 1000}
notes.js:323 Note added successfully: TeCUNQUXUAx9tlIfdBN2
notes.js:320 Adding note: 💡 Pro Tips
notes.js:49 Note added successfully: AHtENM3YiVEHtcsgBFbV
App.js:42 Received updated tags: (6) ['welcome', 'tutorial', 'organization', 'demo', 'features', 'tips']
App.js:58 Received updated categories: (5) [{…}, {…}, {…}, {…}, {…}]
ContentArea.js:322 Current selected category: All Notes
ContentArea.js:323 All notes: 1
ContentArea.js:330 Note 👋 Welcome to EzNoteManager!: checking All Notes condition: {isArchived: undefined, matchesCategory: true}
ContentArea.js:360 Final filtered notes: 1
ContentArea.js:362 - Note: {id: 'q102HHJtwq1kMMML5jO4', title: '👋 Welcome to EzNoteManager!', category: 'Personal', isArchived: false, order: 1000}
notes.js:323 Note added successfully: AHtENM3YiVEHtcsgBFbV
notes.js:335 All example notes created successfully
notes.js:340 User tags updated with example tags
notes.js:399 User initialization complete
ContentArea.js:322 Current selected category: All Notes
ContentArea.js:323 All notes: 1
ContentArea.js:330 Note 👋 Welcome to EzNoteManager!: checking All Notes condition: {isArchived: undefined, matchesCategory: true}
ContentArea.js:360 Final filtered notes: 1
ContentArea.js:362 - Note: {id: 'q102HHJtwq1kMMML5jO4', title: '👋 Welcome to EzNoteManager!', category: 'Personal', isArchived: false, order: 1000}
webchannel_blob_es2018.js:69 
        
        
       POST https://firestore.googleapis.com/google.firestore.v1.Firestore/Write/channel?VER=8&database=projects%2Feznotemanager-95745%2Fdatabases%2F(default)&gsessionid=bnFh0r1r4QvC98VHdMdm8_Gj_EpeAlIx24xgwVHZ6C4&SID=NyAJwSb9jzujIzNDHsdxng&RID=31331&TYPE=terminate&zx=nxijz52fw9d3 net::ERR_BLOCKED_BY_CLIENT
gc @ webchannel_blob_es2018.js:69
__webpack_modules__../node_modules/@firebase/webchannel-wrapper/dist/webchannel-blob/esm/webchannel_blob_es2018.js.Y.close @ webchannel_blob_es2018.js:82
To @ webchannel_connection.ts:278
close @ stream_bridge.ts:66
close @ persistent_stream.ts:408
__ @ persistent_stream.ts:330
(anonymous) @ persistent_stream.ts:310
(anonymous) @ async_queue.ts:193
(anonymous) @ async_queue_impl.ts:130
(anonymous) @ async_queue_impl.ts:185
Promise.then
gu @ async_queue_impl.ts:185
enqueue @ async_queue_impl.ts:130
enqueueAndForget @ async_queue_impl.ts:94
handleDelayElapsed @ async_queue.ts:193
(anonymous) @ async_queue.ts:160
setTimeout
start @ async_queue.ts:160
createAndSchedule @ async_queue.ts:152
enqueueAfterDelay @ async_queue_impl.ts:225
o_ @ persistent_stream.ts:310
__PRIVATE_fillWritePipeline @ remote_store.ts:688
await in __PRIVATE_fillWritePipeline
__PRIVATE_onMutationResult @ remote_store.ts:799
await in __PRIVATE_onMutationResult
onNext @ persistent_stream.ts:842
(anonymous) @ persistent_stream.ts:537
(anonymous) @ persistent_stream.ts:593
(anonymous) @ async_queue_impl.ts:130
(anonymous) @ async_queue_impl.ts:185
Promise.then
gu @ async_queue_impl.ts:185
enqueue @ async_queue_impl.ts:130
enqueueAndForget @ async_queue_impl.ts:94
(anonymous) @ persistent_stream.ts:593
(anonymous) @ persistent_stream.ts:537
bo @ stream_bridge.ts:102
(anonymous) @ webchannel_connection.ts:387
(anonymous) @ webchannel_connection.ts:294
ab @ webchannel_blob_es2018.js:25
F @ webchannel_blob_es2018.js:23
__webpack_modules__../node_modules/@firebase/webchannel-wrapper/dist/webchannel-blob/esm/webchannel_blob_es2018.js.Z.ta @ webchannel_blob_es2018.js:84
Rb @ webchannel_blob_es2018.js:39
__webpack_modules__../node_modules/@firebase/webchannel-wrapper/dist/webchannel-blob/esm/webchannel_blob_es2018.js.M.Y @ webchannel_blob_es2018.js:33
__webpack_modules__../node_modules/@firebase/webchannel-wrapper/dist/webchannel-blob/esm/webchannel_blob_es2018.js.M.ca @ webchannel_blob_es2018.js:30
ab @ webchannel_blob_es2018.js:25
F @ webchannel_blob_es2018.js:23
Wc @ webchannel_blob_es2018.js:62
__webpack_modules__../node_modules/@firebase/webchannel-wrapper/dist/webchannel-blob/esm/webchannel_blob_es2018.js.h.bb @ webchannel_blob_es2018.js:61
__webpack_modules__../node_modules/@firebase/webchannel-wrapper/dist/webchannel-blob/esm/webchannel_blob_es2018.js.h.Ea @ webchannel_blob_es2018.js:61
Lc @ webchannel_blob_es2018.js:57
__webpack_modules__../node_modules/@firebase/webchannel-wrapper/dist/webchannel-blob/esm/webchannel_blob_es2018.js.h.Pa @ webchannel_blob_es2018.js:55
Promise.then
Nc @ webchannel_blob_es2018.js:55
__webpack_modules__../node_modules/@firebase/webchannel-wrapper/dist/webchannel-blob/esm/webchannel_blob_es2018.js.h.Pa @ webchannel_blob_es2018.js:55
Promise.then
Nc @ webchannel_blob_es2018.js:55
__webpack_modules__../node_modules/@firebase/webchannel-wrapper/dist/webchannel-blob/esm/webchannel_blob_es2018.js.h.Sa @ webchannel_blob_es2018.js:55
Promise.then
__webpack_modules__../node_modules/@firebase/webchannel-wrapper/dist/webchannel-blob/esm/webchannel_blob_es2018.js.h.send @ webchannel_blob_es2018.js:52
__webpack_modules__../node_modules/@firebase/webchannel-wrapper/dist/webchannel-blob/esm/webchannel_blob_es2018.js.h.ea @ webchannel_blob_es2018.js:60
Jb @ webchannel_blob_es2018.js:29
fd @ webchannel_blob_es2018.js:76
__webpack_modules__../node_modules/@firebase/webchannel-wrapper/dist/webchannel-blob/esm/webchannel_blob_es2018.js.h.Fa @ webchannel_blob_es2018.js:75
Da @ webchannel_blob_es2018.js:14
Promise.then
x @ webchannel_blob_es2018.js:14
ec @ webchannel_blob_es2018.js:74
Ub @ webchannel_blob_es2018.js:77
__webpack_modules__../node_modules/@firebase/webchannel-wrapper/dist/webchannel-blob/esm/webchannel_blob_es2018.js.M.Y @ webchannel_blob_es2018.js:34
__webpack_modules__../node_modules/@firebase/webchannel-wrapper/dist/webchannel-blob/esm/webchannel_blob_es2018.js.M.ca @ webchannel_blob_es2018.js:30
ab @ webchannel_blob_es2018.js:25
F @ webchannel_blob_es2018.js:23
Wc @ webchannel_blob_es2018.js:62
__webpack_modules__../node_modules/@firebase/webchannel-wrapper/dist/webchannel-blob/esm/webchannel_blob_es2018.js.h.bb @ webchannel_blob_es2018.js:61
__webpack_modules__../node_modules/@firebase/webchannel-wrapper/dist/webchannel-blob/esm/webchannel_blob_es2018.js.h.Ea @ webchannel_blob_es2018.js:61
Lc @ webchannel_blob_es2018.js:57
Mc @ webchannel_blob_es2018.js:56
__webpack_modules__../node_modules/@firebase/webchannel-wrapper/dist/webchannel-blob/esm/webchannel_blob_es2018.js.h.Pa @ webchannel_blob_es2018.js:55
Promise.then
Nc @ webchannel_blob_es2018.js:55
__webpack_modules__../node_modules/@firebase/webchannel-wrapper/dist/webchannel-blob/esm/webchannel_blob_es2018.js.h.Pa @ webchannel_blob_es2018.js:55
Promise.then
Nc @ webchannel_blob_es2018.js:55
__webpack_modules__../node_modules/@firebase/webchannel-wrapper/dist/webchannel-blob/esm/webchannel_blob_es2018.js.h.Pa @ webchannel_blob_es2018.js:55
Promise.then
Nc @ webchannel_blob_es2018.js:55
__webpack_modules__../node_modules/@firebase/webchannel-wrapper/dist/webchannel-blob/esm/webchannel_blob_es2018.js.h.Sa @ webchannel_blob_es2018.js:55
Promise.then
__webpack_modules__../node_modules/@firebase/webchannel-wrapper/dist/webchannel-blob/esm/webchannel_blob_es2018.js.h.send @ webchannel_blob_es2018.js:52
__webpack_modules__../node_modules/@firebase/webchannel-wrapper/dist/webchannel-blob/esm/webchannel_blob_es2018.js.h.ea @ webchannel_blob_es2018.js:60
Jb @ webchannel_blob_es2018.js:29
fd @ webchannel_blob_es2018.js:76
__webpack_modules__../node_modules/@firebase/webchannel-wrapper/dist/webchannel-blob/esm/webchannel_blob_es2018.js.h.Fa @ webchannel_blob_es2018.js:75
Da @ webchannel_blob_es2018.js:14
Promise.then
x @ webchannel_blob_es2018.js:14
ec @ webchannel_blob_es2018.js:74
Ub @ webchannel_blob_es2018.js:77
__webpack_modules__../node_modules/@firebase/webchannel-wrapper/dist/webchannel-blob/esm/webchannel_blob_es2018.js.M.Y @ webchannel_blob_es2018.js:34
__webpack_modules__../node_modules/@firebase/webchannel-wrapper/dist/webchannel-blob/esm/webchannel_blob_es2018.js.M.ca @ webchannel_blob_es2018.js:30
ab @ webchannel_blob_es2018.js:25
F @ webchannel_blob_es2018.js:23
Wc @ webchannel_blob_es2018.js:62
__webpack_modules__../node_modules/@firebase/webchannel-wrapper/dist/webchannel-blob/esm/webchannel_blob_es2018.js.h.bb @ webchannel_blob_es2018.js:61
__webpack_modules__../node_modules/@firebase/webchannel-wrapper/dist/webchannel-blob/esm/webchannel_blob_es2018.js.h.Ea @ webchannel_blob_es2018.js:61
Lc @ webchannel_blob_es2018.js:57
Mc @ webchannel_blob_es2018.js:56
__webpack_modules__../node_modules/@firebase/webchannel-wrapper/dist/webchannel-blob/esm/webchannel_blob_es2018.js.h.Pa @ webchannel_blob_es2018.js:55
Promise.then
Nc @ webchannel_blob_es2018.js:55
__webpack_modules__../node_modules/@firebase/webchannel-wrapper/dist/webchannel-blob/esm/webchannel_blob_es2018.js.h.Pa @ webchannel_blob_es2018.js:55
Promise.then
Nc @ webchannel_blob_es2018.js:55
__webpack_modules__../node_modules/@firebase/webchannel-wrapper/dist/webchannel-blob/esm/webchannel_blob_es2018.js.h.Pa @ webchannel_blob_es2018.js:55
Promise.then
Nc @ webchannel_blob_es2018.js:55
__webpack_modules__../node_modules/@firebase/webchannel-wrapper/dist/webchannel-blob/esm/webchannel_blob_es2018.js.h.Sa @ webchannel_blob_es2018.js:55
Promise.then
__webpack_modules__../node_modules/@firebase/webchannel-wrapper/dist/webchannel-blob/esm/webchannel_blob_es2018.js.h.send @ webchannel_blob_es2018.js:52
__webpack_modules__../node_modules/@firebase/webchannel-wrapper/dist/webchannel-blob/esm/webchannel_blob_es2018.js.h.ea @ webchannel_blob_es2018.js:60
Jb @ webchannel_blob_es2018.js:29
fd @ webchannel_blob_es2018.js:76
__webpack_modules__../node_modules/@firebase/webchannel-wrapper/dist/webchannel-blob/esm/webchannel_blob_es2018.js.h.Fa @ webchannel_blob_es2018.js:75
Da @ webchannel_blob_es2018.js:14
Promise.then
x @ webchannel_blob_es2018.js:14
ec @ webchannel_blob_es2018.js:74
Ub @ webchannel_blob_es2018.js:77
__webpack_modules__../node_modules/@firebase/webchannel-wrapper/dist/webchannel-blob/esm/webchannel_blob_es2018.js.M.Y @ webchannel_blob_es2018.js:34
__webpack_modules__../node_modules/@firebase/webchannel-wrapper/dist/webchannel-blob/esm/webchannel_blob_es2018.js.M.ca @ webchannel_blob_es2018.js:30
ab @ webchannel_blob_es2018.js:25
F @ webchannel_blob_es2018.js:23
Wc @ webchannel_blob_es2018.js:62
__webpack_modules__../node_modules/@firebase/webchannel-wrapper/dist/webchannel-blob/esm/webchannel_blob_es2018.js.h.bb @ webchannel_blob_es2018.js:61
__webpack_modules__../node_modules/@firebase/webchannel-wrapper/dist/webchannel-blob/esm/webchannel_blob_es2018.js.h.Ea @ webchannel_blob_es2018.js:61
Lc @ webchannel_blob_es2018.js:57
Mc @ webchannel_blob_es2018.js:56
__webpack_modules__../node_modules/@firebase/webchannel-wrapper/dist/webchannel-blob/esm/webchannel_blob_es2018.js.h.Pa @ webchannel_blob_es2018.js:55
Promise.then
Nc @ webchannel_blob_es2018.js:55
__webpack_modules__../node_modules/@firebase/webchannel-wrapper/dist/webchannel-blob/esm/webchannel_blob_es2018.js.h.Pa @ webchannel_blob_es2018.js:55
Promise.then
Nc @ webchannel_blob_es2018.js:55
__webpack_modules__../node_modules/@firebase/webchannel-wrapper/dist/webchannel-blob/esm/webchannel_blob_es2018.js.h.Pa @ webchannel_blob_es2018.js:55
Promise.then
Nc @ webchannel_blob_es2018.js:55
__webpack_modules__../node_modules/@firebase/webchannel-wrapper/dist/webchannel-blob/esm/webchannel_blob_es2018.js.h.Sa @ webchannel_blob_es2018.js:55
Promise.then
__webpack_modules__../node_modules/@firebase/webchannel-wrapper/dist/webchannel-blob/esm/webchannel_blob_es2018.js.h.send @ webchannel_blob_es2018.js:52
__webpack_modules__../node_modules/@firebase/webchannel-wrapper/dist/webchannel-blob/esm/webchannel_blob_es2018.js.h.ea @ webchannel_blob_es2018.js:60
Jb @ webchannel_blob_es2018.js:29
fd @ webchannel_blob_es2018.js:76
__webpack_modules__../node_modules/@firebase/webchannel-wrapper/dist/webchannel-blob/esm/webchannel_blob_es2018.js.h.Fa @ webchannel_blob_es2018.js:75
Da @ webchannel_blob_es2018.js:14
Promise.then
x @ webchannel_blob_es2018.js:14
ec @ webchannel_blob_es2018.js:74
Ub @ webchannel_blob_es2018.js:77
__webpack_modules__../node_modules/@firebase/webchannel-wrapper/dist/webchannel-blob/esm/webchannel_blob_es2018.js.M.Y @ webchannel_blob_es2018.js:34
__webpack_modules__../node_modules/@firebase/webchannel-wrapper/dist/webchannel-blob/esm/webchannel_blob_es2018.js.M.ca @ webchannel_blob_es2018.js:30
ab @ webchannel_blob_es2018.js:25
F @ webchannel_blob_es2018.js:23
Wc @ webchannel_blob_es2018.js:62
__webpack_modules__../node_modules/@firebase/webchannel-wrapper/dist/webchannel-blob/esm/webchannel_blob_es2018.js.h.bb @ webchannel_blob_es2018.js:61
__webpack_modules__../node_modules/@firebase/webchannel-wrapper/dist/webchannel-blob/esm/webchannel_blob_es2018.js.h.Ea @ webchannel_blob_es2018.js:61
Lc @ webchannel_blob_es2018.js:57
Mc @ webchannel_blob_es2018.js:56
__webpack_modules__../node_modules/@firebase/webchannel-wrapper/dist/webchannel-blob/esm/webchannel_blob_es2018.js.h.Pa @ webchannel_blob_es2018.js:55
Promise.then
Nc @ webchannel_blob_es2018.js:55
__webpack_modules__../node_modules/@firebase/webchannel-wrapper/dist/webchannel-blob/esm/webchannel_blob_es2018.js.h.Pa @ webchannel_blob_es2018.js:55
Promise.then
Nc @ webchannel_blob_es2018.js:55
__webpack_modules__../node_modules/@firebase/webchannel-wrapper/dist/webchannel-blob/esm/webchannel_blob_es2018.js.h.Pa @ webchannel_blob_es2018.js:55
Promise.then
Nc @ webchannel_blob_es2018.js:55
__webpack_modules__../node_modules/@firebase/webchannel-wrapper/dist/webchannel-blob/esm/webchannel_blob_es2018.js.h.Sa @ webchannel_blob_es2018.js:55
Promise.then
__webpack_modules__../node_modules/@firebase/webchannel-wrapper/dist/webchannel-blob/esm/webchannel_blob_es2018.js.h.send @ webchannel_blob_es2018.js:52
__webpack_modules__../node_modules/@firebase/webchannel-wrapper/dist/webchannel-blob/esm/webchannel_blob_es2018.js.h.ea @ webchannel_blob_es2018.js:60
Jb @ webchannel_blob_es2018.js:29
fd @ webchannel_blob_es2018.js:76
__webpack_modules__../node_modules/@firebase/webchannel-wrapper/dist/webchannel-blob/esm/webchannel_blob_es2018.js.h.Fa @ webchannel_blob_es2018.js:75
Da @ webchannel_blob_es2018.js:14
Promise.then
x @ webchannel_blob_es2018.js:14
ec @ webchannel_blob_es2018.js:74
Ub @ webchannel_blob_es2018.js:77
__webpack_modules__../node_modules/@firebase/webchannel-wrapper/dist/webchannel-blob/esm/webchannel_blob_es2018.js.M.Y @ webchannel_blob_es2018.js:34
__webpack_modules__../node_modules/@firebase/webchannel-wrapper/dist/webchannel-blob/esm/webchannel_blob_es2018.js.M.ca @ webchannel_blob_es2018.js:30
ab @ webchannel_blob_es2018.js:25
F @ webchannel_blob_es2018.js:23
Wc @ webchannel_blob_es2018.js:62
__webpack_modules__../node_modules/@firebase/webchannel-wrapper/dist/webchannel-blob/esm/webchannel_blob_es2018.js.h.bb @ webchannel_blob_es2018.js:61
__webpack_modules__../node_modules/@firebase/webchannel-wrapper/dist/webchannel-blob/esm/webchannel_blob_es2018.js.h.Ea @ webchannel_blob_es2018.js:61
Lc @ webchannel_blob_es2018.js:57
Mc @ webchannel_blob_es2018.js:56
__webpack_modules__../node_modules/@firebase/webchannel-wrapper/dist/webchannel-blob/esm/webchannel_blob_es2018.js.h.Pa @ webchannel_blob_es2018.js:55
Promise.then
Nc @ webchannel_blob_es2018.js:55
__webpack_modules__../node_modules/@firebase/webchannel-wrapper/dist/webchannel-blob/esm/webchannel_blob_es2018.js.h.Pa @ webchannel_blob_es2018.js:55
Promise.then
Nc @ webchannel_blob_es2018.js:55
__webpack_modules__../node_modules/@firebase/webchannel-wrapper/dist/webchannel-blob/esm/webchannel_blob_es2018.js.h.Pa @ webchannel_blob_es2018.js:55
Promise.then
Nc @ webchannel_blob_es2018.js:55
__webpack_modules__../node_modules/@firebase/webchannel-wrapper/dist/webchannel-blob/esm/webchannel_blob_es2018.js.h.Sa @ webchannel_blob_es2018.js:55
