react refresh:6 Download the React DevTools for a better development experience: https://reactjs.org/link/react-devtools
notes.js:465 Error getting paginated notes: TypeError: limit is not a function
    at getPaginatedNotes (notes.js:447:1)
    at loadInitialNotes (ContentArea.js:46:1)
    at ContentArea.js:58:1
    at commitHookEffectListMount (react-dom.development.js:23189:1)
    at commitPassiveMountOnFiber (react-dom.development.js:24965:1)
    at commitPassiveMountEffects_complete (react-dom.development.js:24930:1)
    at commitPassiveMountEffects_begin (react-dom.development.js:24917:1)
    at commitPassiveMountEffects (react-dom.development.js:24905:1)
    at flushPassiveEffectsImpl (react-dom.development.js:27078:1)
    at flushPassiveEffects (react-dom.development.js:27023:1)
getPaginatedNotes @ notes.js:465
loadInitialNotes @ ContentArea.js:46
(anonymous) @ ContentArea.js:58
commitHookEffectListMount @ react-dom.development.js:23189
commitPassiveMountOnFiber @ react-dom.development.js:24965
commitPassiveMountEffects_complete @ react-dom.development.js:24930
commitPassiveMountEffects_begin @ react-dom.development.js:24917
commitPassiveMountEffects @ react-dom.development.js:24905
flushPassiveEffectsImpl @ react-dom.development.js:27078
flushPassiveEffects @ react-dom.development.js:27023
performSyncWorkOnRoot @ react-dom.development.js:26115
flushSyncCallbacks @ react-dom.development.js:12042
commitRootImpl @ react-dom.development.js:26998
commitRoot @ react-dom.development.js:26721
finishConcurrentRender @ react-dom.development.js:26020
performConcurrentWorkOnRoot @ react-dom.development.js:25848
workLoop @ scheduler.development.js:266
flushWork @ scheduler.development.js:239
performWorkUntilDeadline @ scheduler.development.js:533
notes.js:125 Subscribing to notes for user: GLNz0QZAbfefAUFkbcOJL8N1T513
App.js:137 Attempting to initialize user: GLNz0QZAbfefAUFkbcOJL8N1T513
notes.js:465 Error getting paginated notes: TypeError: limit is not a function
    at getPaginatedNotes (notes.js:447:1)
    at loadInitialNotes (ContentArea.js:46:1)
    at ContentArea.js:58:1
    at commitHookEffectListMount (react-dom.development.js:23189:1)
    at invokePassiveEffectMountInDEV (react-dom.development.js:25193:1)
    at invokeEffectsInDev (react-dom.development.js:27390:1)
    at commitDoubleInvokeEffectsInDEV (react-dom.development.js:27369:1)
    at flushPassiveEffectsImpl (react-dom.development.js:27095:1)
    at flushPassiveEffects (react-dom.development.js:27023:1)
    at performSyncWorkOnRoot (react-dom.development.js:26115:1)
getPaginatedNotes @ notes.js:465
loadInitialNotes @ ContentArea.js:46
(anonymous) @ ContentArea.js:58
commitHookEffectListMount @ react-dom.development.js:23189
invokePassiveEffectMountInDEV @ react-dom.development.js:25193
invokeEffectsInDev @ react-dom.development.js:27390
commitDoubleInvokeEffectsInDEV @ react-dom.development.js:27369
flushPassiveEffectsImpl @ react-dom.development.js:27095
flushPassiveEffects @ react-dom.development.js:27023
performSyncWorkOnRoot @ react-dom.development.js:26115
flushSyncCallbacks @ react-dom.development.js:12042
commitRootImpl @ react-dom.development.js:26998
commitRoot @ react-dom.development.js:26721
finishConcurrentRender @ react-dom.development.js:26020
performConcurrentWorkOnRoot @ react-dom.development.js:25848
workLoop @ scheduler.development.js:266
flushWork @ scheduler.development.js:239
performWorkUntilDeadline @ scheduler.development.js:533
ContentArea.js:51 Error loading initial notes: TypeError: limit is not a function
    at getPaginatedNotes (notes.js:447:1)
    at loadInitialNotes (ContentArea.js:46:1)
    at ContentArea.js:58:1
    at commitHookEffectListMount (react-dom.development.js:23189:1)
    at commitPassiveMountOnFiber (react-dom.development.js:24965:1)
    at commitPassiveMountEffects_complete (react-dom.development.js:24930:1)
    at commitPassiveMountEffects_begin (react-dom.development.js:24917:1)
    at commitPassiveMountEffects (react-dom.development.js:24905:1)
    at flushPassiveEffectsImpl (react-dom.development.js:27078:1)
    at flushPassiveEffects (react-dom.development.js:27023:1)
loadInitialNotes @ ContentArea.js:51
await in loadInitialNotes
(anonymous) @ ContentArea.js:58
commitHookEffectListMount @ react-dom.development.js:23189
commitPassiveMountOnFiber @ react-dom.development.js:24965
commitPassiveMountEffects_complete @ react-dom.development.js:24930
commitPassiveMountEffects_begin @ react-dom.development.js:24917
commitPassiveMountEffects @ react-dom.development.js:24905
flushPassiveEffectsImpl @ react-dom.development.js:27078
flushPassiveEffects @ react-dom.development.js:27023
performSyncWorkOnRoot @ react-dom.development.js:26115
flushSyncCallbacks @ react-dom.development.js:12042
commitRootImpl @ react-dom.development.js:26998
commitRoot @ react-dom.development.js:26721
finishConcurrentRender @ react-dom.development.js:26020
performConcurrentWorkOnRoot @ react-dom.development.js:25848
workLoop @ scheduler.development.js:266
flushWork @ scheduler.development.js:239
performWorkUntilDeadline @ scheduler.development.js:533
ContentArea.js:51 Error loading initial notes: TypeError: limit is not a function
    at getPaginatedNotes (notes.js:447:1)
    at loadInitialNotes (ContentArea.js:46:1)
    at ContentArea.js:58:1
    at commitHookEffectListMount (react-dom.development.js:23189:1)
    at invokePassiveEffectMountInDEV (react-dom.development.js:25193:1)
    at invokeEffectsInDev (react-dom.development.js:27390:1)
    at commitDoubleInvokeEffectsInDEV (react-dom.development.js:27369:1)
    at flushPassiveEffectsImpl (react-dom.development.js:27095:1)
    at flushPassiveEffects (react-dom.development.js:27023:1)
    at performSyncWorkOnRoot (react-dom.development.js:26115:1)
loadInitialNotes @ ContentArea.js:51
await in loadInitialNotes
(anonymous) @ ContentArea.js:58
commitHookEffectListMount @ react-dom.development.js:23189
invokePassiveEffectMountInDEV @ react-dom.development.js:25193
invokeEffectsInDev @ react-dom.development.js:27390
commitDoubleInvokeEffectsInDEV @ react-dom.development.js:27369
flushPassiveEffectsImpl @ react-dom.development.js:27095
flushPassiveEffects @ react-dom.development.js:27023
performSyncWorkOnRoot @ react-dom.development.js:26115
flushSyncCallbacks @ react-dom.development.js:12042
commitRootImpl @ react-dom.development.js:26998
commitRoot @ react-dom.development.js:26721
finishConcurrentRender @ react-dom.development.js:26020
performConcurrentWorkOnRoot @ react-dom.development.js:25848
workLoop @ scheduler.development.js:266
flushWork @ scheduler.development.js:239
performWorkUntilDeadline @ scheduler.development.js:533
ContentArea.js:84 Error: Failed to load notes
(anonymous) @ ContentArea.js:84
commitHookEffectListMount @ react-dom.development.js:23189
commitPassiveMountOnFiber @ react-dom.development.js:24965
commitPassiveMountEffects_complete @ react-dom.development.js:24930
commitPassiveMountEffects_begin @ react-dom.development.js:24917
commitPassiveMountEffects @ react-dom.development.js:24905
flushPassiveEffectsImpl @ react-dom.development.js:27078
flushPassiveEffects @ react-dom.development.js:27023
(anonymous) @ react-dom.development.js:26808
workLoop @ scheduler.development.js:266
flushWork @ scheduler.development.js:239
performWorkUntilDeadline @ scheduler.development.js:533
notes.js:143 Received snapshot with changes
notes.js:149 Processed notes: 16
App.js:58 Received updated notes: (16) [{…}, {…}, {…}, {…}, {…}, {…}, {…}, {…}, {…}, {…}, {…}, {…}, {…}, {…}, {…}, {…}]
App.js:74 Received updated tags: (24) ['pcm', 'intune', 'entra', 'smoketest', 'UAT', 'appdisco', 'git', 'Abaqus', 'tutorial', 'formatting', 'organization', 'tags', 'features', 'search', 'project', 'ideas', 'web', 'meeting', 'client', 'Dummy', 'firebase', 'dashboard', 'test', 'id']
App.js:90 Received updated categories: (7) [{…}, {…}, {…}, {…}, {…}, {…}, {…}]
react-dom.development.js:86 Warning: Connect(Droppable): Support for defaultProps will be removed from memo components in a future major release. Use JavaScript default parameters instead.
    at div
    at div
    at Provider (http://localhost:3000/static/js/bundle.js:108710:20)
    at App (http://localhost:3000/static/js/bundle.js:78421:25)
    at ErrorBoundary (http://localhost:3000/static/js/bundle.js:72634:35)
    at DragDropContext (http://localhost:3000/static/js/bundle.js:78545:19)
    at ContentArea (http://localhost:3000/static/js/bundle.js:536:3)
    at div
    at div
    at App (http://localhost:3000/static/js/bundle.js:74:70)
    at ThemeProvider (http://localhost:3000/static/js/bundle.js:7349:3)
printWarning @ react-dom.development.js:86
error @ react-dom.development.js:60
updateMemoComponent @ react-dom.development.js:19320
beginWork @ react-dom.development.js:21712
beginWork$1 @ react-dom.development.js:27465
performUnitOfWork @ react-dom.development.js:26596
workLoopSync @ react-dom.development.js:26505
renderRootSync @ react-dom.development.js:26473
performConcurrentWorkOnRoot @ react-dom.development.js:25777
workLoop @ scheduler.development.js:266
flushWork @ scheduler.development.js:239
performWorkUntilDeadline @ scheduler.development.js:533
