ContentArea.js:365 Current selected category: All Notes
ContentArea.js:366 All notes: 12
ContentArea.js:373 Note Firebase command: checking All Notes condition: {isArchived: false, matchesCategory: true}
ContentArea.js:365 Current selected category: All Notes
ContentArea.js:366 All notes: 12
ContentArea.js:373 Note Project Ideas 2024: checking All Notes condition: {isArchived: true, matchesCategory: false}
ContentArea.js:365 Current selected category: All Notes
 All notes: 12
 Note Weekly Goals: checking All Notes condition: {isArchived: true, matchesCategory: false}
 Current selected category: All Notes
 All notes: 12
 Note Meeting Notes - Client Discussion: checking All Notes condition: {isArchived: true, matchesCategory: false}
 Current selected category: All Notes
 All notes: 12
 Note Testar image upload: checking All Notes condition: {isArchived: false, matchesCategory: true}
 Current selected category: All Notes
 All notes: 12
 Note test123: checking All Notes condition: {isArchived: false, matchesCategory: true}
 Current selected category: All Notes
 All notes: 12
 Note testaaaa: checking All Notes condition: {isArchived: false, matchesCategory: true}
 Current selected category: All Notes
 All notes: 12
 Note 2024-12-28: checking All Notes condition: {isArchived: false, matchesCategory: true}
 Current selected category: All Notes
 All notes: 12
 Note test if its working: checking All Notes condition: {isArchived: undefined, matchesCategory: true}
ContentArea.js:365 Current selected category: All Notes
ContentArea.js:366 All notes: 12
ContentArea.js:373 Note Testar: checking All Notes condition: {isArchived: false, matchesCategory: true}
ContentArea.js:365 Current selected category: All Notes
ContentArea.js:366 All notes: 12
ContentArea.js:373 Note Varningar om kakor 3: checking All Notes condition: {isArchived: undefined, matchesCategory: true}
ContentArea.js:365 Current selected category: All Notes
ContentArea.js:366 All notes: 12
ContentArea.js:373 Note test if its working: checking All Notes condition: {isArchived: undefined, matchesCategory: true}
ContentArea.js:365 Current selected category: All Notes
ContentArea.js:366 All notes: 12
ContentArea.js:373 Note Firebase command: checking All Notes condition: {isArchived: false, matchesCategory: true}
ContentArea.js:365 Current selected category: All Notes
ContentArea.js:366 All notes: 12
ContentArea.js:373 Note Project Ideas 2024: checking All Notes condition: {isArchived: true, matchesCategory: false}
ContentArea.js:365 Current selected category: All Notes
ContentArea.js:366 All notes: 12
ContentArea.js:373 Note Weekly Goals: checking All Notes condition: {isArchived: true, matchesCategory: false}
ContentArea.js:365 Current selected category: All Notes
ContentArea.js:366 All notes: 12
ContentArea.js:373 Note Meeting Notes - Client Discussion: checking All Notes condition: {isArchived: true, matchesCategory: false}
ContentArea.js:365 Current selected category: All Notes
ContentArea.js:366 All notes: 12
ContentArea.js:373 Note Testar image upload: checking All Notes condition: {isArchived: false, matchesCategory: true}
ContentArea.js:365 Current selected category: All Notes
ContentArea.js:366 All notes: 12
ContentArea.js:373 Note test123: checking All Notes condition: {isArchived: false, matchesCategory: true}
ContentArea.js:365 Current selected category: All Notes
ContentArea.js:366 All notes: 12
ContentArea.js:373 Note testaaaa: checking All Notes condition: {isArchived: false, matchesCategory: true}
ContentArea.js:365 Current selected category: All Notes
ContentArea.js:366 All notes: 12
ContentArea.js:373 Note 2024-12-28: checking All Notes condition: {isArchived: false, matchesCategory: true}
ContentArea.js:365 Current selected category: All Notes
ContentArea.js:366 All notes: 12
ContentArea.js:373 Note test if its working: checking All Notes condition: {isArchived: undefined, matchesCategory: true}
ContentArea.js:365 Current selected category: All Notes
ContentArea.js:366 All notes: 12
ContentArea.js:373 Note Testar: checking All Notes condition: {isArchived: false, matchesCategory: true}
ContentArea.js:365 Current selected category: All Notes
ContentArea.js:366 All notes: 12
ContentArea.js:373 Note Varningar om kakor 3: checking All Notes condition: {isArchived: undefined, matchesCategory: true}
ContentArea.js:365 Current selected category: All Notes
ContentArea.js:366 All notes: 12
ContentArea.js:373 Note test if its working: checking All Notes condition: {isArchived: undefined, matchesCategory: true}
ContentArea.js:403 Final filtered notes: 9
ContentArea.js:405 - Note: {id: 'uZvPm8BfpgKJEMOsNSun', title: 'Firebase command', category: 'Work/Projects', isArchived: false, order: -1931}
ContentArea.js:405 - Note: {id: 'ReTeiugYPNX6yt5iOIQ4', title: 'Testar image upload', category: 'Ideas', isArchived: false, order: 2751.657470703125}
ContentArea.js:405 - Note: {id: 'UXvHIodxJ7kCtayKtUbH', title: 'test123', category: 'Urgent', isArchived: false, order: 2773.5086669921875}
ContentArea.js:405 - Note: {id: 'MQH27Cl9gGe6YoAm6oA0', title: 'testaaaa', category: 'Work/Projects', isArchived: false, order: 2795.35986328125}
ContentArea.js:405 - Note: {id: 'dwgMJ4mWmIbUGNoZGTSf', title: '2024-12-28', category: 'Personal', isArchived: false, order: 6101.276611328125}
ContentArea.js:405 - Note: {id: 'HLefoEjmg8pVO28ietdO', title: 'test if its working', category: 'No category', isArchived: false, order: 6381.8125}
ContentArea.js:405 - Note: {id: 'uHieyztHKTg544GGjwVp', title: 'Testar', category: 'Meeting', isArchived: false, order: 7101.276611328125}
ContentArea.js:405 - Note: {id: 'iLIEMNJOFf7tQxQ9lkEU', title: 'Varningar om kakor 3', category: 'No category', isArchived: false, order: 7381.8125}
ContentArea.js:405 - Note: {id: 'wV4oQcGf8JxU6NnbA7i5', title: 'test if its working', category: 'No category', isArchived: false, order: 8381.8125}
ContentArea.js:365 Current selected category: All Notes
ContentArea.js:366 All notes: 12
ContentArea.js:373 Note Firebase command: checking All Notes condition: {isArchived: false, matchesCategory: true}
ContentArea.js:365 Current selected category: All Notes
ContentArea.js:366 All notes: 12
ContentArea.js:373 Note Project Ideas 2024: checking All Notes condition: {isArchived: true, matchesCategory: false}
ContentArea.js:365 Current selected category: All Notes
ContentArea.js:366 All notes: 12
ContentArea.js:373 Note Weekly Goals: checking All Notes condition: {isArchived: true, matchesCategory: false}
ContentArea.js:365 Current selected category: All Notes
ContentArea.js:366 All notes: 12
ContentArea.js:373 Note Meeting Notes - Client Discussion: checking All Notes condition: {isArchived: true, matchesCategory: false}
ContentArea.js:365 Current selected category: All Notes
ContentArea.js:366 All notes: 12
ContentArea.js:373 Note Testar image upload: checking All Notes condition: {isArchived: false, matchesCategory: true}
ContentArea.js:365 Current selected category: All Notes
ContentArea.js:366 All notes: 12
ContentArea.js:373 Note test123: checking All Notes condition: {isArchived: false, matchesCategory: true}
ContentArea.js:365 Current selected category: All Notes
ContentArea.js:366 All notes: 12
ContentArea.js:373 Note testaaaa: checking All Notes condition: {isArchived: false, matchesCategory: true}
ContentArea.js:365 Current selected category: All Notes
ContentArea.js:366 All notes: 12
ContentArea.js:373 Note 2024-12-28: checking All Notes condition: {isArchived: false, matchesCategory: true}
ContentArea.js:365 Current selected category: All Notes
ContentArea.js:366 All notes: 12
ContentArea.js:373 Note test if its working: checking All Notes condition: {isArchived: undefined, matchesCategory: true}
ContentArea.js:365 Current selected category: All Notes
ContentArea.js:366 All notes: 12
ContentArea.js:373 Note Testar: checking All Notes condition: {isArchived: false, matchesCategory: true}
ContentArea.js:365 Current selected category: All Notes
ContentArea.js:366 All notes: 12
ContentArea.js:373 Note Varningar om kakor 3: checking All Notes condition: {isArchived: undefined, matchesCategory: true}
ContentArea.js:365 Current selected category: All Notes
ContentArea.js:366 All notes: 12
ContentArea.js:373 Note test if its working: checking All Notes condition: {isArchived: undefined, matchesCategory: true}
ContentArea.js:365 Current selected category: All Notes
ContentArea.js:366 All notes: 12
ContentArea.js:373 Note Firebase command: checking All Notes condition: {isArchived: false, matchesCategory: true}
ContentArea.js:365 Current selected category: All Notes
ContentArea.js:366 All notes: 12
ContentArea.js:373 Note Project Ideas 2024: checking All Notes condition: {isArchived: true, matchesCategory: false}
ContentArea.js:365 Current selected category: All Notes
ContentArea.js:366 All notes: 12
ContentArea.js:373 Note Weekly Goals: checking All Notes condition: {isArchived: true, matchesCategory: false}
ContentArea.js:365 Current selected category: All Notes
ContentArea.js:366 All notes: 12
ContentArea.js:373 Note Meeting Notes - Client Discussion: checking All Notes condition: {isArchived: true, matchesCategory: false}
ContentArea.js:365 Current selected category: All Notes
ContentArea.js:366 All notes: 12
ContentArea.js:373 Note Testar image upload: checking All Notes condition: {isArchived: false, matchesCategory: true}
ContentArea.js:365 Current selected category: All Notes
ContentArea.js:366 All notes: 12
ContentArea.js:373 Note test123: checking All Notes condition: {isArchived: false, matchesCategory: true}
ContentArea.js:365 Current selected category: All Notes
ContentArea.js:366 All notes: 12
ContentArea.js:373 Note testaaaa: checking All Notes condition: {isArchived: false, matchesCategory: true}
ContentArea.js:365 Current selected category: All Notes
ContentArea.js:366 All notes: 12
ContentArea.js:373 Note 2024-12-28: checking All Notes condition: {isArchived: false, matchesCategory: true}
ContentArea.js:365 Current selected category: All Notes
ContentArea.js:366 All notes: 12
ContentArea.js:373 Note test if its working: checking All Notes condition: {isArchived: undefined, matchesCategory: true}
ContentArea.js:365 Current selected category: All Notes
ContentArea.js:366 All notes: 12
ContentArea.js:373 Note Testar: checking All Notes condition: {isArchived: false, matchesCategory: true}
ContentArea.js:365 Current selected category: All Notes
ContentArea.js:366 All notes: 12
ContentArea.js:373 Note Varningar om kakor 3: checking All Notes condition: {isArchived: undefined, matchesCategory: true}
ContentArea.js:365 Current selected category: All Notes
ContentArea.js:366 All notes: 12
ContentArea.js:373 Note test if its working: checking All Notes condition: {isArchived: undefined, matchesCategory: true}
TipTapEditor.js:482 [tiptap warn]: Duplicate extension names found: ['codeBlock']. This can lead to issues.
resolve @ ExtensionManager.ts:50
ExtensionManager @ ExtensionManager.ts:34
createExtensionManager @ Editor.ts:299
Editor @ Editor.ts:99
createEditor @ useEditor.ts:155
getInitialEditor @ useEditor.ts:119
EditorInstanceManager @ useEditor.ts:80
(anonymous) @ useEditor.ts:313
mountState @ react-dom.development.js:16167
useState @ react-dom.development.js:16880
useState @ react.development.js:1622
useEditor @ useEditor.ts:313
TipTapEditor @ TipTapEditor.js:482
renderWithHooks @ react-dom.development.js:15486
mountIndeterminateComponent @ react-dom.development.js:20103
beginWork @ react-dom.development.js:21626
beginWork$1 @ react-dom.development.js:27465
performUnitOfWork @ react-dom.development.js:26596
workLoopSync @ react-dom.development.js:26505
renderRootSync @ react-dom.development.js:26473
performConcurrentWorkOnRoot @ react-dom.development.js:25777
workLoop @ scheduler.development.js:266
flushWork @ scheduler.development.js:239
performWorkUntilDeadline @ scheduler.development.js:533
TipTapEditor.js:482 [tiptap warn]: Duplicate extension names found: ['codeBlock']. This can lead to issues.
resolve @ ExtensionManager.ts:50
ExtensionManager @ ExtensionManager.ts:34
createExtensionManager @ Editor.ts:299
Editor @ Editor.ts:99
createEditor @ useEditor.ts:155
getInitialEditor @ useEditor.ts:119
EditorInstanceManager @ useEditor.ts:80
(anonymous) @ useEditor.ts:313
mountState @ react-dom.development.js:16167
useState @ react-dom.development.js:16880
useState @ react.development.js:1622
useEditor @ useEditor.ts:313
TipTapEditor @ TipTapEditor.js:482
renderWithHooks @ react-dom.development.js:15486
mountIndeterminateComponent @ react-dom.development.js:20174
beginWork @ react-dom.development.js:21626
beginWork$1 @ react-dom.development.js:27465
performUnitOfWork @ react-dom.development.js:26596
workLoopSync @ react-dom.development.js:26505
renderRootSync @ react-dom.development.js:26473
performConcurrentWorkOnRoot @ react-dom.development.js:25777
workLoop @ scheduler.development.js:266
flushWork @ scheduler.development.js:239
performWorkUntilDeadline @ scheduler.development.js:533
TipTapEditor.js:697 Content prop changed: 
NoteModal.js:17 NoteModal content updated: {initialTitle: '', initialContent: ''}
ContentArea.js:403 Final filtered notes: 9
ContentArea.js:405 - Note: {id: 'uZvPm8BfpgKJEMOsNSun', title: 'Firebase command', category: 'Work/Projects', isArchived: false, order: -1931}
ContentArea.js:405 - Note: {id: 'ReTeiugYPNX6yt5iOIQ4', title: 'Testar image upload', category: 'Ideas', isArchived: false, order: 2751.657470703125}
ContentArea.js:405 - Note: {id: 'UXvHIodxJ7kCtayKtUbH', title: 'test123', category: 'Urgent', isArchived: false, order: 2773.5086669921875}
ContentArea.js:405 - Note: {id: 'MQH27Cl9gGe6YoAm6oA0', title: 'testaaaa', category: 'Work/Projects', isArchived: false, order: 2795.35986328125}
ContentArea.js:405 - Note: {id: 'dwgMJ4mWmIbUGNoZGTSf', title: '2024-12-28', category: 'Personal', isArchived: false, order: 6101.276611328125}
ContentArea.js:405 - Note: {id: 'HLefoEjmg8pVO28ietdO', title: 'test if its working', category: 'No category', isArchived: false, order: 6381.8125}
ContentArea.js:405 - Note: {id: 'uHieyztHKTg544GGjwVp', title: 'Testar', category: 'Meeting', isArchived: false, order: 7101.276611328125}
ContentArea.js:405 - Note: {id: 'iLIEMNJOFf7tQxQ9lkEU', title: 'Varningar om kakor 3', category: 'No category', isArchived: false, order: 7381.8125}
ContentArea.js:405 - Note: {id: 'wV4oQcGf8JxU6NnbA7i5', title: 'test if its working', category: 'No category', isArchived: false, order: 8381.8125}
TipTapEditor.js:697 Content prop changed: 
NoteModal.js:17 NoteModal content updated: {initialTitle: '', initialContent: ''}
NoteModal.js:43 Saving note: {finalTitle: 'note10', editedContent: '', selectedCat: 'Uncategorized', tagList: Array(0)}
ContentArea.js:265 Saving note content: {newTitle: 'note10', newContent: '', newCategory: 'Uncategorized', newTags: Array(0)}
ContentArea.js:283 Note data to save: {userId: 'GLNz0QZAbfefAUFkbcOJL8N1T513', title: 'note10', content: '', category: 'Uncategorized', tags: Array(0), …}
ContentArea.js:365 Current selected category: All Notes
ContentArea.js:366 All notes: 12
ContentArea.js:373 Note Firebase command: checking All Notes condition: {isArchived: false, matchesCategory: true}
ContentArea.js:365 Current selected category: All Notes
ContentArea.js:366 All notes: 12
ContentArea.js:373 Note Project Ideas 2024: checking All Notes condition: {isArchived: true, matchesCategory: false}
ContentArea.js:365 Current selected category: All Notes
ContentArea.js:366 All notes: 12
ContentArea.js:373 Note Weekly Goals: checking All Notes condition: {isArchived: true, matchesCategory: false}
ContentArea.js:365 Current selected category: All Notes
ContentArea.js:366 All notes: 12
ContentArea.js:373 Note Meeting Notes - Client Discussion: checking All Notes condition: {isArchived: true, matchesCategory: false}
ContentArea.js:365 Current selected category: All Notes
ContentArea.js:366 All notes: 12
ContentArea.js:373 Note Testar image upload: checking All Notes condition: {isArchived: false, matchesCategory: true}
ContentArea.js:365 Current selected category: All Notes
ContentArea.js:366 All notes: 12
ContentArea.js:373 Note test123: checking All Notes condition: {isArchived: false, matchesCategory: true}
ContentArea.js:365 Current selected category: All Notes
ContentArea.js:366 All notes: 12
ContentArea.js:373 Note testaaaa: checking All Notes condition: {isArchived: false, matchesCategory: true}
ContentArea.js:365 Current selected category: All Notes
ContentArea.js:366 All notes: 12
ContentArea.js:373 Note 2024-12-28: checking All Notes condition: {isArchived: false, matchesCategory: true}
ContentArea.js:365 Current selected category: All Notes
ContentArea.js:366 All notes: 12
ContentArea.js:373 Note test if its working: checking All Notes condition: {isArchived: undefined, matchesCategory: true}
ContentArea.js:365 Current selected category: All Notes
ContentArea.js:366 All notes: 12
ContentArea.js:373 Note Testar: checking All Notes condition: {isArchived: false, matchesCategory: true}
ContentArea.js:365 Current selected category: All Notes
ContentArea.js:366 All notes: 12
ContentArea.js:373 Note Varningar om kakor 3: checking All Notes condition: {isArchived: undefined, matchesCategory: true}
ContentArea.js:365 Current selected category: All Notes
ContentArea.js:366 All notes: 12
ContentArea.js:373 Note test if its working: checking All Notes condition: {isArchived: undefined, matchesCategory: true}
ContentArea.js:365 Current selected category: All Notes
ContentArea.js:366 All notes: 12
ContentArea.js:373 Note Firebase command: checking All Notes condition: {isArchived: false, matchesCategory: true}
ContentArea.js:365 Current selected category: All Notes
ContentArea.js:366 All notes: 12
ContentArea.js:373 Note Project Ideas 2024: checking All Notes condition: {isArchived: true, matchesCategory: false}
ContentArea.js:365 Current selected category: All Notes
ContentArea.js:366 All notes: 12
ContentArea.js:373 Note Weekly Goals: checking All Notes condition: {isArchived: true, matchesCategory: false}
ContentArea.js:365 Current selected category: All Notes
ContentArea.js:366 All notes: 12
ContentArea.js:373 Note Meeting Notes - Client Discussion: checking All Notes condition: {isArchived: true, matchesCategory: false}
ContentArea.js:365 Current selected category: All Notes
ContentArea.js:366 All notes: 12
ContentArea.js:373 Note Testar image upload: checking All Notes condition: {isArchived: false, matchesCategory: true}
ContentArea.js:365 Current selected category: All Notes
ContentArea.js:366 All notes: 12
ContentArea.js:373 Note test123: checking All Notes condition: {isArchived: false, matchesCategory: true}
ContentArea.js:365 Current selected category: All Notes
ContentArea.js:366 All notes: 12
ContentArea.js:373 Note testaaaa: checking All Notes condition: {isArchived: false, matchesCategory: true}
ContentArea.js:365 Current selected category: All Notes
ContentArea.js:366 All notes: 12
ContentArea.js:373 Note 2024-12-28: checking All Notes condition: {isArchived: false, matchesCategory: true}
ContentArea.js:365 Current selected category: All Notes
ContentArea.js:366 All notes: 12
ContentArea.js:373 Note test if its working: checking All Notes condition: {isArchived: undefined, matchesCategory: true}
ContentArea.js:365 Current selected category: All Notes
ContentArea.js:366 All notes: 12
ContentArea.js:373 Note Testar: checking All Notes condition: {isArchived: false, matchesCategory: true}
ContentArea.js:365 Current selected category: All Notes
ContentArea.js:366 All notes: 12
ContentArea.js:373 Note Varningar om kakor 3: checking All Notes condition: {isArchived: undefined, matchesCategory: true}
ContentArea.js:365 Current selected category: All Notes
ContentArea.js:366 All notes: 12
ContentArea.js:373 Note test if its working: checking All Notes condition: {isArchived: undefined, matchesCategory: true}
ContentArea.js:403 Final filtered notes: 9
ContentArea.js:405 - Note: {id: 'uZvPm8BfpgKJEMOsNSun', title: 'Firebase command', category: 'Work/Projects', isArchived: false, order: -1931}
ContentArea.js:405 - Note: {id: 'ReTeiugYPNX6yt5iOIQ4', title: 'Testar image upload', category: 'Ideas', isArchived: false, order: 2751.657470703125}
ContentArea.js:405 - Note: {id: 'UXvHIodxJ7kCtayKtUbH', title: 'test123', category: 'Urgent', isArchived: false, order: 2773.5086669921875}
ContentArea.js:405 - Note: {id: 'MQH27Cl9gGe6YoAm6oA0', title: 'testaaaa', category: 'Work/Projects', isArchived: false, order: 2795.35986328125}
ContentArea.js:405 - Note: {id: 'dwgMJ4mWmIbUGNoZGTSf', title: '2024-12-28', category: 'Personal', isArchived: false, order: 6101.276611328125}
ContentArea.js:405 - Note: {id: 'HLefoEjmg8pVO28ietdO', title: 'test if its working', category: 'No category', isArchived: false, order: 6381.8125}
ContentArea.js:405 - Note: {id: 'uHieyztHKTg544GGjwVp', title: 'Testar', category: 'Meeting', isArchived: false, order: 7101.276611328125}
ContentArea.js:405 - Note: {id: 'iLIEMNJOFf7tQxQ9lkEU', title: 'Varningar om kakor 3', category: 'No category', isArchived: false, order: 7381.8125}
ContentArea.js:405 - Note: {id: 'wV4oQcGf8JxU6NnbA7i5', title: 'test if its working', category: 'No category', isArchived: false, order: 8381.8125}
notes.js:171 Received snapshot with changes
notes.js:177 Processed notes: 10
App.js:58 Received updated notes: (10) [{…}, {…}, {…}, {…}, {…}, {…}, {…}, {…}, {…}, {…}]
ContentArea.js:365 Current selected category: All Notes
ContentArea.js:366 All notes: 10
ContentArea.js:373 Note Firebase command: checking All Notes condition: {isArchived: false, matchesCategory: true}
ContentArea.js:365 Current selected category: All Notes
ContentArea.js:366 All notes: 10
ContentArea.js:373 Note Project Ideas 2024: checking All Notes condition: {isArchived: true, matchesCategory: false}
ContentArea.js:365 Current selected category: All Notes
ContentArea.js:366 All notes: 10
ContentArea.js:373 Note Weekly Goals: checking All Notes condition: {isArchived: true, matchesCategory: false}
ContentArea.js:365 Current selected category: All Notes
ContentArea.js:366 All notes: 10
ContentArea.js:373 Note Meeting Notes - Client Discussion: checking All Notes condition: {isArchived: true, matchesCategory: false}
ContentArea.js:365 Current selected category: All Notes
ContentArea.js:366 All notes: 10
ContentArea.js:373 Note Testar image upload: checking All Notes condition: {isArchived: false, matchesCategory: true}
ContentArea.js:365 Current selected category: All Notes
ContentArea.js:366 All notes: 10
ContentArea.js:373 Note test123: checking All Notes condition: {isArchived: false, matchesCategory: true}
ContentArea.js:365 Current selected category: All Notes
ContentArea.js:366 All notes: 10
ContentArea.js:373 Note testaaaa: checking All Notes condition: {isArchived: false, matchesCategory: true}
ContentArea.js:365 Current selected category: All Notes
ContentArea.js:366 All notes: 10
ContentArea.js:373 Note 2024-12-28: checking All Notes condition: {isArchived: false, matchesCategory: true}
ContentArea.js:365 Current selected category: All Notes
ContentArea.js:366 All notes: 10
ContentArea.js:373 Note Testar: checking All Notes condition: {isArchived: false, matchesCategory: true}
ContentArea.js:365 Current selected category: All Notes
ContentArea.js:366 All notes: 10
ContentArea.js:373 Note note10: checking All Notes condition: {isArchived: false, matchesCategory: true}
ContentArea.js:365 Current selected category: All Notes
ContentArea.js:366 All notes: 10
ContentArea.js:373 Note Firebase command: checking All Notes condition: {isArchived: false, matchesCategory: true}
ContentArea.js:365 Current selected category: All Notes
ContentArea.js:366 All notes: 10
ContentArea.js:373 Note Project Ideas 2024: checking All Notes condition: {isArchived: true, matchesCategory: false}
ContentArea.js:365 Current selected category: All Notes
ContentArea.js:366 All notes: 10
ContentArea.js:373 Note Weekly Goals: checking All Notes condition: {isArchived: true, matchesCategory: false}
ContentArea.js:365 Current selected category: All Notes
ContentArea.js:366 All notes: 10
ContentArea.js:373 Note Meeting Notes - Client Discussion: checking All Notes condition: {isArchived: true, matchesCategory: false}
ContentArea.js:365 Current selected category: All Notes
ContentArea.js:366 All notes: 10
ContentArea.js:373 Note Testar image upload: checking All Notes condition: {isArchived: false, matchesCategory: true}
ContentArea.js:365 Current selected category: All Notes
ContentArea.js:366 All notes: 10
ContentArea.js:373 Note test123: checking All Notes condition: {isArchived: false, matchesCategory: true}
ContentArea.js:365 Current selected category: All Notes
ContentArea.js:366 All notes: 10
ContentArea.js:373 Note testaaaa: checking All Notes condition: {isArchived: false, matchesCategory: true}
ContentArea.js:365 Current selected category: All Notes
ContentArea.js:366 All notes: 10
ContentArea.js:373 Note 2024-12-28: checking All Notes condition: {isArchived: false, matchesCategory: true}
ContentArea.js:365 Current selected category: All Notes
ContentArea.js:366 All notes: 10
ContentArea.js:373 Note Testar: checking All Notes condition: {isArchived: false, matchesCategory: true}
ContentArea.js:365 Current selected category: All Notes
ContentArea.js:366 All notes: 10
ContentArea.js:373 Note note10: checking All Notes condition: {isArchived: false, matchesCategory: true}
ContentArea.js:403 Final filtered notes: 7
ContentArea.js:405 - Note: {id: 'uZvPm8BfpgKJEMOsNSun', title: 'Firebase command', category: 'Work/Projects', isArchived: false, order: -1931}
ContentArea.js:405 - Note: {id: 'ReTeiugYPNX6yt5iOIQ4', title: 'Testar image upload', category: 'Ideas', isArchived: false, order: 2751.657470703125}
ContentArea.js:405 - Note: {id: 'UXvHIodxJ7kCtayKtUbH', title: 'test123', category: 'Urgent', isArchived: false, order: 2773.5086669921875}
ContentArea.js:405 - Note: {id: 'MQH27Cl9gGe6YoAm6oA0', title: 'testaaaa', category: 'Work/Projects', isArchived: false, order: 2795.35986328125}
ContentArea.js:405 - Note: {id: 'dwgMJ4mWmIbUGNoZGTSf', title: '2024-12-28', category: 'Personal', isArchived: false, order: 6101.276611328125}
ContentArea.js:405 - Note: {id: 'uHieyztHKTg544GGjwVp', title: 'Testar', category: 'Meeting', isArchived: false, order: 7101.276611328125}
ContentArea.js:405 - Note: {id: 'Ac5UkxvUR3nftVOGnLuA', title: 'note10', category: 'Uncategorized', isArchived: false, order: 12381.8125}
notes.js:54 Note added successfully: Ac5UkxvUR3nftVOGnLuA
ContentArea.js:365 Current selected category: All Notes
ContentArea.js:366 All notes: 10
ContentArea.js:373 Note Firebase command: checking All Notes condition: {isArchived: false, matchesCategory: true}
ContentArea.js:365 Current selected category: All Notes
ContentArea.js:366 All notes: 10
ContentArea.js:373 Note Project Ideas 2024: checking All Notes condition: {isArchived: true, matchesCategory: false}
ContentArea.js:365 Current selected category: All Notes
ContentArea.js:366 All notes: 10
ContentArea.js:373 Note Weekly Goals: checking All Notes condition: {isArchived: true, matchesCategory: false}
ContentArea.js:365 Current selected category: All Notes
ContentArea.js:366 All notes: 10
ContentArea.js:373 Note Meeting Notes - Client Discussion: checking All Notes condition: {isArchived: true, matchesCategory: false}
ContentArea.js:365 Current selected category: All Notes
ContentArea.js:366 All notes: 10
ContentArea.js:373 Note Testar image upload: checking All Notes condition: {isArchived: false, matchesCategory: true}
ContentArea.js:365 Current selected category: All Notes
ContentArea.js:366 All notes: 10
ContentArea.js:373 Note test123: checking All Notes condition: {isArchived: false, matchesCategory: true}
ContentArea.js:365 Current selected category: All Notes
ContentArea.js:366 All notes: 10
ContentArea.js:373 Note testaaaa: checking All Notes condition: {isArchived: false, matchesCategory: true}
ContentArea.js:365 Current selected category: All Notes
ContentArea.js:366 All notes: 10
ContentArea.js:373 Note 2024-12-28: checking All Notes condition: {isArchived: false, matchesCategory: true}
ContentArea.js:365 Current selected category: All Notes
ContentArea.js:366 All notes: 10
ContentArea.js:373 Note Testar: checking All Notes condition: {isArchived: false, matchesCategory: true}
ContentArea.js:365 Current selected category: All Notes
ContentArea.js:366 All notes: 10
ContentArea.js:373 Note note10: checking All Notes condition: {isArchived: false, matchesCategory: true}
ContentArea.js:365 Current selected category: All Notes
ContentArea.js:366 All notes: 10
ContentArea.js:373 Note Firebase command: checking All Notes condition: {isArchived: false, matchesCategory: true}
ContentArea.js:365 Current selected category: All Notes
ContentArea.js:366 All notes: 10
ContentArea.js:373 Note Project Ideas 2024: checking All Notes condition: {isArchived: true, matchesCategory: false}
ContentArea.js:365 Current selected category: All Notes
ContentArea.js:366 All notes: 10
ContentArea.js:373 Note Weekly Goals: checking All Notes condition: {isArchived: true, matchesCategory: false}
ContentArea.js:365 Current selected category: All Notes
ContentArea.js:366 All notes: 10
ContentArea.js:373 Note Meeting Notes - Client Discussion: checking All Notes condition: {isArchived: true, matchesCategory: false}
ContentArea.js:365 Current selected category: All Notes
ContentArea.js:366 All notes: 10
ContentArea.js:373 Note Testar image upload: checking All Notes condition: {isArchived: false, matchesCategory: true}
ContentArea.js:365 Current selected category: All Notes
ContentArea.js:366 All notes: 10
ContentArea.js:373 Note test123: checking All Notes condition: {isArchived: false, matchesCategory: true}
ContentArea.js:365 Current selected category: All Notes
ContentArea.js:366 All notes: 10
ContentArea.js:373 Note testaaaa: checking All Notes condition: {isArchived: false, matchesCategory: true}
ContentArea.js:365 Current selected category: All Notes
ContentArea.js:366 All notes: 10
ContentArea.js:373 Note 2024-12-28: checking All Notes condition: {isArchived: false, matchesCategory: true}
ContentArea.js:365 Current selected category: All Notes
ContentArea.js:366 All notes: 10
ContentArea.js:373 Note Testar: checking All Notes condition: {isArchived: false, matchesCategory: true}
ContentArea.js:365 Current selected category: All Notes
ContentArea.js:366 All notes: 10
ContentArea.js:373 Note note10: checking All Notes condition: {isArchived: false, matchesCategory: true}
ContentArea.js:403 Final filtered notes: 7
ContentArea.js:405 - Note: {id: 'uZvPm8BfpgKJEMOsNSun', title: 'Firebase command', category: 'Work/Projects', isArchived: false, order: -1931}
ContentArea.js:405 - Note: {id: 'ReTeiugYPNX6yt5iOIQ4', title: 'Testar image upload', category: 'Ideas', isArchived: false, order: 2751.657470703125}
ContentArea.js:405 - Note: {id: 'UXvHIodxJ7kCtayKtUbH', title: 'test123', category: 'Urgent', isArchived: false, order: 2773.5086669921875}
ContentArea.js:405 - Note: {id: 'MQH27Cl9gGe6YoAm6oA0', title: 'testaaaa', category: 'Work/Projects', isArchived: false, order: 2795.35986328125}
ContentArea.js:405 - Note: {id: 'dwgMJ4mWmIbUGNoZGTSf', title: '2024-12-28', category: 'Personal', isArchived: false, order: 6101.276611328125}
ContentArea.js:405 - Note: {id: 'uHieyztHKTg544GGjwVp', title: 'Testar', category: 'Meeting', isArchived: false, order: 7101.276611328125}
ContentArea.js:405 - Note: {id: 'Ac5UkxvUR3nftVOGnLuA', title: 'note10', category: 'Uncategorized', isArchived: false, order: 12381.8125}
ContentArea.js:365 Current selected category: All Notes
ContentArea.js:366 All notes: 14
ContentArea.js:373 Note Firebase command: checking All Notes condition: {isArchived: false, matchesCategory: true}
ContentArea.js:365 Current selected category: All Notes
ContentArea.js:366 All notes: 14
ContentArea.js:373 Note Project Ideas 2024: checking All Notes condition: {isArchived: true, matchesCategory: false}
ContentArea.js:365 Current selected category: All Notes
ContentArea.js:366 All notes: 14
ContentArea.js:373 Note Weekly Goals: checking All Notes condition: {isArchived: true, matchesCategory: false}
ContentArea.js:365 Current selected category: All Notes
ContentArea.js:366 All notes: 14
ContentArea.js:373 Note Meeting Notes - Client Discussion: checking All Notes condition: {isArchived: true, matchesCategory: false}
ContentArea.js:365 Current selected category: All Notes
ContentArea.js:366 All notes: 14
ContentArea.js:373 Note Testar image upload: checking All Notes condition: {isArchived: false, matchesCategory: true}
ContentArea.js:365 Current selected category: All Notes
ContentArea.js:366 All notes: 14
ContentArea.js:373 Note test123: checking All Notes condition: {isArchived: false, matchesCategory: true}
ContentArea.js:365 Current selected category: All Notes
ContentArea.js:366 All notes: 14
ContentArea.js:373 Note testaaaa: checking All Notes condition: {isArchived: false, matchesCategory: true}
ContentArea.js:365 Current selected category: All Notes
ContentArea.js:366 All notes: 14
ContentArea.js:373 Note 2024-12-28: checking All Notes condition: {isArchived: false, matchesCategory: true}
ContentArea.js:365 Current selected category: All Notes
ContentArea.js:366 All notes: 14
ContentArea.js:373 Note Testar: checking All Notes condition: {isArchived: false, matchesCategory: true}
ContentArea.js:365 Current selected category: All Notes
ContentArea.js:366 All notes: 14
ContentArea.js:373 Note note10: checking All Notes condition: {isArchived: false, matchesCategory: true}
ContentArea.js:365 Current selected category: All Notes
ContentArea.js:366 All notes: 14
ContentArea.js:373 Note test if its working: checking All Notes condition: {isArchived: undefined, matchesCategory: true}
ContentArea.js:365 Current selected category: All Notes
ContentArea.js:366 All notes: 14
ContentArea.js:373 Note test if its working: checking All Notes condition: {isArchived: undefined, matchesCategory: true}
ContentArea.js:365 Current selected category: All Notes
ContentArea.js:366 All notes: 14
ContentArea.js:373 Note test if its working: checking All Notes condition: {isArchived: undefined, matchesCategory: true}
ContentArea.js:365 Current selected category: All Notes
ContentArea.js:366 All notes: 14
ContentArea.js:373 Note note10: checking All Notes condition: {isArchived: false, matchesCategory: true}
ContentArea.js:365 Current selected category: All Notes
ContentArea.js:366 All notes: 14
ContentArea.js:373 Note Firebase command: checking All Notes condition: {isArchived: false, matchesCategory: true}
ContentArea.js:365 Current selected category: All Notes
ContentArea.js:366 All notes: 14
ContentArea.js:373 Note Project Ideas 2024: checking All Notes condition: {isArchived: true, matchesCategory: false}
ContentArea.js:365 Current selected category: All Notes
ContentArea.js:366 All notes: 14
ContentArea.js:373 Note Weekly Goals: checking All Notes condition: {isArchived: true, matchesCategory: false}
ContentArea.js:365 Current selected category: All Notes
ContentArea.js:366 All notes: 14
ContentArea.js:373 Note Meeting Notes - Client Discussion: checking All Notes condition: {isArchived: true, matchesCategory: false}
ContentArea.js:365 Current selected category: All Notes
ContentArea.js:366 All notes: 14
ContentArea.js:373 Note Testar image upload: checking All Notes condition: {isArchived: false, matchesCategory: true}
ContentArea.js:365 Current selected category: All Notes
ContentArea.js:366 All notes: 14
ContentArea.js:373 Note test123: checking All Notes condition: {isArchived: false, matchesCategory: true}
ContentArea.js:365 Current selected category: All Notes
ContentArea.js:366 All notes: 14
ContentArea.js:373 Note testaaaa: checking All Notes condition: {isArchived: false, matchesCategory: true}
ContentArea.js:365 Current selected category: All Notes
ContentArea.js:366 All notes: 14
ContentArea.js:373 Note 2024-12-28: checking All Notes condition: {isArchived: false, matchesCategory: true}
ContentArea.js:365 Current selected category: All Notes
ContentArea.js:366 All notes: 14
ContentArea.js:373 Note Testar: checking All Notes condition: {isArchived: false, matchesCategory: true}
ContentArea.js:365 Current selected category: All Notes
ContentArea.js:366 All notes: 14
ContentArea.js:373 Note note10: checking All Notes condition: {isArchived: false, matchesCategory: true}
ContentArea.js:365 Current selected category: All Notes
ContentArea.js:366 All notes: 14
ContentArea.js:373 Note test if its working: checking All Notes condition: {isArchived: undefined, matchesCategory: true}
ContentArea.js:365 Current selected category: All Notes
ContentArea.js:366 All notes: 14
ContentArea.js:373 Note test if its working: checking All Notes condition: {isArchived: undefined, matchesCategory: true}
ContentArea.js:365 Current selected category: All Notes
ContentArea.js:366 All notes: 14
ContentArea.js:373 Note test if its working: checking All Notes condition: {isArchived: undefined, matchesCategory: true}
ContentArea.js:365 Current selected category: All Notes
ContentArea.js:366 All notes: 14
ContentArea.js:373 Note note10: checking All Notes condition: {isArchived: false, matchesCategory: true}
react-dom.development.js:86 Warning: Encountered two children with the same key, `Ac5UkxvUR3nftVOGnLuA`. Keys should be unique so that components maintain their identity across updates. Non-unique keys may cause children to be duplicated and/or omitted — the behavior is unsupported and could change in a future version.
    at div
    at Droppable (http://localhost:3000/static/js/bundle.js:79682:69)
    at ConnectFunction (http://localhost:3000/static/js/bundle.js:109004:68)
    at div
    at div
    at Provider (http://localhost:3000/static/js/bundle.js:108745:20)
    at App (http://localhost:3000/static/js/bundle.js:78456:25)
    at ErrorBoundary (http://localhost:3000/static/js/bundle.js:72669:35)
    at DragDropContext (http://localhost:3000/static/js/bundle.js:78580:19)
    at ContentArea (http://localhost:3000/static/js/bundle.js:536:3)
    at div
    at div
    at App (http://localhost:3000/static/js/bundle.js:74:70)
    at ThemeProvider (http://localhost:3000/static/js/bundle.js:7402:3)
printWarning @ react-dom.development.js:86
error @ react-dom.development.js:60
warnOnInvalidKey @ react-dom.development.js:13529
reconcileChildrenArray @ react-dom.development.js:13566
reconcileChildFibers @ react-dom.development.js:14057
reconcileChildren @ react-dom.development.js:19186
updateFragment @ react-dom.development.js:19543
beginWork @ react-dom.development.js:21679
beginWork$1 @ react-dom.development.js:27465
performUnitOfWork @ react-dom.development.js:26596
workLoopSync @ react-dom.development.js:26505
renderRootSync @ react-dom.development.js:26473
performConcurrentWorkOnRoot @ react-dom.development.js:25777
workLoop @ scheduler.development.js:266
flushWork @ scheduler.development.js:239
performWorkUntilDeadline @ scheduler.development.js:533
ContentArea.js:403 Final filtered notes: 11
ContentArea.js:405 - Note: {id: 'uZvPm8BfpgKJEMOsNSun', title: 'Firebase command', category: 'Work/Projects', isArchived: false, order: -1931}
ContentArea.js:405 - Note: {id: 'ReTeiugYPNX6yt5iOIQ4', title: 'Testar image upload', category: 'Ideas', isArchived: false, order: 2751.657470703125}
ContentArea.js:405 - Note: {id: 'UXvHIodxJ7kCtayKtUbH', title: 'test123', category: 'Urgent', isArchived: false, order: 2773.5086669921875}
ContentArea.js:405 - Note: {id: 'MQH27Cl9gGe6YoAm6oA0', title: 'testaaaa', category: 'Work/Projects', isArchived: false, order: 2795.35986328125}
ContentArea.js:405 - Note: {id: 'dwgMJ4mWmIbUGNoZGTSf', title: '2024-12-28', category: 'Personal', isArchived: false, order: 6101.276611328125}
ContentArea.js:405 - Note: {id: 'uHieyztHKTg544GGjwVp', title: 'Testar', category: 'Meeting', isArchived: false, order: 7101.276611328125}
ContentArea.js:405 - Note: {id: 'VNLJ1MgOpV2Z2r6ajIcd', title: 'test if its working', category: 'No category', isArchived: false, order: 9381.8125}
ContentArea.js:405 - Note: {id: 'fRflVPQLHTArZU8PJnPQ', title: 'test if its working', category: 'No category', isArchived: false, order: 10381.8125}
ContentArea.js:405 - Note: {id: '4Ahdi17lNO6MgCckLdKl', title: 'test if its working', category: 'No category', isArchived: false, order: 11381.8125}
ContentArea.js:405 - Note: {id: 'Ac5UkxvUR3nftVOGnLuA', title: 'note10', category: 'Uncategorized', isArchived: false, order: 12381.8125}
ContentArea.js:405 - Note: {id: 'Ac5UkxvUR3nftVOGnLuA', title: 'note10', category: 'Uncategorized', isArchived: false, order: 12381.8125}
ContentArea.js:365 Current selected category: All Notes
ContentArea.js:366 All notes: 14
ContentArea.js:373 Note Firebase command: checking All Notes condition: {isArchived: false, matchesCategory: true}
ContentArea.js:365 Current selected category: All Notes
ContentArea.js:366 All notes: 14
ContentArea.js:373 Note Project Ideas 2024: checking All Notes condition: {isArchived: true, matchesCategory: false}
ContentArea.js:365 Current selected category: All Notes
ContentArea.js:366 All notes: 14
ContentArea.js:373 Note Weekly Goals: checking All Notes condition: {isArchived: true, matchesCategory: false}
ContentArea.js:365 Current selected category: All Notes
ContentArea.js:366 All notes: 14
ContentArea.js:373 Note Meeting Notes - Client Discussion: checking All Notes condition: {isArchived: true, matchesCategory: false}
ContentArea.js:365 Current selected category: All Notes
ContentArea.js:366 All notes: 14
ContentArea.js:373 Note Testar image upload: checking All Notes condition: {isArchived: false, matchesCategory: true}
ContentArea.js:365 Current selected category: All Notes
ContentArea.js:366 All notes: 14
ContentArea.js:373 Note test123: checking All Notes condition: {isArchived: false, matchesCategory: true}
ContentArea.js:365 Current selected category: All Notes
ContentArea.js:366 All notes: 14
ContentArea.js:373 Note testaaaa: checking All Notes condition: {isArchived: false, matchesCategory: true}
ContentArea.js:365 Current selected category: All Notes
ContentArea.js:366 All notes: 14
ContentArea.js:373 Note 2024-12-28: checking All Notes condition: {isArchived: false, matchesCategory: true}
ContentArea.js:365 Current selected category: All Notes
ContentArea.js:366 All notes: 14
ContentArea.js:373 Note Testar: checking All Notes condition: {isArchived: false, matchesCategory: true}
ContentArea.js:365 Current selected category: All Notes
ContentArea.js:366 All notes: 14
ContentArea.js:373 Note note10: checking All Notes condition: {isArchived: false, matchesCategory: true}
ContentArea.js:365 Current selected category: All Notes
ContentArea.js:366 All notes: 14
ContentArea.js:373 Note test if its working: checking All Notes condition: {isArchived: undefined, matchesCategory: true}
ContentArea.js:365 Current selected category: All Notes
ContentArea.js:366 All notes: 14
ContentArea.js:373 Note test if its working: checking All Notes condition: {isArchived: undefined, matchesCategory: true}
ContentArea.js:365 Current selected category: All Notes
ContentArea.js:366 All notes: 14
ContentArea.js:373 Note test if its working: checking All Notes condition: {isArchived: undefined, matchesCategory: true}
ContentArea.js:365 Current selected category: All Notes
ContentArea.js:366 All notes: 14
ContentArea.js:373 Note note10: checking All Notes condition: {isArchived: false, matchesCategory: true}
ContentArea.js:365 Current selected category: All Notes
ContentArea.js:366 All notes: 14
ContentArea.js:373 Note Firebase command: checking All Notes condition: {isArchived: false, matchesCategory: true}
ContentArea.js:365 Current selected category: All Notes
ContentArea.js:366 All notes: 14
ContentArea.js:373 Note Project Ideas 2024: checking All Notes condition: {isArchived: true, matchesCategory: false}
ContentArea.js:365 Current selected category: All Notes
ContentArea.js:366 All notes: 14
ContentArea.js:373 Note Weekly Goals: checking All Notes condition: {isArchived: true, matchesCategory: false}
ContentArea.js:365 Current selected category: All Notes
ContentArea.js:366 All notes: 14
ContentArea.js:373 Note Meeting Notes - Client Discussion: checking All Notes condition: {isArchived: true, matchesCategory: false}
ContentArea.js:365 Current selected category: All Notes
ContentArea.js:366 All notes: 14
ContentArea.js:373 Note Testar image upload: checking All Notes condition: {isArchived: false, matchesCategory: true}
ContentArea.js:365 Current selected category: All Notes
ContentArea.js:366 All notes: 14
ContentArea.js:373 Note test123: checking All Notes condition: {isArchived: false, matchesCategory: true}
ContentArea.js:365 Current selected category: All Notes
ContentArea.js:366 All notes: 14
ContentArea.js:373 Note testaaaa: checking All Notes condition: {isArchived: false, matchesCategory: true}
ContentArea.js:365 Current selected category: All Notes
ContentArea.js:366 All notes: 14
ContentArea.js:373 Note 2024-12-28: checking All Notes condition: {isArchived: false, matchesCategory: true}
ContentArea.js:365 Current selected category: All Notes
ContentArea.js:366 All notes: 14
ContentArea.js:373 Note Testar: checking All Notes condition: {isArchived: false, matchesCategory: true}
ContentArea.js:365 Current selected category: All Notes
ContentArea.js:366 All notes: 14
ContentArea.js:373 Note note10: checking All Notes condition: {isArchived: false, matchesCategory: true}
ContentArea.js:365 Current selected category: All Notes
ContentArea.js:366 All notes: 14
ContentArea.js:373 Note test if its working: checking All Notes condition: {isArchived: undefined, matchesCategory: true}
ContentArea.js:365 Current selected category: All Notes
ContentArea.js:366 All notes: 14
ContentArea.js:373 Note test if its working: checking All Notes condition: {isArchived: undefined, matchesCategory: true}
ContentArea.js:365 Current selected category: All Notes
ContentArea.js:366 All notes: 14
ContentArea.js:373 Note test if its working: checking All Notes condition: {isArchived: undefined, matchesCategory: true}
ContentArea.js:365 Current selected category: All Notes
ContentArea.js:366 All notes: 14
ContentArea.js:373 Note note10: checking All Notes condition: {isArchived: false, matchesCategory: true}
react-dom.development.js:86 Warning: Encountered two children with the same key, `Ac5UkxvUR3nftVOGnLuA`. Keys should be unique so that components maintain their identity across updates. Non-unique keys may cause children to be duplicated and/or omitted — the behavior is unsupported and could change in a future version.
    at div
    at Droppable (http://localhost:3000/static/js/bundle.js:79682:69)
    at ConnectFunction (http://localhost:3000/static/js/bundle.js:109004:68)
    at div
    at div
    at Provider (http://localhost:3000/static/js/bundle.js:108745:20)
    at App (http://localhost:3000/static/js/bundle.js:78456:25)
    at ErrorBoundary (http://localhost:3000/static/js/bundle.js:72669:35)
    at DragDropContext (http://localhost:3000/static/js/bundle.js:78580:19)
    at ContentArea (http://localhost:3000/static/js/bundle.js:536:3)
    at div
    at div
    at App (http://localhost:3000/static/js/bundle.js:74:70)
    at ThemeProvider (http://localhost:3000/static/js/bundle.js:7402:3)
printWarning @ react-dom.development.js:86
error @ react-dom.development.js:60
warnOnInvalidKey @ react-dom.development.js:13529
reconcileChildrenArray @ react-dom.development.js:13566
reconcileChildFibers @ react-dom.development.js:14057
reconcileChildren @ react-dom.development.js:19193
updateFragment @ react-dom.development.js:19543
beginWork @ react-dom.development.js:21679
beginWork$1 @ react-dom.development.js:27465
performUnitOfWork @ react-dom.development.js:26596
workLoopSync @ react-dom.development.js:26505
renderRootSync @ react-dom.development.js:26473
performConcurrentWorkOnRoot @ react-dom.development.js:25777
workLoop @ scheduler.development.js:266
flushWork @ scheduler.development.js:239
performWorkUntilDeadline @ scheduler.development.js:533
ContentArea.js:403 Final filtered notes: 11
ContentArea.js:405 - Note: {id: 'uZvPm8BfpgKJEMOsNSun', title: 'Firebase command', category: 'Work/Projects', isArchived: false, order: -1931}
ContentArea.js:405 - Note: {id: 'ReTeiugYPNX6yt5iOIQ4', title: 'Testar image upload', category: 'Ideas', isArchived: false, order: 2751.657470703125}
ContentArea.js:405 - Note: {id: 'UXvHIodxJ7kCtayKtUbH', title: 'test123', category: 'Urgent', isArchived: false, order: 2773.5086669921875}
ContentArea.js:405 - Note: {id: 'MQH27Cl9gGe6YoAm6oA0', title: 'testaaaa', category: 'Work/Projects', isArchived: false, order: 2795.35986328125}
ContentArea.js:405 - Note: {id: 'dwgMJ4mWmIbUGNoZGTSf', title: '2024-12-28', category: 'Personal', isArchived: false, order: 6101.276611328125}
ContentArea.js:405 - Note: {id: 'uHieyztHKTg544GGjwVp', title: 'Testar', category: 'Meeting', isArchived: false, order: 7101.276611328125}
ContentArea.js:405 - Note: {id: 'VNLJ1MgOpV2Z2r6ajIcd', title: 'test if its working', category: 'No category', isArchived: false, order: 9381.8125}
ContentArea.js:405 - Note: {id: 'fRflVPQLHTArZU8PJnPQ', title: 'test if its working', category: 'No category', isArchived: false, order: 10381.8125}
ContentArea.js:405 - Note: {id: '4Ahdi17lNO6MgCckLdKl', title: 'test if its working', category: 'No category', isArchived: false, order: 11381.8125}
ContentArea.js:405 - Note: {id: 'Ac5UkxvUR3nftVOGnLuA', title: 'note10', category: 'Uncategorized', isArchived: false, order: 12381.8125}
ContentArea.js:405 - Note: {id: 'Ac5UkxvUR3nftVOGnLuA', title: 'note10', category: 'Uncategorized', isArchived: false, order: 12381.8125}
