react refresh:6 Download the React DevTools for a better development experience: https://reactjs.org/link/react-devtools
ContentArea.js:33 Setting up subscription for user: GLNz0QZAbfefAUFkbcOJL8N1T513
ContentArea.js:393 Final filtered notes: 0
App.js:114 Attempting to initialize user: GLNz0QZAbfefAUFkbcOJL8N1T513
ContentArea.js:393 Final filtered notes: 0
notes.js:123 Subscribing to notes for user: GLNz0QZAbfefAUFkbcOJL8N1T513
App.js:47 Received updated tags: (22) ['pcm', 'intune', 'entra', 'smoketest', 'UAT', 'appdisco', 'git', 'Abaqus', 'tutorial', 'formatting', 'organization', 'tags', 'features', 'search', 'project', 'ideas', 'web', 'meeting', 'client', 'Dummy', 'firebase', 'dashboard']
App.js:63 Received updated categories: (7) [{…}, {…}, {…}, {…}, {…}, {…}, {…}]
ContentArea.js:355 Current selected category: All Notes
ContentArea.js:356 All notes: 9
ContentArea.js:363 Note Firebase command: checking All Notes condition: {isArchived: false, matchesCategory: true}
ContentArea.js:355 Current selected category: All Notes
ContentArea.js:356 All notes: 9
ContentArea.js:363 Note Project Ideas 2024: checking All Notes condition: {isArchived: true, matchesCategory: false}
ContentArea.js:355 Current selected category: All Notes
ContentArea.js:356 All notes: 9
ContentArea.js:363 Note Weekly Goals: checking All Notes condition: {isArchived: true, matchesCategory: false}
ContentArea.js:355 Current selected category: All Notes
ContentArea.js:356 All notes: 9
ContentArea.js:363 Note Meeting Notes - Client Discussion: checking All Notes condition: {isArchived: true, matchesCategory: false}
ContentArea.js:355 Current selected category: All Notes
ContentArea.js:356 All notes: 9
ContentArea.js:363 Note note2: checking All Notes condition: {isArchived: false, matchesCategory: true}
ContentArea.js:355 Current selected category: All Notes
ContentArea.js:356 All notes: 9
ContentArea.js:363 Note 2024-12-27: checking All Notes condition: {isArchived: false, matchesCategory: true}
ContentArea.js:355 Current selected category: All Notes
ContentArea.js:356 All notes: 9
ContentArea.js:363 Note note: checking All Notes condition: {isArchived: false, matchesCategory: true}
ContentArea.js:355 Current selected category: All Notes
ContentArea.js:356 All notes: 9
ContentArea.js:363 Note 2024-12-27: checking All Notes condition: {isArchived: false, matchesCategory: true}
ContentArea.js:355 Current selected category: All Notes
ContentArea.js:356 All notes: 9
ContentArea.js:363 Note test: checking All Notes condition: {isArchived: false, matchesCategory: true}
ContentArea.js:393 Final filtered notes: 6
ContentArea.js:395 - Note: {id: 'uZvPm8BfpgKJEMOsNSun', title: 'Firebase command', category: 'Work/Projects', isArchived: false, order: 69}
ContentArea.js:395 - Note: {id: 'JjzBGFCElnu8EEx0wXJG', title: 'note2', category: 'Ideas', isArchived: false, order: 2320.25}
ContentArea.js:395 - Note: {id: 'd7hVaHfMTG7xygeKftnD', title: '2024-12-27', category: 'Uncategorized', isArchived: false, order: 4571.5}
ContentArea.js:395 - Note: {id: 'YHqoopoaAjG9EXE8Kx96', title: 'note', category: 'Uncategorized', isArchived: false, order: 6071.5}
ContentArea.js:395 - Note: {id: 'Oin7diLucLQTt6Gp90UR', title: '2024-12-27', category: 'Uncategorized', isArchived: false, order: 7071.5}
ContentArea.js:395 - Note: {id: 'D1mRhbhxOPHFsdXuP3VH', title: 'test', category: 'Uncategorized', isArchived: false, order: 8071.5}
notes.js:141 Received snapshot with changes
notes.js:147 Processed notes: 9
ContentArea.js:41 Received notes update: 9
ContentArea.js:355 Current selected category: All Notes
ContentArea.js:356 All notes: 9
ContentArea.js:363 Note Firebase command: checking All Notes condition: {isArchived: false, matchesCategory: true}
ContentArea.js:355 Current selected category: All Notes
ContentArea.js:356 All notes: 9
ContentArea.js:363 Note Project Ideas 2024: checking All Notes condition: {isArchived: true, matchesCategory: false}
ContentArea.js:355 Current selected category: All Notes
ContentArea.js:356 All notes: 9
ContentArea.js:363 Note Weekly Goals: checking All Notes condition: {isArchived: true, matchesCategory: false}
ContentArea.js:355 Current selected category: All Notes
ContentArea.js:356 All notes: 9
ContentArea.js:363 Note Meeting Notes - Client Discussion: checking All Notes condition: {isArchived: true, matchesCategory: false}
ContentArea.js:355 Current selected category: All Notes
ContentArea.js:356 All notes: 9
ContentArea.js:363 Note note2: checking All Notes condition: {isArchived: false, matchesCategory: true}
ContentArea.js:355 Current selected category: All Notes
ContentArea.js:356 All notes: 9
ContentArea.js:363 Note 2024-12-27: checking All Notes condition: {isArchived: false, matchesCategory: true}
ContentArea.js:355 Current selected category: All Notes
ContentArea.js:356 All notes: 9
ContentArea.js:363 Note note: checking All Notes condition: {isArchived: false, matchesCategory: true}
ContentArea.js:355 Current selected category: All Notes
ContentArea.js:356 All notes: 9
ContentArea.js:363 Note 2024-12-27: checking All Notes condition: {isArchived: false, matchesCategory: true}
ContentArea.js:355 Current selected category: All Notes
ContentArea.js:356 All notes: 9
ContentArea.js:363 Note test: checking All Notes condition: {isArchived: false, matchesCategory: true}
react-dom.development.js:86 Warning: Connect(Droppable): Support for defaultProps will be removed from memo components in a future major release. Use JavaScript default parameters instead.
    at div
    at div
    at Provider (http://localhost:3000/static/js/bundle.js:121102:20)
    at App (http://localhost:3000/static/js/bundle.js:90813:25)
    at ErrorBoundary (http://localhost:3000/static/js/bundle.js:85026:35)
    at DragDropContext (http://localhost:3000/static/js/bundle.js:90937:19)
    at ContentArea (http://localhost:3000/static/js/bundle.js:430:3)
    at div
    at div
    at App (http://localhost:3000/static/js/bundle.js:55:98)
printWarning @ react-dom.development.js:86
error @ react-dom.development.js:60
updateMemoComponent @ react-dom.development.js:19320
beginWork @ react-dom.development.js:21712
beginWork$1 @ react-dom.development.js:27465
performUnitOfWork @ react-dom.development.js:26596
workLoopSync @ react-dom.development.js:26505
renderRootSync @ react-dom.development.js:26473
performConcurrentWorkOnRoot @ react-dom.development.js:25777
workLoop @ scheduler.development.js:266
flushWork @ scheduler.development.js:239
performWorkUntilDeadline @ scheduler.development.js:533
ContentArea.js:393 Final filtered notes: 6
ContentArea.js:395 - Note: {id: 'uZvPm8BfpgKJEMOsNSun', title: 'Firebase command', category: 'Work/Projects', isArchived: false, order: 69}
ContentArea.js:395 - Note: {id: 'JjzBGFCElnu8EEx0wXJG', title: 'note2', category: 'Ideas', isArchived: false, order: 2320.25}
ContentArea.js:395 - Note: {id: 'd7hVaHfMTG7xygeKftnD', title: '2024-12-27', category: 'Uncategorized', isArchived: false, order: 4571.5}
ContentArea.js:395 - Note: {id: 'YHqoopoaAjG9EXE8Kx96', title: 'note', category: 'Uncategorized', isArchived: false, order: 6071.5}
ContentArea.js:395 - Note: {id: 'Oin7diLucLQTt6Gp90UR', title: '2024-12-27', category: 'Uncategorized', isArchived: false, order: 7071.5}
ContentArea.js:395 - Note: {id: 'D1mRhbhxOPHFsdXuP3VH', title: 'test', category: 'Uncategorized', isArchived: false, order: 8071.5}
ContentArea.js:355 Current selected category: All Notes
ContentArea.js:356 All notes: 9
ContentArea.js:363 Note Firebase command: checking All Notes condition: {isArchived: false, matchesCategory: true}
ContentArea.js:355 Current selected category: All Notes
ContentArea.js:356 All notes: 9
ContentArea.js:363 Note Project Ideas 2024: checking All Notes condition: {isArchived: true, matchesCategory: false}
ContentArea.js:355 Current selected category: All Notes
ContentArea.js:356 All notes: 9
ContentArea.js:363 Note Weekly Goals: checking All Notes condition: {isArchived: true, matchesCategory: false}
ContentArea.js:355 Current selected category: All Notes
ContentArea.js:356 All notes: 9
ContentArea.js:363 Note Meeting Notes - Client Discussion: checking All Notes condition: {isArchived: true, matchesCategory: false}
ContentArea.js:355 Current selected category: All Notes
ContentArea.js:356 All notes: 9
ContentArea.js:363 Note note2: checking All Notes condition: {isArchived: false, matchesCategory: true}
ContentArea.js:355 Current selected category: All Notes
ContentArea.js:356 All notes: 9
ContentArea.js:363 Note 2024-12-27: checking All Notes condition: {isArchived: false, matchesCategory: true}
ContentArea.js:355 Current selected category: All Notes
ContentArea.js:356 All notes: 9
ContentArea.js:363 Note note: checking All Notes condition: {isArchived: false, matchesCategory: true}
ContentArea.js:355 Current selected category: All Notes
ContentArea.js:356 All notes: 9
ContentArea.js:363 Note 2024-12-27: checking All Notes condition: {isArchived: false, matchesCategory: true}
ContentArea.js:355 Current selected category: All Notes
ContentArea.js:356 All notes: 9
ContentArea.js:363 Note test: checking All Notes condition: {isArchived: false, matchesCategory: true}
ContentArea.js:393 Final filtered notes: 6
ContentArea.js:395 - Note: {id: 'uZvPm8BfpgKJEMOsNSun', title: 'Firebase command', category: 'Work/Projects', isArchived: false, order: 69}
ContentArea.js:395 - Note: {id: 'JjzBGFCElnu8EEx0wXJG', title: 'note2', category: 'Ideas', isArchived: false, order: 2320.25}
ContentArea.js:395 - Note: {id: 'd7hVaHfMTG7xygeKftnD', title: '2024-12-27', category: 'Uncategorized', isArchived: false, order: 4571.5}
ContentArea.js:395 - Note: {id: 'YHqoopoaAjG9EXE8Kx96', title: 'note', category: 'Uncategorized', isArchived: false, order: 6071.5}
ContentArea.js:395 - Note: {id: 'Oin7diLucLQTt6Gp90UR', title: '2024-12-27', category: 'Uncategorized', isArchived: false, order: 7071.5}
ContentArea.js:395 - Note: {id: 'D1mRhbhxOPHFsdXuP3VH', title: 'test', category: 'Uncategorized', isArchived: false, order: 8071.5}
ContentArea.js:355 Current selected category: All Notes
ContentArea.js:356 All notes: 9
ContentArea.js:363 Note Firebase command: checking All Notes condition: {isArchived: false, matchesCategory: true}
ContentArea.js:355 Current selected category: All Notes
ContentArea.js:356 All notes: 9
ContentArea.js:363 Note Project Ideas 2024: checking All Notes condition: {isArchived: true, matchesCategory: false}
ContentArea.js:355 Current selected category: All Notes
ContentArea.js:356 All notes: 9
ContentArea.js:363 Note Weekly Goals: checking All Notes condition: {isArchived: true, matchesCategory: false}
ContentArea.js:355 Current selected category: All Notes
ContentArea.js:356 All notes: 9
ContentArea.js:363 Note Meeting Notes - Client Discussion: checking All Notes condition: {isArchived: true, matchesCategory: false}
ContentArea.js:355 Current selected category: All Notes
ContentArea.js:356 All notes: 9
ContentArea.js:363 Note note2: checking All Notes condition: {isArchived: false, matchesCategory: true}
ContentArea.js:355 Current selected category: All Notes
ContentArea.js:356 All notes: 9
ContentArea.js:363 Note 2024-12-27: checking All Notes condition: {isArchived: false, matchesCategory: true}
ContentArea.js:355 Current selected category: All Notes
ContentArea.js:356 All notes: 9
ContentArea.js:363 Note note: checking All Notes condition: {isArchived: false, matchesCategory: true}
ContentArea.js:355 Current selected category: All Notes
ContentArea.js:356 All notes: 9
ContentArea.js:363 Note 2024-12-27: checking All Notes condition: {isArchived: false, matchesCategory: true}
ContentArea.js:355 Current selected category: All Notes
ContentArea.js:356 All notes: 9
ContentArea.js:363 Note test: checking All Notes condition: {isArchived: false, matchesCategory: true}
ContentArea.js:393 Final filtered notes: 6
ContentArea.js:395 - Note: {id: 'uZvPm8BfpgKJEMOsNSun', title: 'Firebase command', category: 'Work/Projects', isArchived: false, order: 69}
ContentArea.js:395 - Note: {id: 'JjzBGFCElnu8EEx0wXJG', title: 'note2', category: 'Ideas', isArchived: false, order: 2320.25}
ContentArea.js:395 - Note: {id: 'd7hVaHfMTG7xygeKftnD', title: '2024-12-27', category: 'Uncategorized', isArchived: false, order: 4571.5}
ContentArea.js:395 - Note: {id: 'YHqoopoaAjG9EXE8Kx96', title: 'note', category: 'Uncategorized', isArchived: false, order: 6071.5}
ContentArea.js:395 - Note: {id: 'Oin7diLucLQTt6Gp90UR', title: '2024-12-27', category: 'Uncategorized', isArchived: false, order: 7071.5}
ContentArea.js:395 - Note: {id: 'D1mRhbhxOPHFsdXuP3VH', title: 'test', category: 'Uncategorized', isArchived: false, order: 8071.5}
ckeditorerror.ts:140 toolbarview-item-unavailable {item: 'markdown'} 
Read more: https://ckeditor.com/docs/ckeditor5/latest/support/error-codes.html#error-toolbarview-item-unavailable
E @ ckeditorerror.ts:140
(anonymous) @ toolbarview.ts:368
_cleanItemsConfiguration @ toolbarview.ts:368
_buildItemsFromConfig @ toolbarview.ts:351
fillFromConfig @ toolbarview.ts:319
_initToolbar @ classiceditorui.ts:157
init @ classiceditorui.ts:95
(anonymous) @ classiceditor.ts:195
Promise.then
(anonymous) @ classiceditor.ts:195
create @ classiceditor.ts:192
_createEditor @ ckeditor.tsx:312
(anonymous) @ ckeditor.tsx:259
(anonymous) @ editorwatchdog.ts:297
Promise.then
create @ editorwatchdog.ts:297
_initializeEditor @ ckeditor.tsx:286
mount @ ckeditor.tsx:182
(anonymous) @ LifeCycleElementSemaphore.ts:197
Promise.then
_lock @ LifeCycleElementSemaphore.ts:189
_LifeCycleElementSemaphore @ LifeCycleElementSemaphore.ts:112
_initLifeCycleSemaphore @ ckeditor.tsx:181
componentDidMount @ ckeditor.tsx:146
commitLayoutEffectOnFiber @ react-dom.development.js:23344
commitLayoutMountEffects_complete @ react-dom.development.js:24727
commitLayoutEffects_begin @ react-dom.development.js:24713
commitLayoutEffects @ react-dom.development.js:24651
commitRootImpl @ react-dom.development.js:26862
commitRoot @ react-dom.development.js:26721
performSyncWorkOnRoot @ react-dom.development.js:26156
flushSyncCallbacks @ react-dom.development.js:12042
(anonymous) @ react-dom.development.js:25690
ckeditorerror.ts:140 toolbarview-item-unavailable {item: 'underline'} 
Read more: https://ckeditor.com/docs/ckeditor5/latest/support/error-codes.html#error-toolbarview-item-unavailable
E @ ckeditorerror.ts:140
(anonymous) @ toolbarview.ts:368
_cleanItemsConfiguration @ toolbarview.ts:368
_buildItemsFromConfig @ toolbarview.ts:351
fillFromConfig @ toolbarview.ts:319
_initToolbar @ classiceditorui.ts:157
init @ classiceditorui.ts:95
(anonymous) @ classiceditor.ts:195
Promise.then
(anonymous) @ classiceditor.ts:195
create @ classiceditor.ts:192
_createEditor @ ckeditor.tsx:312
(anonymous) @ ckeditor.tsx:259
(anonymous) @ editorwatchdog.ts:297
Promise.then
create @ editorwatchdog.ts:297
_initializeEditor @ ckeditor.tsx:286
mount @ ckeditor.tsx:182
(anonymous) @ LifeCycleElementSemaphore.ts:197
Promise.then
_lock @ LifeCycleElementSemaphore.ts:189
_LifeCycleElementSemaphore @ LifeCycleElementSemaphore.ts:112
_initLifeCycleSemaphore @ ckeditor.tsx:181
componentDidMount @ ckeditor.tsx:146
commitLayoutEffectOnFiber @ react-dom.development.js:23344
commitLayoutMountEffects_complete @ react-dom.development.js:24727
commitLayoutEffects_begin @ react-dom.development.js:24713
commitLayoutEffects @ react-dom.development.js:24651
commitRootImpl @ react-dom.development.js:26862
commitRoot @ react-dom.development.js:26721
performSyncWorkOnRoot @ react-dom.development.js:26156
flushSyncCallbacks @ react-dom.development.js:12042
(anonymous) @ react-dom.development.js:25690
ckeditorerror.ts:140 toolbarview-item-unavailable {item: 'strikethrough'} 
Read more: https://ckeditor.com/docs/ckeditor5/latest/support/error-codes.html#error-toolbarview-item-unavailable
E @ ckeditorerror.ts:140
(anonymous) @ toolbarview.ts:368
_cleanItemsConfiguration @ toolbarview.ts:368
_buildItemsFromConfig @ toolbarview.ts:351
fillFromConfig @ toolbarview.ts:319
_initToolbar @ classiceditorui.ts:157
init @ classiceditorui.ts:95
(anonymous) @ classiceditor.ts:195
Promise.then
(anonymous) @ classiceditor.ts:195
create @ classiceditor.ts:192
_createEditor @ ckeditor.tsx:312
(anonymous) @ ckeditor.tsx:259
(anonymous) @ editorwatchdog.ts:297
Promise.then
create @ editorwatchdog.ts:297
_initializeEditor @ ckeditor.tsx:286
mount @ ckeditor.tsx:182
(anonymous) @ LifeCycleElementSemaphore.ts:197
Promise.then
_lock @ LifeCycleElementSemaphore.ts:189
_LifeCycleElementSemaphore @ LifeCycleElementSemaphore.ts:112
_initLifeCycleSemaphore @ ckeditor.tsx:181
componentDidMount @ ckeditor.tsx:146
commitLayoutEffectOnFiber @ react-dom.development.js:23344
commitLayoutMountEffects_complete @ react-dom.development.js:24727
commitLayoutEffects_begin @ react-dom.development.js:24713
commitLayoutEffects @ react-dom.development.js:24651
commitRootImpl @ react-dom.development.js:26862
commitRoot @ react-dom.development.js:26721
performSyncWorkOnRoot @ react-dom.development.js:26156
flushSyncCallbacks @ react-dom.development.js:12042
(anonymous) @ react-dom.development.js:25690
ckeditorerror.ts:140 toolbarview-item-unavailable {item: 'code'} 
Read more: https://ckeditor.com/docs/ckeditor5/latest/support/error-codes.html#error-toolbarview-item-unavailable
E @ ckeditorerror.ts:140
(anonymous) @ toolbarview.ts:368
_cleanItemsConfiguration @ toolbarview.ts:368
_buildItemsFromConfig @ toolbarview.ts:351
fillFromConfig @ toolbarview.ts:319
_initToolbar @ classiceditorui.ts:157
init @ classiceditorui.ts:95
(anonymous) @ classiceditor.ts:195
Promise.then
(anonymous) @ classiceditor.ts:195
create @ classiceditor.ts:192
_createEditor @ ckeditor.tsx:312
(anonymous) @ ckeditor.tsx:259
(anonymous) @ editorwatchdog.ts:297
Promise.then
create @ editorwatchdog.ts:297
_initializeEditor @ ckeditor.tsx:286
mount @ ckeditor.tsx:182
(anonymous) @ LifeCycleElementSemaphore.ts:197
Promise.then
_lock @ LifeCycleElementSemaphore.ts:189
_LifeCycleElementSemaphore @ LifeCycleElementSemaphore.ts:112
_initLifeCycleSemaphore @ ckeditor.tsx:181
componentDidMount @ ckeditor.tsx:146
commitLayoutEffectOnFiber @ react-dom.development.js:23344
commitLayoutMountEffects_complete @ react-dom.development.js:24727
commitLayoutEffects_begin @ react-dom.development.js:24713
commitLayoutEffects @ react-dom.development.js:24651
commitRootImpl @ react-dom.development.js:26862
commitRoot @ react-dom.development.js:26721
performSyncWorkOnRoot @ react-dom.development.js:26156
flushSyncCallbacks @ react-dom.development.js:12042
(anonymous) @ react-dom.development.js:25690
ckeditorerror.ts:140 toolbarview-item-unavailable {item: 'alignment'} 
Read more: https://ckeditor.com/docs/ckeditor5/latest/support/error-codes.html#error-toolbarview-item-unavailable
E @ ckeditorerror.ts:140
(anonymous) @ toolbarview.ts:368
_cleanItemsConfiguration @ toolbarview.ts:368
_buildItemsFromConfig @ toolbarview.ts:351
fillFromConfig @ toolbarview.ts:319
_initToolbar @ classiceditorui.ts:157
init @ classiceditorui.ts:95
(anonymous) @ classiceditor.ts:195
Promise.then
(anonymous) @ classiceditor.ts:195
create @ classiceditor.ts:192
_createEditor @ ckeditor.tsx:312
(anonymous) @ ckeditor.tsx:259
(anonymous) @ editorwatchdog.ts:297
Promise.then
create @ editorwatchdog.ts:297
_initializeEditor @ ckeditor.tsx:286
mount @ ckeditor.tsx:182
(anonymous) @ LifeCycleElementSemaphore.ts:197
Promise.then
_lock @ LifeCycleElementSemaphore.ts:189
_LifeCycleElementSemaphore @ LifeCycleElementSemaphore.ts:112
_initLifeCycleSemaphore @ ckeditor.tsx:181
componentDidMount @ ckeditor.tsx:146
commitLayoutEffectOnFiber @ react-dom.development.js:23344
commitLayoutMountEffects_complete @ react-dom.development.js:24727
commitLayoutEffects_begin @ react-dom.development.js:24713
commitLayoutEffects @ react-dom.development.js:24651
commitRootImpl @ react-dom.development.js:26862
commitRoot @ react-dom.development.js:26721
performSyncWorkOnRoot @ react-dom.development.js:26156
flushSyncCallbacks @ react-dom.development.js:12042
(anonymous) @ react-dom.development.js:25690
ckeditorerror.ts:140 toolbarview-item-unavailable {item: 'fontColor'} 
Read more: https://ckeditor.com/docs/ckeditor5/latest/support/error-codes.html#error-toolbarview-item-unavailable
E @ ckeditorerror.ts:140
(anonymous) @ toolbarview.ts:368
_cleanItemsConfiguration @ toolbarview.ts:368
_buildItemsFromConfig @ toolbarview.ts:351
fillFromConfig @ toolbarview.ts:319
_initToolbar @ classiceditorui.ts:157
init @ classiceditorui.ts:95
(anonymous) @ classiceditor.ts:195
Promise.then
(anonymous) @ classiceditor.ts:195
create @ classiceditor.ts:192
_createEditor @ ckeditor.tsx:312
(anonymous) @ ckeditor.tsx:259
(anonymous) @ editorwatchdog.ts:297
Promise.then
create @ editorwatchdog.ts:297
_initializeEditor @ ckeditor.tsx:286
mount @ ckeditor.tsx:182
(anonymous) @ LifeCycleElementSemaphore.ts:197
Promise.then
_lock @ LifeCycleElementSemaphore.ts:189
_LifeCycleElementSemaphore @ LifeCycleElementSemaphore.ts:112
_initLifeCycleSemaphore @ ckeditor.tsx:181
componentDidMount @ ckeditor.tsx:146
commitLayoutEffectOnFiber @ react-dom.development.js:23344
commitLayoutMountEffects_complete @ react-dom.development.js:24727
commitLayoutEffects_begin @ react-dom.development.js:24713
commitLayoutEffects @ react-dom.development.js:24651
commitRootImpl @ react-dom.development.js:26862
commitRoot @ react-dom.development.js:26721
performSyncWorkOnRoot @ react-dom.development.js:26156
flushSyncCallbacks @ react-dom.development.js:12042
(anonymous) @ react-dom.development.js:25690
ckeditorerror.ts:140 toolbarview-item-unavailable {item: 'fontBackgroundColor'} 
Read more: https://ckeditor.com/docs/ckeditor5/latest/support/error-codes.html#error-toolbarview-item-unavailable
E @ ckeditorerror.ts:140
(anonymous) @ toolbarview.ts:368
_cleanItemsConfiguration @ toolbarview.ts:368
_buildItemsFromConfig @ toolbarview.ts:351
fillFromConfig @ toolbarview.ts:319
_initToolbar @ classiceditorui.ts:157
init @ classiceditorui.ts:95
(anonymous) @ classiceditor.ts:195
Promise.then
(anonymous) @ classiceditor.ts:195
create @ classiceditor.ts:192
_createEditor @ ckeditor.tsx:312
(anonymous) @ ckeditor.tsx:259
(anonymous) @ editorwatchdog.ts:297
Promise.then
create @ editorwatchdog.ts:297
_initializeEditor @ ckeditor.tsx:286
mount @ ckeditor.tsx:182
(anonymous) @ LifeCycleElementSemaphore.ts:197
Promise.then
_lock @ LifeCycleElementSemaphore.ts:189
_LifeCycleElementSemaphore @ LifeCycleElementSemaphore.ts:112
_initLifeCycleSemaphore @ ckeditor.tsx:181
componentDidMount @ ckeditor.tsx:146
commitLayoutEffectOnFiber @ react-dom.development.js:23344
commitLayoutMountEffects_complete @ react-dom.development.js:24727
commitLayoutEffects_begin @ react-dom.development.js:24713
commitLayoutEffects @ react-dom.development.js:24651
commitRootImpl @ react-dom.development.js:26862
commitRoot @ react-dom.development.js:26721
performSyncWorkOnRoot @ react-dom.development.js:26156
flushSyncCallbacks @ react-dom.development.js:12042
(anonymous) @ react-dom.development.js:25690
ckeditorerror.ts:140 toolbarview-item-unavailable {item: 'fullScreen'} 
Read more: https://ckeditor.com/docs/ckeditor5/latest/support/error-codes.html#error-toolbarview-item-unavailable
E @ ckeditorerror.ts:140
(anonymous) @ toolbarview.ts:368
_cleanItemsConfiguration @ toolbarview.ts:368
_buildItemsFromConfig @ toolbarview.ts:351
fillFromConfig @ toolbarview.ts:319
_initToolbar @ classiceditorui.ts:157
init @ classiceditorui.ts:95
(anonymous) @ classiceditor.ts:195
Promise.then
(anonymous) @ classiceditor.ts:195
create @ classiceditor.ts:192
_createEditor @ ckeditor.tsx:312
(anonymous) @ ckeditor.tsx:259
(anonymous) @ editorwatchdog.ts:297
Promise.then
create @ editorwatchdog.ts:297
_initializeEditor @ ckeditor.tsx:286
mount @ ckeditor.tsx:182
(anonymous) @ LifeCycleElementSemaphore.ts:197
Promise.then
_lock @ LifeCycleElementSemaphore.ts:189
_LifeCycleElementSemaphore @ LifeCycleElementSemaphore.ts:112
_initLifeCycleSemaphore @ ckeditor.tsx:181
componentDidMount @ ckeditor.tsx:146
commitLayoutEffectOnFiber @ react-dom.development.js:23344
commitLayoutMountEffects_complete @ react-dom.development.js:24727
commitLayoutEffects_begin @ react-dom.development.js:24713
commitLayoutEffects @ react-dom.development.js:24651
commitRootImpl @ react-dom.development.js:26862
commitRoot @ react-dom.development.js:26721
performSyncWorkOnRoot @ react-dom.development.js:26156
flushSyncCallbacks @ react-dom.development.js:12042
(anonymous) @ react-dom.development.js:25690
ckeditorerror.ts:140 toolbarview-item-unavailable {item: 'removeFormat'} 
Read more: https://ckeditor.com/docs/ckeditor5/latest/support/error-codes.html#error-toolbarview-item-unavailable
E @ ckeditorerror.ts:140
(anonymous) @ toolbarview.ts:368
_cleanItemsConfiguration @ toolbarview.ts:368
_buildItemsFromConfig @ toolbarview.ts:351
fillFromConfig @ toolbarview.ts:319
_initToolbar @ classiceditorui.ts:157
init @ classiceditorui.ts:95
(anonymous) @ classiceditor.ts:195
Promise.then
(anonymous) @ classiceditor.ts:195
create @ classiceditor.ts:192
_createEditor @ ckeditor.tsx:312
(anonymous) @ ckeditor.tsx:259
(anonymous) @ editorwatchdog.ts:297
Promise.then
create @ editorwatchdog.ts:297
_initializeEditor @ ckeditor.tsx:286
mount @ ckeditor.tsx:182
(anonymous) @ LifeCycleElementSemaphore.ts:197
Promise.then
_lock @ LifeCycleElementSemaphore.ts:189
_LifeCycleElementSemaphore @ LifeCycleElementSemaphore.ts:112
_initLifeCycleSemaphore @ ckeditor.tsx:181
componentDidMount @ ckeditor.tsx:146
commitLayoutEffectOnFiber @ react-dom.development.js:23344
commitLayoutMountEffects_complete @ react-dom.development.js:24727
commitLayoutEffects_begin @ react-dom.development.js:24713
commitLayoutEffects @ react-dom.development.js:24651
commitRootImpl @ react-dom.development.js:26862
commitRoot @ react-dom.development.js:26721
performSyncWorkOnRoot @ react-dom.development.js:26156
flushSyncCallbacks @ react-dom.development.js:12042
(anonymous) @ react-dom.development.js:25690
ContentArea.js:355 Current selected category: All Notes
ContentArea.js:356 All notes: 9
ContentArea.js:363 Note Firebase command: checking All Notes condition: {isArchived: false, matchesCategory: true}
ContentArea.js:355 Current selected category: All Notes
ContentArea.js:356 All notes: 9
ContentArea.js:363 Note Project Ideas 2024: checking All Notes condition: {isArchived: true, matchesCategory: false}
ContentArea.js:355 Current selected category: All Notes
ContentArea.js:356 All notes: 9
ContentArea.js:363 Note Weekly Goals: checking All Notes condition: {isArchived: true, matchesCategory: false}
ContentArea.js:355 Current selected category: All Notes
ContentArea.js:356 All notes: 9
ContentArea.js:363 Note Meeting Notes - Client Discussion: checking All Notes condition: {isArchived: true, matchesCategory: false}
ContentArea.js:355 Current selected category: All Notes
ContentArea.js:356 All notes: 9
ContentArea.js:363 Note note2: checking All Notes condition: {isArchived: false, matchesCategory: true}
ContentArea.js:355 Current selected category: All Notes
ContentArea.js:356 All notes: 9
ContentArea.js:363 Note 2024-12-27: checking All Notes condition: {isArchived: false, matchesCategory: true}
ContentArea.js:355 Current selected category: All Notes
ContentArea.js:356 All notes: 9
ContentArea.js:363 Note note: checking All Notes condition: {isArchived: false, matchesCategory: true}
ContentArea.js:355 Current selected category: All Notes
ContentArea.js:356 All notes: 9
ContentArea.js:363 Note 2024-12-27: checking All Notes condition: {isArchived: false, matchesCategory: true}
ContentArea.js:355 Current selected category: All Notes
ContentArea.js:356 All notes: 9
ContentArea.js:363 Note test: checking All Notes condition: {isArchived: false, matchesCategory: true}
ContentArea.js:393 Final filtered notes: 6
ContentArea.js:395 - Note: {id: 'uZvPm8BfpgKJEMOsNSun', title: 'Firebase command', category: 'Work/Projects', isArchived: false, order: 69}
ContentArea.js:395 - Note: {id: 'JjzBGFCElnu8EEx0wXJG', title: 'note2', category: 'Ideas', isArchived: false, order: 2320.25}
ContentArea.js:395 - Note: {id: 'd7hVaHfMTG7xygeKftnD', title: '2024-12-27', category: 'Uncategorized', isArchived: false, order: 4571.5}
ContentArea.js:395 - Note: {id: 'YHqoopoaAjG9EXE8Kx96', title: 'note', category: 'Uncategorized', isArchived: false, order: 6071.5}
ContentArea.js:395 - Note: {id: 'Oin7diLucLQTt6Gp90UR', title: '2024-12-27', category: 'Uncategorized', isArchived: false, order: 7071.5}
ContentArea.js:395 - Note: {id: 'D1mRhbhxOPHFsdXuP3VH', title: 'test', category: 'Uncategorized', isArchived: false, order: 8071.5}
notes.js:141 Received snapshot with changes
notes.js:147 Processed notes: 9
ContentArea.js:41 Received notes update: 9
ContentArea.js:355 Current selected category: All Notes
ContentArea.js:356 All notes: 9
ContentArea.js:363 Note Firebase command: checking All Notes condition: {isArchived: false, matchesCategory: true}
ContentArea.js:355 Current selected category: All Notes
ContentArea.js:356 All notes: 9
ContentArea.js:363 Note Project Ideas 2024: checking All Notes condition: {isArchived: true, matchesCategory: false}
ContentArea.js:355 Current selected category: All Notes
ContentArea.js:356 All notes: 9
ContentArea.js:363 Note Weekly Goals: checking All Notes condition: {isArchived: true, matchesCategory: false}
ContentArea.js:355 Current selected category: All Notes
ContentArea.js:356 All notes: 9
ContentArea.js:363 Note Meeting Notes - Client Discussion: checking All Notes condition: {isArchived: true, matchesCategory: false}
ContentArea.js:355 Current selected category: All Notes
ContentArea.js:356 All notes: 9
ContentArea.js:363 Note note2: checking All Notes condition: {isArchived: false, matchesCategory: true}
ContentArea.js:355 Current selected category: All Notes
ContentArea.js:356 All notes: 9
ContentArea.js:363 Note 2024-12-27: checking All Notes condition: {isArchived: false, matchesCategory: true}
ContentArea.js:355 Current selected category: All Notes
ContentArea.js:356 All notes: 9
ContentArea.js:363 Note note: checking All Notes condition: {isArchived: false, matchesCategory: true}
ContentArea.js:355 Current selected category: All Notes
ContentArea.js:356 All notes: 9
ContentArea.js:363 Note 2024-12-27: checking All Notes condition: {isArchived: false, matchesCategory: true}
ContentArea.js:355 Current selected category: All Notes
ContentArea.js:356 All notes: 9
ContentArea.js:363 Note test: checking All Notes condition: {isArchived: false, matchesCategory: true}
ContentArea.js:393 Final filtered notes: 6
ContentArea.js:395 - Note: {id: 'uZvPm8BfpgKJEMOsNSun', title: 'Firebase command', category: 'Work/Projects', isArchived: false, order: 69}
ContentArea.js:395 - Note: {id: 'JjzBGFCElnu8EEx0wXJG', title: 'note2', category: 'Ideas', isArchived: false, order: 2320.25}
ContentArea.js:395 - Note: {id: 'd7hVaHfMTG7xygeKftnD', title: '2024-12-27', category: 'Uncategorized', isArchived: false, order: 4571.5}
ContentArea.js:395 - Note: {id: 'YHqoopoaAjG9EXE8Kx96', title: 'note', category: 'Uncategorized', isArchived: false, order: 6071.5}
ContentArea.js:395 - Note: {id: 'Oin7diLucLQTt6Gp90UR', title: '2024-12-27', category: 'Uncategorized', isArchived: false, order: 7071.5}
ContentArea.js:395 - Note: {id: 'D1mRhbhxOPHFsdXuP3VH', title: 'test', category: 'Uncategorized', isArchived: false, order: 8071.5}
notes.js:71 Note updated successfully: JjzBGFCElnu8EEx0wXJG
ContentArea.js:355 Current selected category: All Notes
ContentArea.js:356 All notes: 9
ContentArea.js:363 Note Firebase command: checking All Notes condition: {isArchived: false, matchesCategory: true}
ContentArea.js:355 Current selected category: All Notes
ContentArea.js:356 All notes: 9
ContentArea.js:363 Note Project Ideas 2024: checking All Notes condition: {isArchived: true, matchesCategory: false}
ContentArea.js:355 Current selected category: All Notes
ContentArea.js:356 All notes: 9
ContentArea.js:363 Note Weekly Goals: checking All Notes condition: {isArchived: true, matchesCategory: false}
ContentArea.js:355 Current selected category: All Notes
ContentArea.js:356 All notes: 9
ContentArea.js:363 Note Meeting Notes - Client Discussion: checking All Notes condition: {isArchived: true, matchesCategory: false}
ContentArea.js:355 Current selected category: All Notes
ContentArea.js:356 All notes: 9
ContentArea.js:363 Note note2: checking All Notes condition: {isArchived: false, matchesCategory: true}
ContentArea.js:355 Current selected category: All Notes
ContentArea.js:356 All notes: 9
ContentArea.js:363 Note 2024-12-27: checking All Notes condition: {isArchived: false, matchesCategory: true}
ContentArea.js:355 Current selected category: All Notes
ContentArea.js:356 All notes: 9
ContentArea.js:363 Note note: checking All Notes condition: {isArchived: false, matchesCategory: true}
ContentArea.js:355 Current selected category: All Notes
ContentArea.js:356 All notes: 9
ContentArea.js:363 Note 2024-12-27: checking All Notes condition: {isArchived: false, matchesCategory: true}
ContentArea.js:355 Current selected category: All Notes
ContentArea.js:356 All notes: 9
ContentArea.js:363 Note test: checking All Notes condition: {isArchived: false, matchesCategory: true}
ContentArea.js:355 Current selected category: All Notes
ContentArea.js:356 All notes: 9
ContentArea.js:363 Note Firebase command: checking All Notes condition: {isArchived: false, matchesCategory: true}
ContentArea.js:355 Current selected category: All Notes
ContentArea.js:356 All notes: 9
ContentArea.js:363 Note Project Ideas 2024: checking All Notes condition: {isArchived: true, matchesCategory: false}
ContentArea.js:355 Current selected category: All Notes
ContentArea.js:356 All notes: 9
ContentArea.js:363 Note Weekly Goals: checking All Notes condition: {isArchived: true, matchesCategory: false}
ContentArea.js:355 Current selected category: All Notes
ContentArea.js:356 All notes: 9
ContentArea.js:363 Note Meeting Notes - Client Discussion: checking All Notes condition: {isArchived: true, matchesCategory: false}
ContentArea.js:355 Current selected category: All Notes
ContentArea.js:356 All notes: 9
ContentArea.js:363 Note note2: checking All Notes condition: {isArchived: false, matchesCategory: true}
ContentArea.js:355 Current selected category: All Notes
ContentArea.js:356 All notes: 9
ContentArea.js:363 Note 2024-12-27: checking All Notes condition: {isArchived: false, matchesCategory: true}
ContentArea.js:355 Current selected category: All Notes
ContentArea.js:356 All notes: 9
ContentArea.js:363 Note note: checking All Notes condition: {isArchived: false, matchesCategory: true}
ContentArea.js:355 Current selected category: All Notes
ContentArea.js:356 All notes: 9
ContentArea.js:363 Note 2024-12-27: checking All Notes condition: {isArchived: false, matchesCategory: true}
ContentArea.js:355 Current selected category: All Notes
ContentArea.js:356 All notes: 9
ContentArea.js:363 Note test: checking All Notes condition: {isArchived: false, matchesCategory: true}
ContentArea.js:393 Final filtered notes: 6
ContentArea.js:395 - Note: {id: 'uZvPm8BfpgKJEMOsNSun', title: 'Firebase command', category: 'Work/Projects', isArchived: false, order: 69}
ContentArea.js:395 - Note: {id: 'JjzBGFCElnu8EEx0wXJG', title: 'note2', category: 'Ideas', isArchived: false, order: 2320.25}
ContentArea.js:395 - Note: {id: 'd7hVaHfMTG7xygeKftnD', title: '2024-12-27', category: 'Uncategorized', isArchived: false, order: 4571.5}
ContentArea.js:395 - Note: {id: 'YHqoopoaAjG9EXE8Kx96', title: 'note', category: 'Uncategorized', isArchived: false, order: 6071.5}
ContentArea.js:395 - Note: {id: 'Oin7diLucLQTt6Gp90UR', title: '2024-12-27', category: 'Uncategorized', isArchived: false, order: 7071.5}
ContentArea.js:395 - Note: {id: 'D1mRhbhxOPHFsdXuP3VH', title: 'test', category: 'Uncategorized', isArchived: false, order: 8071.5}
ContentArea.js:355 Current selected category: All Notes
ContentArea.js:356 All notes: 9
ContentArea.js:363 Note Firebase command: checking All Notes condition: {isArchived: false, matchesCategory: true}
ContentArea.js:355 Current selected category: All Notes
ContentArea.js:356 All notes: 9
ContentArea.js:363 Note Project Ideas 2024: checking All Notes condition: {isArchived: true, matchesCategory: false}
ContentArea.js:355 Current selected category: All Notes
ContentArea.js:356 All notes: 9
ContentArea.js:363 Note Weekly Goals: checking All Notes condition: {isArchived: true, matchesCategory: false}
ContentArea.js:355 Current selected category: All Notes
ContentArea.js:356 All notes: 9
ContentArea.js:363 Note Meeting Notes - Client Discussion: checking All Notes condition: {isArchived: true, matchesCategory: false}
ContentArea.js:355 Current selected category: All Notes
ContentArea.js:356 All notes: 9
ContentArea.js:363 Note note2: checking All Notes condition: {isArchived: false, matchesCategory: true}
ContentArea.js:355 Current selected category: All Notes
ContentArea.js:356 All notes: 9
ContentArea.js:363 Note 2024-12-27: checking All Notes condition: {isArchived: false, matchesCategory: true}
ContentArea.js:355 Current selected category: All Notes
ContentArea.js:356 All notes: 9
ContentArea.js:363 Note note: checking All Notes condition: {isArchived: false, matchesCategory: true}
ContentArea.js:355 Current selected category: All Notes
ContentArea.js:356 All notes: 9
ContentArea.js:363 Note 2024-12-27: checking All Notes condition: {isArchived: false, matchesCategory: true}
ContentArea.js:355 Current selected category: All Notes
ContentArea.js:356 All notes: 9
ContentArea.js:363 Note test: checking All Notes condition: {isArchived: false, matchesCategory: true}
ContentArea.js:393 Final filtered notes: 6
ContentArea.js:395 - Note: {id: 'uZvPm8BfpgKJEMOsNSun', title: 'Firebase command', category: 'Work/Projects', isArchived: false, order: 69}
ContentArea.js:395 - Note: {id: 'JjzBGFCElnu8EEx0wXJG', title: 'note2', category: 'Ideas', isArchived: false, order: 2320.25}
ContentArea.js:395 - Note: {id: 'd7hVaHfMTG7xygeKftnD', title: '2024-12-27', category: 'Uncategorized', isArchived: false, order: 4571.5}
ContentArea.js:395 - Note: {id: 'YHqoopoaAjG9EXE8Kx96', title: 'note', category: 'Uncategorized', isArchived: false, order: 6071.5}
ContentArea.js:395 - Note: {id: 'Oin7diLucLQTt6Gp90UR', title: '2024-12-27', category: 'Uncategorized', isArchived: false, order: 7071.5}
ContentArea.js:395 - Note: {id: 'D1mRhbhxOPHFsdXuP3VH', title: 'test', category: 'Uncategorized', isArchived: false, order: 8071.5}
ckeditorerror.ts:140 toolbarview-item-unavailable {item: 'markdown'} 
Read more: https://ckeditor.com/docs/ckeditor5/latest/support/error-codes.html#error-toolbarview-item-unavailable
E @ ckeditorerror.ts:140
(anonymous) @ toolbarview.ts:368
_cleanItemsConfiguration @ toolbarview.ts:368
_buildItemsFromConfig @ toolbarview.ts:351
fillFromConfig @ toolbarview.ts:319
_initToolbar @ classiceditorui.ts:157
init @ classiceditorui.ts:95
(anonymous) @ classiceditor.ts:195
Promise.then
(anonymous) @ classiceditor.ts:195
create @ classiceditor.ts:192
_createEditor @ ckeditor.tsx:312
(anonymous) @ ckeditor.tsx:259
(anonymous) @ editorwatchdog.ts:297
Promise.then
create @ editorwatchdog.ts:297
_initializeEditor @ ckeditor.tsx:286
mount @ ckeditor.tsx:182
(anonymous) @ LifeCycleElementSemaphore.ts:197
Promise.then
_lock @ LifeCycleElementSemaphore.ts:189
_LifeCycleElementSemaphore @ LifeCycleElementSemaphore.ts:112
_initLifeCycleSemaphore @ ckeditor.tsx:181
componentDidMount @ ckeditor.tsx:146
commitLayoutEffectOnFiber @ react-dom.development.js:23344
commitLayoutMountEffects_complete @ react-dom.development.js:24727
commitLayoutEffects_begin @ react-dom.development.js:24713
commitLayoutEffects @ react-dom.development.js:24651
commitRootImpl @ react-dom.development.js:26862
commitRoot @ react-dom.development.js:26721
performSyncWorkOnRoot @ react-dom.development.js:26156
flushSyncCallbacks @ react-dom.development.js:12042
commitRootImpl @ react-dom.development.js:26998
commitRoot @ react-dom.development.js:26721
finishConcurrentRender @ react-dom.development.js:26020
performConcurrentWorkOnRoot @ react-dom.development.js:25848
workLoop @ scheduler.development.js:266
flushWork @ scheduler.development.js:239
performWorkUntilDeadline @ scheduler.development.js:533
ckeditorerror.ts:140 toolbarview-item-unavailable {item: 'underline'} 
Read more: https://ckeditor.com/docs/ckeditor5/latest/support/error-codes.html#error-toolbarview-item-unavailable
E @ ckeditorerror.ts:140
(anonymous) @ toolbarview.ts:368
_cleanItemsConfiguration @ toolbarview.ts:368
_buildItemsFromConfig @ toolbarview.ts:351
fillFromConfig @ toolbarview.ts:319
_initToolbar @ classiceditorui.ts:157
init @ classiceditorui.ts:95
(anonymous) @ classiceditor.ts:195
Promise.then
(anonymous) @ classiceditor.ts:195
create @ classiceditor.ts:192
_createEditor @ ckeditor.tsx:312
(anonymous) @ ckeditor.tsx:259
(anonymous) @ editorwatchdog.ts:297
Promise.then
create @ editorwatchdog.ts:297
_initializeEditor @ ckeditor.tsx:286
mount @ ckeditor.tsx:182
(anonymous) @ LifeCycleElementSemaphore.ts:197
Promise.then
_lock @ LifeCycleElementSemaphore.ts:189
_LifeCycleElementSemaphore @ LifeCycleElementSemaphore.ts:112
_initLifeCycleSemaphore @ ckeditor.tsx:181
componentDidMount @ ckeditor.tsx:146
commitLayoutEffectOnFiber @ react-dom.development.js:23344
commitLayoutMountEffects_complete @ react-dom.development.js:24727
commitLayoutEffects_begin @ react-dom.development.js:24713
commitLayoutEffects @ react-dom.development.js:24651
commitRootImpl @ react-dom.development.js:26862
commitRoot @ react-dom.development.js:26721
performSyncWorkOnRoot @ react-dom.development.js:26156
flushSyncCallbacks @ react-dom.development.js:12042
commitRootImpl @ react-dom.development.js:26998
commitRoot @ react-dom.development.js:26721
finishConcurrentRender @ react-dom.development.js:26020
performConcurrentWorkOnRoot @ react-dom.development.js:25848
workLoop @ scheduler.development.js:266
flushWork @ scheduler.development.js:239
performWorkUntilDeadline @ scheduler.development.js:533
ckeditorerror.ts:140 toolbarview-item-unavailable {item: 'strikethrough'} 
Read more: https://ckeditor.com/docs/ckeditor5/latest/support/error-codes.html#error-toolbarview-item-unavailable
E @ ckeditorerror.ts:140
(anonymous) @ toolbarview.ts:368
_cleanItemsConfiguration @ toolbarview.ts:368
_buildItemsFromConfig @ toolbarview.ts:351
fillFromConfig @ toolbarview.ts:319
_initToolbar @ classiceditorui.ts:157
init @ classiceditorui.ts:95
(anonymous) @ classiceditor.ts:195
Promise.then
(anonymous) @ classiceditor.ts:195
create @ classiceditor.ts:192
_createEditor @ ckeditor.tsx:312
(anonymous) @ ckeditor.tsx:259
(anonymous) @ editorwatchdog.ts:297
Promise.then
create @ editorwatchdog.ts:297
_initializeEditor @ ckeditor.tsx:286
mount @ ckeditor.tsx:182
(anonymous) @ LifeCycleElementSemaphore.ts:197
Promise.then
_lock @ LifeCycleElementSemaphore.ts:189
_LifeCycleElementSemaphore @ LifeCycleElementSemaphore.ts:112
_initLifeCycleSemaphore @ ckeditor.tsx:181
componentDidMount @ ckeditor.tsx:146
commitLayoutEffectOnFiber @ react-dom.development.js:23344
commitLayoutMountEffects_complete @ react-dom.development.js:24727
commitLayoutEffects_begin @ react-dom.development.js:24713
commitLayoutEffects @ react-dom.development.js:24651
commitRootImpl @ react-dom.development.js:26862
commitRoot @ react-dom.development.js:26721
performSyncWorkOnRoot @ react-dom.development.js:26156
flushSyncCallbacks @ react-dom.development.js:12042
commitRootImpl @ react-dom.development.js:26998
commitRoot @ react-dom.development.js:26721
finishConcurrentRender @ react-dom.development.js:26020
performConcurrentWorkOnRoot @ react-dom.development.js:25848
workLoop @ scheduler.development.js:266
flushWork @ scheduler.development.js:239
performWorkUntilDeadline @ scheduler.development.js:533
ckeditorerror.ts:140 toolbarview-item-unavailable {item: 'code'} 
Read more: https://ckeditor.com/docs/ckeditor5/latest/support/error-codes.html#error-toolbarview-item-unavailable
E @ ckeditorerror.ts:140
(anonymous) @ toolbarview.ts:368
_cleanItemsConfiguration @ toolbarview.ts:368
_buildItemsFromConfig @ toolbarview.ts:351
fillFromConfig @ toolbarview.ts:319
_initToolbar @ classiceditorui.ts:157
init @ classiceditorui.ts:95
(anonymous) @ classiceditor.ts:195
Promise.then
(anonymous) @ classiceditor.ts:195
create @ classiceditor.ts:192
_createEditor @ ckeditor.tsx:312
(anonymous) @ ckeditor.tsx:259
(anonymous) @ editorwatchdog.ts:297
Promise.then
create @ editorwatchdog.ts:297
_initializeEditor @ ckeditor.tsx:286
mount @ ckeditor.tsx:182
(anonymous) @ LifeCycleElementSemaphore.ts:197
Promise.then
_lock @ LifeCycleElementSemaphore.ts:189
_LifeCycleElementSemaphore @ LifeCycleElementSemaphore.ts:112
_initLifeCycleSemaphore @ ckeditor.tsx:181
componentDidMount @ ckeditor.tsx:146
commitLayoutEffectOnFiber @ react-dom.development.js:23344
commitLayoutMountEffects_complete @ react-dom.development.js:24727
commitLayoutEffects_begin @ react-dom.development.js:24713
commitLayoutEffects @ react-dom.development.js:24651
commitRootImpl @ react-dom.development.js:26862
commitRoot @ react-dom.development.js:26721
performSyncWorkOnRoot @ react-dom.development.js:26156
flushSyncCallbacks @ react-dom.development.js:12042
commitRootImpl @ react-dom.development.js:26998
commitRoot @ react-dom.development.js:26721
finishConcurrentRender @ react-dom.development.js:26020
performConcurrentWorkOnRoot @ react-dom.development.js:25848
workLoop @ scheduler.development.js:266
flushWork @ scheduler.development.js:239
performWorkUntilDeadline @ scheduler.development.js:533
ckeditorerror.ts:140 toolbarview-item-unavailable {item: 'alignment'} 
Read more: https://ckeditor.com/docs/ckeditor5/latest/support/error-codes.html#error-toolbarview-item-unavailable
E @ ckeditorerror.ts:140
(anonymous) @ toolbarview.ts:368
_cleanItemsConfiguration @ toolbarview.ts:368
_buildItemsFromConfig @ toolbarview.ts:351
fillFromConfig @ toolbarview.ts:319
_initToolbar @ classiceditorui.ts:157
init @ classiceditorui.ts:95
(anonymous) @ classiceditor.ts:195
Promise.then
(anonymous) @ classiceditor.ts:195
create @ classiceditor.ts:192
_createEditor @ ckeditor.tsx:312
(anonymous) @ ckeditor.tsx:259
(anonymous) @ editorwatchdog.ts:297
Promise.then
create @ editorwatchdog.ts:297
_initializeEditor @ ckeditor.tsx:286
mount @ ckeditor.tsx:182
(anonymous) @ LifeCycleElementSemaphore.ts:197
Promise.then
_lock @ LifeCycleElementSemaphore.ts:189
_LifeCycleElementSemaphore @ LifeCycleElementSemaphore.ts:112
_initLifeCycleSemaphore @ ckeditor.tsx:181
componentDidMount @ ckeditor.tsx:146
commitLayoutEffectOnFiber @ react-dom.development.js:23344
commitLayoutMountEffects_complete @ react-dom.development.js:24727
commitLayoutEffects_begin @ react-dom.development.js:24713
commitLayoutEffects @ react-dom.development.js:24651
commitRootImpl @ react-dom.development.js:26862
commitRoot @ react-dom.development.js:26721
performSyncWorkOnRoot @ react-dom.development.js:26156
flushSyncCallbacks @ react-dom.development.js:12042
commitRootImpl @ react-dom.development.js:26998
commitRoot @ react-dom.development.js:26721
finishConcurrentRender @ react-dom.development.js:26020
performConcurrentWorkOnRoot @ react-dom.development.js:25848
workLoop @ scheduler.development.js:266
flushWork @ scheduler.development.js:239
performWorkUntilDeadline @ scheduler.development.js:533
ckeditorerror.ts:140 toolbarview-item-unavailable {item: 'fontColor'} 
Read more: https://ckeditor.com/docs/ckeditor5/latest/support/error-codes.html#error-toolbarview-item-unavailable
E @ ckeditorerror.ts:140
(anonymous) @ toolbarview.ts:368
_cleanItemsConfiguration @ toolbarview.ts:368
_buildItemsFromConfig @ toolbarview.ts:351
fillFromConfig @ toolbarview.ts:319
_initToolbar @ classiceditorui.ts:157
init @ classiceditorui.ts:95
(anonymous) @ classiceditor.ts:195
Promise.then
(anonymous) @ classiceditor.ts:195
create @ classiceditor.ts:192
_createEditor @ ckeditor.tsx:312
(anonymous) @ ckeditor.tsx:259
(anonymous) @ editorwatchdog.ts:297
Promise.then
create @ editorwatchdog.ts:297
_initializeEditor @ ckeditor.tsx:286
mount @ ckeditor.tsx:182
(anonymous) @ LifeCycleElementSemaphore.ts:197
Promise.then
_lock @ LifeCycleElementSemaphore.ts:189
_LifeCycleElementSemaphore @ LifeCycleElementSemaphore.ts:112
_initLifeCycleSemaphore @ ckeditor.tsx:181
componentDidMount @ ckeditor.tsx:146
commitLayoutEffectOnFiber @ react-dom.development.js:23344
commitLayoutMountEffects_complete @ react-dom.development.js:24727
commitLayoutEffects_begin @ react-dom.development.js:24713
commitLayoutEffects @ react-dom.development.js:24651
commitRootImpl @ react-dom.development.js:26862
commitRoot @ react-dom.development.js:26721
performSyncWorkOnRoot @ react-dom.development.js:26156
flushSyncCallbacks @ react-dom.development.js:12042
commitRootImpl @ react-dom.development.js:26998
commitRoot @ react-dom.development.js:26721
finishConcurrentRender @ react-dom.development.js:26020
performConcurrentWorkOnRoot @ react-dom.development.js:25848
workLoop @ scheduler.development.js:266
flushWork @ scheduler.development.js:239
performWorkUntilDeadline @ scheduler.development.js:533
ckeditorerror.ts:140 toolbarview-item-unavailable {item: 'fontBackgroundColor'} 
Read more: https://ckeditor.com/docs/ckeditor5/latest/support/error-codes.html#error-toolbarview-item-unavailable
E @ ckeditorerror.ts:140
(anonymous) @ toolbarview.ts:368
_cleanItemsConfiguration @ toolbarview.ts:368
_buildItemsFromConfig @ toolbarview.ts:351
fillFromConfig @ toolbarview.ts:319
_initToolbar @ classiceditorui.ts:157
init @ classiceditorui.ts:95
(anonymous) @ classiceditor.ts:195
Promise.then
(anonymous) @ classiceditor.ts:195
create @ classiceditor.ts:192
_createEditor @ ckeditor.tsx:312
(anonymous) @ ckeditor.tsx:259
(anonymous) @ editorwatchdog.ts:297
Promise.then
create @ editorwatchdog.ts:297
_initializeEditor @ ckeditor.tsx:286
mount @ ckeditor.tsx:182
(anonymous) @ LifeCycleElementSemaphore.ts:197
Promise.then
_lock @ LifeCycleElementSemaphore.ts:189
_LifeCycleElementSemaphore @ LifeCycleElementSemaphore.ts:112
_initLifeCycleSemaphore @ ckeditor.tsx:181
componentDidMount @ ckeditor.tsx:146
commitLayoutEffectOnFiber @ react-dom.development.js:23344
commitLayoutMountEffects_complete @ react-dom.development.js:24727
commitLayoutEffects_begin @ react-dom.development.js:24713
commitLayoutEffects @ react-dom.development.js:24651
commitRootImpl @ react-dom.development.js:26862
commitRoot @ react-dom.development.js:26721
performSyncWorkOnRoot @ react-dom.development.js:26156
flushSyncCallbacks @ react-dom.development.js:12042
commitRootImpl @ react-dom.development.js:26998
commitRoot @ react-dom.development.js:26721
finishConcurrentRender @ react-dom.development.js:26020
performConcurrentWorkOnRoot @ react-dom.development.js:25848
workLoop @ scheduler.development.js:266
flushWork @ scheduler.development.js:239
performWorkUntilDeadline @ scheduler.development.js:533
ckeditorerror.ts:140 toolbarview-item-unavailable {item: 'fullScreen'} 
Read more: https://ckeditor.com/docs/ckeditor5/latest/support/error-codes.html#error-toolbarview-item-unavailable
E @ ckeditorerror.ts:140
(anonymous) @ toolbarview.ts:368
_cleanItemsConfiguration @ toolbarview.ts:368
_buildItemsFromConfig @ toolbarview.ts:351
fillFromConfig @ toolbarview.ts:319
_initToolbar @ classiceditorui.ts:157
init @ classiceditorui.ts:95
(anonymous) @ classiceditor.ts:195
Promise.then
(anonymous) @ classiceditor.ts:195
create @ classiceditor.ts:192
_createEditor @ ckeditor.tsx:312
(anonymous) @ ckeditor.tsx:259
(anonymous) @ editorwatchdog.ts:297
Promise.then
create @ editorwatchdog.ts:297
_initializeEditor @ ckeditor.tsx:286
mount @ ckeditor.tsx:182
(anonymous) @ LifeCycleElementSemaphore.ts:197
Promise.then
_lock @ LifeCycleElementSemaphore.ts:189
_LifeCycleElementSemaphore @ LifeCycleElementSemaphore.ts:112
_initLifeCycleSemaphore @ ckeditor.tsx:181
componentDidMount @ ckeditor.tsx:146
commitLayoutEffectOnFiber @ react-dom.development.js:23344
commitLayoutMountEffects_complete @ react-dom.development.js:24727
commitLayoutEffects_begin @ react-dom.development.js:24713
commitLayoutEffects @ react-dom.development.js:24651
commitRootImpl @ react-dom.development.js:26862
commitRoot @ react-dom.development.js:26721
performSyncWorkOnRoot @ react-dom.development.js:26156
flushSyncCallbacks @ react-dom.development.js:12042
commitRootImpl @ react-dom.development.js:26998
commitRoot @ react-dom.development.js:26721
finishConcurrentRender @ react-dom.development.js:26020
performConcurrentWorkOnRoot @ react-dom.development.js:25848
workLoop @ scheduler.development.js:266
flushWork @ scheduler.development.js:239
performWorkUntilDeadline @ scheduler.development.js:533
ckeditorerror.ts:140 toolbarview-item-unavailable {item: 'removeFormat'} 
Read more: https://ckeditor.com/docs/ckeditor5/latest/support/error-codes.html#error-toolbarview-item-unavailable
E @ ckeditorerror.ts:140
(anonymous) @ toolbarview.ts:368
_cleanItemsConfiguration @ toolbarview.ts:368
_buildItemsFromConfig @ toolbarview.ts:351
fillFromConfig @ toolbarview.ts:319
_initToolbar @ classiceditorui.ts:157
init @ classiceditorui.ts:95
(anonymous) @ classiceditor.ts:195
Promise.then
(anonymous) @ classiceditor.ts:195
create @ classiceditor.ts:192
_createEditor @ ckeditor.tsx:312
(anonymous) @ ckeditor.tsx:259
(anonymous) @ editorwatchdog.ts:297
Promise.then
create @ editorwatchdog.ts:297
_initializeEditor @ ckeditor.tsx:286
mount @ ckeditor.tsx:182
(anonymous) @ LifeCycleElementSemaphore.ts:197
Promise.then
_lock @ LifeCycleElementSemaphore.ts:189
_LifeCycleElementSemaphore @ LifeCycleElementSemaphore.ts:112
_initLifeCycleSemaphore @ ckeditor.tsx:181
componentDidMount @ ckeditor.tsx:146
commitLayoutEffectOnFiber @ react-dom.development.js:23344
commitLayoutMountEffects_complete @ react-dom.development.js:24727
commitLayoutEffects_begin @ react-dom.development.js:24713
commitLayoutEffects @ react-dom.development.js:24651
commitRootImpl @ react-dom.development.js:26862
commitRoot @ react-dom.development.js:26721
performSyncWorkOnRoot @ react-dom.development.js:26156
flushSyncCallbacks @ react-dom.development.js:12042
commitRootImpl @ react-dom.development.js:26998
commitRoot @ react-dom.development.js:26721
finishConcurrentRender @ react-dom.development.js:26020
performConcurrentWorkOnRoot @ react-dom.development.js:25848
workLoop @ scheduler.development.js:266
flushWork @ scheduler.development.js:239
performWorkUntilDeadline @ scheduler.development.js:533
KeyboardShortcuts.js:35 Save shortcut triggered
App.js:222 No note selected for saving
handleSaveNote @ App.js:222
handleKeyDown @ KeyboardShortcuts.js:37
KeyboardShortcuts.js:38 Save result: false
